<?xml version="1.0" encoding="utf-8"?>
<testsuites>
<testsuite package="org.eslint" time="0" tests="1" errors="0" name="/Users/romainlenzotti/workspace/ts-projects/ts-express-decorators/packages/ajv/src/decorators/useSchema.spec.ts">
<testcase time="0" name="/Users/romainlenzotti/workspace/ts-projects/ts-express-decorators/packages/ajv/src/decorators/useSchema.spec.ts" classname="/Users/romainlenzotti/workspace/ts-projects/ts-express-decorators/packages/ajv/src/decorators/useSchema.spec" />
</testsuite>
<testsuite package="org.eslint" time="0" tests="1" errors="0" name="/Users/romainlenzotti/workspace/ts-projects/ts-express-decorators/packages/ajv/src/decorators/useSchema.ts">
<testcase time="0" name="/Users/romainlenzotti/workspace/ts-projects/ts-express-decorators/packages/ajv/src/decorators/useSchema.ts" classname="/Users/romainlenzotti/workspace/ts-projects/ts-express-decorators/packages/ajv/src/decorators/useSchema" />
</testsuite>
<testsuite package="org.eslint" time="0" tests="1" errors="0" name="/Users/romainlenzotti/workspace/ts-projects/ts-express-decorators/packages/ajv/src/errors/AjvValidationError.ts">
<testcase time="0" name="/Users/romainlenzotti/workspace/ts-projects/ts-express-decorators/packages/ajv/src/errors/AjvValidationError.ts" classname="/Users/romainlenzotti/workspace/ts-projects/ts-express-decorators/packages/ajv/src/errors/AjvValidationError" />
</testsuite>
<testsuite package="org.eslint" time="0" tests="1" errors="0" name="/Users/romainlenzotti/workspace/ts-projects/ts-express-decorators/packages/ajv/src/index.ts">
<testcase time="0" name="/Users/romainlenzotti/workspace/ts-projects/ts-express-decorators/packages/ajv/src/index.ts" classname="/Users/romainlenzotti/workspace/ts-projects/ts-express-decorators/packages/ajv/src/index" />
</testsuite>
<testsuite package="org.eslint" time="0" tests="1" errors="0" name="/Users/romainlenzotti/workspace/ts-projects/ts-express-decorators/packages/ajv/src/interfaces/IAjvSettings.ts">
<testcase time="0" name="/Users/romainlenzotti/workspace/ts-projects/ts-express-decorators/packages/ajv/src/interfaces/IAjvSettings.ts" classname="/Users/romainlenzotti/workspace/ts-projects/ts-express-decorators/packages/ajv/src/interfaces/IAjvSettings" />
</testsuite>
<testsuite package="org.eslint" time="0" tests="1" errors="0" name="/Users/romainlenzotti/workspace/ts-projects/ts-express-decorators/packages/ajv/src/pipes/AjvErrorFormatterPipe.ts">
<testcase time="0" name="/Users/romainlenzotti/workspace/ts-projects/ts-express-decorators/packages/ajv/src/pipes/AjvErrorFormatterPipe.ts" classname="/Users/romainlenzotti/workspace/ts-projects/ts-express-decorators/packages/ajv/src/pipes/AjvErrorFormatterPipe" />
</testsuite>
<testsuite package="org.eslint" time="0" tests="1" errors="0" name="/Users/romainlenzotti/workspace/ts-projects/ts-express-decorators/packages/ajv/src/pipes/AjvValidationPipe.spec.ts">
<testcase time="0" name="/Users/romainlenzotti/workspace/ts-projects/ts-express-decorators/packages/ajv/src/pipes/AjvValidationPipe.spec.ts" classname="/Users/romainlenzotti/workspace/ts-projects/ts-express-decorators/packages/ajv/src/pipes/AjvValidationPipe.spec" />
</testsuite>
<testsuite package="org.eslint" time="0" tests="1" errors="0" name="/Users/romainlenzotti/workspace/ts-projects/ts-express-decorators/packages/ajv/src/pipes/AjvValidationPipe.ts">
<testcase time="0" name="/Users/romainlenzotti/workspace/ts-projects/ts-express-decorators/packages/ajv/src/pipes/AjvValidationPipe.ts" classname="/Users/romainlenzotti/workspace/ts-projects/ts-express-decorators/packages/ajv/src/pipes/AjvValidationPipe" />
</testsuite>
<testsuite package="org.eslint" time="0" tests="1" errors="0" name="/Users/romainlenzotti/workspace/ts-projects/ts-express-decorators/packages/ajv/src/services/Ajv.spec.ts">
<testcase time="0" name="/Users/romainlenzotti/workspace/ts-projects/ts-express-decorators/packages/ajv/src/services/Ajv.spec.ts" classname="/Users/romainlenzotti/workspace/ts-projects/ts-express-decorators/packages/ajv/src/services/Ajv.spec" />
</testsuite>
<testsuite package="org.eslint" time="0" tests="1" errors="0" name="/Users/romainlenzotti/workspace/ts-projects/ts-express-decorators/packages/ajv/src/services/Ajv.ts">
<testcase time="0" name="/Users/romainlenzotti/workspace/ts-projects/ts-express-decorators/packages/ajv/src/services/Ajv.ts" classname="/Users/romainlenzotti/workspace/ts-projects/ts-express-decorators/packages/ajv/src/services/Ajv" />
</testsuite>
<testsuite package="org.eslint" time="0" tests="1" errors="0" name="/Users/romainlenzotti/workspace/ts-projects/ts-express-decorators/packages/common/src/config/index.ts">
<testcase time="0" name="/Users/romainlenzotti/workspace/ts-projects/ts-express-decorators/packages/common/src/config/index.ts" classname="/Users/romainlenzotti/workspace/ts-projects/ts-express-decorators/packages/common/src/config/index" />
</testsuite>
<testsuite package="org.eslint" time="0" tests="1" errors="0" name="/Users/romainlenzotti/workspace/ts-projects/ts-express-decorators/packages/common/src/config/interfaces/ConverterSettings.ts">
<testcase time="0" name="/Users/romainlenzotti/workspace/ts-projects/ts-express-decorators/packages/common/src/config/interfaces/ConverterSettings.ts" classname="/Users/romainlenzotti/workspace/ts-projects/ts-express-decorators/packages/common/src/config/interfaces/ConverterSettings" />
</testsuite>
<testsuite package="org.eslint" time="0" tests="1" errors="0" name="/Users/romainlenzotti/workspace/ts-projects/ts-express-decorators/packages/common/src/config/interfaces/EndpointDirectoriesSettings.ts">
<testcase time="0" name="/Users/romainlenzotti/workspace/ts-projects/ts-express-decorators/packages/common/src/config/interfaces/EndpointDirectoriesSettings.ts" classname="/Users/romainlenzotti/workspace/ts-projects/ts-express-decorators/packages/common/src/config/interfaces/EndpointDirectoriesSettings" />
</testsuite>
<testsuite package="org.eslint" time="0" tests="1" errors="0" name="/Users/romainlenzotti/workspace/ts-projects/ts-express-decorators/packages/common/src/config/interfaces/PlatformLoggerSettings.ts">
<testcase time="0" name="/Users/romainlenzotti/workspace/ts-projects/ts-express-decorators/packages/common/src/config/interfaces/PlatformLoggerSettings.ts" classname="/Users/romainlenzotti/workspace/ts-projects/ts-express-decorators/packages/common/src/config/interfaces/PlatformLoggerSettings" />
</testsuite>
<testsuite package="org.eslint" time="0" tests="1" errors="0" name="/Users/romainlenzotti/workspace/ts-projects/ts-express-decorators/packages/common/src/config/interfaces/PlatformMulterSettings.ts">
<testcase time="0" name="/Users/romainlenzotti/workspace/ts-projects/ts-express-decorators/packages/common/src/config/interfaces/PlatformMulterSettings.ts" classname="/Users/romainlenzotti/workspace/ts-projects/ts-express-decorators/packages/common/src/config/interfaces/PlatformMulterSettings" />
</testsuite>
<testsuite package="org.eslint" time="0" tests="1" errors="0" name="/Users/romainlenzotti/workspace/ts-projects/ts-express-decorators/packages/common/src/config/interfaces/PlatformStaticsSettings.ts">
<testcase time="0" name="/Users/romainlenzotti/workspace/ts-projects/ts-express-decorators/packages/common/src/config/interfaces/PlatformStaticsSettings.ts" classname="/Users/romainlenzotti/workspace/ts-projects/ts-express-decorators/packages/common/src/config/interfaces/PlatformStaticsSettings" />
</testsuite>
<testsuite package="org.eslint" time="0" tests="1" errors="0" name="/Users/romainlenzotti/workspace/ts-projects/ts-express-decorators/packages/common/src/config/interfaces/PlatformViewsSettings.ts">
<testcase time="0" name="/Users/romainlenzotti/workspace/ts-projects/ts-express-decorators/packages/common/src/config/interfaces/PlatformViewsSettings.ts" classname="/Users/romainlenzotti/workspace/ts-projects/ts-express-decorators/packages/common/src/config/interfaces/PlatformViewsSettings" />
</testsuite>
<testsuite package="org.eslint" time="0" tests="1" errors="0" name="/Users/romainlenzotti/workspace/ts-projects/ts-express-decorators/packages/common/src/config/interfaces/index.ts">
<testcase time="0" name="/Users/romainlenzotti/workspace/ts-projects/ts-express-decorators/packages/common/src/config/interfaces/index.ts" classname="/Users/romainlenzotti/workspace/ts-projects/ts-express-decorators/packages/common/src/config/interfaces/index" />
</testsuite>
<testsuite package="org.eslint" time="0" tests="1" errors="0" name="/Users/romainlenzotti/workspace/ts-projects/ts-express-decorators/packages/common/src/config/services/PlatformConfiguration.spec.ts">
<testcase time="0" name="/Users/romainlenzotti/workspace/ts-projects/ts-express-decorators/packages/common/src/config/services/PlatformConfiguration.spec.ts" classname="/Users/romainlenzotti/workspace/ts-projects/ts-express-decorators/packages/common/src/config/services/PlatformConfiguration.spec" />
</testsuite>
<testsuite package="org.eslint" time="0" tests="1" errors="0" name="/Users/romainlenzotti/workspace/ts-projects/ts-express-decorators/packages/common/src/config/services/PlatformConfiguration.ts">
<testcase time="0" name="/Users/romainlenzotti/workspace/ts-projects/ts-express-decorators/packages/common/src/config/services/PlatformConfiguration.ts" classname="/Users/romainlenzotti/workspace/ts-projects/ts-express-decorators/packages/common/src/config/services/PlatformConfiguration" />
</testsuite>
<testsuite package="org.eslint" time="0" tests="1" errors="0" name="/Users/romainlenzotti/workspace/ts-projects/ts-express-decorators/packages/common/src/index.ts">
<testcase time="0" name="/Users/romainlenzotti/workspace/ts-projects/ts-express-decorators/packages/common/src/index.ts" classname="/Users/romainlenzotti/workspace/ts-projects/ts-express-decorators/packages/common/src/index" />
</testsuite>
<testsuite package="org.eslint" time="0" tests="1" errors="0" name="/Users/romainlenzotti/workspace/ts-projects/ts-express-decorators/packages/common/src/jsonschema/decorators/additionalProperties.spec.ts">
<testcase time="0" name="/Users/romainlenzotti/workspace/ts-projects/ts-express-decorators/packages/common/src/jsonschema/decorators/additionalProperties.spec.ts" classname="/Users/romainlenzotti/workspace/ts-projects/ts-express-decorators/packages/common/src/jsonschema/decorators/additionalProperties.spec" />
</testsuite>
<testsuite package="org.eslint" time="0" tests="1" errors="0" name="/Users/romainlenzotti/workspace/ts-projects/ts-express-decorators/packages/common/src/jsonschema/decorators/additionalProperties.ts">
<testcase time="0" name="/Users/romainlenzotti/workspace/ts-projects/ts-express-decorators/packages/common/src/jsonschema/decorators/additionalProperties.ts" classname="/Users/romainlenzotti/workspace/ts-projects/ts-express-decorators/packages/common/src/jsonschema/decorators/additionalProperties" />
</testsuite>
<testsuite package="org.eslint" time="0" tests="1" errors="0" name="/Users/romainlenzotti/workspace/ts-projects/ts-express-decorators/packages/common/src/jsonschema/decorators/any.spec.ts">
<testcase time="0" name="/Users/romainlenzotti/workspace/ts-projects/ts-express-decorators/packages/common/src/jsonschema/decorators/any.spec.ts" classname="/Users/romainlenzotti/workspace/ts-projects/ts-express-decorators/packages/common/src/jsonschema/decorators/any.spec" />
</testsuite>
<testsuite package="org.eslint" time="0" tests="1" errors="0" name="/Users/romainlenzotti/workspace/ts-projects/ts-express-decorators/packages/common/src/jsonschema/decorators/any.ts">
<testcase time="0" name="/Users/romainlenzotti/workspace/ts-projects/ts-express-decorators/packages/common/src/jsonschema/decorators/any.ts" classname="/Users/romainlenzotti/workspace/ts-projects/ts-express-decorators/packages/common/src/jsonschema/decorators/any" />
</testsuite>
<testsuite package="org.eslint" time="0" tests="1" errors="0" name="/Users/romainlenzotti/workspace/ts-projects/ts-express-decorators/packages/common/src/jsonschema/decorators/const.spec.ts">
<testcase time="0" name="/Users/romainlenzotti/workspace/ts-projects/ts-express-decorators/packages/common/src/jsonschema/decorators/const.spec.ts" classname="/Users/romainlenzotti/workspace/ts-projects/ts-express-decorators/packages/common/src/jsonschema/decorators/const.spec" />
</testsuite>
<testsuite package="org.eslint" time="0" tests="1" errors="0" name="/Users/romainlenzotti/workspace/ts-projects/ts-express-decorators/packages/common/src/jsonschema/decorators/const.ts">
<testcase time="0" name="/Users/romainlenzotti/workspace/ts-projects/ts-express-decorators/packages/common/src/jsonschema/decorators/const.ts" classname="/Users/romainlenzotti/workspace/ts-projects/ts-express-decorators/packages/common/src/jsonschema/decorators/const" />
</testsuite>
<testsuite package="org.eslint" time="0" tests="1" errors="0" name="/Users/romainlenzotti/workspace/ts-projects/ts-express-decorators/packages/common/src/jsonschema/decorators/default.spec.ts">
<testcase time="0" name="/Users/romainlenzotti/workspace/ts-projects/ts-express-decorators/packages/common/src/jsonschema/decorators/default.spec.ts" classname="/Users/romainlenzotti/workspace/ts-projects/ts-express-decorators/packages/common/src/jsonschema/decorators/default.spec" />
</testsuite>
<testsuite package="org.eslint" time="0" tests="1" errors="0" name="/Users/romainlenzotti/workspace/ts-projects/ts-express-decorators/packages/common/src/jsonschema/decorators/default.ts">
<testcase time="0" name="/Users/romainlenzotti/workspace/ts-projects/ts-express-decorators/packages/common/src/jsonschema/decorators/default.ts" classname="/Users/romainlenzotti/workspace/ts-projects/ts-express-decorators/packages/common/src/jsonschema/decorators/default" />
</testsuite>
<testsuite package="org.eslint" time="0" tests="1" errors="0" name="/Users/romainlenzotti/workspace/ts-projects/ts-express-decorators/packages/common/src/jsonschema/decorators/description.spec.ts">
<testcase time="0" name="/Users/romainlenzotti/workspace/ts-projects/ts-express-decorators/packages/common/src/jsonschema/decorators/description.spec.ts" classname="/Users/romainlenzotti/workspace/ts-projects/ts-express-decorators/packages/common/src/jsonschema/decorators/description.spec" />
</testsuite>
<testsuite package="org.eslint" time="0" tests="1" errors="0" name="/Users/romainlenzotti/workspace/ts-projects/ts-express-decorators/packages/common/src/jsonschema/decorators/description.ts">
<testcase time="0" name="/Users/romainlenzotti/workspace/ts-projects/ts-express-decorators/packages/common/src/jsonschema/decorators/description.ts" classname="/Users/romainlenzotti/workspace/ts-projects/ts-express-decorators/packages/common/src/jsonschema/decorators/description" />
</testsuite>
<testsuite package="org.eslint" time="0" tests="1" errors="0" name="/Users/romainlenzotti/workspace/ts-projects/ts-express-decorators/packages/common/src/jsonschema/decorators/email.spec.ts">
<testcase time="0" name="/Users/romainlenzotti/workspace/ts-projects/ts-express-decorators/packages/common/src/jsonschema/decorators/email.spec.ts" classname="/Users/romainlenzotti/workspace/ts-projects/ts-express-decorators/packages/common/src/jsonschema/decorators/email.spec" />
</testsuite>
<testsuite package="org.eslint" time="0" tests="1" errors="0" name="/Users/romainlenzotti/workspace/ts-projects/ts-express-decorators/packages/common/src/jsonschema/decorators/email.ts">
<testcase time="0" name="/Users/romainlenzotti/workspace/ts-projects/ts-express-decorators/packages/common/src/jsonschema/decorators/email.ts" classname="/Users/romainlenzotti/workspace/ts-projects/ts-express-decorators/packages/common/src/jsonschema/decorators/email" />
</testsuite>
<testsuite package="org.eslint" time="0" tests="1" errors="0" name="/Users/romainlenzotti/workspace/ts-projects/ts-express-decorators/packages/common/src/jsonschema/decorators/enum.spec.ts">
<testcase time="0" name="/Users/romainlenzotti/workspace/ts-projects/ts-express-decorators/packages/common/src/jsonschema/decorators/enum.spec.ts" classname="/Users/romainlenzotti/workspace/ts-projects/ts-express-decorators/packages/common/src/jsonschema/decorators/enum.spec" />
</testsuite>
<testsuite package="org.eslint" time="0" tests="1" errors="0" name="/Users/romainlenzotti/workspace/ts-projects/ts-express-decorators/packages/common/src/jsonschema/decorators/enum.ts">
<testcase time="0" name="/Users/romainlenzotti/workspace/ts-projects/ts-express-decorators/packages/common/src/jsonschema/decorators/enum.ts" classname="/Users/romainlenzotti/workspace/ts-projects/ts-express-decorators/packages/common/src/jsonschema/decorators/enum" />
</testsuite>
<testsuite package="org.eslint" time="0" tests="1" errors="0" name="/Users/romainlenzotti/workspace/ts-projects/ts-express-decorators/packages/common/src/jsonschema/decorators/example.spec.ts">
<testcase time="0" name="/Users/romainlenzotti/workspace/ts-projects/ts-express-decorators/packages/common/src/jsonschema/decorators/example.spec.ts" classname="/Users/romainlenzotti/workspace/ts-projects/ts-express-decorators/packages/common/src/jsonschema/decorators/example.spec" />
</testsuite>
<testsuite package="org.eslint" time="0" tests="1" errors="0" name="/Users/romainlenzotti/workspace/ts-projects/ts-express-decorators/packages/common/src/jsonschema/decorators/example.ts">
<testcase time="0" name="/Users/romainlenzotti/workspace/ts-projects/ts-express-decorators/packages/common/src/jsonschema/decorators/example.ts" classname="/Users/romainlenzotti/workspace/ts-projects/ts-express-decorators/packages/common/src/jsonschema/decorators/example" />
</testsuite>
<testsuite package="org.eslint" time="0" tests="1" errors="0" name="/Users/romainlenzotti/workspace/ts-projects/ts-express-decorators/packages/common/src/jsonschema/decorators/exclusiveMaximum.spec.ts">
<testcase time="0" name="/Users/romainlenzotti/workspace/ts-projects/ts-express-decorators/packages/common/src/jsonschema/decorators/exclusiveMaximum.spec.ts" classname="/Users/romainlenzotti/workspace/ts-projects/ts-express-decorators/packages/common/src/jsonschema/decorators/exclusiveMaximum.spec" />
</testsuite>
<testsuite package="org.eslint" time="0" tests="1" errors="0" name="/Users/romainlenzotti/workspace/ts-projects/ts-express-decorators/packages/common/src/jsonschema/decorators/exclusiveMaximum.ts">
<testcase time="0" name="/Users/romainlenzotti/workspace/ts-projects/ts-express-decorators/packages/common/src/jsonschema/decorators/exclusiveMaximum.ts" classname="/Users/romainlenzotti/workspace/ts-projects/ts-express-decorators/packages/common/src/jsonschema/decorators/exclusiveMaximum" />
</testsuite>
<testsuite package="org.eslint" time="0" tests="1" errors="0" name="/Users/romainlenzotti/workspace/ts-projects/ts-express-decorators/packages/common/src/jsonschema/decorators/exclusiveMinimum.spec.ts">
<testcase time="0" name="/Users/romainlenzotti/workspace/ts-projects/ts-express-decorators/packages/common/src/jsonschema/decorators/exclusiveMinimum.spec.ts" classname="/Users/romainlenzotti/workspace/ts-projects/ts-express-decorators/packages/common/src/jsonschema/decorators/exclusiveMinimum.spec" />
</testsuite>
<testsuite package="org.eslint" time="0" tests="1" errors="0" name="/Users/romainlenzotti/workspace/ts-projects/ts-express-decorators/packages/common/src/jsonschema/decorators/exclusiveMinimum.ts">
<testcase time="0" name="/Users/romainlenzotti/workspace/ts-projects/ts-express-decorators/packages/common/src/jsonschema/decorators/exclusiveMinimum.ts" classname="/Users/romainlenzotti/workspace/ts-projects/ts-express-decorators/packages/common/src/jsonschema/decorators/exclusiveMinimum" />
</testsuite>
<testsuite package="org.eslint" time="0" tests="1" errors="0" name="/Users/romainlenzotti/workspace/ts-projects/ts-express-decorators/packages/common/src/jsonschema/decorators/format.spec.ts">
<testcase time="0" name="/Users/romainlenzotti/workspace/ts-projects/ts-express-decorators/packages/common/src/jsonschema/decorators/format.spec.ts" classname="/Users/romainlenzotti/workspace/ts-projects/ts-express-decorators/packages/common/src/jsonschema/decorators/format.spec" />
</testsuite>
<testsuite package="org.eslint" time="0" tests="1" errors="0" name="/Users/romainlenzotti/workspace/ts-projects/ts-express-decorators/packages/common/src/jsonschema/decorators/format.ts">
<testcase time="0" name="/Users/romainlenzotti/workspace/ts-projects/ts-express-decorators/packages/common/src/jsonschema/decorators/format.ts" classname="/Users/romainlenzotti/workspace/ts-projects/ts-express-decorators/packages/common/src/jsonschema/decorators/format" />
</testsuite>
<testsuite package="org.eslint" time="0" tests="1" errors="0" name="/Users/romainlenzotti/workspace/ts-projects/ts-express-decorators/packages/common/src/jsonschema/decorators/ignoreProperty.spec.ts">
<testcase time="0" name="/Users/romainlenzotti/workspace/ts-projects/ts-express-decorators/packages/common/src/jsonschema/decorators/ignoreProperty.spec.ts" classname="/Users/romainlenzotti/workspace/ts-projects/ts-express-decorators/packages/common/src/jsonschema/decorators/ignoreProperty.spec" />
</testsuite>
<testsuite package="org.eslint" time="0" tests="1" errors="0" name="/Users/romainlenzotti/workspace/ts-projects/ts-express-decorators/packages/common/src/jsonschema/decorators/ignoreProperty.ts">
<testcase time="0" name="/Users/romainlenzotti/workspace/ts-projects/ts-express-decorators/packages/common/src/jsonschema/decorators/ignoreProperty.ts" classname="/Users/romainlenzotti/workspace/ts-projects/ts-express-decorators/packages/common/src/jsonschema/decorators/ignoreProperty" />
</testsuite>
<testsuite package="org.eslint" time="0" tests="1" errors="0" name="/Users/romainlenzotti/workspace/ts-projects/ts-express-decorators/packages/common/src/jsonschema/decorators/index.ts">
<testcase time="0" name="/Users/romainlenzotti/workspace/ts-projects/ts-express-decorators/packages/common/src/jsonschema/decorators/index.ts" classname="/Users/romainlenzotti/workspace/ts-projects/ts-express-decorators/packages/common/src/jsonschema/decorators/index" />
</testsuite>
<testsuite package="org.eslint" time="0" tests="1" errors="0" name="/Users/romainlenzotti/workspace/ts-projects/ts-express-decorators/packages/common/src/jsonschema/decorators/integer.spec.ts">
<testcase time="0" name="/Users/romainlenzotti/workspace/ts-projects/ts-express-decorators/packages/common/src/jsonschema/decorators/integer.spec.ts" classname="/Users/romainlenzotti/workspace/ts-projects/ts-express-decorators/packages/common/src/jsonschema/decorators/integer.spec" />
</testsuite>
<testsuite package="org.eslint" time="0" tests="1" errors="0" name="/Users/romainlenzotti/workspace/ts-projects/ts-express-decorators/packages/common/src/jsonschema/decorators/integer.ts">
<testcase time="0" name="/Users/romainlenzotti/workspace/ts-projects/ts-express-decorators/packages/common/src/jsonschema/decorators/integer.ts" classname="/Users/romainlenzotti/workspace/ts-projects/ts-express-decorators/packages/common/src/jsonschema/decorators/integer" />
</testsuite>
<testsuite package="org.eslint" time="0" tests="1" errors="0" name="/Users/romainlenzotti/workspace/ts-projects/ts-express-decorators/packages/common/src/jsonschema/decorators/maxItems.spec.ts">
<testcase time="0" name="/Users/romainlenzotti/workspace/ts-projects/ts-express-decorators/packages/common/src/jsonschema/decorators/maxItems.spec.ts" classname="/Users/romainlenzotti/workspace/ts-projects/ts-express-decorators/packages/common/src/jsonschema/decorators/maxItems.spec" />
</testsuite>
<testsuite package="org.eslint" time="0" tests="1" errors="0" name="/Users/romainlenzotti/workspace/ts-projects/ts-express-decorators/packages/common/src/jsonschema/decorators/maxItems.ts">
<testcase time="0" name="/Users/romainlenzotti/workspace/ts-projects/ts-express-decorators/packages/common/src/jsonschema/decorators/maxItems.ts" classname="/Users/romainlenzotti/workspace/ts-projects/ts-express-decorators/packages/common/src/jsonschema/decorators/maxItems" />
</testsuite>
<testsuite package="org.eslint" time="0" tests="1" errors="0" name="/Users/romainlenzotti/workspace/ts-projects/ts-express-decorators/packages/common/src/jsonschema/decorators/maxLength.spec.ts">
<testcase time="0" name="/Users/romainlenzotti/workspace/ts-projects/ts-express-decorators/packages/common/src/jsonschema/decorators/maxLength.spec.ts" classname="/Users/romainlenzotti/workspace/ts-projects/ts-express-decorators/packages/common/src/jsonschema/decorators/maxLength.spec" />
</testsuite>
<testsuite package="org.eslint" time="0" tests="1" errors="0" name="/Users/romainlenzotti/workspace/ts-projects/ts-express-decorators/packages/common/src/jsonschema/decorators/maxLength.ts">
<testcase time="0" name="/Users/romainlenzotti/workspace/ts-projects/ts-express-decorators/packages/common/src/jsonschema/decorators/maxLength.ts" classname="/Users/romainlenzotti/workspace/ts-projects/ts-express-decorators/packages/common/src/jsonschema/decorators/maxLength" />
</testsuite>
<testsuite package="org.eslint" time="0" tests="1" errors="0" name="/Users/romainlenzotti/workspace/ts-projects/ts-express-decorators/packages/common/src/jsonschema/decorators/maxProperties.spec.ts">
<testcase time="0" name="/Users/romainlenzotti/workspace/ts-projects/ts-express-decorators/packages/common/src/jsonschema/decorators/maxProperties.spec.ts" classname="/Users/romainlenzotti/workspace/ts-projects/ts-express-decorators/packages/common/src/jsonschema/decorators/maxProperties.spec" />
</testsuite>
<testsuite package="org.eslint" time="0" tests="1" errors="0" name="/Users/romainlenzotti/workspace/ts-projects/ts-express-decorators/packages/common/src/jsonschema/decorators/maxProperties.ts">
<testcase time="0" name="/Users/romainlenzotti/workspace/ts-projects/ts-express-decorators/packages/common/src/jsonschema/decorators/maxProperties.ts" classname="/Users/romainlenzotti/workspace/ts-projects/ts-express-decorators/packages/common/src/jsonschema/decorators/maxProperties" />
</testsuite>
<testsuite package="org.eslint" time="0" tests="1" errors="0" name="/Users/romainlenzotti/workspace/ts-projects/ts-express-decorators/packages/common/src/jsonschema/decorators/maximum.spec.ts">
<testcase time="0" name="/Users/romainlenzotti/workspace/ts-projects/ts-express-decorators/packages/common/src/jsonschema/decorators/maximum.spec.ts" classname="/Users/romainlenzotti/workspace/ts-projects/ts-express-decorators/packages/common/src/jsonschema/decorators/maximum.spec" />
</testsuite>
<testsuite package="org.eslint" time="0" tests="1" errors="0" name="/Users/romainlenzotti/workspace/ts-projects/ts-express-decorators/packages/common/src/jsonschema/decorators/maximum.ts">
<testcase time="0" name="/Users/romainlenzotti/workspace/ts-projects/ts-express-decorators/packages/common/src/jsonschema/decorators/maximum.ts" classname="/Users/romainlenzotti/workspace/ts-projects/ts-express-decorators/packages/common/src/jsonschema/decorators/maximum" />
</testsuite>
<testsuite package="org.eslint" time="0" tests="1" errors="0" name="/Users/romainlenzotti/workspace/ts-projects/ts-express-decorators/packages/common/src/jsonschema/decorators/minItems.spec.ts">
<testcase time="0" name="/Users/romainlenzotti/workspace/ts-projects/ts-express-decorators/packages/common/src/jsonschema/decorators/minItems.spec.ts" classname="/Users/romainlenzotti/workspace/ts-projects/ts-express-decorators/packages/common/src/jsonschema/decorators/minItems.spec" />
</testsuite>
<testsuite package="org.eslint" time="0" tests="1" errors="0" name="/Users/romainlenzotti/workspace/ts-projects/ts-express-decorators/packages/common/src/jsonschema/decorators/minItems.ts">
<testcase time="0" name="/Users/romainlenzotti/workspace/ts-projects/ts-express-decorators/packages/common/src/jsonschema/decorators/minItems.ts" classname="/Users/romainlenzotti/workspace/ts-projects/ts-express-decorators/packages/common/src/jsonschema/decorators/minItems" />
</testsuite>
<testsuite package="org.eslint" time="0" tests="1" errors="0" name="/Users/romainlenzotti/workspace/ts-projects/ts-express-decorators/packages/common/src/jsonschema/decorators/minLength.spec.ts">
<testcase time="0" name="/Users/romainlenzotti/workspace/ts-projects/ts-express-decorators/packages/common/src/jsonschema/decorators/minLength.spec.ts" classname="/Users/romainlenzotti/workspace/ts-projects/ts-express-decorators/packages/common/src/jsonschema/decorators/minLength.spec" />
</testsuite>
<testsuite package="org.eslint" time="0" tests="1" errors="0" name="/Users/romainlenzotti/workspace/ts-projects/ts-express-decorators/packages/common/src/jsonschema/decorators/minLength.ts">
<testcase time="0" name="/Users/romainlenzotti/workspace/ts-projects/ts-express-decorators/packages/common/src/jsonschema/decorators/minLength.ts" classname="/Users/romainlenzotti/workspace/ts-projects/ts-express-decorators/packages/common/src/jsonschema/decorators/minLength" />
</testsuite>
<testsuite package="org.eslint" time="0" tests="1" errors="0" name="/Users/romainlenzotti/workspace/ts-projects/ts-express-decorators/packages/common/src/jsonschema/decorators/minProperties.spec.ts">
<testcase time="0" name="/Users/romainlenzotti/workspace/ts-projects/ts-express-decorators/packages/common/src/jsonschema/decorators/minProperties.spec.ts" classname="/Users/romainlenzotti/workspace/ts-projects/ts-express-decorators/packages/common/src/jsonschema/decorators/minProperties.spec" />
</testsuite>
<testsuite package="org.eslint" time="0" tests="1" errors="0" name="/Users/romainlenzotti/workspace/ts-projects/ts-express-decorators/packages/common/src/jsonschema/decorators/minProperties.ts">
<testcase time="0" name="/Users/romainlenzotti/workspace/ts-projects/ts-express-decorators/packages/common/src/jsonschema/decorators/minProperties.ts" classname="/Users/romainlenzotti/workspace/ts-projects/ts-express-decorators/packages/common/src/jsonschema/decorators/minProperties" />
</testsuite>
<testsuite package="org.eslint" time="0" tests="1" errors="0" name="/Users/romainlenzotti/workspace/ts-projects/ts-express-decorators/packages/common/src/jsonschema/decorators/minimum.spec.ts">
<testcase time="0" name="/Users/romainlenzotti/workspace/ts-projects/ts-express-decorators/packages/common/src/jsonschema/decorators/minimum.spec.ts" classname="/Users/romainlenzotti/workspace/ts-projects/ts-express-decorators/packages/common/src/jsonschema/decorators/minimum.spec" />
</testsuite>
<testsuite package="org.eslint" time="0" tests="1" errors="0" name="/Users/romainlenzotti/workspace/ts-projects/ts-express-decorators/packages/common/src/jsonschema/decorators/minimum.ts">
<testcase time="0" name="/Users/romainlenzotti/workspace/ts-projects/ts-express-decorators/packages/common/src/jsonschema/decorators/minimum.ts" classname="/Users/romainlenzotti/workspace/ts-projects/ts-express-decorators/packages/common/src/jsonschema/decorators/minimum" />
</testsuite>
<testsuite package="org.eslint" time="0" tests="1" errors="0" name="/Users/romainlenzotti/workspace/ts-projects/ts-express-decorators/packages/common/src/jsonschema/decorators/multipleOf.spec.ts">
<testcase time="0" name="/Users/romainlenzotti/workspace/ts-projects/ts-express-decorators/packages/common/src/jsonschema/decorators/multipleOf.spec.ts" classname="/Users/romainlenzotti/workspace/ts-projects/ts-express-decorators/packages/common/src/jsonschema/decorators/multipleOf.spec" />
</testsuite>
<testsuite package="org.eslint" time="0" tests="1" errors="0" name="/Users/romainlenzotti/workspace/ts-projects/ts-express-decorators/packages/common/src/jsonschema/decorators/multipleOf.ts">
<testcase time="0" name="/Users/romainlenzotti/workspace/ts-projects/ts-express-decorators/packages/common/src/jsonschema/decorators/multipleOf.ts" classname="/Users/romainlenzotti/workspace/ts-projects/ts-express-decorators/packages/common/src/jsonschema/decorators/multipleOf" />
</testsuite>
<testsuite package="org.eslint" time="0" tests="1" errors="0" name="/Users/romainlenzotti/workspace/ts-projects/ts-express-decorators/packages/common/src/jsonschema/decorators/pattern.spec.ts">
<testcase time="0" name="/Users/romainlenzotti/workspace/ts-projects/ts-express-decorators/packages/common/src/jsonschema/decorators/pattern.spec.ts" classname="/Users/romainlenzotti/workspace/ts-projects/ts-express-decorators/packages/common/src/jsonschema/decorators/pattern.spec" />
</testsuite>
<testsuite package="org.eslint" time="0" tests="1" errors="0" name="/Users/romainlenzotti/workspace/ts-projects/ts-express-decorators/packages/common/src/jsonschema/decorators/pattern.ts">
<testcase time="0" name="/Users/romainlenzotti/workspace/ts-projects/ts-express-decorators/packages/common/src/jsonschema/decorators/pattern.ts" classname="/Users/romainlenzotti/workspace/ts-projects/ts-express-decorators/packages/common/src/jsonschema/decorators/pattern" />
</testsuite>
<testsuite package="org.eslint" time="0" tests="1" errors="0" name="/Users/romainlenzotti/workspace/ts-projects/ts-express-decorators/packages/common/src/jsonschema/decorators/property.spec.ts">
<testcase time="0" name="/Users/romainlenzotti/workspace/ts-projects/ts-express-decorators/packages/common/src/jsonschema/decorators/property.spec.ts" classname="/Users/romainlenzotti/workspace/ts-projects/ts-express-decorators/packages/common/src/jsonschema/decorators/property.spec" />
</testsuite>
<testsuite package="org.eslint" time="0" tests="1" errors="0" name="/Users/romainlenzotti/workspace/ts-projects/ts-express-decorators/packages/common/src/jsonschema/decorators/property.ts">
<testcase time="0" name="/Users/romainlenzotti/workspace/ts-projects/ts-express-decorators/packages/common/src/jsonschema/decorators/property.ts" classname="/Users/romainlenzotti/workspace/ts-projects/ts-express-decorators/packages/common/src/jsonschema/decorators/property" />
</testsuite>
<testsuite package="org.eslint" time="0" tests="1" errors="0" name="/Users/romainlenzotti/workspace/ts-projects/ts-express-decorators/packages/common/src/jsonschema/decorators/propertyDeserialize.spec.ts">
<testcase time="0" name="/Users/romainlenzotti/workspace/ts-projects/ts-express-decorators/packages/common/src/jsonschema/decorators/propertyDeserialize.spec.ts" classname="/Users/romainlenzotti/workspace/ts-projects/ts-express-decorators/packages/common/src/jsonschema/decorators/propertyDeserialize.spec" />
</testsuite>
<testsuite package="org.eslint" time="0" tests="1" errors="0" name="/Users/romainlenzotti/workspace/ts-projects/ts-express-decorators/packages/common/src/jsonschema/decorators/propertyDeserialize.ts">
<testcase time="0" name="/Users/romainlenzotti/workspace/ts-projects/ts-express-decorators/packages/common/src/jsonschema/decorators/propertyDeserialize.ts" classname="/Users/romainlenzotti/workspace/ts-projects/ts-express-decorators/packages/common/src/jsonschema/decorators/propertyDeserialize" />
</testsuite>
<testsuite package="org.eslint" time="0" tests="1" errors="0" name="/Users/romainlenzotti/workspace/ts-projects/ts-express-decorators/packages/common/src/jsonschema/decorators/propertyFn.ts">
<testcase time="0" name="/Users/romainlenzotti/workspace/ts-projects/ts-express-decorators/packages/common/src/jsonschema/decorators/propertyFn.ts" classname="/Users/romainlenzotti/workspace/ts-projects/ts-express-decorators/packages/common/src/jsonschema/decorators/propertyFn" />
</testsuite>
<testsuite package="org.eslint" time="0" tests="1" errors="0" name="/Users/romainlenzotti/workspace/ts-projects/ts-express-decorators/packages/common/src/jsonschema/decorators/propertyName.spec.ts">
<testcase time="0" name="/Users/romainlenzotti/workspace/ts-projects/ts-express-decorators/packages/common/src/jsonschema/decorators/propertyName.spec.ts" classname="/Users/romainlenzotti/workspace/ts-projects/ts-express-decorators/packages/common/src/jsonschema/decorators/propertyName.spec" />
</testsuite>
<testsuite package="org.eslint" time="0" tests="1" errors="0" name="/Users/romainlenzotti/workspace/ts-projects/ts-express-decorators/packages/common/src/jsonschema/decorators/propertyName.ts">
<testcase time="0" name="/Users/romainlenzotti/workspace/ts-projects/ts-express-decorators/packages/common/src/jsonschema/decorators/propertyName.ts" classname="/Users/romainlenzotti/workspace/ts-projects/ts-express-decorators/packages/common/src/jsonschema/decorators/propertyName" />
</testsuite>
<testsuite package="org.eslint" time="0" tests="1" errors="0" name="/Users/romainlenzotti/workspace/ts-projects/ts-express-decorators/packages/common/src/jsonschema/decorators/propertySerialize.spec.ts">
<testcase time="0" name="/Users/romainlenzotti/workspace/ts-projects/ts-express-decorators/packages/common/src/jsonschema/decorators/propertySerialize.spec.ts" classname="/Users/romainlenzotti/workspace/ts-projects/ts-express-decorators/packages/common/src/jsonschema/decorators/propertySerialize.spec" />
</testsuite>
<testsuite package="org.eslint" time="0" tests="1" errors="0" name="/Users/romainlenzotti/workspace/ts-projects/ts-express-decorators/packages/common/src/jsonschema/decorators/propertySerialize.ts">
<testcase time="0" name="/Users/romainlenzotti/workspace/ts-projects/ts-express-decorators/packages/common/src/jsonschema/decorators/propertySerialize.ts" classname="/Users/romainlenzotti/workspace/ts-projects/ts-express-decorators/packages/common/src/jsonschema/decorators/propertySerialize" />
</testsuite>
<testsuite package="org.eslint" time="0" tests="1" errors="0" name="/Users/romainlenzotti/workspace/ts-projects/ts-express-decorators/packages/common/src/jsonschema/decorators/propertyType.spec.ts">
<testcase time="0" name="/Users/romainlenzotti/workspace/ts-projects/ts-express-decorators/packages/common/src/jsonschema/decorators/propertyType.spec.ts" classname="/Users/romainlenzotti/workspace/ts-projects/ts-express-decorators/packages/common/src/jsonschema/decorators/propertyType.spec" />
</testsuite>
<testsuite package="org.eslint" time="0" tests="1" errors="0" name="/Users/romainlenzotti/workspace/ts-projects/ts-express-decorators/packages/common/src/jsonschema/decorators/propertyType.ts">
<testcase time="0" name="/Users/romainlenzotti/workspace/ts-projects/ts-express-decorators/packages/common/src/jsonschema/decorators/propertyType.ts" classname="/Users/romainlenzotti/workspace/ts-projects/ts-express-decorators/packages/common/src/jsonschema/decorators/propertyType" />
</testsuite>
<testsuite package="org.eslint" time="0" tests="1" errors="0" name="/Users/romainlenzotti/workspace/ts-projects/ts-express-decorators/packages/common/src/jsonschema/decorators/schema.spec.ts">
<testcase time="0" name="/Users/romainlenzotti/workspace/ts-projects/ts-express-decorators/packages/common/src/jsonschema/decorators/schema.spec.ts" classname="/Users/romainlenzotti/workspace/ts-projects/ts-express-decorators/packages/common/src/jsonschema/decorators/schema.spec" />
</testsuite>
<testsuite package="org.eslint" time="0" tests="1" errors="0" name="/Users/romainlenzotti/workspace/ts-projects/ts-express-decorators/packages/common/src/jsonschema/decorators/schema.ts">
<testcase time="0" name="/Users/romainlenzotti/workspace/ts-projects/ts-express-decorators/packages/common/src/jsonschema/decorators/schema.ts" classname="/Users/romainlenzotti/workspace/ts-projects/ts-express-decorators/packages/common/src/jsonschema/decorators/schema" />
</testsuite>
<testsuite package="org.eslint" time="0" tests="1" errors="0" name="/Users/romainlenzotti/workspace/ts-projects/ts-express-decorators/packages/common/src/jsonschema/decorators/title.spec.ts">
<testcase time="0" name="/Users/romainlenzotti/workspace/ts-projects/ts-express-decorators/packages/common/src/jsonschema/decorators/title.spec.ts" classname="/Users/romainlenzotti/workspace/ts-projects/ts-express-decorators/packages/common/src/jsonschema/decorators/title.spec" />
</testsuite>
<testsuite package="org.eslint" time="0" tests="1" errors="0" name="/Users/romainlenzotti/workspace/ts-projects/ts-express-decorators/packages/common/src/jsonschema/decorators/title.ts">
<testcase time="0" name="/Users/romainlenzotti/workspace/ts-projects/ts-express-decorators/packages/common/src/jsonschema/decorators/title.ts" classname="/Users/romainlenzotti/workspace/ts-projects/ts-express-decorators/packages/common/src/jsonschema/decorators/title" />
</testsuite>
<testsuite package="org.eslint" time="0" tests="1" errors="0" name="/Users/romainlenzotti/workspace/ts-projects/ts-express-decorators/packages/common/src/jsonschema/decorators/uniqueItems.spec.ts">
<testcase time="0" name="/Users/romainlenzotti/workspace/ts-projects/ts-express-decorators/packages/common/src/jsonschema/decorators/uniqueItems.spec.ts" classname="/Users/romainlenzotti/workspace/ts-projects/ts-express-decorators/packages/common/src/jsonschema/decorators/uniqueItems.spec" />
</testsuite>
<testsuite package="org.eslint" time="0" tests="1" errors="0" name="/Users/romainlenzotti/workspace/ts-projects/ts-express-decorators/packages/common/src/jsonschema/decorators/uniqueItems.ts">
<testcase time="0" name="/Users/romainlenzotti/workspace/ts-projects/ts-express-decorators/packages/common/src/jsonschema/decorators/uniqueItems.ts" classname="/Users/romainlenzotti/workspace/ts-projects/ts-express-decorators/packages/common/src/jsonschema/decorators/uniqueItems" />
</testsuite>
<testsuite package="org.eslint" time="0" tests="1" errors="0" name="/Users/romainlenzotti/workspace/ts-projects/ts-express-decorators/packages/common/src/jsonschema/index.ts">
<testcase time="0" name="/Users/romainlenzotti/workspace/ts-projects/ts-express-decorators/packages/common/src/jsonschema/index.ts" classname="/Users/romainlenzotti/workspace/ts-projects/ts-express-decorators/packages/common/src/jsonschema/index" />
</testsuite>
<testsuite package="org.eslint" time="0" tests="1" errors="0" name="/Users/romainlenzotti/workspace/ts-projects/ts-express-decorators/packages/common/src/jsonschema/utils/getJsonSchema.ts">
<testcase time="0" name="/Users/romainlenzotti/workspace/ts-projects/ts-express-decorators/packages/common/src/jsonschema/utils/getJsonSchema.ts" classname="/Users/romainlenzotti/workspace/ts-projects/ts-express-decorators/packages/common/src/jsonschema/utils/getJsonSchema" />
</testsuite>
<testsuite package="org.eslint" time="0" tests="1" errors="0" name="/Users/romainlenzotti/workspace/ts-projects/ts-express-decorators/packages/common/src/jsonschema/utils/getJsonType.spec.ts">
<testcase time="0" name="/Users/romainlenzotti/workspace/ts-projects/ts-express-decorators/packages/common/src/jsonschema/utils/getJsonType.spec.ts" classname="/Users/romainlenzotti/workspace/ts-projects/ts-express-decorators/packages/common/src/jsonschema/utils/getJsonType.spec" />
</testsuite>
<testsuite package="org.eslint" time="0" tests="1" errors="0" name="/Users/romainlenzotti/workspace/ts-projects/ts-express-decorators/packages/common/src/jsonschema/utils/getJsonType.ts">
<testcase time="0" name="/Users/romainlenzotti/workspace/ts-projects/ts-express-decorators/packages/common/src/jsonschema/utils/getJsonType.ts" classname="/Users/romainlenzotti/workspace/ts-projects/ts-express-decorators/packages/common/src/jsonschema/utils/getJsonType" />
</testsuite>
<testsuite package="org.eslint" time="0" tests="1" errors="0" name="/Users/romainlenzotti/workspace/ts-projects/ts-express-decorators/packages/common/src/mvc/constants/index.ts">
<testcase time="0" name="/Users/romainlenzotti/workspace/ts-projects/ts-express-decorators/packages/common/src/mvc/constants/index.ts" classname="/Users/romainlenzotti/workspace/ts-projects/ts-express-decorators/packages/common/src/mvc/constants/index" />
</testsuite>
<testsuite package="org.eslint" time="0" tests="1" errors="0" name="/Users/romainlenzotti/workspace/ts-projects/ts-express-decorators/packages/common/src/mvc/decorators/allow.spec.ts">
<testcase time="0" name="/Users/romainlenzotti/workspace/ts-projects/ts-express-decorators/packages/common/src/mvc/decorators/allow.spec.ts" classname="/Users/romainlenzotti/workspace/ts-projects/ts-express-decorators/packages/common/src/mvc/decorators/allow.spec" />
</testsuite>
<testsuite package="org.eslint" time="0" tests="1" errors="0" name="/Users/romainlenzotti/workspace/ts-projects/ts-express-decorators/packages/common/src/mvc/decorators/allow.ts">
<testcase time="0" name="/Users/romainlenzotti/workspace/ts-projects/ts-express-decorators/packages/common/src/mvc/decorators/allow.ts" classname="/Users/romainlenzotti/workspace/ts-projects/ts-express-decorators/packages/common/src/mvc/decorators/allow" />
</testsuite>
<testsuite package="org.eslint" time="0" tests="1" errors="0" name="/Users/romainlenzotti/workspace/ts-projects/ts-express-decorators/packages/common/src/mvc/decorators/class/controller.spec.ts">
<testcase time="0" name="/Users/romainlenzotti/workspace/ts-projects/ts-express-decorators/packages/common/src/mvc/decorators/class/controller.spec.ts" classname="/Users/romainlenzotti/workspace/ts-projects/ts-express-decorators/packages/common/src/mvc/decorators/class/controller.spec" />
</testsuite>
<testsuite package="org.eslint" time="0" tests="1" errors="0" name="/Users/romainlenzotti/workspace/ts-projects/ts-express-decorators/packages/common/src/mvc/decorators/class/controller.ts">
<testcase time="0" name="/Users/romainlenzotti/workspace/ts-projects/ts-express-decorators/packages/common/src/mvc/decorators/class/controller.ts" classname="/Users/romainlenzotti/workspace/ts-projects/ts-express-decorators/packages/common/src/mvc/decorators/class/controller" />
</testsuite>
<testsuite package="org.eslint" time="0" tests="1" errors="0" name="/Users/romainlenzotti/workspace/ts-projects/ts-express-decorators/packages/common/src/mvc/decorators/class/middleware.spec.ts">
<testcase time="0" name="/Users/romainlenzotti/workspace/ts-projects/ts-express-decorators/packages/common/src/mvc/decorators/class/middleware.spec.ts" classname="/Users/romainlenzotti/workspace/ts-projects/ts-express-decorators/packages/common/src/mvc/decorators/class/middleware.spec" />
</testsuite>
<testsuite package="org.eslint" time="0" tests="1" errors="0" name="/Users/romainlenzotti/workspace/ts-projects/ts-express-decorators/packages/common/src/mvc/decorators/class/middleware.ts">
<testcase time="0" name="/Users/romainlenzotti/workspace/ts-projects/ts-express-decorators/packages/common/src/mvc/decorators/class/middleware.ts" classname="/Users/romainlenzotti/workspace/ts-projects/ts-express-decorators/packages/common/src/mvc/decorators/class/middleware" />
</testsuite>
<testsuite package="org.eslint" time="0" tests="1" errors="0" name="/Users/romainlenzotti/workspace/ts-projects/ts-express-decorators/packages/common/src/mvc/decorators/index.ts">
<testcase time="0" name="/Users/romainlenzotti/workspace/ts-projects/ts-express-decorators/packages/common/src/mvc/decorators/index.ts" classname="/Users/romainlenzotti/workspace/ts-projects/ts-express-decorators/packages/common/src/mvc/decorators/index" />
</testsuite>
<testsuite package="org.eslint" time="0" tests="1" errors="0" name="/Users/romainlenzotti/workspace/ts-projects/ts-express-decorators/packages/common/src/mvc/decorators/method/acceptMime.spec.ts">
<testcase time="0" name="/Users/romainlenzotti/workspace/ts-projects/ts-express-decorators/packages/common/src/mvc/decorators/method/acceptMime.spec.ts" classname="/Users/romainlenzotti/workspace/ts-projects/ts-express-decorators/packages/common/src/mvc/decorators/method/acceptMime.spec" />
</testsuite>
<testsuite package="org.eslint" time="0" tests="1" errors="0" name="/Users/romainlenzotti/workspace/ts-projects/ts-express-decorators/packages/common/src/mvc/decorators/method/acceptMime.ts">
<testcase time="0" name="/Users/romainlenzotti/workspace/ts-projects/ts-express-decorators/packages/common/src/mvc/decorators/method/acceptMime.ts" classname="/Users/romainlenzotti/workspace/ts-projects/ts-express-decorators/packages/common/src/mvc/decorators/method/acceptMime" />
</testsuite>
<testsuite package="org.eslint" time="0" tests="1" errors="0" name="/Users/romainlenzotti/workspace/ts-projects/ts-express-decorators/packages/common/src/mvc/decorators/method/authOptions.spec.ts">
<testcase time="0" name="/Users/romainlenzotti/workspace/ts-projects/ts-express-decorators/packages/common/src/mvc/decorators/method/authOptions.spec.ts" classname="/Users/romainlenzotti/workspace/ts-projects/ts-express-decorators/packages/common/src/mvc/decorators/method/authOptions.spec" />
</testsuite>
<testsuite package="org.eslint" time="0" tests="1" errors="0" name="/Users/romainlenzotti/workspace/ts-projects/ts-express-decorators/packages/common/src/mvc/decorators/method/authOptions.ts">
<testcase time="0" name="/Users/romainlenzotti/workspace/ts-projects/ts-express-decorators/packages/common/src/mvc/decorators/method/authOptions.ts" classname="/Users/romainlenzotti/workspace/ts-projects/ts-express-decorators/packages/common/src/mvc/decorators/method/authOptions" />
</testsuite>
<testsuite package="org.eslint" time="0" tests="1" errors="0" name="/Users/romainlenzotti/workspace/ts-projects/ts-express-decorators/packages/common/src/mvc/decorators/method/contentType.spec.ts">
<testcase time="0" name="/Users/romainlenzotti/workspace/ts-projects/ts-express-decorators/packages/common/src/mvc/decorators/method/contentType.spec.ts" classname="/Users/romainlenzotti/workspace/ts-projects/ts-express-decorators/packages/common/src/mvc/decorators/method/contentType.spec" />
</testsuite>
<testsuite package="org.eslint" time="0" tests="1" errors="0" name="/Users/romainlenzotti/workspace/ts-projects/ts-express-decorators/packages/common/src/mvc/decorators/method/contentType.ts">
<testcase time="0" name="/Users/romainlenzotti/workspace/ts-projects/ts-express-decorators/packages/common/src/mvc/decorators/method/contentType.ts" classname="/Users/romainlenzotti/workspace/ts-projects/ts-express-decorators/packages/common/src/mvc/decorators/method/contentType" />
</testsuite>
<testsuite package="org.eslint" time="0" tests="1" errors="0" name="/Users/romainlenzotti/workspace/ts-projects/ts-express-decorators/packages/common/src/mvc/decorators/method/endpointFn.ts">
<testcase time="0" name="/Users/romainlenzotti/workspace/ts-projects/ts-express-decorators/packages/common/src/mvc/decorators/method/endpointFn.ts" classname="/Users/romainlenzotti/workspace/ts-projects/ts-express-decorators/packages/common/src/mvc/decorators/method/endpointFn" />
</testsuite>
<testsuite package="org.eslint" time="0" tests="1" errors="0" name="/Users/romainlenzotti/workspace/ts-projects/ts-express-decorators/packages/common/src/mvc/decorators/method/header.spec.ts">
<testcase time="0" name="/Users/romainlenzotti/workspace/ts-projects/ts-express-decorators/packages/common/src/mvc/decorators/method/header.spec.ts" classname="/Users/romainlenzotti/workspace/ts-projects/ts-express-decorators/packages/common/src/mvc/decorators/method/header.spec" />
</testsuite>
<testsuite package="org.eslint" time="0" tests="1" errors="0" name="/Users/romainlenzotti/workspace/ts-projects/ts-express-decorators/packages/common/src/mvc/decorators/method/header.ts">
<testcase time="0" name="/Users/romainlenzotti/workspace/ts-projects/ts-express-decorators/packages/common/src/mvc/decorators/method/header.ts" classname="/Users/romainlenzotti/workspace/ts-projects/ts-express-decorators/packages/common/src/mvc/decorators/method/header" />
</testsuite>
<testsuite package="org.eslint" time="0" tests="1" errors="0" name="/Users/romainlenzotti/workspace/ts-projects/ts-express-decorators/packages/common/src/mvc/decorators/method/location.spec.ts">
<testcase time="0" name="/Users/romainlenzotti/workspace/ts-projects/ts-express-decorators/packages/common/src/mvc/decorators/method/location.spec.ts" classname="/Users/romainlenzotti/workspace/ts-projects/ts-express-decorators/packages/common/src/mvc/decorators/method/location.spec" />
</testsuite>
<testsuite package="org.eslint" time="0" tests="1" errors="0" name="/Users/romainlenzotti/workspace/ts-projects/ts-express-decorators/packages/common/src/mvc/decorators/method/location.ts">
<testcase time="0" name="/Users/romainlenzotti/workspace/ts-projects/ts-express-decorators/packages/common/src/mvc/decorators/method/location.ts" classname="/Users/romainlenzotti/workspace/ts-projects/ts-express-decorators/packages/common/src/mvc/decorators/method/location" />
</testsuite>
<testsuite package="org.eslint" time="0" tests="1" errors="0" name="/Users/romainlenzotti/workspace/ts-projects/ts-express-decorators/packages/common/src/mvc/decorators/method/redirect.spec.ts">
<testcase time="0" name="/Users/romainlenzotti/workspace/ts-projects/ts-express-decorators/packages/common/src/mvc/decorators/method/redirect.spec.ts" classname="/Users/romainlenzotti/workspace/ts-projects/ts-express-decorators/packages/common/src/mvc/decorators/method/redirect.spec" />
</testsuite>
<testsuite package="org.eslint" time="0" tests="1" errors="0" name="/Users/romainlenzotti/workspace/ts-projects/ts-express-decorators/packages/common/src/mvc/decorators/method/redirect.ts">
<testcase time="0" name="/Users/romainlenzotti/workspace/ts-projects/ts-express-decorators/packages/common/src/mvc/decorators/method/redirect.ts" classname="/Users/romainlenzotti/workspace/ts-projects/ts-express-decorators/packages/common/src/mvc/decorators/method/redirect" />
</testsuite>
<testsuite package="org.eslint" time="0" tests="1" errors="0" name="/Users/romainlenzotti/workspace/ts-projects/ts-express-decorators/packages/common/src/mvc/decorators/method/returnType.ts">
<testcase time="0" name="/Users/romainlenzotti/workspace/ts-projects/ts-express-decorators/packages/common/src/mvc/decorators/method/returnType.ts" classname="/Users/romainlenzotti/workspace/ts-projects/ts-express-decorators/packages/common/src/mvc/decorators/method/returnType" />
</testsuite>
<testsuite package="org.eslint" time="0" tests="1" errors="0" name="/Users/romainlenzotti/workspace/ts-projects/ts-express-decorators/packages/common/src/mvc/decorators/method/returnTypes.spec.ts">
<testcase time="0" name="/Users/romainlenzotti/workspace/ts-projects/ts-express-decorators/packages/common/src/mvc/decorators/method/returnTypes.spec.ts" classname="/Users/romainlenzotti/workspace/ts-projects/ts-express-decorators/packages/common/src/mvc/decorators/method/returnTypes.spec" />
</testsuite>
<testsuite package="org.eslint" time="0" tests="1" errors="0" name="/Users/romainlenzotti/workspace/ts-projects/ts-express-decorators/packages/common/src/mvc/decorators/method/route.spec.ts">
<testcase time="0" name="/Users/romainlenzotti/workspace/ts-projects/ts-express-decorators/packages/common/src/mvc/decorators/method/route.spec.ts" classname="/Users/romainlenzotti/workspace/ts-projects/ts-express-decorators/packages/common/src/mvc/decorators/method/route.spec" />
</testsuite>
<testsuite package="org.eslint" time="0" tests="1" errors="0" name="/Users/romainlenzotti/workspace/ts-projects/ts-express-decorators/packages/common/src/mvc/decorators/method/route.ts">
<testcase time="0" name="/Users/romainlenzotti/workspace/ts-projects/ts-express-decorators/packages/common/src/mvc/decorators/method/route.ts" classname="/Users/romainlenzotti/workspace/ts-projects/ts-express-decorators/packages/common/src/mvc/decorators/method/route" />
</testsuite>
<testsuite package="org.eslint" time="0" tests="1" errors="0" name="/Users/romainlenzotti/workspace/ts-projects/ts-express-decorators/packages/common/src/mvc/decorators/method/status.spec.ts">
<testcase time="0" name="/Users/romainlenzotti/workspace/ts-projects/ts-express-decorators/packages/common/src/mvc/decorators/method/status.spec.ts" classname="/Users/romainlenzotti/workspace/ts-projects/ts-express-decorators/packages/common/src/mvc/decorators/method/status.spec" />
</testsuite>
<testsuite package="org.eslint" time="0" tests="1" errors="0" name="/Users/romainlenzotti/workspace/ts-projects/ts-express-decorators/packages/common/src/mvc/decorators/method/status.ts">
<testcase time="0" name="/Users/romainlenzotti/workspace/ts-projects/ts-express-decorators/packages/common/src/mvc/decorators/method/status.ts" classname="/Users/romainlenzotti/workspace/ts-projects/ts-express-decorators/packages/common/src/mvc/decorators/method/status" />
</testsuite>
<testsuite package="org.eslint" time="0" tests="1" errors="0" name="/Users/romainlenzotti/workspace/ts-projects/ts-express-decorators/packages/common/src/mvc/decorators/method/use.spec.ts">
<testcase time="0" name="/Users/romainlenzotti/workspace/ts-projects/ts-express-decorators/packages/common/src/mvc/decorators/method/use.spec.ts" classname="/Users/romainlenzotti/workspace/ts-projects/ts-express-decorators/packages/common/src/mvc/decorators/method/use.spec" />
</testsuite>
<testsuite package="org.eslint" time="0" tests="1" errors="0" name="/Users/romainlenzotti/workspace/ts-projects/ts-express-decorators/packages/common/src/mvc/decorators/method/use.ts">
<testcase time="0" name="/Users/romainlenzotti/workspace/ts-projects/ts-express-decorators/packages/common/src/mvc/decorators/method/use.ts" classname="/Users/romainlenzotti/workspace/ts-projects/ts-express-decorators/packages/common/src/mvc/decorators/method/use" />
</testsuite>
<testsuite package="org.eslint" time="0" tests="1" errors="0" name="/Users/romainlenzotti/workspace/ts-projects/ts-express-decorators/packages/common/src/mvc/decorators/method/useAfter.spec.ts">
<testcase time="0" name="/Users/romainlenzotti/workspace/ts-projects/ts-express-decorators/packages/common/src/mvc/decorators/method/useAfter.spec.ts" classname="/Users/romainlenzotti/workspace/ts-projects/ts-express-decorators/packages/common/src/mvc/decorators/method/useAfter.spec" />
</testsuite>
<testsuite package="org.eslint" time="0" tests="1" errors="0" name="/Users/romainlenzotti/workspace/ts-projects/ts-express-decorators/packages/common/src/mvc/decorators/method/useAfter.ts">
<testcase time="0" name="/Users/romainlenzotti/workspace/ts-projects/ts-express-decorators/packages/common/src/mvc/decorators/method/useAfter.ts" classname="/Users/romainlenzotti/workspace/ts-projects/ts-express-decorators/packages/common/src/mvc/decorators/method/useAfter" />
</testsuite>
<testsuite package="org.eslint" time="0" tests="1" errors="0" name="/Users/romainlenzotti/workspace/ts-projects/ts-express-decorators/packages/common/src/mvc/decorators/method/useAuth.spec.ts">
<testcase time="0" name="/Users/romainlenzotti/workspace/ts-projects/ts-express-decorators/packages/common/src/mvc/decorators/method/useAuth.spec.ts" classname="/Users/romainlenzotti/workspace/ts-projects/ts-express-decorators/packages/common/src/mvc/decorators/method/useAuth.spec" />
</testsuite>
<testsuite package="org.eslint" time="0" tests="1" errors="0" name="/Users/romainlenzotti/workspace/ts-projects/ts-express-decorators/packages/common/src/mvc/decorators/method/useAuth.ts">
<testcase time="0" name="/Users/romainlenzotti/workspace/ts-projects/ts-express-decorators/packages/common/src/mvc/decorators/method/useAuth.ts" classname="/Users/romainlenzotti/workspace/ts-projects/ts-express-decorators/packages/common/src/mvc/decorators/method/useAuth" />
</testsuite>
<testsuite package="org.eslint" time="0" tests="1" errors="0" name="/Users/romainlenzotti/workspace/ts-projects/ts-express-decorators/packages/common/src/mvc/decorators/method/useBefore.spec.ts">
<testcase time="0" name="/Users/romainlenzotti/workspace/ts-projects/ts-express-decorators/packages/common/src/mvc/decorators/method/useBefore.spec.ts" classname="/Users/romainlenzotti/workspace/ts-projects/ts-express-decorators/packages/common/src/mvc/decorators/method/useBefore.spec" />
</testsuite>
<testsuite package="org.eslint" time="0" tests="1" errors="0" name="/Users/romainlenzotti/workspace/ts-projects/ts-express-decorators/packages/common/src/mvc/decorators/method/useBefore.ts">
<testcase time="0" name="/Users/romainlenzotti/workspace/ts-projects/ts-express-decorators/packages/common/src/mvc/decorators/method/useBefore.ts" classname="/Users/romainlenzotti/workspace/ts-projects/ts-express-decorators/packages/common/src/mvc/decorators/method/useBefore" />
</testsuite>
<testsuite package="org.eslint" time="0" tests="1" errors="0" name="/Users/romainlenzotti/workspace/ts-projects/ts-express-decorators/packages/common/src/mvc/decorators/method/useBeforeEach.spec.ts">
<testcase time="0" name="/Users/romainlenzotti/workspace/ts-projects/ts-express-decorators/packages/common/src/mvc/decorators/method/useBeforeEach.spec.ts" classname="/Users/romainlenzotti/workspace/ts-projects/ts-express-decorators/packages/common/src/mvc/decorators/method/useBeforeEach.spec" />
</testsuite>
<testsuite package="org.eslint" time="0" tests="1" errors="0" name="/Users/romainlenzotti/workspace/ts-projects/ts-express-decorators/packages/common/src/mvc/decorators/method/useBeforeEach.ts">
<testcase time="0" name="/Users/romainlenzotti/workspace/ts-projects/ts-express-decorators/packages/common/src/mvc/decorators/method/useBeforeEach.ts" classname="/Users/romainlenzotti/workspace/ts-projects/ts-express-decorators/packages/common/src/mvc/decorators/method/useBeforeEach" />
</testsuite>
<testsuite package="org.eslint" time="0" tests="1" errors="0" name="/Users/romainlenzotti/workspace/ts-projects/ts-express-decorators/packages/common/src/mvc/decorators/method/view.spec.ts">
<testcase time="0" name="/Users/romainlenzotti/workspace/ts-projects/ts-express-decorators/packages/common/src/mvc/decorators/method/view.spec.ts" classname="/Users/romainlenzotti/workspace/ts-projects/ts-express-decorators/packages/common/src/mvc/decorators/method/view.spec" />
</testsuite>
<testsuite package="org.eslint" time="0" tests="1" errors="0" name="/Users/romainlenzotti/workspace/ts-projects/ts-express-decorators/packages/common/src/mvc/decorators/method/view.ts">
<testcase time="0" name="/Users/romainlenzotti/workspace/ts-projects/ts-express-decorators/packages/common/src/mvc/decorators/method/view.ts" classname="/Users/romainlenzotti/workspace/ts-projects/ts-express-decorators/packages/common/src/mvc/decorators/method/view" />
</testsuite>
<testsuite package="org.eslint" time="0" tests="1" errors="0" name="/Users/romainlenzotti/workspace/ts-projects/ts-express-decorators/packages/common/src/mvc/decorators/params/bodyParams.spec.ts">
<testcase time="0" name="/Users/romainlenzotti/workspace/ts-projects/ts-express-decorators/packages/common/src/mvc/decorators/params/bodyParams.spec.ts" classname="/Users/romainlenzotti/workspace/ts-projects/ts-express-decorators/packages/common/src/mvc/decorators/params/bodyParams.spec" />
</testsuite>
<testsuite package="org.eslint" time="0" tests="1" errors="0" name="/Users/romainlenzotti/workspace/ts-projects/ts-express-decorators/packages/common/src/mvc/decorators/params/bodyParams.ts">
<testcase time="0" name="/Users/romainlenzotti/workspace/ts-projects/ts-express-decorators/packages/common/src/mvc/decorators/params/bodyParams.ts" classname="/Users/romainlenzotti/workspace/ts-projects/ts-express-decorators/packages/common/src/mvc/decorators/params/bodyParams" />
</testsuite>
<testsuite package="org.eslint" time="0" tests="1" errors="0" name="/Users/romainlenzotti/workspace/ts-projects/ts-express-decorators/packages/common/src/mvc/decorators/params/cookies.spec.ts">
<testcase time="0" name="/Users/romainlenzotti/workspace/ts-projects/ts-express-decorators/packages/common/src/mvc/decorators/params/cookies.spec.ts" classname="/Users/romainlenzotti/workspace/ts-projects/ts-express-decorators/packages/common/src/mvc/decorators/params/cookies.spec" />
</testsuite>
<testsuite package="org.eslint" time="0" tests="1" errors="0" name="/Users/romainlenzotti/workspace/ts-projects/ts-express-decorators/packages/common/src/mvc/decorators/params/cookies.ts">
<testcase time="0" name="/Users/romainlenzotti/workspace/ts-projects/ts-express-decorators/packages/common/src/mvc/decorators/params/cookies.ts" classname="/Users/romainlenzotti/workspace/ts-projects/ts-express-decorators/packages/common/src/mvc/decorators/params/cookies" />
</testsuite>
<testsuite package="org.eslint" time="0" tests="1" errors="0" name="/Users/romainlenzotti/workspace/ts-projects/ts-express-decorators/packages/common/src/mvc/decorators/params/endpointInfo.spec.ts">
<testcase time="0" name="/Users/romainlenzotti/workspace/ts-projects/ts-express-decorators/packages/common/src/mvc/decorators/params/endpointInfo.spec.ts" classname="/Users/romainlenzotti/workspace/ts-projects/ts-express-decorators/packages/common/src/mvc/decorators/params/endpointInfo.spec" />
</testsuite>
<testsuite package="org.eslint" time="0" tests="1" errors="0" name="/Users/romainlenzotti/workspace/ts-projects/ts-express-decorators/packages/common/src/mvc/decorators/params/endpointInfo.ts">
<testcase time="0" name="/Users/romainlenzotti/workspace/ts-projects/ts-express-decorators/packages/common/src/mvc/decorators/params/endpointInfo.ts" classname="/Users/romainlenzotti/workspace/ts-projects/ts-express-decorators/packages/common/src/mvc/decorators/params/endpointInfo" />
</testsuite>
<testsuite package="org.eslint" time="0" tests="1" errors="0" name="/Users/romainlenzotti/workspace/ts-projects/ts-express-decorators/packages/common/src/mvc/decorators/params/error.spec.ts">
<testcase time="0" name="/Users/romainlenzotti/workspace/ts-projects/ts-express-decorators/packages/common/src/mvc/decorators/params/error.spec.ts" classname="/Users/romainlenzotti/workspace/ts-projects/ts-express-decorators/packages/common/src/mvc/decorators/params/error.spec" />
</testsuite>
<testsuite package="org.eslint" time="0" tests="1" errors="0" name="/Users/romainlenzotti/workspace/ts-projects/ts-express-decorators/packages/common/src/mvc/decorators/params/error.ts">
<testcase time="0" name="/Users/romainlenzotti/workspace/ts-projects/ts-express-decorators/packages/common/src/mvc/decorators/params/error.ts" classname="/Users/romainlenzotti/workspace/ts-projects/ts-express-decorators/packages/common/src/mvc/decorators/params/error" />
</testsuite>
<testsuite package="org.eslint" time="0" tests="1" errors="0" name="/Users/romainlenzotti/workspace/ts-projects/ts-express-decorators/packages/common/src/mvc/decorators/params/headerParams.spec.ts">
<testcase time="0" name="/Users/romainlenzotti/workspace/ts-projects/ts-express-decorators/packages/common/src/mvc/decorators/params/headerParams.spec.ts" classname="/Users/romainlenzotti/workspace/ts-projects/ts-express-decorators/packages/common/src/mvc/decorators/params/headerParams.spec" />
</testsuite>
<testsuite package="org.eslint" time="0" tests="1" errors="0" name="/Users/romainlenzotti/workspace/ts-projects/ts-express-decorators/packages/common/src/mvc/decorators/params/headerParams.ts">
<testcase time="0" name="/Users/romainlenzotti/workspace/ts-projects/ts-express-decorators/packages/common/src/mvc/decorators/params/headerParams.ts" classname="/Users/romainlenzotti/workspace/ts-projects/ts-express-decorators/packages/common/src/mvc/decorators/params/headerParams" />
</testsuite>
<testsuite package="org.eslint" time="0" tests="1" errors="0" name="/Users/romainlenzotti/workspace/ts-projects/ts-express-decorators/packages/common/src/mvc/decorators/params/locals.spec.ts">
<testcase time="0" name="/Users/romainlenzotti/workspace/ts-projects/ts-express-decorators/packages/common/src/mvc/decorators/params/locals.spec.ts" classname="/Users/romainlenzotti/workspace/ts-projects/ts-express-decorators/packages/common/src/mvc/decorators/params/locals.spec" />
</testsuite>
<testsuite package="org.eslint" time="0" tests="1" errors="0" name="/Users/romainlenzotti/workspace/ts-projects/ts-express-decorators/packages/common/src/mvc/decorators/params/locals.ts">
<testcase time="0" name="/Users/romainlenzotti/workspace/ts-projects/ts-express-decorators/packages/common/src/mvc/decorators/params/locals.ts" classname="/Users/romainlenzotti/workspace/ts-projects/ts-express-decorators/packages/common/src/mvc/decorators/params/locals" />
</testsuite>
<testsuite package="org.eslint" time="0" tests="1" errors="0" name="/Users/romainlenzotti/workspace/ts-projects/ts-express-decorators/packages/common/src/mvc/decorators/params/next.spec.ts">
<testcase time="0" name="/Users/romainlenzotti/workspace/ts-projects/ts-express-decorators/packages/common/src/mvc/decorators/params/next.spec.ts" classname="/Users/romainlenzotti/workspace/ts-projects/ts-express-decorators/packages/common/src/mvc/decorators/params/next.spec" />
</testsuite>
<testsuite package="org.eslint" time="0" tests="1" errors="0" name="/Users/romainlenzotti/workspace/ts-projects/ts-express-decorators/packages/common/src/mvc/decorators/params/next.ts">
<testcase time="0" name="/Users/romainlenzotti/workspace/ts-projects/ts-express-decorators/packages/common/src/mvc/decorators/params/next.ts" classname="/Users/romainlenzotti/workspace/ts-projects/ts-express-decorators/packages/common/src/mvc/decorators/params/next" />
</testsuite>
<testsuite package="org.eslint" time="0" tests="1" errors="0" name="/Users/romainlenzotti/workspace/ts-projects/ts-express-decorators/packages/common/src/mvc/decorators/params/paramFn.ts">
<testcase time="0" name="/Users/romainlenzotti/workspace/ts-projects/ts-express-decorators/packages/common/src/mvc/decorators/params/paramFn.ts" classname="/Users/romainlenzotti/workspace/ts-projects/ts-express-decorators/packages/common/src/mvc/decorators/params/paramFn" />
</testsuite>
<testsuite package="org.eslint" time="0" tests="1" errors="0" name="/Users/romainlenzotti/workspace/ts-projects/ts-express-decorators/packages/common/src/mvc/decorators/params/pathParams.spec.ts">
<testcase time="0" name="/Users/romainlenzotti/workspace/ts-projects/ts-express-decorators/packages/common/src/mvc/decorators/params/pathParams.spec.ts" classname="/Users/romainlenzotti/workspace/ts-projects/ts-express-decorators/packages/common/src/mvc/decorators/params/pathParams.spec" />
</testsuite>
<testsuite package="org.eslint" time="0" tests="1" errors="0" name="/Users/romainlenzotti/workspace/ts-projects/ts-express-decorators/packages/common/src/mvc/decorators/params/pathParams.ts">
<testcase time="0" name="/Users/romainlenzotti/workspace/ts-projects/ts-express-decorators/packages/common/src/mvc/decorators/params/pathParams.ts" classname="/Users/romainlenzotti/workspace/ts-projects/ts-express-decorators/packages/common/src/mvc/decorators/params/pathParams" />
</testsuite>
<testsuite package="org.eslint" time="0" tests="1" errors="0" name="/Users/romainlenzotti/workspace/ts-projects/ts-express-decorators/packages/common/src/mvc/decorators/params/queryParams.spec.ts">
<testcase time="0" name="/Users/romainlenzotti/workspace/ts-projects/ts-express-decorators/packages/common/src/mvc/decorators/params/queryParams.spec.ts" classname="/Users/romainlenzotti/workspace/ts-projects/ts-express-decorators/packages/common/src/mvc/decorators/params/queryParams.spec" />
</testsuite>
<testsuite package="org.eslint" time="0" tests="1" errors="0" name="/Users/romainlenzotti/workspace/ts-projects/ts-express-decorators/packages/common/src/mvc/decorators/params/queryParams.ts">
<testcase time="0" name="/Users/romainlenzotti/workspace/ts-projects/ts-express-decorators/packages/common/src/mvc/decorators/params/queryParams.ts" classname="/Users/romainlenzotti/workspace/ts-projects/ts-express-decorators/packages/common/src/mvc/decorators/params/queryParams" />
</testsuite>
<testsuite package="org.eslint" time="0" tests="1" errors="0" name="/Users/romainlenzotti/workspace/ts-projects/ts-express-decorators/packages/common/src/mvc/decorators/params/request.spec.ts">
<testcase time="0" name="/Users/romainlenzotti/workspace/ts-projects/ts-express-decorators/packages/common/src/mvc/decorators/params/request.spec.ts" classname="/Users/romainlenzotti/workspace/ts-projects/ts-express-decorators/packages/common/src/mvc/decorators/params/request.spec" />
</testsuite>
<testsuite package="org.eslint" time="0" tests="1" errors="0" name="/Users/romainlenzotti/workspace/ts-projects/ts-express-decorators/packages/common/src/mvc/decorators/params/request.ts">
<testcase time="0" name="/Users/romainlenzotti/workspace/ts-projects/ts-express-decorators/packages/common/src/mvc/decorators/params/request.ts" classname="/Users/romainlenzotti/workspace/ts-projects/ts-express-decorators/packages/common/src/mvc/decorators/params/request" />
</testsuite>
<testsuite package="org.eslint" time="0" tests="1" errors="0" name="/Users/romainlenzotti/workspace/ts-projects/ts-express-decorators/packages/common/src/mvc/decorators/params/response.spec.ts">
<testcase time="0" name="/Users/romainlenzotti/workspace/ts-projects/ts-express-decorators/packages/common/src/mvc/decorators/params/response.spec.ts" classname="/Users/romainlenzotti/workspace/ts-projects/ts-express-decorators/packages/common/src/mvc/decorators/params/response.spec" />
</testsuite>
<testsuite package="org.eslint" time="0" tests="1" errors="0" name="/Users/romainlenzotti/workspace/ts-projects/ts-express-decorators/packages/common/src/mvc/decorators/params/response.ts">
<testcase time="0" name="/Users/romainlenzotti/workspace/ts-projects/ts-express-decorators/packages/common/src/mvc/decorators/params/response.ts" classname="/Users/romainlenzotti/workspace/ts-projects/ts-express-decorators/packages/common/src/mvc/decorators/params/response" />
</testsuite>
<testsuite package="org.eslint" time="0" tests="1" errors="0" name="/Users/romainlenzotti/workspace/ts-projects/ts-express-decorators/packages/common/src/mvc/decorators/params/responseData.spec.ts">
<testcase time="0" name="/Users/romainlenzotti/workspace/ts-projects/ts-express-decorators/packages/common/src/mvc/decorators/params/responseData.spec.ts" classname="/Users/romainlenzotti/workspace/ts-projects/ts-express-decorators/packages/common/src/mvc/decorators/params/responseData.spec" />
</testsuite>
<testsuite package="org.eslint" time="0" tests="1" errors="0" name="/Users/romainlenzotti/workspace/ts-projects/ts-express-decorators/packages/common/src/mvc/decorators/params/responseData.ts">
<testcase time="0" name="/Users/romainlenzotti/workspace/ts-projects/ts-express-decorators/packages/common/src/mvc/decorators/params/responseData.ts" classname="/Users/romainlenzotti/workspace/ts-projects/ts-express-decorators/packages/common/src/mvc/decorators/params/responseData" />
</testsuite>
<testsuite package="org.eslint" time="0" tests="1" errors="0" name="/Users/romainlenzotti/workspace/ts-projects/ts-express-decorators/packages/common/src/mvc/decorators/params/session.spec.ts">
<testcase time="0" name="/Users/romainlenzotti/workspace/ts-projects/ts-express-decorators/packages/common/src/mvc/decorators/params/session.spec.ts" classname="/Users/romainlenzotti/workspace/ts-projects/ts-express-decorators/packages/common/src/mvc/decorators/params/session.spec" />
</testsuite>
<testsuite package="org.eslint" time="0" tests="1" errors="0" name="/Users/romainlenzotti/workspace/ts-projects/ts-express-decorators/packages/common/src/mvc/decorators/params/session.ts">
<testcase time="0" name="/Users/romainlenzotti/workspace/ts-projects/ts-express-decorators/packages/common/src/mvc/decorators/params/session.ts" classname="/Users/romainlenzotti/workspace/ts-projects/ts-express-decorators/packages/common/src/mvc/decorators/params/session" />
</testsuite>
<testsuite package="org.eslint" time="0" tests="1" errors="0" name="/Users/romainlenzotti/workspace/ts-projects/ts-express-decorators/packages/common/src/mvc/decorators/params/useDeserialization.ts">
<testcase time="0" name="/Users/romainlenzotti/workspace/ts-projects/ts-express-decorators/packages/common/src/mvc/decorators/params/useDeserialization.ts" classname="/Users/romainlenzotti/workspace/ts-projects/ts-express-decorators/packages/common/src/mvc/decorators/params/useDeserialization" />
</testsuite>
<testsuite package="org.eslint" time="0" tests="1" errors="0" name="/Users/romainlenzotti/workspace/ts-projects/ts-express-decorators/packages/common/src/mvc/decorators/params/useParam.spec.ts">
<testcase time="0" name="/Users/romainlenzotti/workspace/ts-projects/ts-express-decorators/packages/common/src/mvc/decorators/params/useParam.spec.ts" classname="/Users/romainlenzotti/workspace/ts-projects/ts-express-decorators/packages/common/src/mvc/decorators/params/useParam.spec" />
</testsuite>
<testsuite package="org.eslint" time="0" tests="1" errors="0" name="/Users/romainlenzotti/workspace/ts-projects/ts-express-decorators/packages/common/src/mvc/decorators/params/useParam.ts">
<testcase time="0" name="/Users/romainlenzotti/workspace/ts-projects/ts-express-decorators/packages/common/src/mvc/decorators/params/useParam.ts" classname="/Users/romainlenzotti/workspace/ts-projects/ts-express-decorators/packages/common/src/mvc/decorators/params/useParam" />
</testsuite>
<testsuite package="org.eslint" time="0" tests="1" errors="0" name="/Users/romainlenzotti/workspace/ts-projects/ts-express-decorators/packages/common/src/mvc/decorators/params/useParamExpression.ts">
<testcase time="0" name="/Users/romainlenzotti/workspace/ts-projects/ts-express-decorators/packages/common/src/mvc/decorators/params/useParamExpression.ts" classname="/Users/romainlenzotti/workspace/ts-projects/ts-express-decorators/packages/common/src/mvc/decorators/params/useParamExpression" />
</testsuite>
<testsuite package="org.eslint" time="0" tests="1" errors="0" name="/Users/romainlenzotti/workspace/ts-projects/ts-express-decorators/packages/common/src/mvc/decorators/params/useParamType.ts">
<testcase time="0" name="/Users/romainlenzotti/workspace/ts-projects/ts-express-decorators/packages/common/src/mvc/decorators/params/useParamType.ts" classname="/Users/romainlenzotti/workspace/ts-projects/ts-express-decorators/packages/common/src/mvc/decorators/params/useParamType" />
</testsuite>
<testsuite package="org.eslint" time="0" tests="1" errors="0" name="/Users/romainlenzotti/workspace/ts-projects/ts-express-decorators/packages/common/src/mvc/decorators/params/usePipe.ts">
<testcase time="0" name="/Users/romainlenzotti/workspace/ts-projects/ts-express-decorators/packages/common/src/mvc/decorators/params/usePipe.ts" classname="/Users/romainlenzotti/workspace/ts-projects/ts-express-decorators/packages/common/src/mvc/decorators/params/usePipe" />
</testsuite>
<testsuite package="org.eslint" time="0" tests="1" errors="0" name="/Users/romainlenzotti/workspace/ts-projects/ts-express-decorators/packages/common/src/mvc/decorators/params/useType.ts">
<testcase time="0" name="/Users/romainlenzotti/workspace/ts-projects/ts-express-decorators/packages/common/src/mvc/decorators/params/useType.ts" classname="/Users/romainlenzotti/workspace/ts-projects/ts-express-decorators/packages/common/src/mvc/decorators/params/useType" />
</testsuite>
<testsuite package="org.eslint" time="0" tests="1" errors="0" name="/Users/romainlenzotti/workspace/ts-projects/ts-express-decorators/packages/common/src/mvc/decorators/params/useValidation.ts">
<testcase time="0" name="/Users/romainlenzotti/workspace/ts-projects/ts-express-decorators/packages/common/src/mvc/decorators/params/useValidation.ts" classname="/Users/romainlenzotti/workspace/ts-projects/ts-express-decorators/packages/common/src/mvc/decorators/params/useValidation" />
</testsuite>
<testsuite package="org.eslint" time="0" tests="1" errors="0" name="/Users/romainlenzotti/workspace/ts-projects/ts-express-decorators/packages/common/src/mvc/decorators/required.spec.ts">
<testcase time="0" name="/Users/romainlenzotti/workspace/ts-projects/ts-express-decorators/packages/common/src/mvc/decorators/required.spec.ts" classname="/Users/romainlenzotti/workspace/ts-projects/ts-express-decorators/packages/common/src/mvc/decorators/required.spec" />
</testsuite>
<testsuite package="org.eslint" time="0" tests="1" errors="0" name="/Users/romainlenzotti/workspace/ts-projects/ts-express-decorators/packages/common/src/mvc/decorators/required.ts">
<testcase time="0" name="/Users/romainlenzotti/workspace/ts-projects/ts-express-decorators/packages/common/src/mvc/decorators/required.ts" classname="/Users/romainlenzotti/workspace/ts-projects/ts-express-decorators/packages/common/src/mvc/decorators/required" />
</testsuite>
<testsuite package="org.eslint" time="0" tests="1" errors="0" name="/Users/romainlenzotti/workspace/ts-projects/ts-express-decorators/packages/common/src/mvc/errors/RequiredValidationError.spec.ts">
<testcase time="0" name="/Users/romainlenzotti/workspace/ts-projects/ts-express-decorators/packages/common/src/mvc/errors/RequiredValidationError.spec.ts" classname="/Users/romainlenzotti/workspace/ts-projects/ts-express-decorators/packages/common/src/mvc/errors/RequiredValidationError.spec" />
</testsuite>
<testsuite package="org.eslint" time="0" tests="1" errors="0" name="/Users/romainlenzotti/workspace/ts-projects/ts-express-decorators/packages/common/src/mvc/errors/RequiredValidationError.ts">
<testcase time="0" name="/Users/romainlenzotti/workspace/ts-projects/ts-express-decorators/packages/common/src/mvc/errors/RequiredValidationError.ts" classname="/Users/romainlenzotti/workspace/ts-projects/ts-express-decorators/packages/common/src/mvc/errors/RequiredValidationError" />
</testsuite>
<testsuite package="org.eslint" time="0" tests="1" errors="0" name="/Users/romainlenzotti/workspace/ts-projects/ts-express-decorators/packages/common/src/mvc/errors/ValidationError.spec.ts">
<testcase time="0" name="/Users/romainlenzotti/workspace/ts-projects/ts-express-decorators/packages/common/src/mvc/errors/ValidationError.spec.ts" classname="/Users/romainlenzotti/workspace/ts-projects/ts-express-decorators/packages/common/src/mvc/errors/ValidationError.spec" />
</testsuite>
<testsuite package="org.eslint" time="0" tests="1" errors="0" name="/Users/romainlenzotti/workspace/ts-projects/ts-express-decorators/packages/common/src/mvc/errors/ValidationError.ts">
<testcase time="0" name="/Users/romainlenzotti/workspace/ts-projects/ts-express-decorators/packages/common/src/mvc/errors/ValidationError.ts" classname="/Users/romainlenzotti/workspace/ts-projects/ts-express-decorators/packages/common/src/mvc/errors/ValidationError" />
</testsuite>
<testsuite package="org.eslint" time="0" tests="1" errors="0" name="/Users/romainlenzotti/workspace/ts-projects/ts-express-decorators/packages/common/src/mvc/index.ts">
<testcase time="0" name="/Users/romainlenzotti/workspace/ts-projects/ts-express-decorators/packages/common/src/mvc/index.ts" classname="/Users/romainlenzotti/workspace/ts-projects/ts-express-decorators/packages/common/src/mvc/index" />
</testsuite>
<testsuite package="org.eslint" time="0" tests="1" errors="0" name="/Users/romainlenzotti/workspace/ts-projects/ts-express-decorators/packages/common/src/mvc/interfaces/HandlerType.ts">
<testcase time="0" name="/Users/romainlenzotti/workspace/ts-projects/ts-express-decorators/packages/common/src/mvc/interfaces/HandlerType.ts" classname="/Users/romainlenzotti/workspace/ts-projects/ts-express-decorators/packages/common/src/mvc/interfaces/HandlerType" />
</testsuite>
<testsuite package="org.eslint" time="0" tests="1" errors="0" name="/Users/romainlenzotti/workspace/ts-projects/ts-express-decorators/packages/common/src/mvc/interfaces/IInjectableParamSettings.ts">
<testcase time="0" name="/Users/romainlenzotti/workspace/ts-projects/ts-express-decorators/packages/common/src/mvc/interfaces/IInjectableParamSettings.ts" classname="/Users/romainlenzotti/workspace/ts-projects/ts-express-decorators/packages/common/src/mvc/interfaces/IInjectableParamSettings" />
</testsuite>
<testsuite package="org.eslint" time="0" tests="1" errors="0" name="/Users/romainlenzotti/workspace/ts-projects/ts-express-decorators/packages/common/src/mvc/interfaces/IMiddleware.ts">
<testcase time="0" name="/Users/romainlenzotti/workspace/ts-projects/ts-express-decorators/packages/common/src/mvc/interfaces/IMiddleware.ts" classname="/Users/romainlenzotti/workspace/ts-projects/ts-express-decorators/packages/common/src/mvc/interfaces/IMiddleware" />
</testsuite>
<testsuite package="org.eslint" time="0" tests="1" errors="0" name="/Users/romainlenzotti/workspace/ts-projects/ts-express-decorators/packages/common/src/mvc/interfaces/IParamOptions.ts">
<testcase time="0" name="/Users/romainlenzotti/workspace/ts-projects/ts-express-decorators/packages/common/src/mvc/interfaces/IParamOptions.ts" classname="/Users/romainlenzotti/workspace/ts-projects/ts-express-decorators/packages/common/src/mvc/interfaces/IParamOptions" />
</testsuite>
<testsuite package="org.eslint" time="0" tests="1" errors="0" name="/Users/romainlenzotti/workspace/ts-projects/ts-express-decorators/packages/common/src/mvc/interfaces/PathParamsType.ts">
<testcase time="0" name="/Users/romainlenzotti/workspace/ts-projects/ts-express-decorators/packages/common/src/mvc/interfaces/PathParamsType.ts" classname="/Users/romainlenzotti/workspace/ts-projects/ts-express-decorators/packages/common/src/mvc/interfaces/PathParamsType" />
</testsuite>
<testsuite package="org.eslint" time="0" tests="1" errors="0" name="/Users/romainlenzotti/workspace/ts-projects/ts-express-decorators/packages/common/src/mvc/interfaces/ResponseErrorObject.ts">
<testcase time="0" name="/Users/romainlenzotti/workspace/ts-projects/ts-express-decorators/packages/common/src/mvc/interfaces/ResponseErrorObject.ts" classname="/Users/romainlenzotti/workspace/ts-projects/ts-express-decorators/packages/common/src/mvc/interfaces/ResponseErrorObject" />
</testsuite>
<testsuite package="org.eslint" time="0" tests="1" errors="0" name="/Users/romainlenzotti/workspace/ts-projects/ts-express-decorators/packages/common/src/mvc/interfaces/index.ts">
<testcase time="0" name="/Users/romainlenzotti/workspace/ts-projects/ts-express-decorators/packages/common/src/mvc/interfaces/index.ts" classname="/Users/romainlenzotti/workspace/ts-projects/ts-express-decorators/packages/common/src/mvc/interfaces/index" />
</testsuite>
<testsuite package="org.eslint" time="0" tests="1" errors="0" name="/Users/romainlenzotti/workspace/ts-projects/ts-express-decorators/packages/common/src/mvc/middlewares/AcceptMimesMiddleware.spec.ts">
<testcase time="0" name="/Users/romainlenzotti/workspace/ts-projects/ts-express-decorators/packages/common/src/mvc/middlewares/AcceptMimesMiddleware.spec.ts" classname="/Users/romainlenzotti/workspace/ts-projects/ts-express-decorators/packages/common/src/mvc/middlewares/AcceptMimesMiddleware.spec" />
</testsuite>
<testsuite package="org.eslint" time="0" tests="1" errors="0" name="/Users/romainlenzotti/workspace/ts-projects/ts-express-decorators/packages/common/src/mvc/middlewares/AcceptMimesMiddleware.ts">
<testcase time="0" name="/Users/romainlenzotti/workspace/ts-projects/ts-express-decorators/packages/common/src/mvc/middlewares/AcceptMimesMiddleware.ts" classname="/Users/romainlenzotti/workspace/ts-projects/ts-express-decorators/packages/common/src/mvc/middlewares/AcceptMimesMiddleware" />
</testsuite>
<testsuite package="org.eslint" time="0" tests="1" errors="0" name="/Users/romainlenzotti/workspace/ts-projects/ts-express-decorators/packages/common/src/mvc/models/EndpointMetadata.spec.ts">
<testcase time="0" name="/Users/romainlenzotti/workspace/ts-projects/ts-express-decorators/packages/common/src/mvc/models/EndpointMetadata.spec.ts" classname="/Users/romainlenzotti/workspace/ts-projects/ts-express-decorators/packages/common/src/mvc/models/EndpointMetadata.spec" />
</testsuite>
<testsuite package="org.eslint" time="0" tests="1" errors="0" name="/Users/romainlenzotti/workspace/ts-projects/ts-express-decorators/packages/common/src/mvc/models/EndpointMetadata.ts">
<testcase time="0" name="/Users/romainlenzotti/workspace/ts-projects/ts-express-decorators/packages/common/src/mvc/models/EndpointMetadata.ts" classname="/Users/romainlenzotti/workspace/ts-projects/ts-express-decorators/packages/common/src/mvc/models/EndpointMetadata" />
</testsuite>
<testsuite package="org.eslint" time="0" tests="1" errors="0" name="/Users/romainlenzotti/workspace/ts-projects/ts-express-decorators/packages/common/src/mvc/models/HandlerMetadata.spec.ts">
<testcase time="0" name="/Users/romainlenzotti/workspace/ts-projects/ts-express-decorators/packages/common/src/mvc/models/HandlerMetadata.spec.ts" classname="/Users/romainlenzotti/workspace/ts-projects/ts-express-decorators/packages/common/src/mvc/models/HandlerMetadata.spec" />
</testsuite>
<testsuite package="org.eslint" time="0" tests="1" errors="0" name="/Users/romainlenzotti/workspace/ts-projects/ts-express-decorators/packages/common/src/mvc/models/HandlerMetadata.ts">
<testcase time="0" name="/Users/romainlenzotti/workspace/ts-projects/ts-express-decorators/packages/common/src/mvc/models/HandlerMetadata.ts" classname="/Users/romainlenzotti/workspace/ts-projects/ts-express-decorators/packages/common/src/mvc/models/HandlerMetadata" />
</testsuite>
<testsuite package="org.eslint" time="0" tests="1" errors="0" name="/Users/romainlenzotti/workspace/ts-projects/ts-express-decorators/packages/common/src/mvc/models/ParamMetadata.spec.ts">
<testcase time="0" name="/Users/romainlenzotti/workspace/ts-projects/ts-express-decorators/packages/common/src/mvc/models/ParamMetadata.spec.ts" classname="/Users/romainlenzotti/workspace/ts-projects/ts-express-decorators/packages/common/src/mvc/models/ParamMetadata.spec" />
</testsuite>
<testsuite package="org.eslint" time="0" tests="1" errors="0" name="/Users/romainlenzotti/workspace/ts-projects/ts-express-decorators/packages/common/src/mvc/models/ParamMetadata.ts">
<testcase time="0" name="/Users/romainlenzotti/workspace/ts-projects/ts-express-decorators/packages/common/src/mvc/models/ParamMetadata.ts" classname="/Users/romainlenzotti/workspace/ts-projects/ts-express-decorators/packages/common/src/mvc/models/ParamMetadata" />
</testsuite>
<testsuite package="org.eslint" time="0" tests="1" errors="0" name="/Users/romainlenzotti/workspace/ts-projects/ts-express-decorators/packages/common/src/mvc/models/ParamTypes.ts">
<testcase time="0" name="/Users/romainlenzotti/workspace/ts-projects/ts-express-decorators/packages/common/src/mvc/models/ParamTypes.ts" classname="/Users/romainlenzotti/workspace/ts-projects/ts-express-decorators/packages/common/src/mvc/models/ParamTypes" />
</testsuite>
<testsuite package="org.eslint" time="0" tests="1" errors="0" name="/Users/romainlenzotti/workspace/ts-projects/ts-express-decorators/packages/common/src/mvc/models/PropertyMetadata.spec.ts">
<testcase time="0" name="/Users/romainlenzotti/workspace/ts-projects/ts-express-decorators/packages/common/src/mvc/models/PropertyMetadata.spec.ts" classname="/Users/romainlenzotti/workspace/ts-projects/ts-express-decorators/packages/common/src/mvc/models/PropertyMetadata.spec" />
</testsuite>
<testsuite package="org.eslint" time="0" tests="1" errors="0" name="/Users/romainlenzotti/workspace/ts-projects/ts-express-decorators/packages/common/src/mvc/models/PropertyMetadata.ts">
<testcase time="0" name="/Users/romainlenzotti/workspace/ts-projects/ts-express-decorators/packages/common/src/mvc/models/PropertyMetadata.ts" classname="/Users/romainlenzotti/workspace/ts-projects/ts-express-decorators/packages/common/src/mvc/models/PropertyMetadata" />
</testsuite>
<testsuite package="org.eslint" time="0" tests="1" errors="0" name="/Users/romainlenzotti/workspace/ts-projects/ts-express-decorators/packages/common/src/mvc/pipes/DeserializerPipe.spec.ts">
<testcase time="0" name="/Users/romainlenzotti/workspace/ts-projects/ts-express-decorators/packages/common/src/mvc/pipes/DeserializerPipe.spec.ts" classname="/Users/romainlenzotti/workspace/ts-projects/ts-express-decorators/packages/common/src/mvc/pipes/DeserializerPipe.spec" />
</testsuite>
<testsuite package="org.eslint" time="0" tests="1" errors="0" name="/Users/romainlenzotti/workspace/ts-projects/ts-express-decorators/packages/common/src/mvc/pipes/DeserializerPipe.ts">
<testcase time="0" name="/Users/romainlenzotti/workspace/ts-projects/ts-express-decorators/packages/common/src/mvc/pipes/DeserializerPipe.ts" classname="/Users/romainlenzotti/workspace/ts-projects/ts-express-decorators/packages/common/src/mvc/pipes/DeserializerPipe" />
</testsuite>
<testsuite package="org.eslint" time="0" tests="1" errors="0" name="/Users/romainlenzotti/workspace/ts-projects/ts-express-decorators/packages/common/src/mvc/pipes/ParseExpressionPipe.spec.ts">
<testcase time="0" name="/Users/romainlenzotti/workspace/ts-projects/ts-express-decorators/packages/common/src/mvc/pipes/ParseExpressionPipe.spec.ts" classname="/Users/romainlenzotti/workspace/ts-projects/ts-express-decorators/packages/common/src/mvc/pipes/ParseExpressionPipe.spec" />
</testsuite>
<testsuite package="org.eslint" time="0" tests="1" errors="0" name="/Users/romainlenzotti/workspace/ts-projects/ts-express-decorators/packages/common/src/mvc/pipes/ParseExpressionPipe.ts">
<testcase time="0" name="/Users/romainlenzotti/workspace/ts-projects/ts-express-decorators/packages/common/src/mvc/pipes/ParseExpressionPipe.ts" classname="/Users/romainlenzotti/workspace/ts-projects/ts-express-decorators/packages/common/src/mvc/pipes/ParseExpressionPipe" />
</testsuite>
<testsuite package="org.eslint" time="0" tests="1" errors="0" name="/Users/romainlenzotti/workspace/ts-projects/ts-express-decorators/packages/common/src/mvc/pipes/ValidationPipe.spec.ts">
<testcase time="0" name="/Users/romainlenzotti/workspace/ts-projects/ts-express-decorators/packages/common/src/mvc/pipes/ValidationPipe.spec.ts" classname="/Users/romainlenzotti/workspace/ts-projects/ts-express-decorators/packages/common/src/mvc/pipes/ValidationPipe.spec" />
</testsuite>
<testsuite package="org.eslint" time="0" tests="1" errors="0" name="/Users/romainlenzotti/workspace/ts-projects/ts-express-decorators/packages/common/src/mvc/pipes/ValidationPipe.ts">
<testcase time="0" name="/Users/romainlenzotti/workspace/ts-projects/ts-express-decorators/packages/common/src/mvc/pipes/ValidationPipe.ts" classname="/Users/romainlenzotti/workspace/ts-projects/ts-express-decorators/packages/common/src/mvc/pipes/ValidationPipe" />
</testsuite>
<testsuite package="org.eslint" time="0" tests="1" errors="0" name="/Users/romainlenzotti/workspace/ts-projects/ts-express-decorators/packages/common/src/mvc/registries/MiddlewareRegistry.ts">
<testcase time="0" name="/Users/romainlenzotti/workspace/ts-projects/ts-express-decorators/packages/common/src/mvc/registries/MiddlewareRegistry.ts" classname="/Users/romainlenzotti/workspace/ts-projects/ts-express-decorators/packages/common/src/mvc/registries/MiddlewareRegistry" />
</testsuite>
<testsuite package="org.eslint" time="0" tests="1" errors="0" name="/Users/romainlenzotti/workspace/ts-projects/ts-express-decorators/packages/common/src/mvc/services/ConverterService.spec.ts">
<testcase time="0" name="/Users/romainlenzotti/workspace/ts-projects/ts-express-decorators/packages/common/src/mvc/services/ConverterService.spec.ts" classname="/Users/romainlenzotti/workspace/ts-projects/ts-express-decorators/packages/common/src/mvc/services/ConverterService.spec" />
</testsuite>
<testsuite package="org.eslint" time="0" tests="1" errors="0" name="/Users/romainlenzotti/workspace/ts-projects/ts-express-decorators/packages/common/src/mvc/services/ConverterService.ts">
<testcase time="0" name="/Users/romainlenzotti/workspace/ts-projects/ts-express-decorators/packages/common/src/mvc/services/ConverterService.ts" classname="/Users/romainlenzotti/workspace/ts-projects/ts-express-decorators/packages/common/src/mvc/services/ConverterService" />
</testsuite>
<testsuite package="org.eslint" time="0" tests="1" errors="0" name="/Users/romainlenzotti/workspace/ts-projects/ts-express-decorators/packages/common/src/mvc/utils/mapAllowedRequiredValues.spec.ts">
<testcase time="0" name="/Users/romainlenzotti/workspace/ts-projects/ts-express-decorators/packages/common/src/mvc/utils/mapAllowedRequiredValues.spec.ts" classname="/Users/romainlenzotti/workspace/ts-projects/ts-express-decorators/packages/common/src/mvc/utils/mapAllowedRequiredValues.spec" />
</testsuite>
<testsuite package="org.eslint" time="0" tests="1" errors="0" name="/Users/romainlenzotti/workspace/ts-projects/ts-express-decorators/packages/common/src/mvc/utils/mapAllowedRequiredValues.ts">
<testcase time="0" name="/Users/romainlenzotti/workspace/ts-projects/ts-express-decorators/packages/common/src/mvc/utils/mapAllowedRequiredValues.ts" classname="/Users/romainlenzotti/workspace/ts-projects/ts-express-decorators/packages/common/src/mvc/utils/mapAllowedRequiredValues" />
</testsuite>
<testsuite package="org.eslint" time="0" tests="1" errors="0" name="/Users/romainlenzotti/workspace/ts-projects/ts-express-decorators/packages/common/src/mvc/utils/mapParamsOptions.spec.ts">
<testcase time="0" name="/Users/romainlenzotti/workspace/ts-projects/ts-express-decorators/packages/common/src/mvc/utils/mapParamsOptions.spec.ts" classname="/Users/romainlenzotti/workspace/ts-projects/ts-express-decorators/packages/common/src/mvc/utils/mapParamsOptions.spec" />
</testsuite>
<testsuite package="org.eslint" time="0" tests="1" errors="0" name="/Users/romainlenzotti/workspace/ts-projects/ts-express-decorators/packages/common/src/mvc/utils/mapParamsOptions.ts">
<testcase time="0" name="/Users/romainlenzotti/workspace/ts-projects/ts-express-decorators/packages/common/src/mvc/utils/mapParamsOptions.ts" classname="/Users/romainlenzotti/workspace/ts-projects/ts-express-decorators/packages/common/src/mvc/utils/mapParamsOptions" />
</testsuite>
<testsuite package="org.eslint" time="0" tests="1" errors="0" name="/Users/romainlenzotti/workspace/ts-projects/ts-express-decorators/packages/common/src/mvc/utils/mapReturnedResponse.spec.ts">
<testcase time="0" name="/Users/romainlenzotti/workspace/ts-projects/ts-express-decorators/packages/common/src/mvc/utils/mapReturnedResponse.spec.ts" classname="/Users/romainlenzotti/workspace/ts-projects/ts-express-decorators/packages/common/src/mvc/utils/mapReturnedResponse.spec" />
</testsuite>
<testsuite package="org.eslint" time="0" tests="1" errors="0" name="/Users/romainlenzotti/workspace/ts-projects/ts-express-decorators/packages/common/src/mvc/utils/mapReturnedResponse.ts">
<testcase time="0" name="/Users/romainlenzotti/workspace/ts-projects/ts-express-decorators/packages/common/src/mvc/utils/mapReturnedResponse.ts" classname="/Users/romainlenzotti/workspace/ts-projects/ts-express-decorators/packages/common/src/mvc/utils/mapReturnedResponse" />
</testsuite>
<testsuite package="org.eslint" time="0" tests="1" errors="0" name="/Users/romainlenzotti/workspace/ts-projects/ts-express-decorators/packages/common/src/platform-builder/builder/PlatformBuilder.spec.ts">
<testcase time="0" name="/Users/romainlenzotti/workspace/ts-projects/ts-express-decorators/packages/common/src/platform-builder/builder/PlatformBuilder.spec.ts" classname="/Users/romainlenzotti/workspace/ts-projects/ts-express-decorators/packages/common/src/platform-builder/builder/PlatformBuilder.spec" />
</testsuite>
<testsuite package="org.eslint" time="0" tests="1" errors="0" name="/Users/romainlenzotti/workspace/ts-projects/ts-express-decorators/packages/common/src/platform-builder/builder/PlatformBuilder.ts">
<testcase time="0" name="/Users/romainlenzotti/workspace/ts-projects/ts-express-decorators/packages/common/src/platform-builder/builder/PlatformBuilder.ts" classname="/Users/romainlenzotti/workspace/ts-projects/ts-express-decorators/packages/common/src/platform-builder/builder/PlatformBuilder" />
</testsuite>
<testsuite package="org.eslint" time="0" tests="1" errors="0" name="/Users/romainlenzotti/workspace/ts-projects/ts-express-decorators/packages/common/src/platform-builder/decorators/httpServer.spec.ts">
<testcase time="0" name="/Users/romainlenzotti/workspace/ts-projects/ts-express-decorators/packages/common/src/platform-builder/decorators/httpServer.spec.ts" classname="/Users/romainlenzotti/workspace/ts-projects/ts-express-decorators/packages/common/src/platform-builder/decorators/httpServer.spec" />
</testsuite>
<testsuite package="org.eslint" time="0" tests="1" errors="0" name="/Users/romainlenzotti/workspace/ts-projects/ts-express-decorators/packages/common/src/platform-builder/decorators/httpServer.ts">
<testcase time="0" name="/Users/romainlenzotti/workspace/ts-projects/ts-express-decorators/packages/common/src/platform-builder/decorators/httpServer.ts" classname="/Users/romainlenzotti/workspace/ts-projects/ts-express-decorators/packages/common/src/platform-builder/decorators/httpServer" />
</testsuite>
<testsuite package="org.eslint" time="0" tests="1" errors="0" name="/Users/romainlenzotti/workspace/ts-projects/ts-express-decorators/packages/common/src/platform-builder/decorators/httpsServer.spec.ts">
<testcase time="0" name="/Users/romainlenzotti/workspace/ts-projects/ts-express-decorators/packages/common/src/platform-builder/decorators/httpsServer.spec.ts" classname="/Users/romainlenzotti/workspace/ts-projects/ts-express-decorators/packages/common/src/platform-builder/decorators/httpsServer.spec" />
</testsuite>
<testsuite package="org.eslint" time="0" tests="1" errors="0" name="/Users/romainlenzotti/workspace/ts-projects/ts-express-decorators/packages/common/src/platform-builder/decorators/httpsServer.ts">
<testcase time="0" name="/Users/romainlenzotti/workspace/ts-projects/ts-express-decorators/packages/common/src/platform-builder/decorators/httpsServer.ts" classname="/Users/romainlenzotti/workspace/ts-projects/ts-express-decorators/packages/common/src/platform-builder/decorators/httpsServer" />
</testsuite>
<testsuite package="org.eslint" time="0" tests="1" errors="0" name="/Users/romainlenzotti/workspace/ts-projects/ts-express-decorators/packages/common/src/platform-builder/decorators/index.ts">
<testcase time="0" name="/Users/romainlenzotti/workspace/ts-projects/ts-express-decorators/packages/common/src/platform-builder/decorators/index.ts" classname="/Users/romainlenzotti/workspace/ts-projects/ts-express-decorators/packages/common/src/platform-builder/decorators/index" />
</testsuite>
<testsuite package="org.eslint" time="0" tests="1" errors="0" name="/Users/romainlenzotti/workspace/ts-projects/ts-express-decorators/packages/common/src/platform-builder/index.ts">
<testcase time="0" name="/Users/romainlenzotti/workspace/ts-projects/ts-express-decorators/packages/common/src/platform-builder/index.ts" classname="/Users/romainlenzotti/workspace/ts-projects/ts-express-decorators/packages/common/src/platform-builder/index" />
</testsuite>
<testsuite package="org.eslint" time="0" tests="1" errors="0" name="/Users/romainlenzotti/workspace/ts-projects/ts-express-decorators/packages/common/src/platform-builder/interfaces/AfterInit.ts">
<testcase time="0" name="/Users/romainlenzotti/workspace/ts-projects/ts-express-decorators/packages/common/src/platform-builder/interfaces/AfterInit.ts" classname="/Users/romainlenzotti/workspace/ts-projects/ts-express-decorators/packages/common/src/platform-builder/interfaces/AfterInit" />
</testsuite>
<testsuite package="org.eslint" time="0" tests="1" errors="0" name="/Users/romainlenzotti/workspace/ts-projects/ts-express-decorators/packages/common/src/platform-builder/interfaces/AfterListen.ts">
<testcase time="0" name="/Users/romainlenzotti/workspace/ts-projects/ts-express-decorators/packages/common/src/platform-builder/interfaces/AfterListen.ts" classname="/Users/romainlenzotti/workspace/ts-projects/ts-express-decorators/packages/common/src/platform-builder/interfaces/AfterListen" />
</testsuite>
<testsuite package="org.eslint" time="0" tests="1" errors="0" name="/Users/romainlenzotti/workspace/ts-projects/ts-express-decorators/packages/common/src/platform-builder/interfaces/AfterRoutesInit.ts">
<testcase time="0" name="/Users/romainlenzotti/workspace/ts-projects/ts-express-decorators/packages/common/src/platform-builder/interfaces/AfterRoutesInit.ts" classname="/Users/romainlenzotti/workspace/ts-projects/ts-express-decorators/packages/common/src/platform-builder/interfaces/AfterRoutesInit" />
</testsuite>
<testsuite package="org.eslint" time="0" tests="1" errors="0" name="/Users/romainlenzotti/workspace/ts-projects/ts-express-decorators/packages/common/src/platform-builder/interfaces/BeforeInit.ts">
<testcase time="0" name="/Users/romainlenzotti/workspace/ts-projects/ts-express-decorators/packages/common/src/platform-builder/interfaces/BeforeInit.ts" classname="/Users/romainlenzotti/workspace/ts-projects/ts-express-decorators/packages/common/src/platform-builder/interfaces/BeforeInit" />
</testsuite>
<testsuite package="org.eslint" time="0" tests="1" errors="0" name="/Users/romainlenzotti/workspace/ts-projects/ts-express-decorators/packages/common/src/platform-builder/interfaces/BeforeListen.ts">
<testcase time="0" name="/Users/romainlenzotti/workspace/ts-projects/ts-express-decorators/packages/common/src/platform-builder/interfaces/BeforeListen.ts" classname="/Users/romainlenzotti/workspace/ts-projects/ts-express-decorators/packages/common/src/platform-builder/interfaces/BeforeListen" />
</testsuite>
<testsuite package="org.eslint" time="0" tests="1" errors="0" name="/Users/romainlenzotti/workspace/ts-projects/ts-express-decorators/packages/common/src/platform-builder/interfaces/BeforeRoutesInit.ts">
<testcase time="0" name="/Users/romainlenzotti/workspace/ts-projects/ts-express-decorators/packages/common/src/platform-builder/interfaces/BeforeRoutesInit.ts" classname="/Users/romainlenzotti/workspace/ts-projects/ts-express-decorators/packages/common/src/platform-builder/interfaces/BeforeRoutesInit" />
</testsuite>
<testsuite package="org.eslint" time="0" tests="1" errors="0" name="/Users/romainlenzotti/workspace/ts-projects/ts-express-decorators/packages/common/src/platform-builder/interfaces/OnReady.ts">
<testcase time="0" name="/Users/romainlenzotti/workspace/ts-projects/ts-express-decorators/packages/common/src/platform-builder/interfaces/OnReady.ts" classname="/Users/romainlenzotti/workspace/ts-projects/ts-express-decorators/packages/common/src/platform-builder/interfaces/OnReady" />
</testsuite>
<testsuite package="org.eslint" time="0" tests="1" errors="0" name="/Users/romainlenzotti/workspace/ts-projects/ts-express-decorators/packages/common/src/platform-builder/interfaces/OnRequest.ts">
<testcase time="0" name="/Users/romainlenzotti/workspace/ts-projects/ts-express-decorators/packages/common/src/platform-builder/interfaces/OnRequest.ts" classname="/Users/romainlenzotti/workspace/ts-projects/ts-express-decorators/packages/common/src/platform-builder/interfaces/OnRequest" />
</testsuite>
<testsuite package="org.eslint" time="0" tests="1" errors="0" name="/Users/romainlenzotti/workspace/ts-projects/ts-express-decorators/packages/common/src/platform-builder/interfaces/OnResponse.ts">
<testcase time="0" name="/Users/romainlenzotti/workspace/ts-projects/ts-express-decorators/packages/common/src/platform-builder/interfaces/OnResponse.ts" classname="/Users/romainlenzotti/workspace/ts-projects/ts-express-decorators/packages/common/src/platform-builder/interfaces/OnResponse" />
</testsuite>
<testsuite package="org.eslint" time="0" tests="1" errors="0" name="/Users/romainlenzotti/workspace/ts-projects/ts-express-decorators/packages/common/src/platform-builder/interfaces/OnRoutesInit.ts">
<testcase time="0" name="/Users/romainlenzotti/workspace/ts-projects/ts-express-decorators/packages/common/src/platform-builder/interfaces/OnRoutesInit.ts" classname="/Users/romainlenzotti/workspace/ts-projects/ts-express-decorators/packages/common/src/platform-builder/interfaces/OnRoutesInit" />
</testsuite>
<testsuite package="org.eslint" time="0" tests="1" errors="0" name="/Users/romainlenzotti/workspace/ts-projects/ts-express-decorators/packages/common/src/platform-builder/interfaces/index.ts">
<testcase time="0" name="/Users/romainlenzotti/workspace/ts-projects/ts-express-decorators/packages/common/src/platform-builder/interfaces/index.ts" classname="/Users/romainlenzotti/workspace/ts-projects/ts-express-decorators/packages/common/src/platform-builder/interfaces/index" />
</testsuite>
<testsuite package="org.eslint" time="0" tests="1" errors="0" name="/Users/romainlenzotti/workspace/ts-projects/ts-express-decorators/packages/common/src/platform-builder/utils/callHook.ts">
<testcase time="0" name="/Users/romainlenzotti/workspace/ts-projects/ts-express-decorators/packages/common/src/platform-builder/utils/callHook.ts" classname="/Users/romainlenzotti/workspace/ts-projects/ts-express-decorators/packages/common/src/platform-builder/utils/callHook" />
</testsuite>
<testsuite package="org.eslint" time="0" tests="1" errors="0" name="/Users/romainlenzotti/workspace/ts-projects/ts-express-decorators/packages/common/src/platform-builder/utils/cleanGlobPatterns.spec.ts">
<testcase time="0" name="/Users/romainlenzotti/workspace/ts-projects/ts-express-decorators/packages/common/src/platform-builder/utils/cleanGlobPatterns.spec.ts" classname="/Users/romainlenzotti/workspace/ts-projects/ts-express-decorators/packages/common/src/platform-builder/utils/cleanGlobPatterns.spec" />
</testsuite>
<testsuite package="org.eslint" time="0" tests="1" errors="0" name="/Users/romainlenzotti/workspace/ts-projects/ts-express-decorators/packages/common/src/platform-builder/utils/cleanGlobPatterns.ts">
<testcase time="0" name="/Users/romainlenzotti/workspace/ts-projects/ts-express-decorators/packages/common/src/platform-builder/utils/cleanGlobPatterns.ts" classname="/Users/romainlenzotti/workspace/ts-projects/ts-express-decorators/packages/common/src/platform-builder/utils/cleanGlobPatterns" />
</testsuite>
<testsuite package="org.eslint" time="0" tests="1" errors="0" name="/Users/romainlenzotti/workspace/ts-projects/ts-express-decorators/packages/common/src/platform-builder/utils/createContainer.spec.ts">
<testcase time="0" name="/Users/romainlenzotti/workspace/ts-projects/ts-express-decorators/packages/common/src/platform-builder/utils/createContainer.spec.ts" classname="/Users/romainlenzotti/workspace/ts-projects/ts-express-decorators/packages/common/src/platform-builder/utils/createContainer.spec" />
</testsuite>
<testsuite package="org.eslint" time="0" tests="1" errors="0" name="/Users/romainlenzotti/workspace/ts-projects/ts-express-decorators/packages/common/src/platform-builder/utils/createContainer.ts">
<testcase time="0" name="/Users/romainlenzotti/workspace/ts-projects/ts-express-decorators/packages/common/src/platform-builder/utils/createContainer.ts" classname="/Users/romainlenzotti/workspace/ts-projects/ts-express-decorators/packages/common/src/platform-builder/utils/createContainer" />
</testsuite>
<testsuite package="org.eslint" time="0" tests="1" errors="0" name="/Users/romainlenzotti/workspace/ts-projects/ts-express-decorators/packages/common/src/platform-builder/utils/createHttpServer.spec.ts">
<testcase time="0" name="/Users/romainlenzotti/workspace/ts-projects/ts-express-decorators/packages/common/src/platform-builder/utils/createHttpServer.spec.ts" classname="/Users/romainlenzotti/workspace/ts-projects/ts-express-decorators/packages/common/src/platform-builder/utils/createHttpServer.spec" />
</testsuite>
<testsuite package="org.eslint" time="0" tests="1" errors="0" name="/Users/romainlenzotti/workspace/ts-projects/ts-express-decorators/packages/common/src/platform-builder/utils/createHttpServer.ts">
<testcase time="0" name="/Users/romainlenzotti/workspace/ts-projects/ts-express-decorators/packages/common/src/platform-builder/utils/createHttpServer.ts" classname="/Users/romainlenzotti/workspace/ts-projects/ts-express-decorators/packages/common/src/platform-builder/utils/createHttpServer" />
</testsuite>
<testsuite package="org.eslint" time="0" tests="1" errors="0" name="/Users/romainlenzotti/workspace/ts-projects/ts-express-decorators/packages/common/src/platform-builder/utils/createHttpsServer.spec.ts">
<testcase time="0" name="/Users/romainlenzotti/workspace/ts-projects/ts-express-decorators/packages/common/src/platform-builder/utils/createHttpsServer.spec.ts" classname="/Users/romainlenzotti/workspace/ts-projects/ts-express-decorators/packages/common/src/platform-builder/utils/createHttpsServer.spec" />
</testsuite>
<testsuite package="org.eslint" time="0" tests="1" errors="0" name="/Users/romainlenzotti/workspace/ts-projects/ts-express-decorators/packages/common/src/platform-builder/utils/createHttpsServer.ts">
<testcase time="0" name="/Users/romainlenzotti/workspace/ts-projects/ts-express-decorators/packages/common/src/platform-builder/utils/createHttpsServer.ts" classname="/Users/romainlenzotti/workspace/ts-projects/ts-express-decorators/packages/common/src/platform-builder/utils/createHttpsServer" />
</testsuite>
<testsuite package="org.eslint" time="0" tests="1" errors="0" name="/Users/romainlenzotti/workspace/ts-projects/ts-express-decorators/packages/common/src/platform-builder/utils/createInjector.spec.ts">
<testcase time="0" name="/Users/romainlenzotti/workspace/ts-projects/ts-express-decorators/packages/common/src/platform-builder/utils/createInjector.spec.ts" classname="/Users/romainlenzotti/workspace/ts-projects/ts-express-decorators/packages/common/src/platform-builder/utils/createInjector.spec" />
</testsuite>
<testsuite package="org.eslint" time="0" tests="1" errors="0" name="/Users/romainlenzotti/workspace/ts-projects/ts-express-decorators/packages/common/src/platform-builder/utils/createInjector.ts">
<testcase time="0" name="/Users/romainlenzotti/workspace/ts-projects/ts-express-decorators/packages/common/src/platform-builder/utils/createInjector.ts" classname="/Users/romainlenzotti/workspace/ts-projects/ts-express-decorators/packages/common/src/platform-builder/utils/createInjector" />
</testsuite>
<testsuite package="org.eslint" time="0" tests="1" errors="0" name="/Users/romainlenzotti/workspace/ts-projects/ts-express-decorators/packages/common/src/platform-builder/utils/createPlatformApplication.spec.ts">
<testcase time="0" name="/Users/romainlenzotti/workspace/ts-projects/ts-express-decorators/packages/common/src/platform-builder/utils/createPlatformApplication.spec.ts" classname="/Users/romainlenzotti/workspace/ts-projects/ts-express-decorators/packages/common/src/platform-builder/utils/createPlatformApplication.spec" />
</testsuite>
<testsuite package="org.eslint" time="0" tests="1" errors="0" name="/Users/romainlenzotti/workspace/ts-projects/ts-express-decorators/packages/common/src/platform-builder/utils/createPlatformApplication.ts">
<testcase time="0" name="/Users/romainlenzotti/workspace/ts-projects/ts-express-decorators/packages/common/src/platform-builder/utils/createPlatformApplication.ts" classname="/Users/romainlenzotti/workspace/ts-projects/ts-express-decorators/packages/common/src/platform-builder/utils/createPlatformApplication" />
</testsuite>
<testsuite package="org.eslint" time="0" tests="1" errors="0" name="/Users/romainlenzotti/workspace/ts-projects/ts-express-decorators/packages/common/src/platform-builder/utils/data/Test1.ts">
<testcase time="0" name="/Users/romainlenzotti/workspace/ts-projects/ts-express-decorators/packages/common/src/platform-builder/utils/data/Test1.ts" classname="/Users/romainlenzotti/workspace/ts-projects/ts-express-decorators/packages/common/src/platform-builder/utils/data/Test1" />
</testsuite>
<testsuite package="org.eslint" time="0" tests="1" errors="0" name="/Users/romainlenzotti/workspace/ts-projects/ts-express-decorators/packages/common/src/platform-builder/utils/data/Test2.ts">
<testcase time="0" name="/Users/romainlenzotti/workspace/ts-projects/ts-express-decorators/packages/common/src/platform-builder/utils/data/Test2.ts" classname="/Users/romainlenzotti/workspace/ts-projects/ts-express-decorators/packages/common/src/platform-builder/utils/data/Test2" />
</testsuite>
<testsuite package="org.eslint" time="0" tests="1" errors="0" name="/Users/romainlenzotti/workspace/ts-projects/ts-express-decorators/packages/common/src/platform-builder/utils/getConfiguration.spec.ts">
<testcase time="0" name="/Users/romainlenzotti/workspace/ts-projects/ts-express-decorators/packages/common/src/platform-builder/utils/getConfiguration.spec.ts" classname="/Users/romainlenzotti/workspace/ts-projects/ts-express-decorators/packages/common/src/platform-builder/utils/getConfiguration.spec" />
</testsuite>
<testsuite package="org.eslint" time="0" tests="1" errors="0" name="/Users/romainlenzotti/workspace/ts-projects/ts-express-decorators/packages/common/src/platform-builder/utils/getConfiguration.ts">
<testcase time="0" name="/Users/romainlenzotti/workspace/ts-projects/ts-express-decorators/packages/common/src/platform-builder/utils/getConfiguration.ts" classname="/Users/romainlenzotti/workspace/ts-projects/ts-express-decorators/packages/common/src/platform-builder/utils/getConfiguration" />
</testsuite>
<testsuite package="org.eslint" time="0" tests="1" errors="0" name="/Users/romainlenzotti/workspace/ts-projects/ts-express-decorators/packages/common/src/platform-builder/utils/importComponents.spec.ts">
<testcase time="0" name="/Users/romainlenzotti/workspace/ts-projects/ts-express-decorators/packages/common/src/platform-builder/utils/importComponents.spec.ts" classname="/Users/romainlenzotti/workspace/ts-projects/ts-express-decorators/packages/common/src/platform-builder/utils/importComponents.spec" />
</testsuite>
<testsuite package="org.eslint" time="0" tests="1" errors="0" name="/Users/romainlenzotti/workspace/ts-projects/ts-express-decorators/packages/common/src/platform-builder/utils/importComponents.ts">
<testcase time="0" name="/Users/romainlenzotti/workspace/ts-projects/ts-express-decorators/packages/common/src/platform-builder/utils/importComponents.ts" classname="/Users/romainlenzotti/workspace/ts-projects/ts-express-decorators/packages/common/src/platform-builder/utils/importComponents" />
</testsuite>
<testsuite package="org.eslint" time="0" tests="1" errors="0" name="/Users/romainlenzotti/workspace/ts-projects/ts-express-decorators/packages/common/src/platform-builder/utils/importFiles.spec.ts">
<testcase time="0" name="/Users/romainlenzotti/workspace/ts-projects/ts-express-decorators/packages/common/src/platform-builder/utils/importFiles.spec.ts" classname="/Users/romainlenzotti/workspace/ts-projects/ts-express-decorators/packages/common/src/platform-builder/utils/importFiles.spec" />
</testsuite>
<testsuite package="org.eslint" time="0" tests="1" errors="0" name="/Users/romainlenzotti/workspace/ts-projects/ts-express-decorators/packages/common/src/platform-builder/utils/importFiles.ts">
<testcase time="0" name="/Users/romainlenzotti/workspace/ts-projects/ts-express-decorators/packages/common/src/platform-builder/utils/importFiles.ts" classname="/Users/romainlenzotti/workspace/ts-projects/ts-express-decorators/packages/common/src/platform-builder/utils/importFiles" />
</testsuite>
<testsuite package="org.eslint" time="0" tests="1" errors="0" name="/Users/romainlenzotti/workspace/ts-projects/ts-express-decorators/packages/common/src/platform-builder/utils/importProviders.ts">
<testcase time="0" name="/Users/romainlenzotti/workspace/ts-projects/ts-express-decorators/packages/common/src/platform-builder/utils/importProviders.ts" classname="/Users/romainlenzotti/workspace/ts-projects/ts-express-decorators/packages/common/src/platform-builder/utils/importProviders" />
</testsuite>
<testsuite package="org.eslint" time="0" tests="1" errors="0" name="/Users/romainlenzotti/workspace/ts-projects/ts-express-decorators/packages/common/src/platform-builder/utils/index.ts">
<testcase time="0" name="/Users/romainlenzotti/workspace/ts-projects/ts-express-decorators/packages/common/src/platform-builder/utils/index.ts" classname="/Users/romainlenzotti/workspace/ts-projects/ts-express-decorators/packages/common/src/platform-builder/utils/index" />
</testsuite>
<testsuite package="org.eslint" time="0" tests="1" errors="0" name="/Users/romainlenzotti/workspace/ts-projects/ts-express-decorators/packages/common/src/platform-builder/utils/listenServer.ts">
<testcase time="0" name="/Users/romainlenzotti/workspace/ts-projects/ts-express-decorators/packages/common/src/platform-builder/utils/listenServer.ts" classname="/Users/romainlenzotti/workspace/ts-projects/ts-express-decorators/packages/common/src/platform-builder/utils/listenServer" />
</testsuite>
<testsuite package="org.eslint" time="0" tests="1" errors="0" name="/Users/romainlenzotti/workspace/ts-projects/ts-express-decorators/packages/common/src/platform-builder/utils/loadInjector.spec.ts">
<testcase time="0" name="/Users/romainlenzotti/workspace/ts-projects/ts-express-decorators/packages/common/src/platform-builder/utils/loadInjector.spec.ts" classname="/Users/romainlenzotti/workspace/ts-projects/ts-express-decorators/packages/common/src/platform-builder/utils/loadInjector.spec" />
</testsuite>
<testsuite package="org.eslint" time="0" tests="1" errors="0" name="/Users/romainlenzotti/workspace/ts-projects/ts-express-decorators/packages/common/src/platform-builder/utils/loadInjector.ts">
<testcase time="0" name="/Users/romainlenzotti/workspace/ts-projects/ts-express-decorators/packages/common/src/platform-builder/utils/loadInjector.ts" classname="/Users/romainlenzotti/workspace/ts-projects/ts-express-decorators/packages/common/src/platform-builder/utils/loadInjector" />
</testsuite>
<testsuite package="org.eslint" time="0" tests="1" errors="0" name="/Users/romainlenzotti/workspace/ts-projects/ts-express-decorators/packages/common/src/platform-builder/utils/printRoutes.spec.ts">
<testcase time="0" name="/Users/romainlenzotti/workspace/ts-projects/ts-express-decorators/packages/common/src/platform-builder/utils/printRoutes.spec.ts" classname="/Users/romainlenzotti/workspace/ts-projects/ts-express-decorators/packages/common/src/platform-builder/utils/printRoutes.spec" />
</testsuite>
<testsuite package="org.eslint" time="0" tests="1" errors="0" name="/Users/romainlenzotti/workspace/ts-projects/ts-express-decorators/packages/common/src/platform-builder/utils/printRoutes.ts">
<testcase time="0" name="/Users/romainlenzotti/workspace/ts-projects/ts-express-decorators/packages/common/src/platform-builder/utils/printRoutes.ts" classname="/Users/romainlenzotti/workspace/ts-projects/ts-express-decorators/packages/common/src/platform-builder/utils/printRoutes" />
</testsuite>
<testsuite package="org.eslint" time="0" tests="1" errors="0" name="/Users/romainlenzotti/workspace/ts-projects/ts-express-decorators/packages/common/src/platform-builder/utils/setLoggerLevel.ts">
<testcase time="0" name="/Users/romainlenzotti/workspace/ts-projects/ts-express-decorators/packages/common/src/platform-builder/utils/setLoggerLevel.ts" classname="/Users/romainlenzotti/workspace/ts-projects/ts-express-decorators/packages/common/src/platform-builder/utils/setLoggerLevel" />
</testsuite>
<testsuite package="org.eslint" time="0" tests="1" errors="0" name="/Users/romainlenzotti/workspace/ts-projects/ts-express-decorators/packages/common/src/platform-exceptions/components/ErrorFilter.ts">
<testcase time="0" name="/Users/romainlenzotti/workspace/ts-projects/ts-express-decorators/packages/common/src/platform-exceptions/components/ErrorFilter.ts" classname="/Users/romainlenzotti/workspace/ts-projects/ts-express-decorators/packages/common/src/platform-exceptions/components/ErrorFilter" />
</testsuite>
<testsuite package="org.eslint" time="0" tests="1" errors="0" name="/Users/romainlenzotti/workspace/ts-projects/ts-express-decorators/packages/common/src/platform-exceptions/components/ExceptionFilter.ts">
<testcase time="0" name="/Users/romainlenzotti/workspace/ts-projects/ts-express-decorators/packages/common/src/platform-exceptions/components/ExceptionFilter.ts" classname="/Users/romainlenzotti/workspace/ts-projects/ts-express-decorators/packages/common/src/platform-exceptions/components/ExceptionFilter" />
</testsuite>
<testsuite package="org.eslint" time="0" tests="1" errors="0" name="/Users/romainlenzotti/workspace/ts-projects/ts-express-decorators/packages/common/src/platform-exceptions/components/StringErrorFilter.ts">
<testcase time="0" name="/Users/romainlenzotti/workspace/ts-projects/ts-express-decorators/packages/common/src/platform-exceptions/components/StringErrorFilter.ts" classname="/Users/romainlenzotti/workspace/ts-projects/ts-express-decorators/packages/common/src/platform-exceptions/components/StringErrorFilter" />
</testsuite>
<testsuite package="org.eslint" time="0" tests="1" errors="0" name="/Users/romainlenzotti/workspace/ts-projects/ts-express-decorators/packages/common/src/platform-exceptions/decorators/catch.ts">
<testcase time="0" name="/Users/romainlenzotti/workspace/ts-projects/ts-express-decorators/packages/common/src/platform-exceptions/decorators/catch.ts" classname="/Users/romainlenzotti/workspace/ts-projects/ts-express-decorators/packages/common/src/platform-exceptions/decorators/catch" />
</testsuite>
<testsuite package="org.eslint" time="0" tests="1" errors="0" name="/Users/romainlenzotti/workspace/ts-projects/ts-express-decorators/packages/common/src/platform-exceptions/domain/ExceptionTypesContainer.ts">
<testcase time="0" name="/Users/romainlenzotti/workspace/ts-projects/ts-express-decorators/packages/common/src/platform-exceptions/domain/ExceptionTypesContainer.ts" classname="/Users/romainlenzotti/workspace/ts-projects/ts-express-decorators/packages/common/src/platform-exceptions/domain/ExceptionTypesContainer" />
</testsuite>
<testsuite package="org.eslint" time="0" tests="1" errors="0" name="/Users/romainlenzotti/workspace/ts-projects/ts-express-decorators/packages/common/src/platform-exceptions/errors/ResourceNotFound.ts">
<testcase time="0" name="/Users/romainlenzotti/workspace/ts-projects/ts-express-decorators/packages/common/src/platform-exceptions/errors/ResourceNotFound.ts" classname="/Users/romainlenzotti/workspace/ts-projects/ts-express-decorators/packages/common/src/platform-exceptions/errors/ResourceNotFound" />
</testsuite>
<testsuite package="org.eslint" time="0" tests="1" errors="0" name="/Users/romainlenzotti/workspace/ts-projects/ts-express-decorators/packages/common/src/platform-exceptions/index.ts">
<testcase time="0" name="/Users/romainlenzotti/workspace/ts-projects/ts-express-decorators/packages/common/src/platform-exceptions/index.ts" classname="/Users/romainlenzotti/workspace/ts-projects/ts-express-decorators/packages/common/src/platform-exceptions/index" />
</testsuite>
<testsuite package="org.eslint" time="0" tests="1" errors="0" name="/Users/romainlenzotti/workspace/ts-projects/ts-express-decorators/packages/common/src/platform-exceptions/interfaces/ExceptionFilterMethods.ts">
<testcase time="0" name="/Users/romainlenzotti/workspace/ts-projects/ts-express-decorators/packages/common/src/platform-exceptions/interfaces/ExceptionFilterMethods.ts" classname="/Users/romainlenzotti/workspace/ts-projects/ts-express-decorators/packages/common/src/platform-exceptions/interfaces/ExceptionFilterMethods" />
</testsuite>
<testsuite package="org.eslint" time="0" tests="1" errors="0" name="/Users/romainlenzotti/workspace/ts-projects/ts-express-decorators/packages/common/src/platform-exceptions/services/PlatformExceptions.spec.ts">
<testcase time="0" name="/Users/romainlenzotti/workspace/ts-projects/ts-express-decorators/packages/common/src/platform-exceptions/services/PlatformExceptions.spec.ts" classname="/Users/romainlenzotti/workspace/ts-projects/ts-express-decorators/packages/common/src/platform-exceptions/services/PlatformExceptions.spec" />
</testsuite>
<testsuite package="org.eslint" time="0" tests="1" errors="0" name="/Users/romainlenzotti/workspace/ts-projects/ts-express-decorators/packages/common/src/platform-exceptions/services/PlatformExceptions.ts">
<testcase time="0" name="/Users/romainlenzotti/workspace/ts-projects/ts-express-decorators/packages/common/src/platform-exceptions/services/PlatformExceptions.ts" classname="/Users/romainlenzotti/workspace/ts-projects/ts-express-decorators/packages/common/src/platform-exceptions/services/PlatformExceptions" />
</testsuite>
<testsuite package="org.eslint" time="0" tests="1" errors="0" name="/Users/romainlenzotti/workspace/ts-projects/ts-express-decorators/packages/common/src/platform-test/components/PlatformTest.spec.ts">
<testcase time="0" name="/Users/romainlenzotti/workspace/ts-projects/ts-express-decorators/packages/common/src/platform-test/components/PlatformTest.spec.ts" classname="/Users/romainlenzotti/workspace/ts-projects/ts-express-decorators/packages/common/src/platform-test/components/PlatformTest.spec" />
</testsuite>
<testsuite package="org.eslint" time="0" tests="1" errors="0" name="/Users/romainlenzotti/workspace/ts-projects/ts-express-decorators/packages/common/src/platform-test/components/PlatformTest.ts">
<testcase time="0" name="/Users/romainlenzotti/workspace/ts-projects/ts-express-decorators/packages/common/src/platform-test/components/PlatformTest.ts" classname="/Users/romainlenzotti/workspace/ts-projects/ts-express-decorators/packages/common/src/platform-test/components/PlatformTest" />
</testsuite>
<testsuite package="org.eslint" time="0" tests="1" errors="0" name="/Users/romainlenzotti/workspace/ts-projects/ts-express-decorators/packages/common/src/platform-test/index.ts">
<testcase time="0" name="/Users/romainlenzotti/workspace/ts-projects/ts-express-decorators/packages/common/src/platform-test/index.ts" classname="/Users/romainlenzotti/workspace/ts-projects/ts-express-decorators/packages/common/src/platform-test/index" />
</testsuite>
<testsuite package="org.eslint" time="0" tests="1" errors="0" name="/Users/romainlenzotti/workspace/ts-projects/ts-express-decorators/packages/common/src/platform/PlatformModule.ts">
<testcase time="0" name="/Users/romainlenzotti/workspace/ts-projects/ts-express-decorators/packages/common/src/platform/PlatformModule.ts" classname="/Users/romainlenzotti/workspace/ts-projects/ts-express-decorators/packages/common/src/platform/PlatformModule" />
</testsuite>
<testsuite package="org.eslint" time="0" tests="1" errors="0" name="/Users/romainlenzotti/workspace/ts-projects/ts-express-decorators/packages/common/src/platform/builder/PlatformControllerBuilder.spec.ts">
<testcase time="0" name="/Users/romainlenzotti/workspace/ts-projects/ts-express-decorators/packages/common/src/platform/builder/PlatformControllerBuilder.spec.ts" classname="/Users/romainlenzotti/workspace/ts-projects/ts-express-decorators/packages/common/src/platform/builder/PlatformControllerBuilder.spec" />
</testsuite>
<testsuite package="org.eslint" time="0" tests="1" errors="0" name="/Users/romainlenzotti/workspace/ts-projects/ts-express-decorators/packages/common/src/platform/builder/PlatformControllerBuilder.ts">
<testcase time="0" name="/Users/romainlenzotti/workspace/ts-projects/ts-express-decorators/packages/common/src/platform/builder/PlatformControllerBuilder.ts" classname="/Users/romainlenzotti/workspace/ts-projects/ts-express-decorators/packages/common/src/platform/builder/PlatformControllerBuilder" />
</testsuite>
<testsuite package="org.eslint" time="0" tests="1" errors="0" name="/Users/romainlenzotti/workspace/ts-projects/ts-express-decorators/packages/common/src/platform/constants/routerOptions.ts">
<testcase time="0" name="/Users/romainlenzotti/workspace/ts-projects/ts-express-decorators/packages/common/src/platform/constants/routerOptions.ts" classname="/Users/romainlenzotti/workspace/ts-projects/ts-express-decorators/packages/common/src/platform/constants/routerOptions" />
</testsuite>
<testsuite package="org.eslint" time="0" tests="1" errors="0" name="/Users/romainlenzotti/workspace/ts-projects/ts-express-decorators/packages/common/src/platform/decorators/context.spec.ts">
<testcase time="0" name="/Users/romainlenzotti/workspace/ts-projects/ts-express-decorators/packages/common/src/platform/decorators/context.spec.ts" classname="/Users/romainlenzotti/workspace/ts-projects/ts-express-decorators/packages/common/src/platform/decorators/context.spec" />
</testsuite>
<testsuite package="org.eslint" time="0" tests="1" errors="0" name="/Users/romainlenzotti/workspace/ts-projects/ts-express-decorators/packages/common/src/platform/decorators/context.ts">
<testcase time="0" name="/Users/romainlenzotti/workspace/ts-projects/ts-express-decorators/packages/common/src/platform/decorators/context.ts" classname="/Users/romainlenzotti/workspace/ts-projects/ts-express-decorators/packages/common/src/platform/decorators/context" />
</testsuite>
<testsuite package="org.eslint" time="0" tests="1" errors="0" name="/Users/romainlenzotti/workspace/ts-projects/ts-express-decorators/packages/common/src/platform/decorators/multer/index.ts">
<testcase time="0" name="/Users/romainlenzotti/workspace/ts-projects/ts-express-decorators/packages/common/src/platform/decorators/multer/index.ts" classname="/Users/romainlenzotti/workspace/ts-projects/ts-express-decorators/packages/common/src/platform/decorators/multer/index" />
</testsuite>
<testsuite package="org.eslint" time="0" tests="1" errors="0" name="/Users/romainlenzotti/workspace/ts-projects/ts-express-decorators/packages/common/src/platform/decorators/multer/multerFileSize.spec.ts">
<testcase time="0" name="/Users/romainlenzotti/workspace/ts-projects/ts-express-decorators/packages/common/src/platform/decorators/multer/multerFileSize.spec.ts" classname="/Users/romainlenzotti/workspace/ts-projects/ts-express-decorators/packages/common/src/platform/decorators/multer/multerFileSize.spec" />
</testsuite>
<testsuite package="org.eslint" time="0" tests="1" errors="0" name="/Users/romainlenzotti/workspace/ts-projects/ts-express-decorators/packages/common/src/platform/decorators/multer/multerFileSize.ts">
<testcase time="0" name="/Users/romainlenzotti/workspace/ts-projects/ts-express-decorators/packages/common/src/platform/decorators/multer/multerFileSize.ts" classname="/Users/romainlenzotti/workspace/ts-projects/ts-express-decorators/packages/common/src/platform/decorators/multer/multerFileSize" />
</testsuite>
<testsuite package="org.eslint" time="0" tests="1" errors="0" name="/Users/romainlenzotti/workspace/ts-projects/ts-express-decorators/packages/common/src/platform/decorators/multer/multerOptions.spec.ts">
<testcase time="0" name="/Users/romainlenzotti/workspace/ts-projects/ts-express-decorators/packages/common/src/platform/decorators/multer/multerOptions.spec.ts" classname="/Users/romainlenzotti/workspace/ts-projects/ts-express-decorators/packages/common/src/platform/decorators/multer/multerOptions.spec" />
</testsuite>
<testsuite package="org.eslint" time="0" tests="1" errors="0" name="/Users/romainlenzotti/workspace/ts-projects/ts-express-decorators/packages/common/src/platform/decorators/multer/multerOptions.ts">
<testcase time="0" name="/Users/romainlenzotti/workspace/ts-projects/ts-express-decorators/packages/common/src/platform/decorators/multer/multerOptions.ts" classname="/Users/romainlenzotti/workspace/ts-projects/ts-express-decorators/packages/common/src/platform/decorators/multer/multerOptions" />
</testsuite>
<testsuite package="org.eslint" time="0" tests="1" errors="0" name="/Users/romainlenzotti/workspace/ts-projects/ts-express-decorators/packages/common/src/platform/decorators/multer/multipartFile.spec.ts">
<testcase time="0" name="/Users/romainlenzotti/workspace/ts-projects/ts-express-decorators/packages/common/src/platform/decorators/multer/multipartFile.spec.ts" classname="/Users/romainlenzotti/workspace/ts-projects/ts-express-decorators/packages/common/src/platform/decorators/multer/multipartFile.spec" />
</testsuite>
<testsuite package="org.eslint" time="0" tests="1" errors="0" name="/Users/romainlenzotti/workspace/ts-projects/ts-express-decorators/packages/common/src/platform/decorators/multer/multipartFile.ts">
<testcase time="0" name="/Users/romainlenzotti/workspace/ts-projects/ts-express-decorators/packages/common/src/platform/decorators/multer/multipartFile.ts" classname="/Users/romainlenzotti/workspace/ts-projects/ts-express-decorators/packages/common/src/platform/decorators/multer/multipartFile" />
</testsuite>
<testsuite package="org.eslint" time="0" tests="1" errors="0" name="/Users/romainlenzotti/workspace/ts-projects/ts-express-decorators/packages/common/src/platform/domain/ControllerProvider.spec.ts">
<testcase time="0" name="/Users/romainlenzotti/workspace/ts-projects/ts-express-decorators/packages/common/src/platform/domain/ControllerProvider.spec.ts" classname="/Users/romainlenzotti/workspace/ts-projects/ts-express-decorators/packages/common/src/platform/domain/ControllerProvider.spec" />
</testsuite>
<testsuite package="org.eslint" time="0" tests="1" errors="0" name="/Users/romainlenzotti/workspace/ts-projects/ts-express-decorators/packages/common/src/platform/domain/ControllerProvider.ts">
<testcase time="0" name="/Users/romainlenzotti/workspace/ts-projects/ts-express-decorators/packages/common/src/platform/domain/ControllerProvider.ts" classname="/Users/romainlenzotti/workspace/ts-projects/ts-express-decorators/packages/common/src/platform/domain/ControllerProvider" />
</testsuite>
<testsuite package="org.eslint" time="0" tests="1" errors="0" name="/Users/romainlenzotti/workspace/ts-projects/ts-express-decorators/packages/common/src/platform/domain/HandlerContext.spec.ts">
<testcase time="0" name="/Users/romainlenzotti/workspace/ts-projects/ts-express-decorators/packages/common/src/platform/domain/HandlerContext.spec.ts" classname="/Users/romainlenzotti/workspace/ts-projects/ts-express-decorators/packages/common/src/platform/domain/HandlerContext.spec" />
</testsuite>
<testsuite package="org.eslint" time="0" tests="1" errors="0" name="/Users/romainlenzotti/workspace/ts-projects/ts-express-decorators/packages/common/src/platform/domain/HandlerContext.ts">
<testcase time="0" name="/Users/romainlenzotti/workspace/ts-projects/ts-express-decorators/packages/common/src/platform/domain/HandlerContext.ts" classname="/Users/romainlenzotti/workspace/ts-projects/ts-express-decorators/packages/common/src/platform/domain/HandlerContext" />
</testsuite>
<testsuite package="org.eslint" time="0" tests="1" errors="0" name="/Users/romainlenzotti/workspace/ts-projects/ts-express-decorators/packages/common/src/platform/domain/PlatformContext.spec.ts">
<testcase time="0" name="/Users/romainlenzotti/workspace/ts-projects/ts-express-decorators/packages/common/src/platform/domain/PlatformContext.spec.ts" classname="/Users/romainlenzotti/workspace/ts-projects/ts-express-decorators/packages/common/src/platform/domain/PlatformContext.spec" />
</testsuite>
<testsuite package="org.eslint" time="0" tests="1" errors="0" name="/Users/romainlenzotti/workspace/ts-projects/ts-express-decorators/packages/common/src/platform/domain/PlatformContext.ts">
<testcase time="0" name="/Users/romainlenzotti/workspace/ts-projects/ts-express-decorators/packages/common/src/platform/domain/PlatformContext.ts" classname="/Users/romainlenzotti/workspace/ts-projects/ts-express-decorators/packages/common/src/platform/domain/PlatformContext" />
</testsuite>
<testsuite package="org.eslint" time="0" tests="1" errors="0" name="/Users/romainlenzotti/workspace/ts-projects/ts-express-decorators/packages/common/src/platform/domain/RequestLogger.spec.ts">
<testcase time="0" name="/Users/romainlenzotti/workspace/ts-projects/ts-express-decorators/packages/common/src/platform/domain/RequestLogger.spec.ts" classname="/Users/romainlenzotti/workspace/ts-projects/ts-express-decorators/packages/common/src/platform/domain/RequestLogger.spec" />
</testsuite>
<testsuite package="org.eslint" time="0" tests="1" errors="0" name="/Users/romainlenzotti/workspace/ts-projects/ts-express-decorators/packages/common/src/platform/domain/RequestLogger.ts">
<testcase time="0" name="/Users/romainlenzotti/workspace/ts-projects/ts-express-decorators/packages/common/src/platform/domain/RequestLogger.ts" classname="/Users/romainlenzotti/workspace/ts-projects/ts-express-decorators/packages/common/src/platform/domain/RequestLogger" />
</testsuite>
<testsuite package="org.eslint" time="0" tests="1" errors="0" name="/Users/romainlenzotti/workspace/ts-projects/ts-express-decorators/packages/common/src/platform/errors/ParamValidationError.spec.ts">
<testcase time="0" name="/Users/romainlenzotti/workspace/ts-projects/ts-express-decorators/packages/common/src/platform/errors/ParamValidationError.spec.ts" classname="/Users/romainlenzotti/workspace/ts-projects/ts-express-decorators/packages/common/src/platform/errors/ParamValidationError.spec" />
</testsuite>
<testsuite package="org.eslint" time="0" tests="1" errors="0" name="/Users/romainlenzotti/workspace/ts-projects/ts-express-decorators/packages/common/src/platform/errors/ParamValidationError.ts">
<testcase time="0" name="/Users/romainlenzotti/workspace/ts-projects/ts-express-decorators/packages/common/src/platform/errors/ParamValidationError.ts" classname="/Users/romainlenzotti/workspace/ts-projects/ts-express-decorators/packages/common/src/platform/errors/ParamValidationError" />
</testsuite>
<testsuite package="org.eslint" time="0" tests="1" errors="0" name="/Users/romainlenzotti/workspace/ts-projects/ts-express-decorators/packages/common/src/platform/errors/TemplateRenderError.spec.ts">
<testcase time="0" name="/Users/romainlenzotti/workspace/ts-projects/ts-express-decorators/packages/common/src/platform/errors/TemplateRenderError.spec.ts" classname="/Users/romainlenzotti/workspace/ts-projects/ts-express-decorators/packages/common/src/platform/errors/TemplateRenderError.spec" />
</testsuite>
<testsuite package="org.eslint" time="0" tests="1" errors="0" name="/Users/romainlenzotti/workspace/ts-projects/ts-express-decorators/packages/common/src/platform/errors/TemplateRenderError.ts">
<testcase time="0" name="/Users/romainlenzotti/workspace/ts-projects/ts-express-decorators/packages/common/src/platform/errors/TemplateRenderError.ts" classname="/Users/romainlenzotti/workspace/ts-projects/ts-express-decorators/packages/common/src/platform/errors/TemplateRenderError" />
</testsuite>
<testsuite package="org.eslint" time="0" tests="1" errors="0" name="/Users/romainlenzotti/workspace/ts-projects/ts-express-decorators/packages/common/src/platform/index.ts">
<testcase time="0" name="/Users/romainlenzotti/workspace/ts-projects/ts-express-decorators/packages/common/src/platform/index.ts" classname="/Users/romainlenzotti/workspace/ts-projects/ts-express-decorators/packages/common/src/platform/index" />
</testsuite>
<testsuite package="org.eslint" time="0" tests="1" errors="0" name="/Users/romainlenzotti/workspace/ts-projects/ts-express-decorators/packages/common/src/platform/interfaces/IRoute.ts">
<testcase time="0" name="/Users/romainlenzotti/workspace/ts-projects/ts-express-decorators/packages/common/src/platform/interfaces/IRoute.ts" classname="/Users/romainlenzotti/workspace/ts-projects/ts-express-decorators/packages/common/src/platform/interfaces/IRoute" />
</testsuite>
<testsuite package="org.eslint" time="0" tests="1" errors="0" name="/Users/romainlenzotti/workspace/ts-projects/ts-express-decorators/packages/common/src/platform/interfaces/PlatformRouterMethods.ts">
<testcase time="0" name="/Users/romainlenzotti/workspace/ts-projects/ts-express-decorators/packages/common/src/platform/interfaces/PlatformRouterMethods.ts" classname="/Users/romainlenzotti/workspace/ts-projects/ts-express-decorators/packages/common/src/platform/interfaces/PlatformRouterMethods" />
</testsuite>
<testsuite package="org.eslint" time="0" tests="1" errors="0" name="/Users/romainlenzotti/workspace/ts-projects/ts-express-decorators/packages/common/src/platform/middlewares/GlobalAcceptMimesMiddleware.spec.ts">
<testcase time="0" name="/Users/romainlenzotti/workspace/ts-projects/ts-express-decorators/packages/common/src/platform/middlewares/GlobalAcceptMimesMiddleware.spec.ts" classname="/Users/romainlenzotti/workspace/ts-projects/ts-express-decorators/packages/common/src/platform/middlewares/GlobalAcceptMimesMiddleware.spec" />
</testsuite>
<testsuite package="org.eslint" time="0" tests="1" errors="0" name="/Users/romainlenzotti/workspace/ts-projects/ts-express-decorators/packages/common/src/platform/middlewares/GlobalAcceptMimesMiddleware.ts">
<testcase time="0" name="/Users/romainlenzotti/workspace/ts-projects/ts-express-decorators/packages/common/src/platform/middlewares/GlobalAcceptMimesMiddleware.ts" classname="/Users/romainlenzotti/workspace/ts-projects/ts-express-decorators/packages/common/src/platform/middlewares/GlobalAcceptMimesMiddleware" />
</testsuite>
<testsuite package="org.eslint" time="0" tests="1" errors="0" name="/Users/romainlenzotti/workspace/ts-projects/ts-express-decorators/packages/common/src/platform/middlewares/PlatformLogMiddleware.spec.ts">
<testcase time="0" name="/Users/romainlenzotti/workspace/ts-projects/ts-express-decorators/packages/common/src/platform/middlewares/PlatformLogMiddleware.spec.ts" classname="/Users/romainlenzotti/workspace/ts-projects/ts-express-decorators/packages/common/src/platform/middlewares/PlatformLogMiddleware.spec" />
</testsuite>
<testsuite package="org.eslint" time="0" tests="1" errors="0" name="/Users/romainlenzotti/workspace/ts-projects/ts-express-decorators/packages/common/src/platform/middlewares/PlatformLogMiddleware.ts">
<testcase time="0" name="/Users/romainlenzotti/workspace/ts-projects/ts-express-decorators/packages/common/src/platform/middlewares/PlatformLogMiddleware.ts" classname="/Users/romainlenzotti/workspace/ts-projects/ts-express-decorators/packages/common/src/platform/middlewares/PlatformLogMiddleware" />
</testsuite>
<testsuite package="org.eslint" time="0" tests="1" errors="0" name="/Users/romainlenzotti/workspace/ts-projects/ts-express-decorators/packages/common/src/platform/middlewares/PlatformMulterMiddleware.spec.ts">
<testcase time="0" name="/Users/romainlenzotti/workspace/ts-projects/ts-express-decorators/packages/common/src/platform/middlewares/PlatformMulterMiddleware.spec.ts" classname="/Users/romainlenzotti/workspace/ts-projects/ts-express-decorators/packages/common/src/platform/middlewares/PlatformMulterMiddleware.spec" />
</testsuite>
<testsuite package="org.eslint" time="0" tests="1" errors="0" name="/Users/romainlenzotti/workspace/ts-projects/ts-express-decorators/packages/common/src/platform/middlewares/PlatformMulterMiddleware.ts">
<testcase time="0" name="/Users/romainlenzotti/workspace/ts-projects/ts-express-decorators/packages/common/src/platform/middlewares/PlatformMulterMiddleware.ts" classname="/Users/romainlenzotti/workspace/ts-projects/ts-express-decorators/packages/common/src/platform/middlewares/PlatformMulterMiddleware" />
</testsuite>
<testsuite package="org.eslint" time="0" tests="1" errors="0" name="/Users/romainlenzotti/workspace/ts-projects/ts-express-decorators/packages/common/src/platform/middlewares/bindEndpointMiddleware.spec.ts">
<testcase time="0" name="/Users/romainlenzotti/workspace/ts-projects/ts-express-decorators/packages/common/src/platform/middlewares/bindEndpointMiddleware.spec.ts" classname="/Users/romainlenzotti/workspace/ts-projects/ts-express-decorators/packages/common/src/platform/middlewares/bindEndpointMiddleware.spec" />
</testsuite>
<testsuite package="org.eslint" time="0" tests="1" errors="0" name="/Users/romainlenzotti/workspace/ts-projects/ts-express-decorators/packages/common/src/platform/middlewares/bindEndpointMiddleware.ts">
<testcase time="0" name="/Users/romainlenzotti/workspace/ts-projects/ts-express-decorators/packages/common/src/platform/middlewares/bindEndpointMiddleware.ts" classname="/Users/romainlenzotti/workspace/ts-projects/ts-express-decorators/packages/common/src/platform/middlewares/bindEndpointMiddleware" />
</testsuite>
<testsuite package="org.eslint" time="0" tests="1" errors="0" name="/Users/romainlenzotti/workspace/ts-projects/ts-express-decorators/packages/common/src/platform/middlewares/data/FakeCtrl.ts">
<testcase time="0" name="/Users/romainlenzotti/workspace/ts-projects/ts-express-decorators/packages/common/src/platform/middlewares/data/FakeCtrl.ts" classname="/Users/romainlenzotti/workspace/ts-projects/ts-express-decorators/packages/common/src/platform/middlewares/data/FakeCtrl" />
</testsuite>
<testsuite package="org.eslint" time="0" tests="1" errors="0" name="/Users/romainlenzotti/workspace/ts-projects/ts-express-decorators/packages/common/src/platform/registries/ControllerRegistry.spec.ts">
<testcase time="0" name="/Users/romainlenzotti/workspace/ts-projects/ts-express-decorators/packages/common/src/platform/registries/ControllerRegistry.spec.ts" classname="/Users/romainlenzotti/workspace/ts-projects/ts-express-decorators/packages/common/src/platform/registries/ControllerRegistry.spec" />
</testsuite>
<testsuite package="org.eslint" time="0" tests="1" errors="0" name="/Users/romainlenzotti/workspace/ts-projects/ts-express-decorators/packages/common/src/platform/registries/ControllerRegistry.ts">
<testcase time="0" name="/Users/romainlenzotti/workspace/ts-projects/ts-express-decorators/packages/common/src/platform/registries/ControllerRegistry.ts" classname="/Users/romainlenzotti/workspace/ts-projects/ts-express-decorators/packages/common/src/platform/registries/ControllerRegistry" />
</testsuite>
<testsuite package="org.eslint" time="0" tests="1" errors="0" name="/Users/romainlenzotti/workspace/ts-projects/ts-express-decorators/packages/common/src/platform/services/FakeRawDriver.ts">
<testcase time="0" name="/Users/romainlenzotti/workspace/ts-projects/ts-express-decorators/packages/common/src/platform/services/FakeRawDriver.ts" classname="/Users/romainlenzotti/workspace/ts-projects/ts-express-decorators/packages/common/src/platform/services/FakeRawDriver" />
</testsuite>
<testsuite package="org.eslint" time="0" tests="1" errors="0" name="/Users/romainlenzotti/workspace/ts-projects/ts-express-decorators/packages/common/src/platform/services/Platform.spec.ts">
<testcase time="0" name="/Users/romainlenzotti/workspace/ts-projects/ts-express-decorators/packages/common/src/platform/services/Platform.spec.ts" classname="/Users/romainlenzotti/workspace/ts-projects/ts-express-decorators/packages/common/src/platform/services/Platform.spec" />
</testsuite>
<testsuite package="org.eslint" time="0" tests="1" errors="0" name="/Users/romainlenzotti/workspace/ts-projects/ts-express-decorators/packages/common/src/platform/services/Platform.ts">
<testcase time="0" name="/Users/romainlenzotti/workspace/ts-projects/ts-express-decorators/packages/common/src/platform/services/Platform.ts" classname="/Users/romainlenzotti/workspace/ts-projects/ts-express-decorators/packages/common/src/platform/services/Platform" />
</testsuite>
<testsuite package="org.eslint" time="0" tests="1" errors="0" name="/Users/romainlenzotti/workspace/ts-projects/ts-express-decorators/packages/common/src/platform/services/PlatformApplication.spec.ts">
<testcase time="0" name="/Users/romainlenzotti/workspace/ts-projects/ts-express-decorators/packages/common/src/platform/services/PlatformApplication.spec.ts" classname="/Users/romainlenzotti/workspace/ts-projects/ts-express-decorators/packages/common/src/platform/services/PlatformApplication.spec" />
</testsuite>
<testsuite package="org.eslint" time="0" tests="1" errors="0" name="/Users/romainlenzotti/workspace/ts-projects/ts-express-decorators/packages/common/src/platform/services/PlatformApplication.ts">
<testcase time="0" name="/Users/romainlenzotti/workspace/ts-projects/ts-express-decorators/packages/common/src/platform/services/PlatformApplication.ts" classname="/Users/romainlenzotti/workspace/ts-projects/ts-express-decorators/packages/common/src/platform/services/PlatformApplication" />
</testsuite>
<testsuite package="org.eslint" time="0" tests="1" errors="0" name="/Users/romainlenzotti/workspace/ts-projects/ts-express-decorators/packages/common/src/platform/services/PlatformHandler.spec.ts">
<testcase time="0" name="/Users/romainlenzotti/workspace/ts-projects/ts-express-decorators/packages/common/src/platform/services/PlatformHandler.spec.ts" classname="/Users/romainlenzotti/workspace/ts-projects/ts-express-decorators/packages/common/src/platform/services/PlatformHandler.spec" />
</testsuite>
<testsuite package="org.eslint" time="0" tests="1" errors="0" name="/Users/romainlenzotti/workspace/ts-projects/ts-express-decorators/packages/common/src/platform/services/PlatformHandler.ts">
<testcase time="0" name="/Users/romainlenzotti/workspace/ts-projects/ts-express-decorators/packages/common/src/platform/services/PlatformHandler.ts" classname="/Users/romainlenzotti/workspace/ts-projects/ts-express-decorators/packages/common/src/platform/services/PlatformHandler" />
</testsuite>
<testsuite package="org.eslint" time="0" tests="1" errors="0" name="/Users/romainlenzotti/workspace/ts-projects/ts-express-decorators/packages/common/src/platform/services/PlatformRequest.spec.ts">
<testcase time="0" name="/Users/romainlenzotti/workspace/ts-projects/ts-express-decorators/packages/common/src/platform/services/PlatformRequest.spec.ts" classname="/Users/romainlenzotti/workspace/ts-projects/ts-express-decorators/packages/common/src/platform/services/PlatformRequest.spec" />
</testsuite>
<testsuite package="org.eslint" time="0" tests="1" errors="0" name="/Users/romainlenzotti/workspace/ts-projects/ts-express-decorators/packages/common/src/platform/services/PlatformRequest.ts">
<testcase time="0" name="/Users/romainlenzotti/workspace/ts-projects/ts-express-decorators/packages/common/src/platform/services/PlatformRequest.ts" classname="/Users/romainlenzotti/workspace/ts-projects/ts-express-decorators/packages/common/src/platform/services/PlatformRequest" />
</testsuite>
<testsuite package="org.eslint" time="0" tests="1" errors="0" name="/Users/romainlenzotti/workspace/ts-projects/ts-express-decorators/packages/common/src/platform/services/PlatformResponse.spec.ts">
<testcase time="0" name="/Users/romainlenzotti/workspace/ts-projects/ts-express-decorators/packages/common/src/platform/services/PlatformResponse.spec.ts" classname="/Users/romainlenzotti/workspace/ts-projects/ts-express-decorators/packages/common/src/platform/services/PlatformResponse.spec" />
</testsuite>
<testsuite package="org.eslint" time="0" tests="1" errors="0" name="/Users/romainlenzotti/workspace/ts-projects/ts-express-decorators/packages/common/src/platform/services/PlatformResponse.ts">
<testcase time="0" name="/Users/romainlenzotti/workspace/ts-projects/ts-express-decorators/packages/common/src/platform/services/PlatformResponse.ts" classname="/Users/romainlenzotti/workspace/ts-projects/ts-express-decorators/packages/common/src/platform/services/PlatformResponse" />
</testsuite>
<testsuite package="org.eslint" time="0" tests="1" errors="0" name="/Users/romainlenzotti/workspace/ts-projects/ts-express-decorators/packages/common/src/platform/services/PlatformRouter.spec.ts">
<testcase time="0" name="/Users/romainlenzotti/workspace/ts-projects/ts-express-decorators/packages/common/src/platform/services/PlatformRouter.spec.ts" classname="/Users/romainlenzotti/workspace/ts-projects/ts-express-decorators/packages/common/src/platform/services/PlatformRouter.spec" />
</testsuite>
<testsuite package="org.eslint" time="0" tests="1" errors="0" name="/Users/romainlenzotti/workspace/ts-projects/ts-express-decorators/packages/common/src/platform/services/PlatformRouter.ts">
<testcase time="0" name="/Users/romainlenzotti/workspace/ts-projects/ts-express-decorators/packages/common/src/platform/services/PlatformRouter.ts" classname="/Users/romainlenzotti/workspace/ts-projects/ts-express-decorators/packages/common/src/platform/services/PlatformRouter" />
</testsuite>
<testsuite package="org.eslint" time="0" tests="1" errors="0" name="/Users/romainlenzotti/workspace/ts-projects/ts-express-decorators/packages/common/src/platform/services/PlatformViews.spec.ts">
<testcase time="0" name="/Users/romainlenzotti/workspace/ts-projects/ts-express-decorators/packages/common/src/platform/services/PlatformViews.spec.ts" classname="/Users/romainlenzotti/workspace/ts-projects/ts-express-decorators/packages/common/src/platform/services/PlatformViews.spec" />
</testsuite>
<testsuite package="org.eslint" time="0" tests="1" errors="0" name="/Users/romainlenzotti/workspace/ts-projects/ts-express-decorators/packages/common/src/platform/services/PlatformViews.ts">
<testcase time="0" name="/Users/romainlenzotti/workspace/ts-projects/ts-express-decorators/packages/common/src/platform/services/PlatformViews.ts" classname="/Users/romainlenzotti/workspace/ts-projects/ts-express-decorators/packages/common/src/platform/services/PlatformViews" />
</testsuite>
<testsuite package="org.eslint" time="0" tests="1" errors="0" name="/Users/romainlenzotti/workspace/ts-projects/ts-express-decorators/packages/common/src/platform/utils/createContext.spec.ts">
<testcase time="0" name="/Users/romainlenzotti/workspace/ts-projects/ts-express-decorators/packages/common/src/platform/utils/createContext.spec.ts" classname="/Users/romainlenzotti/workspace/ts-projects/ts-express-decorators/packages/common/src/platform/utils/createContext.spec" />
</testsuite>
<testsuite package="org.eslint" time="0" tests="1" errors="0" name="/Users/romainlenzotti/workspace/ts-projects/ts-express-decorators/packages/common/src/platform/utils/createContext.ts">
<testcase time="0" name="/Users/romainlenzotti/workspace/ts-projects/ts-express-decorators/packages/common/src/platform/utils/createContext.ts" classname="/Users/romainlenzotti/workspace/ts-projects/ts-express-decorators/packages/common/src/platform/utils/createContext" />
</testsuite>
<testsuite package="org.eslint" time="0" tests="1" errors="0" name="/Users/romainlenzotti/workspace/ts-projects/ts-express-decorators/packages/common/src/platform/utils/createHandlerMetadata.spec.ts">
<testcase time="0" name="/Users/romainlenzotti/workspace/ts-projects/ts-express-decorators/packages/common/src/platform/utils/createHandlerMetadata.spec.ts" classname="/Users/romainlenzotti/workspace/ts-projects/ts-express-decorators/packages/common/src/platform/utils/createHandlerMetadata.spec" />
</testsuite>
<testsuite package="org.eslint" time="0" tests="1" errors="0" name="/Users/romainlenzotti/workspace/ts-projects/ts-express-decorators/packages/common/src/platform/utils/createHandlerMetadata.ts">
<testcase time="0" name="/Users/romainlenzotti/workspace/ts-projects/ts-express-decorators/packages/common/src/platform/utils/createHandlerMetadata.ts" classname="/Users/romainlenzotti/workspace/ts-projects/ts-express-decorators/packages/common/src/platform/utils/createHandlerMetadata" />
</testsuite>
<testsuite package="org.eslint" time="0" tests="1" errors="0" name="/Users/romainlenzotti/workspace/ts-projects/ts-express-decorators/packages/common/src/platform/utils/renderView.spec.ts">
<testcase time="0" name="/Users/romainlenzotti/workspace/ts-projects/ts-express-decorators/packages/common/src/platform/utils/renderView.spec.ts" classname="/Users/romainlenzotti/workspace/ts-projects/ts-express-decorators/packages/common/src/platform/utils/renderView.spec" />
</testsuite>
<testsuite package="org.eslint" time="0" tests="1" errors="0" name="/Users/romainlenzotti/workspace/ts-projects/ts-express-decorators/packages/common/src/platform/utils/renderView.ts">
<testcase time="0" name="/Users/romainlenzotti/workspace/ts-projects/ts-express-decorators/packages/common/src/platform/utils/renderView.ts" classname="/Users/romainlenzotti/workspace/ts-projects/ts-express-decorators/packages/common/src/platform/utils/renderView" />
</testsuite>
<testsuite package="org.eslint" time="0" tests="1" errors="0" name="/Users/romainlenzotti/workspace/ts-projects/ts-express-decorators/packages/common/src/platform/utils/setResponseContentType.spec.ts">
<testcase time="0" name="/Users/romainlenzotti/workspace/ts-projects/ts-express-decorators/packages/common/src/platform/utils/setResponseContentType.spec.ts" classname="/Users/romainlenzotti/workspace/ts-projects/ts-express-decorators/packages/common/src/platform/utils/setResponseContentType.spec" />
</testsuite>
<testsuite package="org.eslint" time="0" tests="1" errors="0" name="/Users/romainlenzotti/workspace/ts-projects/ts-express-decorators/packages/common/src/platform/utils/setResponseContentType.ts">
<testcase time="0" name="/Users/romainlenzotti/workspace/ts-projects/ts-express-decorators/packages/common/src/platform/utils/setResponseContentType.ts" classname="/Users/romainlenzotti/workspace/ts-projects/ts-express-decorators/packages/common/src/platform/utils/setResponseContentType" />
</testsuite>
<testsuite package="org.eslint" time="0" tests="1" errors="0" name="/Users/romainlenzotti/workspace/ts-projects/ts-express-decorators/packages/common/src/platform/utils/setResponseHeaders.spec.ts">
<testcase time="0" name="/Users/romainlenzotti/workspace/ts-projects/ts-express-decorators/packages/common/src/platform/utils/setResponseHeaders.spec.ts" classname="/Users/romainlenzotti/workspace/ts-projects/ts-express-decorators/packages/common/src/platform/utils/setResponseHeaders.spec" />
</testsuite>
<testsuite package="org.eslint" time="0" tests="1" errors="0" name="/Users/romainlenzotti/workspace/ts-projects/ts-express-decorators/packages/common/src/platform/utils/setResponseHeaders.ts">
<testcase time="0" name="/Users/romainlenzotti/workspace/ts-projects/ts-express-decorators/packages/common/src/platform/utils/setResponseHeaders.ts" classname="/Users/romainlenzotti/workspace/ts-projects/ts-express-decorators/packages/common/src/platform/utils/setResponseHeaders" />
</testsuite>
<testsuite package="org.eslint" time="0" tests="1" errors="0" name="/Users/romainlenzotti/workspace/ts-projects/ts-express-decorators/packages/common/src/platform/utils/useCtxHandler.ts">
<testcase time="0" name="/Users/romainlenzotti/workspace/ts-projects/ts-express-decorators/packages/common/src/platform/utils/useCtxHandler.ts" classname="/Users/romainlenzotti/workspace/ts-projects/ts-express-decorators/packages/common/src/platform/utils/useCtxHandler" />
</testsuite>
<testsuite package="org.eslint" time="0" tests="1" errors="0" name="/Users/romainlenzotti/workspace/ts-projects/ts-express-decorators/packages/core/src/class/Entity.spec.ts">
<testcase time="0" name="/Users/romainlenzotti/workspace/ts-projects/ts-express-decorators/packages/core/src/class/Entity.spec.ts" classname="/Users/romainlenzotti/workspace/ts-projects/ts-express-decorators/packages/core/src/class/Entity.spec" />
</testsuite>
<testsuite package="org.eslint" time="0" tests="1" errors="0" name="/Users/romainlenzotti/workspace/ts-projects/ts-express-decorators/packages/core/src/class/Entity.ts">
<testcase time="0" name="/Users/romainlenzotti/workspace/ts-projects/ts-express-decorators/packages/core/src/class/Entity.ts" classname="/Users/romainlenzotti/workspace/ts-projects/ts-express-decorators/packages/core/src/class/Entity" />
</testsuite>
<testsuite package="org.eslint" time="0" tests="1" errors="0" name="/Users/romainlenzotti/workspace/ts-projects/ts-express-decorators/packages/core/src/class/Hooks.spec.ts">
<testcase time="0" name="/Users/romainlenzotti/workspace/ts-projects/ts-express-decorators/packages/core/src/class/Hooks.spec.ts" classname="/Users/romainlenzotti/workspace/ts-projects/ts-express-decorators/packages/core/src/class/Hooks.spec" />
</testsuite>
<testsuite package="org.eslint" time="0" tests="1" errors="0" name="/Users/romainlenzotti/workspace/ts-projects/ts-express-decorators/packages/core/src/class/Hooks.ts">
<testcase time="0" name="/Users/romainlenzotti/workspace/ts-projects/ts-express-decorators/packages/core/src/class/Hooks.ts" classname="/Users/romainlenzotti/workspace/ts-projects/ts-express-decorators/packages/core/src/class/Hooks" />
</testsuite>
<testsuite package="org.eslint" time="0" tests="1" errors="0" name="/Users/romainlenzotti/workspace/ts-projects/ts-express-decorators/packages/core/src/class/Metadata.spec.ts">
<testcase time="0" name="/Users/romainlenzotti/workspace/ts-projects/ts-express-decorators/packages/core/src/class/Metadata.spec.ts" classname="/Users/romainlenzotti/workspace/ts-projects/ts-express-decorators/packages/core/src/class/Metadata.spec" />
</testsuite>
<testsuite package="org.eslint" time="0" tests="1" errors="0" name="/Users/romainlenzotti/workspace/ts-projects/ts-express-decorators/packages/core/src/class/Metadata.ts">
<testcase time="0" name="/Users/romainlenzotti/workspace/ts-projects/ts-express-decorators/packages/core/src/class/Metadata.ts" classname="/Users/romainlenzotti/workspace/ts-projects/ts-express-decorators/packages/core/src/class/Metadata" />
</testsuite>
<testsuite package="org.eslint" time="0" tests="1" errors="0" name="/Users/romainlenzotti/workspace/ts-projects/ts-express-decorators/packages/core/src/class/Registry.spec.ts">
<testcase time="0" name="/Users/romainlenzotti/workspace/ts-projects/ts-express-decorators/packages/core/src/class/Registry.spec.ts" classname="/Users/romainlenzotti/workspace/ts-projects/ts-express-decorators/packages/core/src/class/Registry.spec" />
</testsuite>
<testsuite package="org.eslint" time="0" tests="1" errors="0" name="/Users/romainlenzotti/workspace/ts-projects/ts-express-decorators/packages/core/src/class/Registry.ts">
<testcase time="0" name="/Users/romainlenzotti/workspace/ts-projects/ts-express-decorators/packages/core/src/class/Registry.ts" classname="/Users/romainlenzotti/workspace/ts-projects/ts-express-decorators/packages/core/src/class/Registry" />
</testsuite>
<testsuite package="org.eslint" time="0" tests="1" errors="0" name="/Users/romainlenzotti/workspace/ts-projects/ts-express-decorators/packages/core/src/class/Store.spec.ts">
<testcase time="0" name="/Users/romainlenzotti/workspace/ts-projects/ts-express-decorators/packages/core/src/class/Store.spec.ts" classname="/Users/romainlenzotti/workspace/ts-projects/ts-express-decorators/packages/core/src/class/Store.spec" />
</testsuite>
<testsuite package="org.eslint" time="0" tests="1" errors="0" name="/Users/romainlenzotti/workspace/ts-projects/ts-express-decorators/packages/core/src/class/Store.ts">
<testcase time="0" name="/Users/romainlenzotti/workspace/ts-projects/ts-express-decorators/packages/core/src/class/Store.ts" classname="/Users/romainlenzotti/workspace/ts-projects/ts-express-decorators/packages/core/src/class/Store" />
</testsuite>
<testsuite package="org.eslint" time="0" tests="1" errors="0" name="/Users/romainlenzotti/workspace/ts-projects/ts-express-decorators/packages/core/src/decorators/configurable.spec.ts">
<testcase time="0" name="/Users/romainlenzotti/workspace/ts-projects/ts-express-decorators/packages/core/src/decorators/configurable.spec.ts" classname="/Users/romainlenzotti/workspace/ts-projects/ts-express-decorators/packages/core/src/decorators/configurable.spec" />
</testsuite>
<testsuite package="org.eslint" time="0" tests="1" errors="0" name="/Users/romainlenzotti/workspace/ts-projects/ts-express-decorators/packages/core/src/decorators/configurable.ts">
<testcase time="0" name="/Users/romainlenzotti/workspace/ts-projects/ts-express-decorators/packages/core/src/decorators/configurable.ts" classname="/Users/romainlenzotti/workspace/ts-projects/ts-express-decorators/packages/core/src/decorators/configurable" />
</testsuite>
<testsuite package="org.eslint" time="0" tests="1" errors="0" name="/Users/romainlenzotti/workspace/ts-projects/ts-express-decorators/packages/core/src/decorators/deprecated.spec.ts">
<testcase time="0" name="/Users/romainlenzotti/workspace/ts-projects/ts-express-decorators/packages/core/src/decorators/deprecated.spec.ts" classname="/Users/romainlenzotti/workspace/ts-projects/ts-express-decorators/packages/core/src/decorators/deprecated.spec" />
</testsuite>
<testsuite package="org.eslint" time="0" tests="1" errors="0" name="/Users/romainlenzotti/workspace/ts-projects/ts-express-decorators/packages/core/src/decorators/deprecated.ts">
<testcase time="0" name="/Users/romainlenzotti/workspace/ts-projects/ts-express-decorators/packages/core/src/decorators/deprecated.ts" classname="/Users/romainlenzotti/workspace/ts-projects/ts-express-decorators/packages/core/src/decorators/deprecated" />
</testsuite>
<testsuite package="org.eslint" time="0" tests="1" errors="0" name="/Users/romainlenzotti/workspace/ts-projects/ts-express-decorators/packages/core/src/decorators/enumerable.spec.ts">
<testcase time="0" name="/Users/romainlenzotti/workspace/ts-projects/ts-express-decorators/packages/core/src/decorators/enumerable.spec.ts" classname="/Users/romainlenzotti/workspace/ts-projects/ts-express-decorators/packages/core/src/decorators/enumerable.spec" />
</testsuite>
<testsuite package="org.eslint" time="0" tests="1" errors="0" name="/Users/romainlenzotti/workspace/ts-projects/ts-express-decorators/packages/core/src/decorators/enumerable.ts">
<testcase time="0" name="/Users/romainlenzotti/workspace/ts-projects/ts-express-decorators/packages/core/src/decorators/enumerable.ts" classname="/Users/romainlenzotti/workspace/ts-projects/ts-express-decorators/packages/core/src/decorators/enumerable" />
</testsuite>
<testsuite package="org.eslint" time="0" tests="1" errors="0" name="/Users/romainlenzotti/workspace/ts-projects/ts-express-decorators/packages/core/src/decorators/index.ts">
<testcase time="0" name="/Users/romainlenzotti/workspace/ts-projects/ts-express-decorators/packages/core/src/decorators/index.ts" classname="/Users/romainlenzotti/workspace/ts-projects/ts-express-decorators/packages/core/src/decorators/index" />
</testsuite>
<testsuite package="org.eslint" time="0" tests="1" errors="0" name="/Users/romainlenzotti/workspace/ts-projects/ts-express-decorators/packages/core/src/decorators/notConfigurable.ts">
<testcase time="0" name="/Users/romainlenzotti/workspace/ts-projects/ts-express-decorators/packages/core/src/decorators/notConfigurable.ts" classname="/Users/romainlenzotti/workspace/ts-projects/ts-express-decorators/packages/core/src/decorators/notConfigurable" />
</testsuite>
<testsuite package="org.eslint" time="0" tests="1" errors="0" name="/Users/romainlenzotti/workspace/ts-projects/ts-express-decorators/packages/core/src/decorators/notEnumerable.ts">
<testcase time="0" name="/Users/romainlenzotti/workspace/ts-projects/ts-express-decorators/packages/core/src/decorators/notEnumerable.ts" classname="/Users/romainlenzotti/workspace/ts-projects/ts-express-decorators/packages/core/src/decorators/notEnumerable" />
</testsuite>
<testsuite package="org.eslint" time="0" tests="1" errors="0" name="/Users/romainlenzotti/workspace/ts-projects/ts-express-decorators/packages/core/src/decorators/readOnly.ts">
<testcase time="0" name="/Users/romainlenzotti/workspace/ts-projects/ts-express-decorators/packages/core/src/decorators/readOnly.ts" classname="/Users/romainlenzotti/workspace/ts-projects/ts-express-decorators/packages/core/src/decorators/readOnly" />
</testsuite>
<testsuite package="org.eslint" time="0" tests="1" errors="0" name="/Users/romainlenzotti/workspace/ts-projects/ts-express-decorators/packages/core/src/decorators/storeFn.ts">
<testcase time="0" name="/Users/romainlenzotti/workspace/ts-projects/ts-express-decorators/packages/core/src/decorators/storeFn.ts" classname="/Users/romainlenzotti/workspace/ts-projects/ts-express-decorators/packages/core/src/decorators/storeFn" />
</testsuite>
<testsuite package="org.eslint" time="0" tests="1" errors="0" name="/Users/romainlenzotti/workspace/ts-projects/ts-express-decorators/packages/core/src/decorators/storeMerge.ts">
<testcase time="0" name="/Users/romainlenzotti/workspace/ts-projects/ts-express-decorators/packages/core/src/decorators/storeMerge.ts" classname="/Users/romainlenzotti/workspace/ts-projects/ts-express-decorators/packages/core/src/decorators/storeMerge" />
</testsuite>
<testsuite package="org.eslint" time="0" tests="1" errors="0" name="/Users/romainlenzotti/workspace/ts-projects/ts-express-decorators/packages/core/src/decorators/storeSet.ts">
<testcase time="0" name="/Users/romainlenzotti/workspace/ts-projects/ts-express-decorators/packages/core/src/decorators/storeSet.ts" classname="/Users/romainlenzotti/workspace/ts-projects/ts-express-decorators/packages/core/src/decorators/storeSet" />
</testsuite>
<testsuite package="org.eslint" time="0" tests="1" errors="0" name="/Users/romainlenzotti/workspace/ts-projects/ts-express-decorators/packages/core/src/decorators/writable.spec.ts">
<testcase time="0" name="/Users/romainlenzotti/workspace/ts-projects/ts-express-decorators/packages/core/src/decorators/writable.spec.ts" classname="/Users/romainlenzotti/workspace/ts-projects/ts-express-decorators/packages/core/src/decorators/writable.spec" />
</testsuite>
<testsuite package="org.eslint" time="0" tests="1" errors="0" name="/Users/romainlenzotti/workspace/ts-projects/ts-express-decorators/packages/core/src/decorators/writable.ts">
<testcase time="0" name="/Users/romainlenzotti/workspace/ts-projects/ts-express-decorators/packages/core/src/decorators/writable.ts" classname="/Users/romainlenzotti/workspace/ts-projects/ts-express-decorators/packages/core/src/decorators/writable" />
</testsuite>
<testsuite package="org.eslint" time="0" tests="1" errors="0" name="/Users/romainlenzotti/workspace/ts-projects/ts-express-decorators/packages/core/src/index.ts">
<testcase time="0" name="/Users/romainlenzotti/workspace/ts-projects/ts-express-decorators/packages/core/src/index.ts" classname="/Users/romainlenzotti/workspace/ts-projects/ts-express-decorators/packages/core/src/index" />
</testsuite>
<testsuite package="org.eslint" time="0" tests="1" errors="0" name="/Users/romainlenzotti/workspace/ts-projects/ts-express-decorators/packages/core/src/interfaces/DecoratorParameters.ts">
<testcase time="0" name="/Users/romainlenzotti/workspace/ts-projects/ts-express-decorators/packages/core/src/interfaces/DecoratorParameters.ts" classname="/Users/romainlenzotti/workspace/ts-projects/ts-express-decorators/packages/core/src/interfaces/DecoratorParameters" />
</testsuite>
<testsuite package="org.eslint" time="0" tests="1" errors="0" name="/Users/romainlenzotti/workspace/ts-projects/ts-express-decorators/packages/core/src/interfaces/Env.ts">
<testcase time="0" name="/Users/romainlenzotti/workspace/ts-projects/ts-express-decorators/packages/core/src/interfaces/Env.ts" classname="/Users/romainlenzotti/workspace/ts-projects/ts-express-decorators/packages/core/src/interfaces/Env" />
</testsuite>
<testsuite package="org.eslint" time="0" tests="1" errors="0" name="/Users/romainlenzotti/workspace/ts-projects/ts-express-decorators/packages/core/src/interfaces/MetadataTypes.ts">
<testcase time="0" name="/Users/romainlenzotti/workspace/ts-projects/ts-express-decorators/packages/core/src/interfaces/MetadataTypes.ts" classname="/Users/romainlenzotti/workspace/ts-projects/ts-express-decorators/packages/core/src/interfaces/MetadataTypes" />
</testsuite>
<testsuite package="org.eslint" time="0" tests="1" errors="0" name="/Users/romainlenzotti/workspace/ts-projects/ts-express-decorators/packages/core/src/interfaces/Type.ts">
<testcase time="0" name="/Users/romainlenzotti/workspace/ts-projects/ts-express-decorators/packages/core/src/interfaces/Type.ts" classname="/Users/romainlenzotti/workspace/ts-projects/ts-express-decorators/packages/core/src/interfaces/Type" />
</testsuite>
<testsuite package="org.eslint" time="0" tests="1" errors="0" name="/Users/romainlenzotti/workspace/ts-projects/ts-express-decorators/packages/core/src/interfaces/ValueOf.ts">
<testcase time="0" name="/Users/romainlenzotti/workspace/ts-projects/ts-express-decorators/packages/core/src/interfaces/ValueOf.ts" classname="/Users/romainlenzotti/workspace/ts-projects/ts-express-decorators/packages/core/src/interfaces/ValueOf" />
</testsuite>
<testsuite package="org.eslint" time="0" tests="1" errors="0" name="/Users/romainlenzotti/workspace/ts-projects/ts-express-decorators/packages/core/src/interfaces/index.ts">
<testcase time="0" name="/Users/romainlenzotti/workspace/ts-projects/ts-express-decorators/packages/core/src/interfaces/index.ts" classname="/Users/romainlenzotti/workspace/ts-projects/ts-express-decorators/packages/core/src/interfaces/index" />
</testsuite>
<testsuite package="org.eslint" time="0" tests="1" errors="0" name="/Users/romainlenzotti/workspace/ts-projects/ts-express-decorators/packages/core/src/utils/DecoratorUtils.spec.ts">
<testcase time="0" name="/Users/romainlenzotti/workspace/ts-projects/ts-express-decorators/packages/core/src/utils/DecoratorUtils.spec.ts" classname="/Users/romainlenzotti/workspace/ts-projects/ts-express-decorators/packages/core/src/utils/DecoratorUtils.spec" />
</testsuite>
<testsuite package="org.eslint" time="0" tests="1" errors="0" name="/Users/romainlenzotti/workspace/ts-projects/ts-express-decorators/packages/core/src/utils/DecoratorUtils.ts">
<testcase time="0" name="/Users/romainlenzotti/workspace/ts-projects/ts-express-decorators/packages/core/src/utils/DecoratorUtils.ts" classname="/Users/romainlenzotti/workspace/ts-projects/ts-express-decorators/packages/core/src/utils/DecoratorUtils" />
</testsuite>
<testsuite package="org.eslint" time="0" tests="1" errors="0" name="/Users/romainlenzotti/workspace/ts-projects/ts-express-decorators/packages/core/src/utils/ObjectUtils.spec.ts">
<testcase time="0" name="/Users/romainlenzotti/workspace/ts-projects/ts-express-decorators/packages/core/src/utils/ObjectUtils.spec.ts" classname="/Users/romainlenzotti/workspace/ts-projects/ts-express-decorators/packages/core/src/utils/ObjectUtils.spec" />
</testsuite>
<testsuite package="org.eslint" time="0" tests="1" errors="0" name="/Users/romainlenzotti/workspace/ts-projects/ts-express-decorators/packages/core/src/utils/ObjectUtils.ts">
<testcase time="0" name="/Users/romainlenzotti/workspace/ts-projects/ts-express-decorators/packages/core/src/utils/ObjectUtils.ts" classname="/Users/romainlenzotti/workspace/ts-projects/ts-express-decorators/packages/core/src/utils/ObjectUtils" />
</testsuite>
<testsuite package="org.eslint" time="0" tests="1" errors="0" name="/Users/romainlenzotti/workspace/ts-projects/ts-express-decorators/packages/core/src/utils/applyBefore.spec.ts">
<testcase time="0" name="/Users/romainlenzotti/workspace/ts-projects/ts-express-decorators/packages/core/src/utils/applyBefore.spec.ts" classname="/Users/romainlenzotti/workspace/ts-projects/ts-express-decorators/packages/core/src/utils/applyBefore.spec" />
</testsuite>
<testsuite package="org.eslint" time="0" tests="1" errors="0" name="/Users/romainlenzotti/workspace/ts-projects/ts-express-decorators/packages/core/src/utils/applyBefore.ts">
<testcase time="0" name="/Users/romainlenzotti/workspace/ts-projects/ts-express-decorators/packages/core/src/utils/applyBefore.ts" classname="/Users/romainlenzotti/workspace/ts-projects/ts-express-decorators/packages/core/src/utils/applyBefore" />
</testsuite>
<testsuite package="org.eslint" time="0" tests="1" errors="0" name="/Users/romainlenzotti/workspace/ts-projects/ts-express-decorators/packages/core/src/utils/catchError.ts">
<testcase time="0" name="/Users/romainlenzotti/workspace/ts-projects/ts-express-decorators/packages/core/src/utils/catchError.ts" classname="/Users/romainlenzotti/workspace/ts-projects/ts-express-decorators/packages/core/src/utils/catchError" />
</testsuite>
<testsuite package="org.eslint" time="0" tests="1" errors="0" name="/Users/romainlenzotti/workspace/ts-projects/ts-express-decorators/packages/core/src/utils/cleanObject.ts">
<testcase time="0" name="/Users/romainlenzotti/workspace/ts-projects/ts-express-decorators/packages/core/src/utils/cleanObject.ts" classname="/Users/romainlenzotti/workspace/ts-projects/ts-express-decorators/packages/core/src/utils/cleanObject" />
</testsuite>
<testsuite package="org.eslint" time="0" tests="1" errors="0" name="/Users/romainlenzotti/workspace/ts-projects/ts-express-decorators/packages/core/src/utils/deepClone.spec.ts">
<testcase time="0" name="/Users/romainlenzotti/workspace/ts-projects/ts-express-decorators/packages/core/src/utils/deepClone.spec.ts" classname="/Users/romainlenzotti/workspace/ts-projects/ts-express-decorators/packages/core/src/utils/deepClone.spec" />
</testsuite>
<testsuite package="org.eslint" time="0" tests="1" errors="0" name="/Users/romainlenzotti/workspace/ts-projects/ts-express-decorators/packages/core/src/utils/deepClone.ts">
<testcase time="0" name="/Users/romainlenzotti/workspace/ts-projects/ts-express-decorators/packages/core/src/utils/deepClone.ts" classname="/Users/romainlenzotti/workspace/ts-projects/ts-express-decorators/packages/core/src/utils/deepClone" />
</testsuite>
<testsuite package="org.eslint" time="0" tests="1" errors="0" name="/Users/romainlenzotti/workspace/ts-projects/ts-express-decorators/packages/core/src/utils/deepExtends.spec.ts">
<testcase time="0" name="/Users/romainlenzotti/workspace/ts-projects/ts-express-decorators/packages/core/src/utils/deepExtends.spec.ts" classname="/Users/romainlenzotti/workspace/ts-projects/ts-express-decorators/packages/core/src/utils/deepExtends.spec" />
</testsuite>
<testsuite package="org.eslint" time="0" tests="1" errors="0" name="/Users/romainlenzotti/workspace/ts-projects/ts-express-decorators/packages/core/src/utils/deepExtends.ts">
<testcase time="0" name="/Users/romainlenzotti/workspace/ts-projects/ts-express-decorators/packages/core/src/utils/deepExtends.ts" classname="/Users/romainlenzotti/workspace/ts-projects/ts-express-decorators/packages/core/src/utils/deepExtends" />
</testsuite>
<testsuite package="org.eslint" time="0" tests="1" errors="0" name="/Users/romainlenzotti/workspace/ts-projects/ts-express-decorators/packages/core/src/utils/deepMerge.spec.ts">
<testcase time="0" name="/Users/romainlenzotti/workspace/ts-projects/ts-express-decorators/packages/core/src/utils/deepMerge.spec.ts" classname="/Users/romainlenzotti/workspace/ts-projects/ts-express-decorators/packages/core/src/utils/deepMerge.spec" />
</testsuite>
<testsuite package="org.eslint" time="0" tests="1" errors="0" name="/Users/romainlenzotti/workspace/ts-projects/ts-express-decorators/packages/core/src/utils/deepMerge.ts">
<testcase time="0" name="/Users/romainlenzotti/workspace/ts-projects/ts-express-decorators/packages/core/src/utils/deepMerge.ts" classname="/Users/romainlenzotti/workspace/ts-projects/ts-express-decorators/packages/core/src/utils/deepMerge" />
</testsuite>
<testsuite package="org.eslint" time="0" tests="1" errors="0" name="/Users/romainlenzotti/workspace/ts-projects/ts-express-decorators/packages/core/src/utils/getValue.spec.ts">
<testcase time="0" name="/Users/romainlenzotti/workspace/ts-projects/ts-express-decorators/packages/core/src/utils/getValue.spec.ts" classname="/Users/romainlenzotti/workspace/ts-projects/ts-express-decorators/packages/core/src/utils/getValue.spec" />
</testsuite>
<testsuite package="org.eslint" time="0" tests="1" errors="0" name="/Users/romainlenzotti/workspace/ts-projects/ts-express-decorators/packages/core/src/utils/getValue.ts">
<testcase time="0" name="/Users/romainlenzotti/workspace/ts-projects/ts-express-decorators/packages/core/src/utils/getValue.ts" classname="/Users/romainlenzotti/workspace/ts-projects/ts-express-decorators/packages/core/src/utils/getValue" />
</testsuite>
<testsuite package="org.eslint" time="0" tests="1" errors="0" name="/Users/romainlenzotti/workspace/ts-projects/ts-express-decorators/packages/core/src/utils/index.ts">
<testcase time="0" name="/Users/romainlenzotti/workspace/ts-projects/ts-express-decorators/packages/core/src/utils/index.ts" classname="/Users/romainlenzotti/workspace/ts-projects/ts-express-decorators/packages/core/src/utils/index" />
</testsuite>
<testsuite package="org.eslint" time="0" tests="1" errors="0" name="/Users/romainlenzotti/workspace/ts-projects/ts-express-decorators/packages/core/src/utils/proxyDelegation.spec.ts">
<testcase time="0" name="/Users/romainlenzotti/workspace/ts-projects/ts-express-decorators/packages/core/src/utils/proxyDelegation.spec.ts" classname="/Users/romainlenzotti/workspace/ts-projects/ts-express-decorators/packages/core/src/utils/proxyDelegation.spec" />
</testsuite>
<testsuite package="org.eslint" time="0" tests="1" errors="0" name="/Users/romainlenzotti/workspace/ts-projects/ts-express-decorators/packages/core/src/utils/proxyDelegation.ts">
<testcase time="0" name="/Users/romainlenzotti/workspace/ts-projects/ts-express-decorators/packages/core/src/utils/proxyDelegation.ts" classname="/Users/romainlenzotti/workspace/ts-projects/ts-express-decorators/packages/core/src/utils/proxyDelegation" />
</testsuite>
<testsuite package="org.eslint" time="0" tests="1" errors="0" name="/Users/romainlenzotti/workspace/ts-projects/ts-express-decorators/packages/core/src/utils/setValue.spec.ts">
<testcase time="0" name="/Users/romainlenzotti/workspace/ts-projects/ts-express-decorators/packages/core/src/utils/setValue.spec.ts" classname="/Users/romainlenzotti/workspace/ts-projects/ts-express-decorators/packages/core/src/utils/setValue.spec" />
</testsuite>
<testsuite package="org.eslint" time="0" tests="1" errors="0" name="/Users/romainlenzotti/workspace/ts-projects/ts-express-decorators/packages/core/src/utils/setValue.ts">
<testcase time="0" name="/Users/romainlenzotti/workspace/ts-projects/ts-express-decorators/packages/core/src/utils/setValue.ts" classname="/Users/romainlenzotti/workspace/ts-projects/ts-express-decorators/packages/core/src/utils/setValue" />
</testsuite>
<testsuite package="org.eslint" time="0" tests="1" errors="0" name="/Users/romainlenzotti/workspace/ts-projects/ts-express-decorators/packages/core/src/utils/uniq.ts">
<testcase time="0" name="/Users/romainlenzotti/workspace/ts-projects/ts-express-decorators/packages/core/src/utils/uniq.ts" classname="/Users/romainlenzotti/workspace/ts-projects/ts-express-decorators/packages/core/src/utils/uniq" />
</testsuite>
<testsuite package="org.eslint" time="0" tests="1" errors="0" name="/Users/romainlenzotti/workspace/ts-projects/ts-express-decorators/packages/di/src/class/Container.spec.ts">
<testcase time="0" name="/Users/romainlenzotti/workspace/ts-projects/ts-express-decorators/packages/di/src/class/Container.spec.ts" classname="/Users/romainlenzotti/workspace/ts-projects/ts-express-decorators/packages/di/src/class/Container.spec" />
</testsuite>
<testsuite package="org.eslint" time="0" tests="1" errors="0" name="/Users/romainlenzotti/workspace/ts-projects/ts-express-decorators/packages/di/src/class/Container.ts">
<testcase time="0" name="/Users/romainlenzotti/workspace/ts-projects/ts-express-decorators/packages/di/src/class/Container.ts" classname="/Users/romainlenzotti/workspace/ts-projects/ts-express-decorators/packages/di/src/class/Container" />
</testsuite>
<testsuite package="org.eslint" time="0" tests="1" errors="0" name="/Users/romainlenzotti/workspace/ts-projects/ts-express-decorators/packages/di/src/class/LocalsContainer.spec.ts">
<testcase time="0" name="/Users/romainlenzotti/workspace/ts-projects/ts-express-decorators/packages/di/src/class/LocalsContainer.spec.ts" classname="/Users/romainlenzotti/workspace/ts-projects/ts-express-decorators/packages/di/src/class/LocalsContainer.spec" />
</testsuite>
<testsuite package="org.eslint" time="0" tests="1" errors="0" name="/Users/romainlenzotti/workspace/ts-projects/ts-express-decorators/packages/di/src/class/LocalsContainer.ts">
<testcase time="0" name="/Users/romainlenzotti/workspace/ts-projects/ts-express-decorators/packages/di/src/class/LocalsContainer.ts" classname="/Users/romainlenzotti/workspace/ts-projects/ts-express-decorators/packages/di/src/class/LocalsContainer" />
</testsuite>
<testsuite package="org.eslint" time="0" tests="1" errors="0" name="/Users/romainlenzotti/workspace/ts-projects/ts-express-decorators/packages/di/src/class/Provider.spec.ts">
<testcase time="0" name="/Users/romainlenzotti/workspace/ts-projects/ts-express-decorators/packages/di/src/class/Provider.spec.ts" classname="/Users/romainlenzotti/workspace/ts-projects/ts-express-decorators/packages/di/src/class/Provider.spec" />
</testsuite>
<testsuite package="org.eslint" time="0" tests="1" errors="0" name="/Users/romainlenzotti/workspace/ts-projects/ts-express-decorators/packages/di/src/class/Provider.ts">
<testcase time="0" name="/Users/romainlenzotti/workspace/ts-projects/ts-express-decorators/packages/di/src/class/Provider.ts" classname="/Users/romainlenzotti/workspace/ts-projects/ts-express-decorators/packages/di/src/class/Provider" />
</testsuite>
<testsuite package="org.eslint" time="0" tests="1" errors="0" name="/Users/romainlenzotti/workspace/ts-projects/ts-express-decorators/packages/di/src/constants/index.ts">
<testcase time="0" name="/Users/romainlenzotti/workspace/ts-projects/ts-express-decorators/packages/di/src/constants/index.ts" classname="/Users/romainlenzotti/workspace/ts-projects/ts-express-decorators/packages/di/src/constants/index" />
</testsuite>
<testsuite package="org.eslint" time="0" tests="1" errors="0" name="/Users/romainlenzotti/workspace/ts-projects/ts-express-decorators/packages/di/src/decorators/Interceptor.spec.ts">
<testcase time="0" name="/Users/romainlenzotti/workspace/ts-projects/ts-express-decorators/packages/di/src/decorators/Interceptor.spec.ts" classname="/Users/romainlenzotti/workspace/ts-projects/ts-express-decorators/packages/di/src/decorators/Interceptor.spec" />
</testsuite>
<testsuite package="org.eslint" time="0" tests="1" errors="0" name="/Users/romainlenzotti/workspace/ts-projects/ts-express-decorators/packages/di/src/decorators/configuration.spec.ts">
<testcase time="0" name="/Users/romainlenzotti/workspace/ts-projects/ts-express-decorators/packages/di/src/decorators/configuration.spec.ts" classname="/Users/romainlenzotti/workspace/ts-projects/ts-express-decorators/packages/di/src/decorators/configuration.spec" />
</testsuite>
<testsuite package="org.eslint" time="0" tests="1" errors="0" name="/Users/romainlenzotti/workspace/ts-projects/ts-express-decorators/packages/di/src/decorators/configuration.ts">
<testcase time="0" name="/Users/romainlenzotti/workspace/ts-projects/ts-express-decorators/packages/di/src/decorators/configuration.ts" classname="/Users/romainlenzotti/workspace/ts-projects/ts-express-decorators/packages/di/src/decorators/configuration" />
</testsuite>
<testsuite package="org.eslint" time="0" tests="1" errors="0" name="/Users/romainlenzotti/workspace/ts-projects/ts-express-decorators/packages/di/src/decorators/constant.spec.ts">
<testcase time="0" name="/Users/romainlenzotti/workspace/ts-projects/ts-express-decorators/packages/di/src/decorators/constant.spec.ts" classname="/Users/romainlenzotti/workspace/ts-projects/ts-express-decorators/packages/di/src/decorators/constant.spec" />
</testsuite>
<testsuite package="org.eslint" time="0" tests="1" errors="0" name="/Users/romainlenzotti/workspace/ts-projects/ts-express-decorators/packages/di/src/decorators/constant.ts">
<testcase time="0" name="/Users/romainlenzotti/workspace/ts-projects/ts-express-decorators/packages/di/src/decorators/constant.ts" classname="/Users/romainlenzotti/workspace/ts-projects/ts-express-decorators/packages/di/src/decorators/constant" />
</testsuite>
<testsuite package="org.eslint" time="0" tests="1" errors="0" name="/Users/romainlenzotti/workspace/ts-projects/ts-express-decorators/packages/di/src/decorators/inject.spec.ts">
<testcase time="0" name="/Users/romainlenzotti/workspace/ts-projects/ts-express-decorators/packages/di/src/decorators/inject.spec.ts" classname="/Users/romainlenzotti/workspace/ts-projects/ts-express-decorators/packages/di/src/decorators/inject.spec" />
</testsuite>
<testsuite package="org.eslint" time="0" tests="1" errors="0" name="/Users/romainlenzotti/workspace/ts-projects/ts-express-decorators/packages/di/src/decorators/inject.ts">
<testcase time="0" name="/Users/romainlenzotti/workspace/ts-projects/ts-express-decorators/packages/di/src/decorators/inject.ts" classname="/Users/romainlenzotti/workspace/ts-projects/ts-express-decorators/packages/di/src/decorators/inject" />
</testsuite>
<testsuite package="org.eslint" time="0" tests="1" errors="0" name="/Users/romainlenzotti/workspace/ts-projects/ts-express-decorators/packages/di/src/decorators/injectable.spec.ts">
<testcase time="0" name="/Users/romainlenzotti/workspace/ts-projects/ts-express-decorators/packages/di/src/decorators/injectable.spec.ts" classname="/Users/romainlenzotti/workspace/ts-projects/ts-express-decorators/packages/di/src/decorators/injectable.spec" />
</testsuite>
<testsuite package="org.eslint" time="0" tests="1" errors="0" name="/Users/romainlenzotti/workspace/ts-projects/ts-express-decorators/packages/di/src/decorators/injectable.ts">
<testcase time="0" name="/Users/romainlenzotti/workspace/ts-projects/ts-express-decorators/packages/di/src/decorators/injectable.ts" classname="/Users/romainlenzotti/workspace/ts-projects/ts-express-decorators/packages/di/src/decorators/injectable" />
</testsuite>
<testsuite package="org.eslint" time="0" tests="1" errors="0" name="/Users/romainlenzotti/workspace/ts-projects/ts-express-decorators/packages/di/src/decorators/intercept.spec.ts">
<testcase time="0" name="/Users/romainlenzotti/workspace/ts-projects/ts-express-decorators/packages/di/src/decorators/intercept.spec.ts" classname="/Users/romainlenzotti/workspace/ts-projects/ts-express-decorators/packages/di/src/decorators/intercept.spec" />
</testsuite>
<testsuite package="org.eslint" time="0" tests="1" errors="0" name="/Users/romainlenzotti/workspace/ts-projects/ts-express-decorators/packages/di/src/decorators/intercept.ts">
<testcase time="0" name="/Users/romainlenzotti/workspace/ts-projects/ts-express-decorators/packages/di/src/decorators/intercept.ts" classname="/Users/romainlenzotti/workspace/ts-projects/ts-express-decorators/packages/di/src/decorators/intercept" />
</testsuite>
<testsuite package="org.eslint" time="0" tests="1" errors="0" name="/Users/romainlenzotti/workspace/ts-projects/ts-express-decorators/packages/di/src/decorators/interceptor.ts">
<testcase time="0" name="/Users/romainlenzotti/workspace/ts-projects/ts-express-decorators/packages/di/src/decorators/interceptor.ts" classname="/Users/romainlenzotti/workspace/ts-projects/ts-express-decorators/packages/di/src/decorators/interceptor" />
</testsuite>
<testsuite package="org.eslint" time="0" tests="1" errors="0" name="/Users/romainlenzotti/workspace/ts-projects/ts-express-decorators/packages/di/src/decorators/module.ts">
<testcase time="0" name="/Users/romainlenzotti/workspace/ts-projects/ts-express-decorators/packages/di/src/decorators/module.ts" classname="/Users/romainlenzotti/workspace/ts-projects/ts-express-decorators/packages/di/src/decorators/module" />
</testsuite>
<testsuite package="org.eslint" time="0" tests="1" errors="0" name="/Users/romainlenzotti/workspace/ts-projects/ts-express-decorators/packages/di/src/decorators/opts.ts">
<testcase time="0" name="/Users/romainlenzotti/workspace/ts-projects/ts-express-decorators/packages/di/src/decorators/opts.ts" classname="/Users/romainlenzotti/workspace/ts-projects/ts-express-decorators/packages/di/src/decorators/opts" />
</testsuite>
<testsuite package="org.eslint" time="0" tests="1" errors="0" name="/Users/romainlenzotti/workspace/ts-projects/ts-express-decorators/packages/di/src/decorators/overrideProvider.spec.ts">
<testcase time="0" name="/Users/romainlenzotti/workspace/ts-projects/ts-express-decorators/packages/di/src/decorators/overrideProvider.spec.ts" classname="/Users/romainlenzotti/workspace/ts-projects/ts-express-decorators/packages/di/src/decorators/overrideProvider.spec" />
</testsuite>
<testsuite package="org.eslint" time="0" tests="1" errors="0" name="/Users/romainlenzotti/workspace/ts-projects/ts-express-decorators/packages/di/src/decorators/overrideProvider.ts">
<testcase time="0" name="/Users/romainlenzotti/workspace/ts-projects/ts-express-decorators/packages/di/src/decorators/overrideProvider.ts" classname="/Users/romainlenzotti/workspace/ts-projects/ts-express-decorators/packages/di/src/decorators/overrideProvider" />
</testsuite>
<testsuite package="org.eslint" time="0" tests="1" errors="0" name="/Users/romainlenzotti/workspace/ts-projects/ts-express-decorators/packages/di/src/decorators/scope.spec.ts">
<testcase time="0" name="/Users/romainlenzotti/workspace/ts-projects/ts-express-decorators/packages/di/src/decorators/scope.spec.ts" classname="/Users/romainlenzotti/workspace/ts-projects/ts-express-decorators/packages/di/src/decorators/scope.spec" />
</testsuite>
<testsuite package="org.eslint" time="0" tests="1" errors="0" name="/Users/romainlenzotti/workspace/ts-projects/ts-express-decorators/packages/di/src/decorators/scope.ts">
<testcase time="0" name="/Users/romainlenzotti/workspace/ts-projects/ts-express-decorators/packages/di/src/decorators/scope.ts" classname="/Users/romainlenzotti/workspace/ts-projects/ts-express-decorators/packages/di/src/decorators/scope" />
</testsuite>
<testsuite package="org.eslint" time="0" tests="1" errors="0" name="/Users/romainlenzotti/workspace/ts-projects/ts-express-decorators/packages/di/src/decorators/service.spec.ts">
<testcase time="0" name="/Users/romainlenzotti/workspace/ts-projects/ts-express-decorators/packages/di/src/decorators/service.spec.ts" classname="/Users/romainlenzotti/workspace/ts-projects/ts-express-decorators/packages/di/src/decorators/service.spec" />
</testsuite>
<testsuite package="org.eslint" time="0" tests="1" errors="0" name="/Users/romainlenzotti/workspace/ts-projects/ts-express-decorators/packages/di/src/decorators/service.ts">
<testcase time="0" name="/Users/romainlenzotti/workspace/ts-projects/ts-express-decorators/packages/di/src/decorators/service.ts" classname="/Users/romainlenzotti/workspace/ts-projects/ts-express-decorators/packages/di/src/decorators/service" />
</testsuite>
<testsuite package="org.eslint" time="0" tests="1" errors="0" name="/Users/romainlenzotti/workspace/ts-projects/ts-express-decorators/packages/di/src/decorators/useOpts.spec.ts">
<testcase time="0" name="/Users/romainlenzotti/workspace/ts-projects/ts-express-decorators/packages/di/src/decorators/useOpts.spec.ts" classname="/Users/romainlenzotti/workspace/ts-projects/ts-express-decorators/packages/di/src/decorators/useOpts.spec" />
</testsuite>
<testsuite package="org.eslint" time="0" tests="1" errors="0" name="/Users/romainlenzotti/workspace/ts-projects/ts-express-decorators/packages/di/src/decorators/useOpts.ts">
<testcase time="0" name="/Users/romainlenzotti/workspace/ts-projects/ts-express-decorators/packages/di/src/decorators/useOpts.ts" classname="/Users/romainlenzotti/workspace/ts-projects/ts-express-decorators/packages/di/src/decorators/useOpts" />
</testsuite>
<testsuite package="org.eslint" time="0" tests="1" errors="0" name="/Users/romainlenzotti/workspace/ts-projects/ts-express-decorators/packages/di/src/decorators/value.spec.ts">
<testcase time="0" name="/Users/romainlenzotti/workspace/ts-projects/ts-express-decorators/packages/di/src/decorators/value.spec.ts" classname="/Users/romainlenzotti/workspace/ts-projects/ts-express-decorators/packages/di/src/decorators/value.spec" />
</testsuite>
<testsuite package="org.eslint" time="0" tests="1" errors="0" name="/Users/romainlenzotti/workspace/ts-projects/ts-express-decorators/packages/di/src/decorators/value.ts">
<testcase time="0" name="/Users/romainlenzotti/workspace/ts-projects/ts-express-decorators/packages/di/src/decorators/value.ts" classname="/Users/romainlenzotti/workspace/ts-projects/ts-express-decorators/packages/di/src/decorators/value" />
</testsuite>
<testsuite package="org.eslint" time="0" tests="1" errors="0" name="/Users/romainlenzotti/workspace/ts-projects/ts-express-decorators/packages/di/src/errors/InjectionError.spec.ts">
<testcase time="0" name="/Users/romainlenzotti/workspace/ts-projects/ts-express-decorators/packages/di/src/errors/InjectionError.spec.ts" classname="/Users/romainlenzotti/workspace/ts-projects/ts-express-decorators/packages/di/src/errors/InjectionError.spec" />
</testsuite>
<testsuite package="org.eslint" time="0" tests="1" errors="0" name="/Users/romainlenzotti/workspace/ts-projects/ts-express-decorators/packages/di/src/errors/InjectionError.ts">
<testcase time="0" name="/Users/romainlenzotti/workspace/ts-projects/ts-express-decorators/packages/di/src/errors/InjectionError.ts" classname="/Users/romainlenzotti/workspace/ts-projects/ts-express-decorators/packages/di/src/errors/InjectionError" />
</testsuite>
<testsuite package="org.eslint" time="0" tests="1" errors="0" name="/Users/romainlenzotti/workspace/ts-projects/ts-express-decorators/packages/di/src/errors/UndefinedTokenError.ts">
<testcase time="0" name="/Users/romainlenzotti/workspace/ts-projects/ts-express-decorators/packages/di/src/errors/UndefinedTokenError.ts" classname="/Users/romainlenzotti/workspace/ts-projects/ts-express-decorators/packages/di/src/errors/UndefinedTokenError" />
</testsuite>
<testsuite package="org.eslint" time="0" tests="1" errors="0" name="/Users/romainlenzotti/workspace/ts-projects/ts-express-decorators/packages/di/src/index.ts">
<testcase time="0" name="/Users/romainlenzotti/workspace/ts-projects/ts-express-decorators/packages/di/src/index.ts" classname="/Users/romainlenzotti/workspace/ts-projects/ts-express-decorators/packages/di/src/index" />
</testsuite>
<testsuite package="org.eslint" time="0" tests="1" errors="0" name="/Users/romainlenzotti/workspace/ts-projects/ts-express-decorators/packages/di/src/interfaces/IDIConfigurationOptions.ts">
<testcase time="0" name="/Users/romainlenzotti/workspace/ts-projects/ts-express-decorators/packages/di/src/interfaces/IDIConfigurationOptions.ts" classname="/Users/romainlenzotti/workspace/ts-projects/ts-express-decorators/packages/di/src/interfaces/IDIConfigurationOptions" />
</testsuite>
<testsuite package="org.eslint" time="0" tests="1" errors="0" name="/Users/romainlenzotti/workspace/ts-projects/ts-express-decorators/packages/di/src/interfaces/IDILogger.ts">
<testcase time="0" name="/Users/romainlenzotti/workspace/ts-projects/ts-express-decorators/packages/di/src/interfaces/IDILogger.ts" classname="/Users/romainlenzotti/workspace/ts-projects/ts-express-decorators/packages/di/src/interfaces/IDILogger" />
</testsuite>
<testsuite package="org.eslint" time="0" tests="1" errors="0" name="/Users/romainlenzotti/workspace/ts-projects/ts-express-decorators/packages/di/src/interfaces/IDIResolver.ts">
<testcase time="0" name="/Users/romainlenzotti/workspace/ts-projects/ts-express-decorators/packages/di/src/interfaces/IDIResolver.ts" classname="/Users/romainlenzotti/workspace/ts-projects/ts-express-decorators/packages/di/src/interfaces/IDIResolver" />
</testsuite>
<testsuite package="org.eslint" time="0" tests="1" errors="0" name="/Users/romainlenzotti/workspace/ts-projects/ts-express-decorators/packages/di/src/interfaces/IInjectableProperties.ts">
<testcase time="0" name="/Users/romainlenzotti/workspace/ts-projects/ts-express-decorators/packages/di/src/interfaces/IInjectableProperties.ts" classname="/Users/romainlenzotti/workspace/ts-projects/ts-express-decorators/packages/di/src/interfaces/IInjectableProperties" />
</testsuite>
<testsuite package="org.eslint" time="0" tests="1" errors="0" name="/Users/romainlenzotti/workspace/ts-projects/ts-express-decorators/packages/di/src/interfaces/IProvider.ts">
<testcase time="0" name="/Users/romainlenzotti/workspace/ts-projects/ts-express-decorators/packages/di/src/interfaces/IProvider.ts" classname="/Users/romainlenzotti/workspace/ts-projects/ts-express-decorators/packages/di/src/interfaces/IProvider" />
</testsuite>
<testsuite package="org.eslint" time="0" tests="1" errors="0" name="/Users/romainlenzotti/workspace/ts-projects/ts-express-decorators/packages/di/src/interfaces/InjectablePropertyType.ts">
<testcase time="0" name="/Users/romainlenzotti/workspace/ts-projects/ts-express-decorators/packages/di/src/interfaces/InjectablePropertyType.ts" classname="/Users/romainlenzotti/workspace/ts-projects/ts-express-decorators/packages/di/src/interfaces/InjectablePropertyType" />
</testsuite>
<testsuite package="org.eslint" time="0" tests="1" errors="0" name="/Users/romainlenzotti/workspace/ts-projects/ts-express-decorators/packages/di/src/interfaces/InterceptorContext.ts">
<testcase time="0" name="/Users/romainlenzotti/workspace/ts-projects/ts-express-decorators/packages/di/src/interfaces/InterceptorContext.ts" classname="/Users/romainlenzotti/workspace/ts-projects/ts-express-decorators/packages/di/src/interfaces/InterceptorContext" />
</testsuite>
<testsuite package="org.eslint" time="0" tests="1" errors="0" name="/Users/romainlenzotti/workspace/ts-projects/ts-express-decorators/packages/di/src/interfaces/InterceptorMethods.ts">
<testcase time="0" name="/Users/romainlenzotti/workspace/ts-projects/ts-express-decorators/packages/di/src/interfaces/InterceptorMethods.ts" classname="/Users/romainlenzotti/workspace/ts-projects/ts-express-decorators/packages/di/src/interfaces/InterceptorMethods" />
</testsuite>
<testsuite package="org.eslint" time="0" tests="1" errors="0" name="/Users/romainlenzotti/workspace/ts-projects/ts-express-decorators/packages/di/src/interfaces/InvokeOptions.ts">
<testcase time="0" name="/Users/romainlenzotti/workspace/ts-projects/ts-express-decorators/packages/di/src/interfaces/InvokeOptions.ts" classname="/Users/romainlenzotti/workspace/ts-projects/ts-express-decorators/packages/di/src/interfaces/InvokeOptions" />
</testsuite>
<testsuite package="org.eslint" time="0" tests="1" errors="0" name="/Users/romainlenzotti/workspace/ts-projects/ts-express-decorators/packages/di/src/interfaces/OnDestroy.ts">
<testcase time="0" name="/Users/romainlenzotti/workspace/ts-projects/ts-express-decorators/packages/di/src/interfaces/OnDestroy.ts" classname="/Users/romainlenzotti/workspace/ts-projects/ts-express-decorators/packages/di/src/interfaces/OnDestroy" />
</testsuite>
<testsuite package="org.eslint" time="0" tests="1" errors="0" name="/Users/romainlenzotti/workspace/ts-projects/ts-express-decorators/packages/di/src/interfaces/OnInit.ts">
<testcase time="0" name="/Users/romainlenzotti/workspace/ts-projects/ts-express-decorators/packages/di/src/interfaces/OnInit.ts" classname="/Users/romainlenzotti/workspace/ts-projects/ts-express-decorators/packages/di/src/interfaces/OnInit" />
</testsuite>
<testsuite package="org.eslint" time="0" tests="1" errors="0" name="/Users/romainlenzotti/workspace/ts-projects/ts-express-decorators/packages/di/src/interfaces/ProviderScope.ts">
<testcase time="0" name="/Users/romainlenzotti/workspace/ts-projects/ts-express-decorators/packages/di/src/interfaces/ProviderScope.ts" classname="/Users/romainlenzotti/workspace/ts-projects/ts-express-decorators/packages/di/src/interfaces/ProviderScope" />
</testsuite>
<testsuite package="org.eslint" time="0" tests="1" errors="0" name="/Users/romainlenzotti/workspace/ts-projects/ts-express-decorators/packages/di/src/interfaces/ProviderType.ts">
<testcase time="0" name="/Users/romainlenzotti/workspace/ts-projects/ts-express-decorators/packages/di/src/interfaces/ProviderType.ts" classname="/Users/romainlenzotti/workspace/ts-projects/ts-express-decorators/packages/di/src/interfaces/ProviderType" />
</testsuite>
<testsuite package="org.eslint" time="0" tests="1" errors="0" name="/Users/romainlenzotti/workspace/ts-projects/ts-express-decorators/packages/di/src/interfaces/RegistrySettings.ts">
<testcase time="0" name="/Users/romainlenzotti/workspace/ts-projects/ts-express-decorators/packages/di/src/interfaces/RegistrySettings.ts" classname="/Users/romainlenzotti/workspace/ts-projects/ts-express-decorators/packages/di/src/interfaces/RegistrySettings" />
</testsuite>
<testsuite package="org.eslint" time="0" tests="1" errors="0" name="/Users/romainlenzotti/workspace/ts-projects/ts-express-decorators/packages/di/src/interfaces/TokenProvider.ts">
<testcase time="0" name="/Users/romainlenzotti/workspace/ts-projects/ts-express-decorators/packages/di/src/interfaces/TokenProvider.ts" classname="/Users/romainlenzotti/workspace/ts-projects/ts-express-decorators/packages/di/src/interfaces/TokenProvider" />
</testsuite>
<testsuite package="org.eslint" time="0" tests="1" errors="0" name="/Users/romainlenzotti/workspace/ts-projects/ts-express-decorators/packages/di/src/interfaces/TypedProvidersRegistry.ts">
<testcase time="0" name="/Users/romainlenzotti/workspace/ts-projects/ts-express-decorators/packages/di/src/interfaces/TypedProvidersRegistry.ts" classname="/Users/romainlenzotti/workspace/ts-projects/ts-express-decorators/packages/di/src/interfaces/TypedProvidersRegistry" />
</testsuite>
<testsuite package="org.eslint" time="0" tests="1" errors="0" name="/Users/romainlenzotti/workspace/ts-projects/ts-express-decorators/packages/di/src/interfaces/index.ts">
<testcase time="0" name="/Users/romainlenzotti/workspace/ts-projects/ts-express-decorators/packages/di/src/interfaces/index.ts" classname="/Users/romainlenzotti/workspace/ts-projects/ts-express-decorators/packages/di/src/interfaces/index" />
</testsuite>
<testsuite package="org.eslint" time="0" tests="1" errors="0" name="/Users/romainlenzotti/workspace/ts-projects/ts-express-decorators/packages/di/src/registries/GlobalProviders.spec.ts">
<testcase time="0" name="/Users/romainlenzotti/workspace/ts-projects/ts-express-decorators/packages/di/src/registries/GlobalProviders.spec.ts" classname="/Users/romainlenzotti/workspace/ts-projects/ts-express-decorators/packages/di/src/registries/GlobalProviders.spec" />
</testsuite>
<testsuite package="org.eslint" time="0" tests="1" errors="0" name="/Users/romainlenzotti/workspace/ts-projects/ts-express-decorators/packages/di/src/registries/GlobalProviders.ts">
<testcase time="0" name="/Users/romainlenzotti/workspace/ts-projects/ts-express-decorators/packages/di/src/registries/GlobalProviders.ts" classname="/Users/romainlenzotti/workspace/ts-projects/ts-express-decorators/packages/di/src/registries/GlobalProviders" />
</testsuite>
<testsuite package="org.eslint" time="0" tests="1" errors="0" name="/Users/romainlenzotti/workspace/ts-projects/ts-express-decorators/packages/di/src/registries/ProviderRegistry.spec.ts">
<testcase time="0" name="/Users/romainlenzotti/workspace/ts-projects/ts-express-decorators/packages/di/src/registries/ProviderRegistry.spec.ts" classname="/Users/romainlenzotti/workspace/ts-projects/ts-express-decorators/packages/di/src/registries/ProviderRegistry.spec" />
</testsuite>
<testsuite package="org.eslint" time="0" tests="1" errors="0" name="/Users/romainlenzotti/workspace/ts-projects/ts-express-decorators/packages/di/src/registries/ProviderRegistry.ts">
<testcase time="0" name="/Users/romainlenzotti/workspace/ts-projects/ts-express-decorators/packages/di/src/registries/ProviderRegistry.ts" classname="/Users/romainlenzotti/workspace/ts-projects/ts-express-decorators/packages/di/src/registries/ProviderRegistry" />
</testsuite>
<testsuite package="org.eslint" time="0" tests="1" errors="0" name="/Users/romainlenzotti/workspace/ts-projects/ts-express-decorators/packages/di/src/services/DIConfiguration.spec.ts">
<testcase time="0" name="/Users/romainlenzotti/workspace/ts-projects/ts-express-decorators/packages/di/src/services/DIConfiguration.spec.ts" classname="/Users/romainlenzotti/workspace/ts-projects/ts-express-decorators/packages/di/src/services/DIConfiguration.spec" />
</testsuite>
<testsuite package="org.eslint" time="0" tests="1" errors="0" name="/Users/romainlenzotti/workspace/ts-projects/ts-express-decorators/packages/di/src/services/DIConfiguration.ts">
<testcase time="0" name="/Users/romainlenzotti/workspace/ts-projects/ts-express-decorators/packages/di/src/services/DIConfiguration.ts" classname="/Users/romainlenzotti/workspace/ts-projects/ts-express-decorators/packages/di/src/services/DIConfiguration" />
</testsuite>
<testsuite package="org.eslint" time="0" tests="1" errors="0" name="/Users/romainlenzotti/workspace/ts-projects/ts-express-decorators/packages/di/src/services/InjectorService.spec.ts">
<testcase time="0" name="/Users/romainlenzotti/workspace/ts-projects/ts-express-decorators/packages/di/src/services/InjectorService.spec.ts" classname="/Users/romainlenzotti/workspace/ts-projects/ts-express-decorators/packages/di/src/services/InjectorService.spec" />
</testsuite>
<testsuite package="org.eslint" time="0" tests="1" errors="0" name="/Users/romainlenzotti/workspace/ts-projects/ts-express-decorators/packages/di/src/services/InjectorService.ts">
<testcase time="0" name="/Users/romainlenzotti/workspace/ts-projects/ts-express-decorators/packages/di/src/services/InjectorService.ts" classname="/Users/romainlenzotti/workspace/ts-projects/ts-express-decorators/packages/di/src/services/InjectorService" />
</testsuite>
<testsuite package="org.eslint" time="0" tests="1" errors="0" name="/Users/romainlenzotti/workspace/ts-projects/ts-express-decorators/packages/exceptions/src/clientErrors/BadMapping.ts">
<testcase time="0" name="/Users/romainlenzotti/workspace/ts-projects/ts-express-decorators/packages/exceptions/src/clientErrors/BadMapping.ts" classname="/Users/romainlenzotti/workspace/ts-projects/ts-express-decorators/packages/exceptions/src/clientErrors/BadMapping" />
</testsuite>
<testsuite package="org.eslint" time="0" tests="1" errors="0" name="/Users/romainlenzotti/workspace/ts-projects/ts-express-decorators/packages/exceptions/src/clientErrors/BadRequest.ts">
<testcase time="0" name="/Users/romainlenzotti/workspace/ts-projects/ts-express-decorators/packages/exceptions/src/clientErrors/BadRequest.ts" classname="/Users/romainlenzotti/workspace/ts-projects/ts-express-decorators/packages/exceptions/src/clientErrors/BadRequest" />
</testsuite>
<testsuite package="org.eslint" time="0" tests="1" errors="0" name="/Users/romainlenzotti/workspace/ts-projects/ts-express-decorators/packages/exceptions/src/clientErrors/Conflict.ts">
<testcase time="0" name="/Users/romainlenzotti/workspace/ts-projects/ts-express-decorators/packages/exceptions/src/clientErrors/Conflict.ts" classname="/Users/romainlenzotti/workspace/ts-projects/ts-express-decorators/packages/exceptions/src/clientErrors/Conflict" />
</testsuite>
<testsuite package="org.eslint" time="0" tests="1" errors="0" name="/Users/romainlenzotti/workspace/ts-projects/ts-express-decorators/packages/exceptions/src/clientErrors/ExpectationFailed.ts">
<testcase time="0" name="/Users/romainlenzotti/workspace/ts-projects/ts-express-decorators/packages/exceptions/src/clientErrors/ExpectationFailed.ts" classname="/Users/romainlenzotti/workspace/ts-projects/ts-express-decorators/packages/exceptions/src/clientErrors/ExpectationFailed" />
</testsuite>
<testsuite package="org.eslint" time="0" tests="1" errors="0" name="/Users/romainlenzotti/workspace/ts-projects/ts-express-decorators/packages/exceptions/src/clientErrors/Forbidden.ts">
<testcase time="0" name="/Users/romainlenzotti/workspace/ts-projects/ts-express-decorators/packages/exceptions/src/clientErrors/Forbidden.ts" classname="/Users/romainlenzotti/workspace/ts-projects/ts-express-decorators/packages/exceptions/src/clientErrors/Forbidden" />
</testsuite>
<testsuite package="org.eslint" time="0" tests="1" errors="0" name="/Users/romainlenzotti/workspace/ts-projects/ts-express-decorators/packages/exceptions/src/clientErrors/Gone.ts">
<testcase time="0" name="/Users/romainlenzotti/workspace/ts-projects/ts-express-decorators/packages/exceptions/src/clientErrors/Gone.ts" classname="/Users/romainlenzotti/workspace/ts-projects/ts-express-decorators/packages/exceptions/src/clientErrors/Gone" />
</testsuite>
<testsuite package="org.eslint" time="0" tests="1" errors="0" name="/Users/romainlenzotti/workspace/ts-projects/ts-express-decorators/packages/exceptions/src/clientErrors/ImATeapot.ts">
<testcase time="0" name="/Users/romainlenzotti/workspace/ts-projects/ts-express-decorators/packages/exceptions/src/clientErrors/ImATeapot.ts" classname="/Users/romainlenzotti/workspace/ts-projects/ts-express-decorators/packages/exceptions/src/clientErrors/ImATeapot" />
</testsuite>
<testsuite package="org.eslint" time="0" tests="1" errors="0" name="/Users/romainlenzotti/workspace/ts-projects/ts-express-decorators/packages/exceptions/src/clientErrors/LengthRequired.ts">
<testcase time="0" name="/Users/romainlenzotti/workspace/ts-projects/ts-express-decorators/packages/exceptions/src/clientErrors/LengthRequired.ts" classname="/Users/romainlenzotti/workspace/ts-projects/ts-express-decorators/packages/exceptions/src/clientErrors/LengthRequired" />
</testsuite>
<testsuite package="org.eslint" time="0" tests="1" errors="0" name="/Users/romainlenzotti/workspace/ts-projects/ts-express-decorators/packages/exceptions/src/clientErrors/MethodNotAllowed.ts">
<testcase time="0" name="/Users/romainlenzotti/workspace/ts-projects/ts-express-decorators/packages/exceptions/src/clientErrors/MethodNotAllowed.ts" classname="/Users/romainlenzotti/workspace/ts-projects/ts-express-decorators/packages/exceptions/src/clientErrors/MethodNotAllowed" />
</testsuite>
<testsuite package="org.eslint" time="0" tests="1" errors="0" name="/Users/romainlenzotti/workspace/ts-projects/ts-express-decorators/packages/exceptions/src/clientErrors/MisdirectedRequest.ts">
<testcase time="0" name="/Users/romainlenzotti/workspace/ts-projects/ts-express-decorators/packages/exceptions/src/clientErrors/MisdirectedRequest.ts" classname="/Users/romainlenzotti/workspace/ts-projects/ts-express-decorators/packages/exceptions/src/clientErrors/MisdirectedRequest" />
</testsuite>
<testsuite package="org.eslint" time="0" tests="1" errors="0" name="/Users/romainlenzotti/workspace/ts-projects/ts-express-decorators/packages/exceptions/src/clientErrors/NotAcceptable.ts">
<testcase time="0" name="/Users/romainlenzotti/workspace/ts-projects/ts-express-decorators/packages/exceptions/src/clientErrors/NotAcceptable.ts" classname="/Users/romainlenzotti/workspace/ts-projects/ts-express-decorators/packages/exceptions/src/clientErrors/NotAcceptable" />
</testsuite>
<testsuite package="org.eslint" time="0" tests="1" errors="0" name="/Users/romainlenzotti/workspace/ts-projects/ts-express-decorators/packages/exceptions/src/clientErrors/NotFound.ts">
<testcase time="0" name="/Users/romainlenzotti/workspace/ts-projects/ts-express-decorators/packages/exceptions/src/clientErrors/NotFound.ts" classname="/Users/romainlenzotti/workspace/ts-projects/ts-express-decorators/packages/exceptions/src/clientErrors/NotFound" />
</testsuite>
<testsuite package="org.eslint" time="0" tests="1" errors="0" name="/Users/romainlenzotti/workspace/ts-projects/ts-express-decorators/packages/exceptions/src/clientErrors/PaymentRequired.ts">
<testcase time="0" name="/Users/romainlenzotti/workspace/ts-projects/ts-express-decorators/packages/exceptions/src/clientErrors/PaymentRequired.ts" classname="/Users/romainlenzotti/workspace/ts-projects/ts-express-decorators/packages/exceptions/src/clientErrors/PaymentRequired" />
</testsuite>
<testsuite package="org.eslint" time="0" tests="1" errors="0" name="/Users/romainlenzotti/workspace/ts-projects/ts-express-decorators/packages/exceptions/src/clientErrors/PreconditionFailed.ts">
<testcase time="0" name="/Users/romainlenzotti/workspace/ts-projects/ts-express-decorators/packages/exceptions/src/clientErrors/PreconditionFailed.ts" classname="/Users/romainlenzotti/workspace/ts-projects/ts-express-decorators/packages/exceptions/src/clientErrors/PreconditionFailed" />
</testsuite>
<testsuite package="org.eslint" time="0" tests="1" errors="0" name="/Users/romainlenzotti/workspace/ts-projects/ts-express-decorators/packages/exceptions/src/clientErrors/PreconditionRequired.ts">
<testcase time="0" name="/Users/romainlenzotti/workspace/ts-projects/ts-express-decorators/packages/exceptions/src/clientErrors/PreconditionRequired.ts" classname="/Users/romainlenzotti/workspace/ts-projects/ts-express-decorators/packages/exceptions/src/clientErrors/PreconditionRequired" />
</testsuite>
<testsuite package="org.eslint" time="0" tests="1" errors="0" name="/Users/romainlenzotti/workspace/ts-projects/ts-express-decorators/packages/exceptions/src/clientErrors/ProxyAuthentificationRequired.ts">
<testcase time="0" name="/Users/romainlenzotti/workspace/ts-projects/ts-express-decorators/packages/exceptions/src/clientErrors/ProxyAuthentificationRequired.ts" classname="/Users/romainlenzotti/workspace/ts-projects/ts-express-decorators/packages/exceptions/src/clientErrors/ProxyAuthentificationRequired" />
</testsuite>
<testsuite package="org.eslint" time="0" tests="1" errors="0" name="/Users/romainlenzotti/workspace/ts-projects/ts-express-decorators/packages/exceptions/src/clientErrors/RequestEntityTooLarge.ts">
<testcase time="0" name="/Users/romainlenzotti/workspace/ts-projects/ts-express-decorators/packages/exceptions/src/clientErrors/RequestEntityTooLarge.ts" classname="/Users/romainlenzotti/workspace/ts-projects/ts-express-decorators/packages/exceptions/src/clientErrors/RequestEntityTooLarge" />
</testsuite>
<testsuite package="org.eslint" time="0" tests="1" errors="0" name="/Users/romainlenzotti/workspace/ts-projects/ts-express-decorators/packages/exceptions/src/clientErrors/RequestHeaderFieldsTooLarge.ts">
<testcase time="0" name="/Users/romainlenzotti/workspace/ts-projects/ts-express-decorators/packages/exceptions/src/clientErrors/RequestHeaderFieldsTooLarge.ts" classname="/Users/romainlenzotti/workspace/ts-projects/ts-express-decorators/packages/exceptions/src/clientErrors/RequestHeaderFieldsTooLarge" />
</testsuite>
<testsuite package="org.eslint" time="0" tests="1" errors="0" name="/Users/romainlenzotti/workspace/ts-projects/ts-express-decorators/packages/exceptions/src/clientErrors/RequestTimeout.ts">
<testcase time="0" name="/Users/romainlenzotti/workspace/ts-projects/ts-express-decorators/packages/exceptions/src/clientErrors/RequestTimeout.ts" classname="/Users/romainlenzotti/workspace/ts-projects/ts-express-decorators/packages/exceptions/src/clientErrors/RequestTimeout" />
</testsuite>
<testsuite package="org.eslint" time="0" tests="1" errors="0" name="/Users/romainlenzotti/workspace/ts-projects/ts-express-decorators/packages/exceptions/src/clientErrors/RequestURITooLong.ts">
<testcase time="0" name="/Users/romainlenzotti/workspace/ts-projects/ts-express-decorators/packages/exceptions/src/clientErrors/RequestURITooLong.ts" classname="/Users/romainlenzotti/workspace/ts-projects/ts-express-decorators/packages/exceptions/src/clientErrors/RequestURITooLong" />
</testsuite>
<testsuite package="org.eslint" time="0" tests="1" errors="0" name="/Users/romainlenzotti/workspace/ts-projects/ts-express-decorators/packages/exceptions/src/clientErrors/RequestedRangeUnsatisfiable.ts">
<testcase time="0" name="/Users/romainlenzotti/workspace/ts-projects/ts-express-decorators/packages/exceptions/src/clientErrors/RequestedRangeUnsatisfiable.ts" classname="/Users/romainlenzotti/workspace/ts-projects/ts-express-decorators/packages/exceptions/src/clientErrors/RequestedRangeUnsatisfiable" />
</testsuite>
<testsuite package="org.eslint" time="0" tests="1" errors="0" name="/Users/romainlenzotti/workspace/ts-projects/ts-express-decorators/packages/exceptions/src/clientErrors/TooManyRequests.ts">
<testcase time="0" name="/Users/romainlenzotti/workspace/ts-projects/ts-express-decorators/packages/exceptions/src/clientErrors/TooManyRequests.ts" classname="/Users/romainlenzotti/workspace/ts-projects/ts-express-decorators/packages/exceptions/src/clientErrors/TooManyRequests" />
</testsuite>
<testsuite package="org.eslint" time="0" tests="1" errors="0" name="/Users/romainlenzotti/workspace/ts-projects/ts-express-decorators/packages/exceptions/src/clientErrors/Unauthorized.ts">
<testcase time="0" name="/Users/romainlenzotti/workspace/ts-projects/ts-express-decorators/packages/exceptions/src/clientErrors/Unauthorized.ts" classname="/Users/romainlenzotti/workspace/ts-projects/ts-express-decorators/packages/exceptions/src/clientErrors/Unauthorized" />
</testsuite>
<testsuite package="org.eslint" time="0" tests="1" errors="0" name="/Users/romainlenzotti/workspace/ts-projects/ts-express-decorators/packages/exceptions/src/clientErrors/UnavailabledForLegalReasons.ts">
<testcase time="0" name="/Users/romainlenzotti/workspace/ts-projects/ts-express-decorators/packages/exceptions/src/clientErrors/UnavailabledForLegalReasons.ts" classname="/Users/romainlenzotti/workspace/ts-projects/ts-express-decorators/packages/exceptions/src/clientErrors/UnavailabledForLegalReasons" />
</testsuite>
<testsuite package="org.eslint" time="0" tests="1" errors="0" name="/Users/romainlenzotti/workspace/ts-projects/ts-express-decorators/packages/exceptions/src/clientErrors/UnprocessableEntity.ts">
<testcase time="0" name="/Users/romainlenzotti/workspace/ts-projects/ts-express-decorators/packages/exceptions/src/clientErrors/UnprocessableEntity.ts" classname="/Users/romainlenzotti/workspace/ts-projects/ts-express-decorators/packages/exceptions/src/clientErrors/UnprocessableEntity" />
</testsuite>
<testsuite package="org.eslint" time="0" tests="1" errors="0" name="/Users/romainlenzotti/workspace/ts-projects/ts-express-decorators/packages/exceptions/src/clientErrors/UnsupportedMediaType.ts">
<testcase time="0" name="/Users/romainlenzotti/workspace/ts-projects/ts-express-decorators/packages/exceptions/src/clientErrors/UnsupportedMediaType.ts" classname="/Users/romainlenzotti/workspace/ts-projects/ts-express-decorators/packages/exceptions/src/clientErrors/UnsupportedMediaType" />
</testsuite>
<testsuite package="org.eslint" time="0" tests="1" errors="0" name="/Users/romainlenzotti/workspace/ts-projects/ts-express-decorators/packages/exceptions/src/clientErrors/UpgradeRequired.ts">
<testcase time="0" name="/Users/romainlenzotti/workspace/ts-projects/ts-express-decorators/packages/exceptions/src/clientErrors/UpgradeRequired.ts" classname="/Users/romainlenzotti/workspace/ts-projects/ts-express-decorators/packages/exceptions/src/clientErrors/UpgradeRequired" />
</testsuite>
<testsuite package="org.eslint" time="0" tests="1" errors="0" name="/Users/romainlenzotti/workspace/ts-projects/ts-express-decorators/packages/exceptions/src/clientErrors/index.ts">
<testcase time="0" name="/Users/romainlenzotti/workspace/ts-projects/ts-express-decorators/packages/exceptions/src/clientErrors/index.ts" classname="/Users/romainlenzotti/workspace/ts-projects/ts-express-decorators/packages/exceptions/src/clientErrors/index" />
</testsuite>
<testsuite package="org.eslint" time="0" tests="1" errors="0" name="/Users/romainlenzotti/workspace/ts-projects/ts-express-decorators/packages/exceptions/src/constants/statuses.ts">
<testcase time="0" name="/Users/romainlenzotti/workspace/ts-projects/ts-express-decorators/packages/exceptions/src/constants/statuses.ts" classname="/Users/romainlenzotti/workspace/ts-projects/ts-express-decorators/packages/exceptions/src/constants/statuses" />
</testsuite>
<testsuite package="org.eslint" time="0" tests="1" errors="0" name="/Users/romainlenzotti/workspace/ts-projects/ts-express-decorators/packages/exceptions/src/core/Exception.spec.ts">
<testcase time="0" name="/Users/romainlenzotti/workspace/ts-projects/ts-express-decorators/packages/exceptions/src/core/Exception.spec.ts" classname="/Users/romainlenzotti/workspace/ts-projects/ts-express-decorators/packages/exceptions/src/core/Exception.spec" />
</testsuite>
<testsuite package="org.eslint" time="0" tests="1" errors="0" name="/Users/romainlenzotti/workspace/ts-projects/ts-express-decorators/packages/exceptions/src/core/Exception.ts">
<testcase time="0" name="/Users/romainlenzotti/workspace/ts-projects/ts-express-decorators/packages/exceptions/src/core/Exception.ts" classname="/Users/romainlenzotti/workspace/ts-projects/ts-express-decorators/packages/exceptions/src/core/Exception" />
</testsuite>
<testsuite package="org.eslint" time="0" tests="1" errors="0" name="/Users/romainlenzotti/workspace/ts-projects/ts-express-decorators/packages/exceptions/src/core/index.ts">
<testcase time="0" name="/Users/romainlenzotti/workspace/ts-projects/ts-express-decorators/packages/exceptions/src/core/index.ts" classname="/Users/romainlenzotti/workspace/ts-projects/ts-express-decorators/packages/exceptions/src/core/index" />
</testsuite>
<testsuite package="org.eslint" time="0" tests="1" errors="0" name="/Users/romainlenzotti/workspace/ts-projects/ts-express-decorators/packages/exceptions/src/index.ts">
<testcase time="0" name="/Users/romainlenzotti/workspace/ts-projects/ts-express-decorators/packages/exceptions/src/index.ts" classname="/Users/romainlenzotti/workspace/ts-projects/ts-express-decorators/packages/exceptions/src/index" />
</testsuite>
<testsuite package="org.eslint" time="0" tests="1" errors="0" name="/Users/romainlenzotti/workspace/ts-projects/ts-express-decorators/packages/exceptions/src/redirections/MovedPermanently.ts">
<testcase time="0" name="/Users/romainlenzotti/workspace/ts-projects/ts-express-decorators/packages/exceptions/src/redirections/MovedPermanently.ts" classname="/Users/romainlenzotti/workspace/ts-projects/ts-express-decorators/packages/exceptions/src/redirections/MovedPermanently" />
</testsuite>
<testsuite package="org.eslint" time="0" tests="1" errors="0" name="/Users/romainlenzotti/workspace/ts-projects/ts-express-decorators/packages/exceptions/src/redirections/MovedTemporarily.ts">
<testcase time="0" name="/Users/romainlenzotti/workspace/ts-projects/ts-express-decorators/packages/exceptions/src/redirections/MovedTemporarily.ts" classname="/Users/romainlenzotti/workspace/ts-projects/ts-express-decorators/packages/exceptions/src/redirections/MovedTemporarily" />
</testsuite>
<testsuite package="org.eslint" time="0" tests="1" errors="0" name="/Users/romainlenzotti/workspace/ts-projects/ts-express-decorators/packages/exceptions/src/redirections/MultipleChoices.ts">
<testcase time="0" name="/Users/romainlenzotti/workspace/ts-projects/ts-express-decorators/packages/exceptions/src/redirections/MultipleChoices.ts" classname="/Users/romainlenzotti/workspace/ts-projects/ts-express-decorators/packages/exceptions/src/redirections/MultipleChoices" />
</testsuite>
<testsuite package="org.eslint" time="0" tests="1" errors="0" name="/Users/romainlenzotti/workspace/ts-projects/ts-express-decorators/packages/exceptions/src/redirections/NotModified.ts">
<testcase time="0" name="/Users/romainlenzotti/workspace/ts-projects/ts-express-decorators/packages/exceptions/src/redirections/NotModified.ts" classname="/Users/romainlenzotti/workspace/ts-projects/ts-express-decorators/packages/exceptions/src/redirections/NotModified" />
</testsuite>
<testsuite package="org.eslint" time="0" tests="1" errors="0" name="/Users/romainlenzotti/workspace/ts-projects/ts-express-decorators/packages/exceptions/src/redirections/PermanentRedirect.ts">
<testcase time="0" name="/Users/romainlenzotti/workspace/ts-projects/ts-express-decorators/packages/exceptions/src/redirections/PermanentRedirect.ts" classname="/Users/romainlenzotti/workspace/ts-projects/ts-express-decorators/packages/exceptions/src/redirections/PermanentRedirect" />
</testsuite>
<testsuite package="org.eslint" time="0" tests="1" errors="0" name="/Users/romainlenzotti/workspace/ts-projects/ts-express-decorators/packages/exceptions/src/redirections/SeeOther.ts">
<testcase time="0" name="/Users/romainlenzotti/workspace/ts-projects/ts-express-decorators/packages/exceptions/src/redirections/SeeOther.ts" classname="/Users/romainlenzotti/workspace/ts-projects/ts-express-decorators/packages/exceptions/src/redirections/SeeOther" />
</testsuite>
<testsuite package="org.eslint" time="0" tests="1" errors="0" name="/Users/romainlenzotti/workspace/ts-projects/ts-express-decorators/packages/exceptions/src/redirections/TemporaryRedirect.ts">
<testcase time="0" name="/Users/romainlenzotti/workspace/ts-projects/ts-express-decorators/packages/exceptions/src/redirections/TemporaryRedirect.ts" classname="/Users/romainlenzotti/workspace/ts-projects/ts-express-decorators/packages/exceptions/src/redirections/TemporaryRedirect" />
</testsuite>
<testsuite package="org.eslint" time="0" tests="1" errors="0" name="/Users/romainlenzotti/workspace/ts-projects/ts-express-decorators/packages/exceptions/src/redirections/TooManyRedirects.ts">
<testcase time="0" name="/Users/romainlenzotti/workspace/ts-projects/ts-express-decorators/packages/exceptions/src/redirections/TooManyRedirects.ts" classname="/Users/romainlenzotti/workspace/ts-projects/ts-express-decorators/packages/exceptions/src/redirections/TooManyRedirects" />
</testsuite>
<testsuite package="org.eslint" time="0" tests="1" errors="0" name="/Users/romainlenzotti/workspace/ts-projects/ts-express-decorators/packages/exceptions/src/redirections/UseProxy.ts">
<testcase time="0" name="/Users/romainlenzotti/workspace/ts-projects/ts-express-decorators/packages/exceptions/src/redirections/UseProxy.ts" classname="/Users/romainlenzotti/workspace/ts-projects/ts-express-decorators/packages/exceptions/src/redirections/UseProxy" />
</testsuite>
<testsuite package="org.eslint" time="0" tests="1" errors="0" name="/Users/romainlenzotti/workspace/ts-projects/ts-express-decorators/packages/exceptions/src/redirections/index.ts">
<testcase time="0" name="/Users/romainlenzotti/workspace/ts-projects/ts-express-decorators/packages/exceptions/src/redirections/index.ts" classname="/Users/romainlenzotti/workspace/ts-projects/ts-express-decorators/packages/exceptions/src/redirections/index" />
</testsuite>
<testsuite package="org.eslint" time="0" tests="1" errors="0" name="/Users/romainlenzotti/workspace/ts-projects/ts-express-decorators/packages/exceptions/src/serverErrors/BadGateway.ts">
<testcase time="0" name="/Users/romainlenzotti/workspace/ts-projects/ts-express-decorators/packages/exceptions/src/serverErrors/BadGateway.ts" classname="/Users/romainlenzotti/workspace/ts-projects/ts-express-decorators/packages/exceptions/src/serverErrors/BadGateway" />
</testsuite>
<testsuite package="org.eslint" time="0" tests="1" errors="0" name="/Users/romainlenzotti/workspace/ts-projects/ts-express-decorators/packages/exceptions/src/serverErrors/BandwidthLimitExceeded.ts">
<testcase time="0" name="/Users/romainlenzotti/workspace/ts-projects/ts-express-decorators/packages/exceptions/src/serverErrors/BandwidthLimitExceeded.ts" classname="/Users/romainlenzotti/workspace/ts-projects/ts-express-decorators/packages/exceptions/src/serverErrors/BandwidthLimitExceeded" />
</testsuite>
<testsuite package="org.eslint" time="0" tests="1" errors="0" name="/Users/romainlenzotti/workspace/ts-projects/ts-express-decorators/packages/exceptions/src/serverErrors/GatewayTimeout.ts">
<testcase time="0" name="/Users/romainlenzotti/workspace/ts-projects/ts-express-decorators/packages/exceptions/src/serverErrors/GatewayTimeout.ts" classname="/Users/romainlenzotti/workspace/ts-projects/ts-express-decorators/packages/exceptions/src/serverErrors/GatewayTimeout" />
</testsuite>
<testsuite package="org.eslint" time="0" tests="1" errors="0" name="/Users/romainlenzotti/workspace/ts-projects/ts-express-decorators/packages/exceptions/src/serverErrors/InternalServerError.ts">
<testcase time="0" name="/Users/romainlenzotti/workspace/ts-projects/ts-express-decorators/packages/exceptions/src/serverErrors/InternalServerError.ts" classname="/Users/romainlenzotti/workspace/ts-projects/ts-express-decorators/packages/exceptions/src/serverErrors/InternalServerError" />
</testsuite>
<testsuite package="org.eslint" time="0" tests="1" errors="0" name="/Users/romainlenzotti/workspace/ts-projects/ts-express-decorators/packages/exceptions/src/serverErrors/NetworkAuthenticationRequired.ts">
<testcase time="0" name="/Users/romainlenzotti/workspace/ts-projects/ts-express-decorators/packages/exceptions/src/serverErrors/NetworkAuthenticationRequired.ts" classname="/Users/romainlenzotti/workspace/ts-projects/ts-express-decorators/packages/exceptions/src/serverErrors/NetworkAuthenticationRequired" />
</testsuite>
<testsuite package="org.eslint" time="0" tests="1" errors="0" name="/Users/romainlenzotti/workspace/ts-projects/ts-express-decorators/packages/exceptions/src/serverErrors/NotExtended.ts">
<testcase time="0" name="/Users/romainlenzotti/workspace/ts-projects/ts-express-decorators/packages/exceptions/src/serverErrors/NotExtended.ts" classname="/Users/romainlenzotti/workspace/ts-projects/ts-express-decorators/packages/exceptions/src/serverErrors/NotExtended" />
</testsuite>
<testsuite package="org.eslint" time="0" tests="1" errors="0" name="/Users/romainlenzotti/workspace/ts-projects/ts-express-decorators/packages/exceptions/src/serverErrors/NotImplemented.ts">
<testcase time="0" name="/Users/romainlenzotti/workspace/ts-projects/ts-express-decorators/packages/exceptions/src/serverErrors/NotImplemented.ts" classname="/Users/romainlenzotti/workspace/ts-projects/ts-express-decorators/packages/exceptions/src/serverErrors/NotImplemented" />
</testsuite>
<testsuite package="org.eslint" time="0" tests="1" errors="0" name="/Users/romainlenzotti/workspace/ts-projects/ts-express-decorators/packages/exceptions/src/serverErrors/ProxyError.ts">
<testcase time="0" name="/Users/romainlenzotti/workspace/ts-projects/ts-express-decorators/packages/exceptions/src/serverErrors/ProxyError.ts" classname="/Users/romainlenzotti/workspace/ts-projects/ts-express-decorators/packages/exceptions/src/serverErrors/ProxyError" />
</testsuite>
<testsuite package="org.eslint" time="0" tests="1" errors="0" name="/Users/romainlenzotti/workspace/ts-projects/ts-express-decorators/packages/exceptions/src/serverErrors/ServiceUnvailable.ts">
<testcase time="0" name="/Users/romainlenzotti/workspace/ts-projects/ts-express-decorators/packages/exceptions/src/serverErrors/ServiceUnvailable.ts" classname="/Users/romainlenzotti/workspace/ts-projects/ts-express-decorators/packages/exceptions/src/serverErrors/ServiceUnvailable" />
</testsuite>
<testsuite package="org.eslint" time="0" tests="1" errors="0" name="/Users/romainlenzotti/workspace/ts-projects/ts-express-decorators/packages/exceptions/src/serverErrors/VariantAlsoNegotiates.ts">
<testcase time="0" name="/Users/romainlenzotti/workspace/ts-projects/ts-express-decorators/packages/exceptions/src/serverErrors/VariantAlsoNegotiates.ts" classname="/Users/romainlenzotti/workspace/ts-projects/ts-express-decorators/packages/exceptions/src/serverErrors/VariantAlsoNegotiates" />
</testsuite>
<testsuite package="org.eslint" time="0" tests="1" errors="0" name="/Users/romainlenzotti/workspace/ts-projects/ts-express-decorators/packages/exceptions/src/serverErrors/index.ts">
<testcase time="0" name="/Users/romainlenzotti/workspace/ts-projects/ts-express-decorators/packages/exceptions/src/serverErrors/index.ts" classname="/Users/romainlenzotti/workspace/ts-projects/ts-express-decorators/packages/exceptions/src/serverErrors/index" />
</testsuite>
<testsuite package="org.eslint" time="0" tests="1" errors="0" name="/Users/romainlenzotti/workspace/ts-projects/ts-express-decorators/packages/graphql/src/GraphQLModule.ts">
<testcase time="0" name="/Users/romainlenzotti/workspace/ts-projects/ts-express-decorators/packages/graphql/src/GraphQLModule.ts" classname="/Users/romainlenzotti/workspace/ts-projects/ts-express-decorators/packages/graphql/src/GraphQLModule" />
</testsuite>
<testsuite package="org.eslint" time="0" tests="1" errors="0" name="/Users/romainlenzotti/workspace/ts-projects/ts-express-decorators/packages/graphql/src/decorators/dataSourceService.ts">
<testcase time="0" name="/Users/romainlenzotti/workspace/ts-projects/ts-express-decorators/packages/graphql/src/decorators/dataSourceService.ts" classname="/Users/romainlenzotti/workspace/ts-projects/ts-express-decorators/packages/graphql/src/decorators/dataSourceService" />
</testsuite>
<testsuite package="org.eslint" time="0" tests="1" errors="0" name="/Users/romainlenzotti/workspace/ts-projects/ts-express-decorators/packages/graphql/src/decorators/resolverService.ts">
<testcase time="0" name="/Users/romainlenzotti/workspace/ts-projects/ts-express-decorators/packages/graphql/src/decorators/resolverService.ts" classname="/Users/romainlenzotti/workspace/ts-projects/ts-express-decorators/packages/graphql/src/decorators/resolverService" />
</testsuite>
<testsuite package="org.eslint" time="0" tests="1" errors="0" name="/Users/romainlenzotti/workspace/ts-projects/ts-express-decorators/packages/graphql/src/index.ts">
<testcase time="0" name="/Users/romainlenzotti/workspace/ts-projects/ts-express-decorators/packages/graphql/src/index.ts" classname="/Users/romainlenzotti/workspace/ts-projects/ts-express-decorators/packages/graphql/src/index" />
</testsuite>
<testsuite package="org.eslint" time="0" tests="1" errors="0" name="/Users/romainlenzotti/workspace/ts-projects/ts-express-decorators/packages/graphql/src/interfaces/GraphQLServer.ts">
<testcase time="0" name="/Users/romainlenzotti/workspace/ts-projects/ts-express-decorators/packages/graphql/src/interfaces/GraphQLServer.ts" classname="/Users/romainlenzotti/workspace/ts-projects/ts-express-decorators/packages/graphql/src/interfaces/GraphQLServer" />
</testsuite>
<testsuite package="org.eslint" time="0" tests="1" errors="0" name="/Users/romainlenzotti/workspace/ts-projects/ts-express-decorators/packages/graphql/src/interfaces/GraphQLSettings.ts">
<testcase time="0" name="/Users/romainlenzotti/workspace/ts-projects/ts-express-decorators/packages/graphql/src/interfaces/GraphQLSettings.ts" classname="/Users/romainlenzotti/workspace/ts-projects/ts-express-decorators/packages/graphql/src/interfaces/GraphQLSettings" />
</testsuite>
<testsuite package="org.eslint" time="0" tests="1" errors="0" name="/Users/romainlenzotti/workspace/ts-projects/ts-express-decorators/packages/graphql/src/interfaces/index.ts">
<testcase time="0" name="/Users/romainlenzotti/workspace/ts-projects/ts-express-decorators/packages/graphql/src/interfaces/index.ts" classname="/Users/romainlenzotti/workspace/ts-projects/ts-express-decorators/packages/graphql/src/interfaces/index" />
</testsuite>
<testsuite package="org.eslint" time="0" tests="1" errors="0" name="/Users/romainlenzotti/workspace/ts-projects/ts-express-decorators/packages/graphql/src/registries/DataSourceServiceRegistry.ts">
<testcase time="0" name="/Users/romainlenzotti/workspace/ts-projects/ts-express-decorators/packages/graphql/src/registries/DataSourceServiceRegistry.ts" classname="/Users/romainlenzotti/workspace/ts-projects/ts-express-decorators/packages/graphql/src/registries/DataSourceServiceRegistry" />
</testsuite>
<testsuite package="org.eslint" time="0" tests="1" errors="0" name="/Users/romainlenzotti/workspace/ts-projects/ts-express-decorators/packages/graphql/src/registries/ResolverServiceRegistry.ts">
<testcase time="0" name="/Users/romainlenzotti/workspace/ts-projects/ts-express-decorators/packages/graphql/src/registries/ResolverServiceRegistry.ts" classname="/Users/romainlenzotti/workspace/ts-projects/ts-express-decorators/packages/graphql/src/registries/ResolverServiceRegistry" />
</testsuite>
<testsuite package="org.eslint" time="0" tests="1" errors="0" name="/Users/romainlenzotti/workspace/ts-projects/ts-express-decorators/packages/graphql/src/services/GraphQLService.spec.ts">
<testcase time="0" name="/Users/romainlenzotti/workspace/ts-projects/ts-express-decorators/packages/graphql/src/services/GraphQLService.spec.ts" classname="/Users/romainlenzotti/workspace/ts-projects/ts-express-decorators/packages/graphql/src/services/GraphQLService.spec" />
</testsuite>
<testsuite package="org.eslint" time="0" tests="1" errors="0" name="/Users/romainlenzotti/workspace/ts-projects/ts-express-decorators/packages/graphql/src/services/GraphQLService.ts">
<testcase time="0" name="/Users/romainlenzotti/workspace/ts-projects/ts-express-decorators/packages/graphql/src/services/GraphQLService.ts" classname="/Users/romainlenzotti/workspace/ts-projects/ts-express-decorators/packages/graphql/src/services/GraphQLService" />
</testsuite>
<testsuite package="org.eslint" time="0" tests="1" errors="0" name="/Users/romainlenzotti/workspace/ts-projects/ts-express-decorators/packages/json-mapper/src/components/ArrayMapper.spec.ts">
<testcase time="0" name="/Users/romainlenzotti/workspace/ts-projects/ts-express-decorators/packages/json-mapper/src/components/ArrayMapper.spec.ts" classname="/Users/romainlenzotti/workspace/ts-projects/ts-express-decorators/packages/json-mapper/src/components/ArrayMapper.spec" />
</testsuite>
<testsuite package="org.eslint" time="0" tests="1" errors="0" name="/Users/romainlenzotti/workspace/ts-projects/ts-express-decorators/packages/json-mapper/src/components/ArrayMapper.ts">
<testcase time="0" name="/Users/romainlenzotti/workspace/ts-projects/ts-express-decorators/packages/json-mapper/src/components/ArrayMapper.ts" classname="/Users/romainlenzotti/workspace/ts-projects/ts-express-decorators/packages/json-mapper/src/components/ArrayMapper" />
</testsuite>
<testsuite package="org.eslint" time="0" tests="1" errors="0" name="/Users/romainlenzotti/workspace/ts-projects/ts-express-decorators/packages/json-mapper/src/components/DateMapper.spec.ts">
<testcase time="0" name="/Users/romainlenzotti/workspace/ts-projects/ts-express-decorators/packages/json-mapper/src/components/DateMapper.spec.ts" classname="/Users/romainlenzotti/workspace/ts-projects/ts-express-decorators/packages/json-mapper/src/components/DateMapper.spec" />
</testsuite>
<testsuite package="org.eslint" time="0" tests="1" errors="0" name="/Users/romainlenzotti/workspace/ts-projects/ts-express-decorators/packages/json-mapper/src/components/DateMapper.ts">
<testcase time="0" name="/Users/romainlenzotti/workspace/ts-projects/ts-express-decorators/packages/json-mapper/src/components/DateMapper.ts" classname="/Users/romainlenzotti/workspace/ts-projects/ts-express-decorators/packages/json-mapper/src/components/DateMapper" />
</testsuite>
<testsuite package="org.eslint" time="0" tests="1" errors="0" name="/Users/romainlenzotti/workspace/ts-projects/ts-express-decorators/packages/json-mapper/src/components/MapMapper.spec.ts">
<testcase time="0" name="/Users/romainlenzotti/workspace/ts-projects/ts-express-decorators/packages/json-mapper/src/components/MapMapper.spec.ts" classname="/Users/romainlenzotti/workspace/ts-projects/ts-express-decorators/packages/json-mapper/src/components/MapMapper.spec" />
</testsuite>
<testsuite package="org.eslint" time="0" tests="1" errors="0" name="/Users/romainlenzotti/workspace/ts-projects/ts-express-decorators/packages/json-mapper/src/components/MapMapper.ts">
<testcase time="0" name="/Users/romainlenzotti/workspace/ts-projects/ts-express-decorators/packages/json-mapper/src/components/MapMapper.ts" classname="/Users/romainlenzotti/workspace/ts-projects/ts-express-decorators/packages/json-mapper/src/components/MapMapper" />
</testsuite>
<testsuite package="org.eslint" time="0" tests="1" errors="0" name="/Users/romainlenzotti/workspace/ts-projects/ts-express-decorators/packages/json-mapper/src/components/PrimitiveMapper.spec.ts">
<testcase time="0" name="/Users/romainlenzotti/workspace/ts-projects/ts-express-decorators/packages/json-mapper/src/components/PrimitiveMapper.spec.ts" classname="/Users/romainlenzotti/workspace/ts-projects/ts-express-decorators/packages/json-mapper/src/components/PrimitiveMapper.spec" />
</testsuite>
<testsuite package="org.eslint" time="0" tests="1" errors="0" name="/Users/romainlenzotti/workspace/ts-projects/ts-express-decorators/packages/json-mapper/src/components/PrimitiveMapper.ts">
<testcase time="0" name="/Users/romainlenzotti/workspace/ts-projects/ts-express-decorators/packages/json-mapper/src/components/PrimitiveMapper.ts" classname="/Users/romainlenzotti/workspace/ts-projects/ts-express-decorators/packages/json-mapper/src/components/PrimitiveMapper" />
</testsuite>
<testsuite package="org.eslint" time="0" tests="1" errors="0" name="/Users/romainlenzotti/workspace/ts-projects/ts-express-decorators/packages/json-mapper/src/components/SetMapper.spec.ts">
<testcase time="0" name="/Users/romainlenzotti/workspace/ts-projects/ts-express-decorators/packages/json-mapper/src/components/SetMapper.spec.ts" classname="/Users/romainlenzotti/workspace/ts-projects/ts-express-decorators/packages/json-mapper/src/components/SetMapper.spec" />
</testsuite>
<testsuite package="org.eslint" time="0" tests="1" errors="0" name="/Users/romainlenzotti/workspace/ts-projects/ts-express-decorators/packages/json-mapper/src/components/SetMapper.ts">
<testcase time="0" name="/Users/romainlenzotti/workspace/ts-projects/ts-express-decorators/packages/json-mapper/src/components/SetMapper.ts" classname="/Users/romainlenzotti/workspace/ts-projects/ts-express-decorators/packages/json-mapper/src/components/SetMapper" />
</testsuite>
<testsuite package="org.eslint" time="0" tests="1" errors="0" name="/Users/romainlenzotti/workspace/ts-projects/ts-express-decorators/packages/json-mapper/src/components/SymbolMapper.spec.ts">
<testcase time="0" name="/Users/romainlenzotti/workspace/ts-projects/ts-express-decorators/packages/json-mapper/src/components/SymbolMapper.spec.ts" classname="/Users/romainlenzotti/workspace/ts-projects/ts-express-decorators/packages/json-mapper/src/components/SymbolMapper.spec" />
</testsuite>
<testsuite package="org.eslint" time="0" tests="1" errors="0" name="/Users/romainlenzotti/workspace/ts-projects/ts-express-decorators/packages/json-mapper/src/components/SymbolMapper.ts">
<testcase time="0" name="/Users/romainlenzotti/workspace/ts-projects/ts-express-decorators/packages/json-mapper/src/components/SymbolMapper.ts" classname="/Users/romainlenzotti/workspace/ts-projects/ts-express-decorators/packages/json-mapper/src/components/SymbolMapper" />
</testsuite>
<testsuite package="org.eslint" time="0" tests="1" errors="0" name="/Users/romainlenzotti/workspace/ts-projects/ts-express-decorators/packages/json-mapper/src/components/index.ts">
<testcase time="0" name="/Users/romainlenzotti/workspace/ts-projects/ts-express-decorators/packages/json-mapper/src/components/index.ts" classname="/Users/romainlenzotti/workspace/ts-projects/ts-express-decorators/packages/json-mapper/src/components/index" />
</testsuite>
<testsuite package="org.eslint" time="0" tests="1" errors="0" name="/Users/romainlenzotti/workspace/ts-projects/ts-express-decorators/packages/json-mapper/src/decorators/jsonMapper.ts">
<testcase time="0" name="/Users/romainlenzotti/workspace/ts-projects/ts-express-decorators/packages/json-mapper/src/decorators/jsonMapper.ts" classname="/Users/romainlenzotti/workspace/ts-projects/ts-express-decorators/packages/json-mapper/src/decorators/jsonMapper" />
</testsuite>
<testsuite package="org.eslint" time="0" tests="1" errors="0" name="/Users/romainlenzotti/workspace/ts-projects/ts-express-decorators/packages/json-mapper/src/decorators/onDeserialize.ts">
<testcase time="0" name="/Users/romainlenzotti/workspace/ts-projects/ts-express-decorators/packages/json-mapper/src/decorators/onDeserialize.ts" classname="/Users/romainlenzotti/workspace/ts-projects/ts-express-decorators/packages/json-mapper/src/decorators/onDeserialize" />
</testsuite>
<testsuite package="org.eslint" time="0" tests="1" errors="0" name="/Users/romainlenzotti/workspace/ts-projects/ts-express-decorators/packages/json-mapper/src/decorators/onSerialize.ts">
<testcase time="0" name="/Users/romainlenzotti/workspace/ts-projects/ts-express-decorators/packages/json-mapper/src/decorators/onSerialize.ts" classname="/Users/romainlenzotti/workspace/ts-projects/ts-express-decorators/packages/json-mapper/src/decorators/onSerialize" />
</testsuite>
<testsuite package="org.eslint" time="0" tests="1" errors="0" name="/Users/romainlenzotti/workspace/ts-projects/ts-express-decorators/packages/json-mapper/src/domain/JsonMapperContext.ts">
<testcase time="0" name="/Users/romainlenzotti/workspace/ts-projects/ts-express-decorators/packages/json-mapper/src/domain/JsonMapperContext.ts" classname="/Users/romainlenzotti/workspace/ts-projects/ts-express-decorators/packages/json-mapper/src/domain/JsonMapperContext" />
</testsuite>
<testsuite package="org.eslint" time="0" tests="1" errors="0" name="/Users/romainlenzotti/workspace/ts-projects/ts-express-decorators/packages/json-mapper/src/domain/JsonMapperTypesContainer.ts">
<testcase time="0" name="/Users/romainlenzotti/workspace/ts-projects/ts-express-decorators/packages/json-mapper/src/domain/JsonMapperTypesContainer.ts" classname="/Users/romainlenzotti/workspace/ts-projects/ts-express-decorators/packages/json-mapper/src/domain/JsonMapperTypesContainer" />
</testsuite>
<testsuite package="org.eslint" time="0" tests="1" errors="0" name="/Users/romainlenzotti/workspace/ts-projects/ts-express-decorators/packages/json-mapper/src/index.ts">
<testcase time="0" name="/Users/romainlenzotti/workspace/ts-projects/ts-express-decorators/packages/json-mapper/src/index.ts" classname="/Users/romainlenzotti/workspace/ts-projects/ts-express-decorators/packages/json-mapper/src/index" />
</testsuite>
<testsuite package="org.eslint" time="0" tests="1" errors="0" name="/Users/romainlenzotti/workspace/ts-projects/ts-express-decorators/packages/json-mapper/src/interfaces/JsonMapperMethods.ts">
<testcase time="0" name="/Users/romainlenzotti/workspace/ts-projects/ts-express-decorators/packages/json-mapper/src/interfaces/JsonMapperMethods.ts" classname="/Users/romainlenzotti/workspace/ts-projects/ts-express-decorators/packages/json-mapper/src/interfaces/JsonMapperMethods" />
</testsuite>
<testsuite package="org.eslint" time="0" tests="1" errors="0" name="/Users/romainlenzotti/workspace/ts-projects/ts-express-decorators/packages/json-mapper/src/utils/deserialize.spec.ts">
<testcase time="0" name="/Users/romainlenzotti/workspace/ts-projects/ts-express-decorators/packages/json-mapper/src/utils/deserialize.spec.ts" classname="/Users/romainlenzotti/workspace/ts-projects/ts-express-decorators/packages/json-mapper/src/utils/deserialize.spec" />
</testsuite>
<testsuite package="org.eslint" time="0" tests="1" errors="0" name="/Users/romainlenzotti/workspace/ts-projects/ts-express-decorators/packages/json-mapper/src/utils/deserialize.ts">
<testcase time="0" name="/Users/romainlenzotti/workspace/ts-projects/ts-express-decorators/packages/json-mapper/src/utils/deserialize.ts" classname="/Users/romainlenzotti/workspace/ts-projects/ts-express-decorators/packages/json-mapper/src/utils/deserialize" />
</testsuite>
<testsuite package="org.eslint" time="0" tests="1" errors="0" name="/Users/romainlenzotti/workspace/ts-projects/ts-express-decorators/packages/json-mapper/src/utils/serialize.spec.ts">
<testcase time="0" name="/Users/romainlenzotti/workspace/ts-projects/ts-express-decorators/packages/json-mapper/src/utils/serialize.spec.ts" classname="/Users/romainlenzotti/workspace/ts-projects/ts-express-decorators/packages/json-mapper/src/utils/serialize.spec" />
</testsuite>
<testsuite package="org.eslint" time="0" tests="1" errors="0" name="/Users/romainlenzotti/workspace/ts-projects/ts-express-decorators/packages/json-mapper/src/utils/serialize.ts">
<testcase time="0" name="/Users/romainlenzotti/workspace/ts-projects/ts-express-decorators/packages/json-mapper/src/utils/serialize.ts" classname="/Users/romainlenzotti/workspace/ts-projects/ts-express-decorators/packages/json-mapper/src/utils/serialize" />
</testsuite>
<testsuite package="org.eslint" time="0" tests="1" errors="0" name="/Users/romainlenzotti/workspace/ts-projects/ts-express-decorators/packages/mongoose/src/MongooseModule.ts">
<testcase time="0" name="/Users/romainlenzotti/workspace/ts-projects/ts-express-decorators/packages/mongoose/src/MongooseModule.ts" classname="/Users/romainlenzotti/workspace/ts-projects/ts-express-decorators/packages/mongoose/src/MongooseModule" />
</testsuite>
<testsuite package="org.eslint" time="0" tests="1" errors="0" name="/Users/romainlenzotti/workspace/ts-projects/ts-express-decorators/packages/mongoose/src/constants/index.ts">
<testcase time="0" name="/Users/romainlenzotti/workspace/ts-projects/ts-express-decorators/packages/mongoose/src/constants/index.ts" classname="/Users/romainlenzotti/workspace/ts-projects/ts-express-decorators/packages/mongoose/src/constants/index" />
</testsuite>
<testsuite package="org.eslint" time="0" tests="1" errors="0" name="/Users/romainlenzotti/workspace/ts-projects/ts-express-decorators/packages/mongoose/src/decorators/dynamicRef.spec.ts">
<testcase time="0" name="/Users/romainlenzotti/workspace/ts-projects/ts-express-decorators/packages/mongoose/src/decorators/dynamicRef.spec.ts" classname="/Users/romainlenzotti/workspace/ts-projects/ts-express-decorators/packages/mongoose/src/decorators/dynamicRef.spec" />
</testsuite>
<testsuite package="org.eslint" time="0" tests="1" errors="0" name="/Users/romainlenzotti/workspace/ts-projects/ts-express-decorators/packages/mongoose/src/decorators/dynamicRef.ts">
<testcase time="0" name="/Users/romainlenzotti/workspace/ts-projects/ts-express-decorators/packages/mongoose/src/decorators/dynamicRef.ts" classname="/Users/romainlenzotti/workspace/ts-projects/ts-express-decorators/packages/mongoose/src/decorators/dynamicRef" />
</testsuite>
<testsuite package="org.eslint" time="0" tests="1" errors="0" name="/Users/romainlenzotti/workspace/ts-projects/ts-express-decorators/packages/mongoose/src/decorators/index.ts">
<testcase time="0" name="/Users/romainlenzotti/workspace/ts-projects/ts-express-decorators/packages/mongoose/src/decorators/index.ts" classname="/Users/romainlenzotti/workspace/ts-projects/ts-express-decorators/packages/mongoose/src/decorators/index" />
</testsuite>
<testsuite package="org.eslint" time="0" tests="1" errors="0" name="/Users/romainlenzotti/workspace/ts-projects/ts-express-decorators/packages/mongoose/src/decorators/indexed.spec.ts">
<testcase time="0" name="/Users/romainlenzotti/workspace/ts-projects/ts-express-decorators/packages/mongoose/src/decorators/indexed.spec.ts" classname="/Users/romainlenzotti/workspace/ts-projects/ts-express-decorators/packages/mongoose/src/decorators/indexed.spec" />
</testsuite>
<testsuite package="org.eslint" time="0" tests="1" errors="0" name="/Users/romainlenzotti/workspace/ts-projects/ts-express-decorators/packages/mongoose/src/decorators/indexed.ts">
<testcase time="0" name="/Users/romainlenzotti/workspace/ts-projects/ts-express-decorators/packages/mongoose/src/decorators/indexed.ts" classname="/Users/romainlenzotti/workspace/ts-projects/ts-express-decorators/packages/mongoose/src/decorators/indexed" />
</testsuite>
<testsuite package="org.eslint" time="0" tests="1" errors="0" name="/Users/romainlenzotti/workspace/ts-projects/ts-express-decorators/packages/mongoose/src/decorators/model.ts">
<testcase time="0" name="/Users/romainlenzotti/workspace/ts-projects/ts-express-decorators/packages/mongoose/src/decorators/model.ts" classname="/Users/romainlenzotti/workspace/ts-projects/ts-express-decorators/packages/mongoose/src/decorators/model" />
</testsuite>
<testsuite package="org.eslint" time="0" tests="1" errors="0" name="/Users/romainlenzotti/workspace/ts-projects/ts-express-decorators/packages/mongoose/src/decorators/mongooseIndex.spec.ts">
<testcase time="0" name="/Users/romainlenzotti/workspace/ts-projects/ts-express-decorators/packages/mongoose/src/decorators/mongooseIndex.spec.ts" classname="/Users/romainlenzotti/workspace/ts-projects/ts-express-decorators/packages/mongoose/src/decorators/mongooseIndex.spec" />
</testsuite>
<testsuite package="org.eslint" time="0" tests="1" errors="0" name="/Users/romainlenzotti/workspace/ts-projects/ts-express-decorators/packages/mongoose/src/decorators/mongooseIndex.ts">
<testcase time="0" name="/Users/romainlenzotti/workspace/ts-projects/ts-express-decorators/packages/mongoose/src/decorators/mongooseIndex.ts" classname="/Users/romainlenzotti/workspace/ts-projects/ts-express-decorators/packages/mongoose/src/decorators/mongooseIndex" />
</testsuite>
<testsuite package="org.eslint" time="0" tests="1" errors="0" name="/Users/romainlenzotti/workspace/ts-projects/ts-express-decorators/packages/mongoose/src/decorators/mongoosePlugin.spec.ts">
<testcase time="0" name="/Users/romainlenzotti/workspace/ts-projects/ts-express-decorators/packages/mongoose/src/decorators/mongoosePlugin.spec.ts" classname="/Users/romainlenzotti/workspace/ts-projects/ts-express-decorators/packages/mongoose/src/decorators/mongoosePlugin.spec" />
</testsuite>
<testsuite package="org.eslint" time="0" tests="1" errors="0" name="/Users/romainlenzotti/workspace/ts-projects/ts-express-decorators/packages/mongoose/src/decorators/mongoosePlugin.ts">
<testcase time="0" name="/Users/romainlenzotti/workspace/ts-projects/ts-express-decorators/packages/mongoose/src/decorators/mongoosePlugin.ts" classname="/Users/romainlenzotti/workspace/ts-projects/ts-express-decorators/packages/mongoose/src/decorators/mongoosePlugin" />
</testsuite>
<testsuite package="org.eslint" time="0" tests="1" errors="0" name="/Users/romainlenzotti/workspace/ts-projects/ts-express-decorators/packages/mongoose/src/decorators/objectID.spec.ts">
<testcase time="0" name="/Users/romainlenzotti/workspace/ts-projects/ts-express-decorators/packages/mongoose/src/decorators/objectID.spec.ts" classname="/Users/romainlenzotti/workspace/ts-projects/ts-express-decorators/packages/mongoose/src/decorators/objectID.spec" />
</testsuite>
<testsuite package="org.eslint" time="0" tests="1" errors="0" name="/Users/romainlenzotti/workspace/ts-projects/ts-express-decorators/packages/mongoose/src/decorators/objectID.ts">
<testcase time="0" name="/Users/romainlenzotti/workspace/ts-projects/ts-express-decorators/packages/mongoose/src/decorators/objectID.ts" classname="/Users/romainlenzotti/workspace/ts-projects/ts-express-decorators/packages/mongoose/src/decorators/objectID" />
</testsuite>
<testsuite package="org.eslint" time="0" tests="1" errors="0" name="/Users/romainlenzotti/workspace/ts-projects/ts-express-decorators/packages/mongoose/src/decorators/postHook.spec.ts">
<testcase time="0" name="/Users/romainlenzotti/workspace/ts-projects/ts-express-decorators/packages/mongoose/src/decorators/postHook.spec.ts" classname="/Users/romainlenzotti/workspace/ts-projects/ts-express-decorators/packages/mongoose/src/decorators/postHook.spec" />
</testsuite>
<testsuite package="org.eslint" time="0" tests="1" errors="0" name="/Users/romainlenzotti/workspace/ts-projects/ts-express-decorators/packages/mongoose/src/decorators/postHook.ts">
<testcase time="0" name="/Users/romainlenzotti/workspace/ts-projects/ts-express-decorators/packages/mongoose/src/decorators/postHook.ts" classname="/Users/romainlenzotti/workspace/ts-projects/ts-express-decorators/packages/mongoose/src/decorators/postHook" />
</testsuite>
<testsuite package="org.eslint" time="0" tests="1" errors="0" name="/Users/romainlenzotti/workspace/ts-projects/ts-express-decorators/packages/mongoose/src/decorators/preHook.spec.ts">
<testcase time="0" name="/Users/romainlenzotti/workspace/ts-projects/ts-express-decorators/packages/mongoose/src/decorators/preHook.spec.ts" classname="/Users/romainlenzotti/workspace/ts-projects/ts-express-decorators/packages/mongoose/src/decorators/preHook.spec" />
</testsuite>
<testsuite package="org.eslint" time="0" tests="1" errors="0" name="/Users/romainlenzotti/workspace/ts-projects/ts-express-decorators/packages/mongoose/src/decorators/preHook.ts">
<testcase time="0" name="/Users/romainlenzotti/workspace/ts-projects/ts-express-decorators/packages/mongoose/src/decorators/preHook.ts" classname="/Users/romainlenzotti/workspace/ts-projects/ts-express-decorators/packages/mongoose/src/decorators/preHook" />
</testsuite>
<testsuite package="org.eslint" time="0" tests="1" errors="0" name="/Users/romainlenzotti/workspace/ts-projects/ts-express-decorators/packages/mongoose/src/decorators/ref.spec.ts">
<testcase time="0" name="/Users/romainlenzotti/workspace/ts-projects/ts-express-decorators/packages/mongoose/src/decorators/ref.spec.ts" classname="/Users/romainlenzotti/workspace/ts-projects/ts-express-decorators/packages/mongoose/src/decorators/ref.spec" />
</testsuite>
<testsuite package="org.eslint" time="0" tests="1" errors="0" name="/Users/romainlenzotti/workspace/ts-projects/ts-express-decorators/packages/mongoose/src/decorators/ref.ts">
<testcase time="0" name="/Users/romainlenzotti/workspace/ts-projects/ts-express-decorators/packages/mongoose/src/decorators/ref.ts" classname="/Users/romainlenzotti/workspace/ts-projects/ts-express-decorators/packages/mongoose/src/decorators/ref" />
</testsuite>
<testsuite package="org.eslint" time="0" tests="1" errors="0" name="/Users/romainlenzotti/workspace/ts-projects/ts-express-decorators/packages/mongoose/src/decorators/schema.ts">
<testcase time="0" name="/Users/romainlenzotti/workspace/ts-projects/ts-express-decorators/packages/mongoose/src/decorators/schema.ts" classname="/Users/romainlenzotti/workspace/ts-projects/ts-express-decorators/packages/mongoose/src/decorators/schema" />
</testsuite>
<testsuite package="org.eslint" time="0" tests="1" errors="0" name="/Users/romainlenzotti/workspace/ts-projects/ts-express-decorators/packages/mongoose/src/decorators/schemaIgnore.spec.ts">
<testcase time="0" name="/Users/romainlenzotti/workspace/ts-projects/ts-express-decorators/packages/mongoose/src/decorators/schemaIgnore.spec.ts" classname="/Users/romainlenzotti/workspace/ts-projects/ts-express-decorators/packages/mongoose/src/decorators/schemaIgnore.spec" />
</testsuite>
<testsuite package="org.eslint" time="0" tests="1" errors="0" name="/Users/romainlenzotti/workspace/ts-projects/ts-express-decorators/packages/mongoose/src/decorators/schemaIgnore.ts">
<testcase time="0" name="/Users/romainlenzotti/workspace/ts-projects/ts-express-decorators/packages/mongoose/src/decorators/schemaIgnore.ts" classname="/Users/romainlenzotti/workspace/ts-projects/ts-express-decorators/packages/mongoose/src/decorators/schemaIgnore" />
</testsuite>
<testsuite package="org.eslint" time="0" tests="1" errors="0" name="/Users/romainlenzotti/workspace/ts-projects/ts-express-decorators/packages/mongoose/src/decorators/select.spec.ts">
<testcase time="0" name="/Users/romainlenzotti/workspace/ts-projects/ts-express-decorators/packages/mongoose/src/decorators/select.spec.ts" classname="/Users/romainlenzotti/workspace/ts-projects/ts-express-decorators/packages/mongoose/src/decorators/select.spec" />
</testsuite>
<testsuite package="org.eslint" time="0" tests="1" errors="0" name="/Users/romainlenzotti/workspace/ts-projects/ts-express-decorators/packages/mongoose/src/decorators/select.ts">
<testcase time="0" name="/Users/romainlenzotti/workspace/ts-projects/ts-express-decorators/packages/mongoose/src/decorators/select.ts" classname="/Users/romainlenzotti/workspace/ts-projects/ts-express-decorators/packages/mongoose/src/decorators/select" />
</testsuite>
<testsuite package="org.eslint" time="0" tests="1" errors="0" name="/Users/romainlenzotti/workspace/ts-projects/ts-express-decorators/packages/mongoose/src/decorators/trim.spec.ts">
<testcase time="0" name="/Users/romainlenzotti/workspace/ts-projects/ts-express-decorators/packages/mongoose/src/decorators/trim.spec.ts" classname="/Users/romainlenzotti/workspace/ts-projects/ts-express-decorators/packages/mongoose/src/decorators/trim.spec" />
</testsuite>
<testsuite package="org.eslint" time="0" tests="1" errors="0" name="/Users/romainlenzotti/workspace/ts-projects/ts-express-decorators/packages/mongoose/src/decorators/trim.ts">
<testcase time="0" name="/Users/romainlenzotti/workspace/ts-projects/ts-express-decorators/packages/mongoose/src/decorators/trim.ts" classname="/Users/romainlenzotti/workspace/ts-projects/ts-express-decorators/packages/mongoose/src/decorators/trim" />
</testsuite>
<testsuite package="org.eslint" time="0" tests="1" errors="0" name="/Users/romainlenzotti/workspace/ts-projects/ts-express-decorators/packages/mongoose/src/decorators/unique.spec.ts">
<testcase time="0" name="/Users/romainlenzotti/workspace/ts-projects/ts-express-decorators/packages/mongoose/src/decorators/unique.spec.ts" classname="/Users/romainlenzotti/workspace/ts-projects/ts-express-decorators/packages/mongoose/src/decorators/unique.spec" />
</testsuite>
<testsuite package="org.eslint" time="0" tests="1" errors="0" name="/Users/romainlenzotti/workspace/ts-projects/ts-express-decorators/packages/mongoose/src/decorators/unique.ts">
<testcase time="0" name="/Users/romainlenzotti/workspace/ts-projects/ts-express-decorators/packages/mongoose/src/decorators/unique.ts" classname="/Users/romainlenzotti/workspace/ts-projects/ts-express-decorators/packages/mongoose/src/decorators/unique" />
</testsuite>
<testsuite package="org.eslint" time="0" tests="1" errors="0" name="/Users/romainlenzotti/workspace/ts-projects/ts-express-decorators/packages/mongoose/src/decorators/virtualRef.spec.ts">
<testcase time="0" name="/Users/romainlenzotti/workspace/ts-projects/ts-express-decorators/packages/mongoose/src/decorators/virtualRef.spec.ts" classname="/Users/romainlenzotti/workspace/ts-projects/ts-express-decorators/packages/mongoose/src/decorators/virtualRef.spec" />
</testsuite>
<testsuite package="org.eslint" time="0" tests="1" errors="0" name="/Users/romainlenzotti/workspace/ts-projects/ts-express-decorators/packages/mongoose/src/decorators/virtualRef.ts">
<testcase time="0" name="/Users/romainlenzotti/workspace/ts-projects/ts-express-decorators/packages/mongoose/src/decorators/virtualRef.ts" classname="/Users/romainlenzotti/workspace/ts-projects/ts-express-decorators/packages/mongoose/src/decorators/virtualRef" />
</testsuite>
<testsuite package="org.eslint" time="0" tests="1" errors="0" name="/Users/romainlenzotti/workspace/ts-projects/ts-express-decorators/packages/mongoose/src/index.ts">
<testcase time="0" name="/Users/romainlenzotti/workspace/ts-projects/ts-express-decorators/packages/mongoose/src/index.ts" classname="/Users/romainlenzotti/workspace/ts-projects/ts-express-decorators/packages/mongoose/src/index" />
</testsuite>
<testsuite package="org.eslint" time="0" tests="1" errors="0" name="/Users/romainlenzotti/workspace/ts-projects/ts-express-decorators/packages/mongoose/src/interfaces/MDBConnection.ts">
<testcase time="0" name="/Users/romainlenzotti/workspace/ts-projects/ts-express-decorators/packages/mongoose/src/interfaces/MDBConnection.ts" classname="/Users/romainlenzotti/workspace/ts-projects/ts-express-decorators/packages/mongoose/src/interfaces/MDBConnection" />
</testsuite>
<testsuite package="org.eslint" time="0" tests="1" errors="0" name="/Users/romainlenzotti/workspace/ts-projects/ts-express-decorators/packages/mongoose/src/interfaces/MongooseDocument.ts">
<testcase time="0" name="/Users/romainlenzotti/workspace/ts-projects/ts-express-decorators/packages/mongoose/src/interfaces/MongooseDocument.ts" classname="/Users/romainlenzotti/workspace/ts-projects/ts-express-decorators/packages/mongoose/src/interfaces/MongooseDocument" />
</testsuite>
<testsuite package="org.eslint" time="0" tests="1" errors="0" name="/Users/romainlenzotti/workspace/ts-projects/ts-express-decorators/packages/mongoose/src/interfaces/MongooseModel.ts">
<testcase time="0" name="/Users/romainlenzotti/workspace/ts-projects/ts-express-decorators/packages/mongoose/src/interfaces/MongooseModel.ts" classname="/Users/romainlenzotti/workspace/ts-projects/ts-express-decorators/packages/mongoose/src/interfaces/MongooseModel" />
</testsuite>
<testsuite package="org.eslint" time="0" tests="1" errors="0" name="/Users/romainlenzotti/workspace/ts-projects/ts-express-decorators/packages/mongoose/src/interfaces/MongooseModelOptions.ts">
<testcase time="0" name="/Users/romainlenzotti/workspace/ts-projects/ts-express-decorators/packages/mongoose/src/interfaces/MongooseModelOptions.ts" classname="/Users/romainlenzotti/workspace/ts-projects/ts-express-decorators/packages/mongoose/src/interfaces/MongooseModelOptions" />
</testsuite>
<testsuite package="org.eslint" time="0" tests="1" errors="0" name="/Users/romainlenzotti/workspace/ts-projects/ts-express-decorators/packages/mongoose/src/interfaces/MongooseSchemaOptions.ts">
<testcase time="0" name="/Users/romainlenzotti/workspace/ts-projects/ts-express-decorators/packages/mongoose/src/interfaces/MongooseSchemaOptions.ts" classname="/Users/romainlenzotti/workspace/ts-projects/ts-express-decorators/packages/mongoose/src/interfaces/MongooseSchemaOptions" />
</testsuite>
<testsuite package="org.eslint" time="0" tests="1" errors="0" name="/Users/romainlenzotti/workspace/ts-projects/ts-express-decorators/packages/mongoose/src/interfaces/MongooseSchemaTypes.ts">
<testcase time="0" name="/Users/romainlenzotti/workspace/ts-projects/ts-express-decorators/packages/mongoose/src/interfaces/MongooseSchemaTypes.ts" classname="/Users/romainlenzotti/workspace/ts-projects/ts-express-decorators/packages/mongoose/src/interfaces/MongooseSchemaTypes" />
</testsuite>
<testsuite package="org.eslint" time="0" tests="1" errors="0" name="/Users/romainlenzotti/workspace/ts-projects/ts-express-decorators/packages/mongoose/src/interfaces/MongooseVirtualRefOptions.ts">
<testcase time="0" name="/Users/romainlenzotti/workspace/ts-projects/ts-express-decorators/packages/mongoose/src/interfaces/MongooseVirtualRefOptions.ts" classname="/Users/romainlenzotti/workspace/ts-projects/ts-express-decorators/packages/mongoose/src/interfaces/MongooseVirtualRefOptions" />
</testsuite>
<testsuite package="org.eslint" time="0" tests="1" errors="0" name="/Users/romainlenzotti/workspace/ts-projects/ts-express-decorators/packages/mongoose/src/interfaces/index.ts">
<testcase time="0" name="/Users/romainlenzotti/workspace/ts-projects/ts-express-decorators/packages/mongoose/src/interfaces/index.ts" classname="/Users/romainlenzotti/workspace/ts-projects/ts-express-decorators/packages/mongoose/src/interfaces/index" />
</testsuite>
<testsuite package="org.eslint" time="0" tests="1" errors="0" name="/Users/romainlenzotti/workspace/ts-projects/ts-express-decorators/packages/mongoose/src/middlewares/ValidationErrorMiddleware.spec.ts">
<testcase time="0" name="/Users/romainlenzotti/workspace/ts-projects/ts-express-decorators/packages/mongoose/src/middlewares/ValidationErrorMiddleware.spec.ts" classname="/Users/romainlenzotti/workspace/ts-projects/ts-express-decorators/packages/mongoose/src/middlewares/ValidationErrorMiddleware.spec" />
</testsuite>
<testsuite package="org.eslint" time="0" tests="1" errors="0" name="/Users/romainlenzotti/workspace/ts-projects/ts-express-decorators/packages/mongoose/src/middlewares/ValidationErrorMiddleware.ts">
<testcase time="0" name="/Users/romainlenzotti/workspace/ts-projects/ts-express-decorators/packages/mongoose/src/middlewares/ValidationErrorMiddleware.ts" classname="/Users/romainlenzotti/workspace/ts-projects/ts-express-decorators/packages/mongoose/src/middlewares/ValidationErrorMiddleware" />
</testsuite>
<testsuite package="org.eslint" time="0" tests="1" errors="0" name="/Users/romainlenzotti/workspace/ts-projects/ts-express-decorators/packages/mongoose/src/registries/MongooseModelRegistry.ts">
<testcase time="0" name="/Users/romainlenzotti/workspace/ts-projects/ts-express-decorators/packages/mongoose/src/registries/MongooseModelRegistry.ts" classname="/Users/romainlenzotti/workspace/ts-projects/ts-express-decorators/packages/mongoose/src/registries/MongooseModelRegistry" />
</testsuite>
<testsuite package="org.eslint" time="0" tests="1" errors="0" name="/Users/romainlenzotti/workspace/ts-projects/ts-express-decorators/packages/mongoose/src/services/MongooseConnection.spec.ts">
<testcase time="0" name="/Users/romainlenzotti/workspace/ts-projects/ts-express-decorators/packages/mongoose/src/services/MongooseConnection.spec.ts" classname="/Users/romainlenzotti/workspace/ts-projects/ts-express-decorators/packages/mongoose/src/services/MongooseConnection.spec" />
</testsuite>
<testsuite package="org.eslint" time="0" tests="1" errors="0" name="/Users/romainlenzotti/workspace/ts-projects/ts-express-decorators/packages/mongoose/src/services/MongooseConnections.ts">
<testcase time="0" name="/Users/romainlenzotti/workspace/ts-projects/ts-express-decorators/packages/mongoose/src/services/MongooseConnections.ts" classname="/Users/romainlenzotti/workspace/ts-projects/ts-express-decorators/packages/mongoose/src/services/MongooseConnections" />
</testsuite>
<testsuite package="org.eslint" time="0" tests="1" errors="0" name="/Users/romainlenzotti/workspace/ts-projects/ts-express-decorators/packages/mongoose/src/services/MongooseService.spec.ts">
<testcase time="0" name="/Users/romainlenzotti/workspace/ts-projects/ts-express-decorators/packages/mongoose/src/services/MongooseService.spec.ts" classname="/Users/romainlenzotti/workspace/ts-projects/ts-express-decorators/packages/mongoose/src/services/MongooseService.spec" />
</testsuite>
<testsuite package="org.eslint" time="0" tests="1" errors="0" name="/Users/romainlenzotti/workspace/ts-projects/ts-express-decorators/packages/mongoose/src/services/MongooseService.ts">
<testcase time="0" name="/Users/romainlenzotti/workspace/ts-projects/ts-express-decorators/packages/mongoose/src/services/MongooseService.ts" classname="/Users/romainlenzotti/workspace/ts-projects/ts-express-decorators/packages/mongoose/src/services/MongooseService" />
</testsuite>
<testsuite package="org.eslint" time="0" tests="1" errors="0" name="/Users/romainlenzotti/workspace/ts-projects/ts-express-decorators/packages/mongoose/src/utils/buildMongooseSchema.spec.ts">
<testcase time="0" name="/Users/romainlenzotti/workspace/ts-projects/ts-express-decorators/packages/mongoose/src/utils/buildMongooseSchema.spec.ts" classname="/Users/romainlenzotti/workspace/ts-projects/ts-express-decorators/packages/mongoose/src/utils/buildMongooseSchema.spec" />
</testsuite>
<testsuite package="org.eslint" time="0" tests="1" errors="0" name="/Users/romainlenzotti/workspace/ts-projects/ts-express-decorators/packages/mongoose/src/utils/cleanProps.ts">
<testcase time="0" name="/Users/romainlenzotti/workspace/ts-projects/ts-express-decorators/packages/mongoose/src/utils/cleanProps.ts" classname="/Users/romainlenzotti/workspace/ts-projects/ts-express-decorators/packages/mongoose/src/utils/cleanProps" />
</testsuite>
<testsuite package="org.eslint" time="0" tests="1" errors="0" name="/Users/romainlenzotti/workspace/ts-projects/ts-express-decorators/packages/mongoose/src/utils/createModel.spec.ts">
<testcase time="0" name="/Users/romainlenzotti/workspace/ts-projects/ts-express-decorators/packages/mongoose/src/utils/createModel.spec.ts" classname="/Users/romainlenzotti/workspace/ts-projects/ts-express-decorators/packages/mongoose/src/utils/createModel.spec" />
</testsuite>
<testsuite package="org.eslint" time="0" tests="1" errors="0" name="/Users/romainlenzotti/workspace/ts-projects/ts-express-decorators/packages/mongoose/src/utils/createModel.ts">
<testcase time="0" name="/Users/romainlenzotti/workspace/ts-projects/ts-express-decorators/packages/mongoose/src/utils/createModel.ts" classname="/Users/romainlenzotti/workspace/ts-projects/ts-express-decorators/packages/mongoose/src/utils/createModel" />
</testsuite>
<testsuite package="org.eslint" time="0" tests="1" errors="0" name="/Users/romainlenzotti/workspace/ts-projects/ts-express-decorators/packages/mongoose/src/utils/createSchema.spec.ts">
<testcase time="0" name="/Users/romainlenzotti/workspace/ts-projects/ts-express-decorators/packages/mongoose/src/utils/createSchema.spec.ts" classname="/Users/romainlenzotti/workspace/ts-projects/ts-express-decorators/packages/mongoose/src/utils/createSchema.spec" />
</testsuite>
<testsuite package="org.eslint" time="0" tests="1" errors="0" name="/Users/romainlenzotti/workspace/ts-projects/ts-express-decorators/packages/mongoose/src/utils/createSchema.ts">
<testcase time="0" name="/Users/romainlenzotti/workspace/ts-projects/ts-express-decorators/packages/mongoose/src/utils/createSchema.ts" classname="/Users/romainlenzotti/workspace/ts-projects/ts-express-decorators/packages/mongoose/src/utils/createSchema" />
</testsuite>
<testsuite package="org.eslint" time="0" tests="1" errors="0" name="/Users/romainlenzotti/workspace/ts-projects/ts-express-decorators/packages/mongoose/src/utils/index.ts">
<testcase time="0" name="/Users/romainlenzotti/workspace/ts-projects/ts-express-decorators/packages/mongoose/src/utils/index.ts" classname="/Users/romainlenzotti/workspace/ts-projects/ts-express-decorators/packages/mongoose/src/utils/index" />
</testsuite>
<testsuite package="org.eslint" time="0" tests="1" errors="0" name="/Users/romainlenzotti/workspace/ts-projects/ts-express-decorators/packages/mongoose/src/utils/registerModel.spec.ts">
<testcase time="0" name="/Users/romainlenzotti/workspace/ts-projects/ts-express-decorators/packages/mongoose/src/utils/registerModel.spec.ts" classname="/Users/romainlenzotti/workspace/ts-projects/ts-express-decorators/packages/mongoose/src/utils/registerModel.spec" />
</testsuite>
<testsuite package="org.eslint" time="0" tests="1" errors="0" name="/Users/romainlenzotti/workspace/ts-projects/ts-express-decorators/packages/mongoose/src/utils/resolveRefType.spec.ts">
<testcase time="0" name="/Users/romainlenzotti/workspace/ts-projects/ts-express-decorators/packages/mongoose/src/utils/resolveRefType.spec.ts" classname="/Users/romainlenzotti/workspace/ts-projects/ts-express-decorators/packages/mongoose/src/utils/resolveRefType.spec" />
</testsuite>
<testsuite package="org.eslint" time="0" tests="1" errors="0" name="/Users/romainlenzotti/workspace/ts-projects/ts-express-decorators/packages/mongoose/src/utils/resolveRefType.ts">
<testcase time="0" name="/Users/romainlenzotti/workspace/ts-projects/ts-express-decorators/packages/mongoose/src/utils/resolveRefType.ts" classname="/Users/romainlenzotti/workspace/ts-projects/ts-express-decorators/packages/mongoose/src/utils/resolveRefType" />
</testsuite>
<testsuite package="org.eslint" time="0" tests="1" errors="0" name="/Users/romainlenzotti/workspace/ts-projects/ts-express-decorators/packages/mongoose/src/utils/schemaOptions.spec.ts">
<testcase time="0" name="/Users/romainlenzotti/workspace/ts-projects/ts-express-decorators/packages/mongoose/src/utils/schemaOptions.spec.ts" classname="/Users/romainlenzotti/workspace/ts-projects/ts-express-decorators/packages/mongoose/src/utils/schemaOptions.spec" />
</testsuite>
<testsuite package="org.eslint" time="0" tests="1" errors="0" name="/Users/romainlenzotti/workspace/ts-projects/ts-express-decorators/packages/mongoose/src/utils/schemaOptions.ts">
<testcase time="0" name="/Users/romainlenzotti/workspace/ts-projects/ts-express-decorators/packages/mongoose/src/utils/schemaOptions.ts" classname="/Users/romainlenzotti/workspace/ts-projects/ts-express-decorators/packages/mongoose/src/utils/schemaOptions" />
</testsuite>
<testsuite package="org.eslint" time="0" tests="1" errors="0" name="/Users/romainlenzotti/workspace/ts-projects/ts-express-decorators/packages/passport/src/PassportModule.ts">
<testcase time="0" name="/Users/romainlenzotti/workspace/ts-projects/ts-express-decorators/packages/passport/src/PassportModule.ts" classname="/Users/romainlenzotti/workspace/ts-projects/ts-express-decorators/packages/passport/src/PassportModule" />
</testsuite>
<testsuite package="org.eslint" time="0" tests="1" errors="0" name="/Users/romainlenzotti/workspace/ts-projects/ts-express-decorators/packages/passport/src/decorators/args.spec.ts">
<testcase time="0" name="/Users/romainlenzotti/workspace/ts-projects/ts-express-decorators/packages/passport/src/decorators/args.spec.ts" classname="/Users/romainlenzotti/workspace/ts-projects/ts-express-decorators/packages/passport/src/decorators/args.spec" />
</testsuite>
<testsuite package="org.eslint" time="0" tests="1" errors="0" name="/Users/romainlenzotti/workspace/ts-projects/ts-express-decorators/packages/passport/src/decorators/args.ts">
<testcase time="0" name="/Users/romainlenzotti/workspace/ts-projects/ts-express-decorators/packages/passport/src/decorators/args.ts" classname="/Users/romainlenzotti/workspace/ts-projects/ts-express-decorators/packages/passport/src/decorators/args" />
</testsuite>
<testsuite package="org.eslint" time="0" tests="1" errors="0" name="/Users/romainlenzotti/workspace/ts-projects/ts-express-decorators/packages/passport/src/decorators/authenticate.spec.ts">
<testcase time="0" name="/Users/romainlenzotti/workspace/ts-projects/ts-express-decorators/packages/passport/src/decorators/authenticate.spec.ts" classname="/Users/romainlenzotti/workspace/ts-projects/ts-express-decorators/packages/passport/src/decorators/authenticate.spec" />
</testsuite>
<testsuite package="org.eslint" time="0" tests="1" errors="0" name="/Users/romainlenzotti/workspace/ts-projects/ts-express-decorators/packages/passport/src/decorators/authenticate.ts">
<testcase time="0" name="/Users/romainlenzotti/workspace/ts-projects/ts-express-decorators/packages/passport/src/decorators/authenticate.ts" classname="/Users/romainlenzotti/workspace/ts-projects/ts-express-decorators/packages/passport/src/decorators/authenticate" />
</testsuite>
<testsuite package="org.eslint" time="0" tests="1" errors="0" name="/Users/romainlenzotti/workspace/ts-projects/ts-express-decorators/packages/passport/src/decorators/authorize.spec.ts">
<testcase time="0" name="/Users/romainlenzotti/workspace/ts-projects/ts-express-decorators/packages/passport/src/decorators/authorize.spec.ts" classname="/Users/romainlenzotti/workspace/ts-projects/ts-express-decorators/packages/passport/src/decorators/authorize.spec" />
</testsuite>
<testsuite package="org.eslint" time="0" tests="1" errors="0" name="/Users/romainlenzotti/workspace/ts-projects/ts-express-decorators/packages/passport/src/decorators/authorize.ts">
<testcase time="0" name="/Users/romainlenzotti/workspace/ts-projects/ts-express-decorators/packages/passport/src/decorators/authorize.ts" classname="/Users/romainlenzotti/workspace/ts-projects/ts-express-decorators/packages/passport/src/decorators/authorize" />
</testsuite>
<testsuite package="org.eslint" time="0" tests="1" errors="0" name="/Users/romainlenzotti/workspace/ts-projects/ts-express-decorators/packages/passport/src/decorators/protocol.ts">
<testcase time="0" name="/Users/romainlenzotti/workspace/ts-projects/ts-express-decorators/packages/passport/src/decorators/protocol.ts" classname="/Users/romainlenzotti/workspace/ts-projects/ts-express-decorators/packages/passport/src/decorators/protocol" />
</testsuite>
<testsuite package="org.eslint" time="0" tests="1" errors="0" name="/Users/romainlenzotti/workspace/ts-projects/ts-express-decorators/packages/passport/src/domain/UserInfo.ts">
<testcase time="0" name="/Users/romainlenzotti/workspace/ts-projects/ts-express-decorators/packages/passport/src/domain/UserInfo.ts" classname="/Users/romainlenzotti/workspace/ts-projects/ts-express-decorators/packages/passport/src/domain/UserInfo" />
</testsuite>
<testsuite package="org.eslint" time="0" tests="1" errors="0" name="/Users/romainlenzotti/workspace/ts-projects/ts-express-decorators/packages/passport/src/index.ts">
<testcase time="0" name="/Users/romainlenzotti/workspace/ts-projects/ts-express-decorators/packages/passport/src/index.ts" classname="/Users/romainlenzotti/workspace/ts-projects/ts-express-decorators/packages/passport/src/index" />
</testsuite>
<testsuite package="org.eslint" time="0" tests="1" errors="0" name="/Users/romainlenzotti/workspace/ts-projects/ts-express-decorators/packages/passport/src/interfaces/IProtocol.ts">
<testcase time="0" name="/Users/romainlenzotti/workspace/ts-projects/ts-express-decorators/packages/passport/src/interfaces/IProtocol.ts" classname="/Users/romainlenzotti/workspace/ts-projects/ts-express-decorators/packages/passport/src/interfaces/IProtocol" />
</testsuite>
<testsuite package="org.eslint" time="0" tests="1" errors="0" name="/Users/romainlenzotti/workspace/ts-projects/ts-express-decorators/packages/passport/src/interfaces/IProtocolOptions.ts">
<testcase time="0" name="/Users/romainlenzotti/workspace/ts-projects/ts-express-decorators/packages/passport/src/interfaces/IProtocolOptions.ts" classname="/Users/romainlenzotti/workspace/ts-projects/ts-express-decorators/packages/passport/src/interfaces/IProtocolOptions" />
</testsuite>
<testsuite package="org.eslint" time="0" tests="1" errors="0" name="/Users/romainlenzotti/workspace/ts-projects/ts-express-decorators/packages/passport/src/interfaces/OnInstall.ts">
<testcase time="0" name="/Users/romainlenzotti/workspace/ts-projects/ts-express-decorators/packages/passport/src/interfaces/OnInstall.ts" classname="/Users/romainlenzotti/workspace/ts-projects/ts-express-decorators/packages/passport/src/interfaces/OnInstall" />
</testsuite>
<testsuite package="org.eslint" time="0" tests="1" errors="0" name="/Users/romainlenzotti/workspace/ts-projects/ts-express-decorators/packages/passport/src/interfaces/OnVerify.ts">
<testcase time="0" name="/Users/romainlenzotti/workspace/ts-projects/ts-express-decorators/packages/passport/src/interfaces/OnVerify.ts" classname="/Users/romainlenzotti/workspace/ts-projects/ts-express-decorators/packages/passport/src/interfaces/OnVerify" />
</testsuite>
<testsuite package="org.eslint" time="0" tests="1" errors="0" name="/Users/romainlenzotti/workspace/ts-projects/ts-express-decorators/packages/passport/src/interfaces/index.ts">
<testcase time="0" name="/Users/romainlenzotti/workspace/ts-projects/ts-express-decorators/packages/passport/src/interfaces/index.ts" classname="/Users/romainlenzotti/workspace/ts-projects/ts-express-decorators/packages/passport/src/interfaces/index" />
</testsuite>
<testsuite package="org.eslint" time="0" tests="1" errors="0" name="/Users/romainlenzotti/workspace/ts-projects/ts-express-decorators/packages/passport/src/middlewares/PassportMiddleware.spec.ts">
<testcase time="0" name="/Users/romainlenzotti/workspace/ts-projects/ts-express-decorators/packages/passport/src/middlewares/PassportMiddleware.spec.ts" classname="/Users/romainlenzotti/workspace/ts-projects/ts-express-decorators/packages/passport/src/middlewares/PassportMiddleware.spec" />
</testsuite>
<testsuite package="org.eslint" time="0" tests="1" errors="0" name="/Users/romainlenzotti/workspace/ts-projects/ts-express-decorators/packages/passport/src/middlewares/PassportMiddleware.ts">
<testcase time="0" name="/Users/romainlenzotti/workspace/ts-projects/ts-express-decorators/packages/passport/src/middlewares/PassportMiddleware.ts" classname="/Users/romainlenzotti/workspace/ts-projects/ts-express-decorators/packages/passport/src/middlewares/PassportMiddleware" />
</testsuite>
<testsuite package="org.eslint" time="0" tests="1" errors="0" name="/Users/romainlenzotti/workspace/ts-projects/ts-express-decorators/packages/passport/src/registries/ProtocolRegistries.ts">
<testcase time="0" name="/Users/romainlenzotti/workspace/ts-projects/ts-express-decorators/packages/passport/src/registries/ProtocolRegistries.ts" classname="/Users/romainlenzotti/workspace/ts-projects/ts-express-decorators/packages/passport/src/registries/ProtocolRegistries" />
</testsuite>
<testsuite package="org.eslint" time="0" tests="1" errors="0" name="/Users/romainlenzotti/workspace/ts-projects/ts-express-decorators/packages/passport/src/services/PassportSerializerService.spec.ts">
<testcase time="0" name="/Users/romainlenzotti/workspace/ts-projects/ts-express-decorators/packages/passport/src/services/PassportSerializerService.spec.ts" classname="/Users/romainlenzotti/workspace/ts-projects/ts-express-decorators/packages/passport/src/services/PassportSerializerService.spec" />
</testsuite>
<testsuite package="org.eslint" time="0" tests="1" errors="0" name="/Users/romainlenzotti/workspace/ts-projects/ts-express-decorators/packages/passport/src/services/PassportSerializerService.ts">
<testcase time="0" name="/Users/romainlenzotti/workspace/ts-projects/ts-express-decorators/packages/passport/src/services/PassportSerializerService.ts" classname="/Users/romainlenzotti/workspace/ts-projects/ts-express-decorators/packages/passport/src/services/PassportSerializerService" />
</testsuite>
<testsuite package="org.eslint" time="0" tests="1" errors="0" name="/Users/romainlenzotti/workspace/ts-projects/ts-express-decorators/packages/passport/src/services/ProtocolsService.spec.ts">
<testcase time="0" name="/Users/romainlenzotti/workspace/ts-projects/ts-express-decorators/packages/passport/src/services/ProtocolsService.spec.ts" classname="/Users/romainlenzotti/workspace/ts-projects/ts-express-decorators/packages/passport/src/services/ProtocolsService.spec" />
</testsuite>
<testsuite package="org.eslint" time="0" tests="1" errors="0" name="/Users/romainlenzotti/workspace/ts-projects/ts-express-decorators/packages/passport/src/services/ProtocolsService.ts">
<testcase time="0" name="/Users/romainlenzotti/workspace/ts-projects/ts-express-decorators/packages/passport/src/services/ProtocolsService.ts" classname="/Users/romainlenzotti/workspace/ts-projects/ts-express-decorators/packages/passport/src/services/ProtocolsService" />
</testsuite>
<testsuite package="org.eslint" time="0" tests="1" errors="0" name="/Users/romainlenzotti/workspace/ts-projects/ts-express-decorators/packages/passport/src/utils/getProtocolsFromRequest.spec.ts">
<testcase time="0" name="/Users/romainlenzotti/workspace/ts-projects/ts-express-decorators/packages/passport/src/utils/getProtocolsFromRequest.spec.ts" classname="/Users/romainlenzotti/workspace/ts-projects/ts-express-decorators/packages/passport/src/utils/getProtocolsFromRequest.spec" />
</testsuite>
<testsuite package="org.eslint" time="0" tests="1" errors="0" name="/Users/romainlenzotti/workspace/ts-projects/ts-express-decorators/packages/passport/src/utils/getProtocolsFromRequest.ts">
<testcase time="0" name="/Users/romainlenzotti/workspace/ts-projects/ts-express-decorators/packages/passport/src/utils/getProtocolsFromRequest.ts" classname="/Users/romainlenzotti/workspace/ts-projects/ts-express-decorators/packages/passport/src/utils/getProtocolsFromRequest" />
</testsuite>
<testsuite package="org.eslint" time="0" tests="1" errors="0" name="/Users/romainlenzotti/workspace/ts-projects/ts-express-decorators/packages/platform-aws/src/components/PlatformAws.spec.ts">
<testcase time="0" name="/Users/romainlenzotti/workspace/ts-projects/ts-express-decorators/packages/platform-aws/src/components/PlatformAws.spec.ts" classname="/Users/romainlenzotti/workspace/ts-projects/ts-express-decorators/packages/platform-aws/src/components/PlatformAws.spec" />
</testsuite>
<testsuite package="org.eslint" time="0" tests="1" errors="0" name="/Users/romainlenzotti/workspace/ts-projects/ts-express-decorators/packages/platform-aws/src/components/PlatformAws.ts">
<testcase time="0" name="/Users/romainlenzotti/workspace/ts-projects/ts-express-decorators/packages/platform-aws/src/components/PlatformAws.ts" classname="/Users/romainlenzotti/workspace/ts-projects/ts-express-decorators/packages/platform-aws/src/components/PlatformAws" />
</testsuite>
<testsuite package="org.eslint" time="0" tests="1" errors="0" name="/Users/romainlenzotti/workspace/ts-projects/ts-express-decorators/packages/platform-aws/src/constants/index.ts">
<testcase time="0" name="/Users/romainlenzotti/workspace/ts-projects/ts-express-decorators/packages/platform-aws/src/constants/index.ts" classname="/Users/romainlenzotti/workspace/ts-projects/ts-express-decorators/packages/platform-aws/src/constants/index" />
</testsuite>
<testsuite package="org.eslint" time="0" tests="1" errors="0" name="/Users/romainlenzotti/workspace/ts-projects/ts-express-decorators/packages/platform-aws/src/decorators/awsContext.spec.ts">
<testcase time="0" name="/Users/romainlenzotti/workspace/ts-projects/ts-express-decorators/packages/platform-aws/src/decorators/awsContext.spec.ts" classname="/Users/romainlenzotti/workspace/ts-projects/ts-express-decorators/packages/platform-aws/src/decorators/awsContext.spec" />
</testsuite>
<testsuite package="org.eslint" time="0" tests="1" errors="0" name="/Users/romainlenzotti/workspace/ts-projects/ts-express-decorators/packages/platform-aws/src/decorators/awsContext.ts">
<testcase time="0" name="/Users/romainlenzotti/workspace/ts-projects/ts-express-decorators/packages/platform-aws/src/decorators/awsContext.ts" classname="/Users/romainlenzotti/workspace/ts-projects/ts-express-decorators/packages/platform-aws/src/decorators/awsContext" />
</testsuite>
<testsuite package="org.eslint" time="0" tests="1" errors="0" name="/Users/romainlenzotti/workspace/ts-projects/ts-express-decorators/packages/platform-aws/src/decorators/awsEvent.spec.ts">
<testcase time="0" name="/Users/romainlenzotti/workspace/ts-projects/ts-express-decorators/packages/platform-aws/src/decorators/awsEvent.spec.ts" classname="/Users/romainlenzotti/workspace/ts-projects/ts-express-decorators/packages/platform-aws/src/decorators/awsEvent.spec" />
</testsuite>
<testsuite package="org.eslint" time="0" tests="1" errors="0" name="/Users/romainlenzotti/workspace/ts-projects/ts-express-decorators/packages/platform-aws/src/decorators/awsEvent.ts">
<testcase time="0" name="/Users/romainlenzotti/workspace/ts-projects/ts-express-decorators/packages/platform-aws/src/decorators/awsEvent.ts" classname="/Users/romainlenzotti/workspace/ts-projects/ts-express-decorators/packages/platform-aws/src/decorators/awsEvent" />
</testsuite>
<testsuite package="org.eslint" time="0" tests="1" errors="0" name="/Users/romainlenzotti/workspace/ts-projects/ts-express-decorators/packages/platform-aws/src/index.ts">
<testcase time="0" name="/Users/romainlenzotti/workspace/ts-projects/ts-express-decorators/packages/platform-aws/src/index.ts" classname="/Users/romainlenzotti/workspace/ts-projects/ts-express-decorators/packages/platform-aws/src/index" />
</testsuite>
<testsuite package="org.eslint" time="0" tests="1" errors="0" name="/Users/romainlenzotti/workspace/ts-projects/ts-express-decorators/packages/platform-aws/src/pipes/ParseApiGatewayPipe.spec.ts">
<testcase time="0" name="/Users/romainlenzotti/workspace/ts-projects/ts-express-decorators/packages/platform-aws/src/pipes/ParseApiGatewayPipe.spec.ts" classname="/Users/romainlenzotti/workspace/ts-projects/ts-express-decorators/packages/platform-aws/src/pipes/ParseApiGatewayPipe.spec" />
</testsuite>
<testsuite package="org.eslint" time="0" tests="1" errors="0" name="/Users/romainlenzotti/workspace/ts-projects/ts-express-decorators/packages/platform-aws/src/pipes/ParseApiGatewayPipe.ts">
<testcase time="0" name="/Users/romainlenzotti/workspace/ts-projects/ts-express-decorators/packages/platform-aws/src/pipes/ParseApiGatewayPipe.ts" classname="/Users/romainlenzotti/workspace/ts-projects/ts-express-decorators/packages/platform-aws/src/pipes/ParseApiGatewayPipe" />
</testsuite>
<testsuite package="org.eslint" time="0" tests="1" errors="0" name="/Users/romainlenzotti/workspace/ts-projects/ts-express-decorators/packages/platform-express/src/components/PlatformExpress.spec.ts">
<testcase time="0" name="/Users/romainlenzotti/workspace/ts-projects/ts-express-decorators/packages/platform-express/src/components/PlatformExpress.spec.ts" classname="/Users/romainlenzotti/workspace/ts-projects/ts-express-decorators/packages/platform-express/src/components/PlatformExpress.spec" />
</testsuite>
<testsuite package="org.eslint" time="0" tests="1" errors="0" name="/Users/romainlenzotti/workspace/ts-projects/ts-express-decorators/packages/platform-express/src/components/PlatformExpress.ts">
<testcase time="0" name="/Users/romainlenzotti/workspace/ts-projects/ts-express-decorators/packages/platform-express/src/components/PlatformExpress.ts" classname="/Users/romainlenzotti/workspace/ts-projects/ts-express-decorators/packages/platform-express/src/components/PlatformExpress" />
</testsuite>
<testsuite package="org.eslint" time="0" tests="1" errors="0" name="/Users/romainlenzotti/workspace/ts-projects/ts-express-decorators/packages/platform-express/src/decorators/caseSensitive.ts">
<testcase time="0" name="/Users/romainlenzotti/workspace/ts-projects/ts-express-decorators/packages/platform-express/src/decorators/caseSensitive.ts" classname="/Users/romainlenzotti/workspace/ts-projects/ts-express-decorators/packages/platform-express/src/decorators/caseSensitive" />
</testsuite>
<testsuite package="org.eslint" time="0" tests="1" errors="0" name="/Users/romainlenzotti/workspace/ts-projects/ts-express-decorators/packages/platform-express/src/decorators/index.ts">
<testcase time="0" name="/Users/romainlenzotti/workspace/ts-projects/ts-express-decorators/packages/platform-express/src/decorators/index.ts" classname="/Users/romainlenzotti/workspace/ts-projects/ts-express-decorators/packages/platform-express/src/decorators/index" />
</testsuite>
<testsuite package="org.eslint" time="0" tests="1" errors="0" name="/Users/romainlenzotti/workspace/ts-projects/ts-express-decorators/packages/platform-express/src/decorators/mergeParams.ts">
<testcase time="0" name="/Users/romainlenzotti/workspace/ts-projects/ts-express-decorators/packages/platform-express/src/decorators/mergeParams.ts" classname="/Users/romainlenzotti/workspace/ts-projects/ts-express-decorators/packages/platform-express/src/decorators/mergeParams" />
</testsuite>
<testsuite package="org.eslint" time="0" tests="1" errors="0" name="/Users/romainlenzotti/workspace/ts-projects/ts-express-decorators/packages/platform-express/src/decorators/routerSettings.spec.ts">
<testcase time="0" name="/Users/romainlenzotti/workspace/ts-projects/ts-express-decorators/packages/platform-express/src/decorators/routerSettings.spec.ts" classname="/Users/romainlenzotti/workspace/ts-projects/ts-express-decorators/packages/platform-express/src/decorators/routerSettings.spec" />
</testsuite>
<testsuite package="org.eslint" time="0" tests="1" errors="0" name="/Users/romainlenzotti/workspace/ts-projects/ts-express-decorators/packages/platform-express/src/decorators/routerSettings.ts">
<testcase time="0" name="/Users/romainlenzotti/workspace/ts-projects/ts-express-decorators/packages/platform-express/src/decorators/routerSettings.ts" classname="/Users/romainlenzotti/workspace/ts-projects/ts-express-decorators/packages/platform-express/src/decorators/routerSettings" />
</testsuite>
<testsuite package="org.eslint" time="0" tests="1" errors="0" name="/Users/romainlenzotti/workspace/ts-projects/ts-express-decorators/packages/platform-express/src/decorators/strict.ts">
<testcase time="0" name="/Users/romainlenzotti/workspace/ts-projects/ts-express-decorators/packages/platform-express/src/decorators/strict.ts" classname="/Users/romainlenzotti/workspace/ts-projects/ts-express-decorators/packages/platform-express/src/decorators/strict" />
</testsuite>
<testsuite package="org.eslint" time="0" tests="1" errors="0" name="/Users/romainlenzotti/workspace/ts-projects/ts-express-decorators/packages/platform-express/src/index.ts">
<testcase time="0" name="/Users/romainlenzotti/workspace/ts-projects/ts-express-decorators/packages/platform-express/src/index.ts" classname="/Users/romainlenzotti/workspace/ts-projects/ts-express-decorators/packages/platform-express/src/index" />
</testsuite>
<testsuite package="org.eslint" time="0" tests="1" errors="0" name="/Users/romainlenzotti/workspace/ts-projects/ts-express-decorators/packages/platform-express/src/interfaces/PlatformExpressSettings.ts">
<testcase time="0" name="/Users/romainlenzotti/workspace/ts-projects/ts-express-decorators/packages/platform-express/src/interfaces/PlatformExpressSettings.ts" classname="/Users/romainlenzotti/workspace/ts-projects/ts-express-decorators/packages/platform-express/src/interfaces/PlatformExpressSettings" />
</testsuite>
<testsuite package="org.eslint" time="0" tests="1" errors="0" name="/Users/romainlenzotti/workspace/ts-projects/ts-express-decorators/packages/platform-express/src/interfaces/PlatformExpressStaticsOptions.ts">
<testcase time="0" name="/Users/romainlenzotti/workspace/ts-projects/ts-express-decorators/packages/platform-express/src/interfaces/PlatformExpressStaticsOptions.ts" classname="/Users/romainlenzotti/workspace/ts-projects/ts-express-decorators/packages/platform-express/src/interfaces/PlatformExpressStaticsOptions" />
</testsuite>
<testsuite package="org.eslint" time="0" tests="1" errors="0" name="/Users/romainlenzotti/workspace/ts-projects/ts-express-decorators/packages/platform-express/src/interfaces/index.ts">
<testcase time="0" name="/Users/romainlenzotti/workspace/ts-projects/ts-express-decorators/packages/platform-express/src/interfaces/index.ts" classname="/Users/romainlenzotti/workspace/ts-projects/ts-express-decorators/packages/platform-express/src/interfaces/index" />
</testsuite>
<testsuite package="org.eslint" time="0" tests="1" errors="0" name="/Users/romainlenzotti/workspace/ts-projects/ts-express-decorators/packages/platform-express/src/middlewares/staticsMiddleware.spec.ts">
<testcase time="0" name="/Users/romainlenzotti/workspace/ts-projects/ts-express-decorators/packages/platform-express/src/middlewares/staticsMiddleware.spec.ts" classname="/Users/romainlenzotti/workspace/ts-projects/ts-express-decorators/packages/platform-express/src/middlewares/staticsMiddleware.spec" />
</testsuite>
<testsuite package="org.eslint" time="0" tests="1" errors="0" name="/Users/romainlenzotti/workspace/ts-projects/ts-express-decorators/packages/platform-express/src/middlewares/staticsMiddleware.ts">
<testcase time="0" name="/Users/romainlenzotti/workspace/ts-projects/ts-express-decorators/packages/platform-express/src/middlewares/staticsMiddleware.ts" classname="/Users/romainlenzotti/workspace/ts-projects/ts-express-decorators/packages/platform-express/src/middlewares/staticsMiddleware" />
</testsuite>
<testsuite package="org.eslint" time="0" tests="1" errors="0" name="/Users/romainlenzotti/workspace/ts-projects/ts-express-decorators/packages/platform-express/src/services/PlatformExpressApplication.spec.ts">
<testcase time="0" name="/Users/romainlenzotti/workspace/ts-projects/ts-express-decorators/packages/platform-express/src/services/PlatformExpressApplication.spec.ts" classname="/Users/romainlenzotti/workspace/ts-projects/ts-express-decorators/packages/platform-express/src/services/PlatformExpressApplication.spec" />
</testsuite>
<testsuite package="org.eslint" time="0" tests="1" errors="0" name="/Users/romainlenzotti/workspace/ts-projects/ts-express-decorators/packages/platform-express/src/services/PlatformExpressApplication.ts">
<testcase time="0" name="/Users/romainlenzotti/workspace/ts-projects/ts-express-decorators/packages/platform-express/src/services/PlatformExpressApplication.ts" classname="/Users/romainlenzotti/workspace/ts-projects/ts-express-decorators/packages/platform-express/src/services/PlatformExpressApplication" />
</testsuite>
<testsuite package="org.eslint" time="0" tests="1" errors="0" name="/Users/romainlenzotti/workspace/ts-projects/ts-express-decorators/packages/platform-express/src/services/PlatformExpressHandler.spec.ts">
<testcase time="0" name="/Users/romainlenzotti/workspace/ts-projects/ts-express-decorators/packages/platform-express/src/services/PlatformExpressHandler.spec.ts" classname="/Users/romainlenzotti/workspace/ts-projects/ts-express-decorators/packages/platform-express/src/services/PlatformExpressHandler.spec" />
</testsuite>
<testsuite package="org.eslint" time="0" tests="1" errors="0" name="/Users/romainlenzotti/workspace/ts-projects/ts-express-decorators/packages/platform-express/src/services/PlatformExpressHandler.ts">
<testcase time="0" name="/Users/romainlenzotti/workspace/ts-projects/ts-express-decorators/packages/platform-express/src/services/PlatformExpressHandler.ts" classname="/Users/romainlenzotti/workspace/ts-projects/ts-express-decorators/packages/platform-express/src/services/PlatformExpressHandler" />
</testsuite>
<testsuite package="org.eslint" time="0" tests="1" errors="0" name="/Users/romainlenzotti/workspace/ts-projects/ts-express-decorators/packages/platform-express/src/services/PlatformExpressRequest.ts">
<testcase time="0" name="/Users/romainlenzotti/workspace/ts-projects/ts-express-decorators/packages/platform-express/src/services/PlatformExpressRequest.ts" classname="/Users/romainlenzotti/workspace/ts-projects/ts-express-decorators/packages/platform-express/src/services/PlatformExpressRequest" />
</testsuite>
<testsuite package="org.eslint" time="0" tests="1" errors="0" name="/Users/romainlenzotti/workspace/ts-projects/ts-express-decorators/packages/platform-express/src/services/PlatformExpressResponse.spec.ts">
<testcase time="0" name="/Users/romainlenzotti/workspace/ts-projects/ts-express-decorators/packages/platform-express/src/services/PlatformExpressResponse.spec.ts" classname="/Users/romainlenzotti/workspace/ts-projects/ts-express-decorators/packages/platform-express/src/services/PlatformExpressResponse.spec" />
</testsuite>
<testsuite package="org.eslint" time="0" tests="1" errors="0" name="/Users/romainlenzotti/workspace/ts-projects/ts-express-decorators/packages/platform-express/src/services/PlatformExpressResponse.ts">
<testcase time="0" name="/Users/romainlenzotti/workspace/ts-projects/ts-express-decorators/packages/platform-express/src/services/PlatformExpressResponse.ts" classname="/Users/romainlenzotti/workspace/ts-projects/ts-express-decorators/packages/platform-express/src/services/PlatformExpressResponse" />
</testsuite>
<testsuite package="org.eslint" time="0" tests="1" errors="0" name="/Users/romainlenzotti/workspace/ts-projects/ts-express-decorators/packages/platform-express/src/services/PlatformExpressRouter.spec.ts">
<testcase time="0" name="/Users/romainlenzotti/workspace/ts-projects/ts-express-decorators/packages/platform-express/src/services/PlatformExpressRouter.spec.ts" classname="/Users/romainlenzotti/workspace/ts-projects/ts-express-decorators/packages/platform-express/src/services/PlatformExpressRouter.spec" />
</testsuite>
<testsuite package="org.eslint" time="0" tests="1" errors="0" name="/Users/romainlenzotti/workspace/ts-projects/ts-express-decorators/packages/platform-express/src/services/PlatformExpressRouter.ts">
<testcase time="0" name="/Users/romainlenzotti/workspace/ts-projects/ts-express-decorators/packages/platform-express/src/services/PlatformExpressRouter.ts" classname="/Users/romainlenzotti/workspace/ts-projects/ts-express-decorators/packages/platform-express/src/services/PlatformExpressRouter" />
</testsuite>
<testsuite package="org.eslint" time="0" tests="1" errors="0" name="/Users/romainlenzotti/workspace/ts-projects/ts-express-decorators/packages/platform-express/src/services/index.ts">
<testcase time="0" name="/Users/romainlenzotti/workspace/ts-projects/ts-express-decorators/packages/platform-express/src/services/index.ts" classname="/Users/romainlenzotti/workspace/ts-projects/ts-express-decorators/packages/platform-express/src/services/index" />
</testsuite>
<testsuite package="org.eslint" time="0" tests="1" errors="0" name="/Users/romainlenzotti/workspace/ts-projects/ts-express-decorators/packages/platform-koa/src/components/PlatformKoa.spec.ts">
<testcase time="0" name="/Users/romainlenzotti/workspace/ts-projects/ts-express-decorators/packages/platform-koa/src/components/PlatformKoa.spec.ts" classname="/Users/romainlenzotti/workspace/ts-projects/ts-express-decorators/packages/platform-koa/src/components/PlatformKoa.spec" />
</testsuite>
<testsuite package="org.eslint" time="0" tests="1" errors="0" name="/Users/romainlenzotti/workspace/ts-projects/ts-express-decorators/packages/platform-koa/src/components/PlatformKoa.ts">
<testcase time="0" name="/Users/romainlenzotti/workspace/ts-projects/ts-express-decorators/packages/platform-koa/src/components/PlatformKoa.ts" classname="/Users/romainlenzotti/workspace/ts-projects/ts-express-decorators/packages/platform-koa/src/components/PlatformKoa" />
</testsuite>
<testsuite package="org.eslint" time="0" tests="1" errors="0" name="/Users/romainlenzotti/workspace/ts-projects/ts-express-decorators/packages/platform-koa/src/decorators/caseSensitive.ts">
<testcase time="0" name="/Users/romainlenzotti/workspace/ts-projects/ts-express-decorators/packages/platform-koa/src/decorators/caseSensitive.ts" classname="/Users/romainlenzotti/workspace/ts-projects/ts-express-decorators/packages/platform-koa/src/decorators/caseSensitive" />
</testsuite>
<testsuite package="org.eslint" time="0" tests="1" errors="0" name="/Users/romainlenzotti/workspace/ts-projects/ts-express-decorators/packages/platform-koa/src/decorators/ctx.spec.ts">
<testcase time="0" name="/Users/romainlenzotti/workspace/ts-projects/ts-express-decorators/packages/platform-koa/src/decorators/ctx.spec.ts" classname="/Users/romainlenzotti/workspace/ts-projects/ts-express-decorators/packages/platform-koa/src/decorators/ctx.spec" />
</testsuite>
<testsuite package="org.eslint" time="0" tests="1" errors="0" name="/Users/romainlenzotti/workspace/ts-projects/ts-express-decorators/packages/platform-koa/src/decorators/ctx.ts">
<testcase time="0" name="/Users/romainlenzotti/workspace/ts-projects/ts-express-decorators/packages/platform-koa/src/decorators/ctx.ts" classname="/Users/romainlenzotti/workspace/ts-projects/ts-express-decorators/packages/platform-koa/src/decorators/ctx" />
</testsuite>
<testsuite package="org.eslint" time="0" tests="1" errors="0" name="/Users/romainlenzotti/workspace/ts-projects/ts-express-decorators/packages/platform-koa/src/decorators/index.ts">
<testcase time="0" name="/Users/romainlenzotti/workspace/ts-projects/ts-express-decorators/packages/platform-koa/src/decorators/index.ts" classname="/Users/romainlenzotti/workspace/ts-projects/ts-express-decorators/packages/platform-koa/src/decorators/index" />
</testsuite>
<testsuite package="org.eslint" time="0" tests="1" errors="0" name="/Users/romainlenzotti/workspace/ts-projects/ts-express-decorators/packages/platform-koa/src/decorators/routerSettings.spec.ts">
<testcase time="0" name="/Users/romainlenzotti/workspace/ts-projects/ts-express-decorators/packages/platform-koa/src/decorators/routerSettings.spec.ts" classname="/Users/romainlenzotti/workspace/ts-projects/ts-express-decorators/packages/platform-koa/src/decorators/routerSettings.spec" />
</testsuite>
<testsuite package="org.eslint" time="0" tests="1" errors="0" name="/Users/romainlenzotti/workspace/ts-projects/ts-express-decorators/packages/platform-koa/src/decorators/routerSettings.ts">
<testcase time="0" name="/Users/romainlenzotti/workspace/ts-projects/ts-express-decorators/packages/platform-koa/src/decorators/routerSettings.ts" classname="/Users/romainlenzotti/workspace/ts-projects/ts-express-decorators/packages/platform-koa/src/decorators/routerSettings" />
</testsuite>
<testsuite package="org.eslint" time="0" tests="1" errors="0" name="/Users/romainlenzotti/workspace/ts-projects/ts-express-decorators/packages/platform-koa/src/decorators/state.spec.ts">
<testcase time="0" name="/Users/romainlenzotti/workspace/ts-projects/ts-express-decorators/packages/platform-koa/src/decorators/state.spec.ts" classname="/Users/romainlenzotti/workspace/ts-projects/ts-express-decorators/packages/platform-koa/src/decorators/state.spec" />
</testsuite>
<testsuite package="org.eslint" time="0" tests="1" errors="0" name="/Users/romainlenzotti/workspace/ts-projects/ts-express-decorators/packages/platform-koa/src/decorators/state.ts">
<testcase time="0" name="/Users/romainlenzotti/workspace/ts-projects/ts-express-decorators/packages/platform-koa/src/decorators/state.ts" classname="/Users/romainlenzotti/workspace/ts-projects/ts-express-decorators/packages/platform-koa/src/decorators/state" />
</testsuite>
<testsuite package="org.eslint" time="0" tests="1" errors="0" name="/Users/romainlenzotti/workspace/ts-projects/ts-express-decorators/packages/platform-koa/src/decorators/strict.ts">
<testcase time="0" name="/Users/romainlenzotti/workspace/ts-projects/ts-express-decorators/packages/platform-koa/src/decorators/strict.ts" classname="/Users/romainlenzotti/workspace/ts-projects/ts-express-decorators/packages/platform-koa/src/decorators/strict" />
</testsuite>
<testsuite package="org.eslint" time="0" tests="1" errors="0" name="/Users/romainlenzotti/workspace/ts-projects/ts-express-decorators/packages/platform-koa/src/index.ts">
<testcase time="0" name="/Users/romainlenzotti/workspace/ts-projects/ts-express-decorators/packages/platform-koa/src/index.ts" classname="/Users/romainlenzotti/workspace/ts-projects/ts-express-decorators/packages/platform-koa/src/index" />
</testsuite>
<testsuite package="org.eslint" time="0" tests="1" errors="0" name="/Users/romainlenzotti/workspace/ts-projects/ts-express-decorators/packages/platform-koa/src/interfaces/PlatformKoaSettings.ts">
<testcase time="0" name="/Users/romainlenzotti/workspace/ts-projects/ts-express-decorators/packages/platform-koa/src/interfaces/PlatformKoaSettings.ts" classname="/Users/romainlenzotti/workspace/ts-projects/ts-express-decorators/packages/platform-koa/src/interfaces/PlatformKoaSettings" />
</testsuite>
<testsuite package="org.eslint" time="0" tests="1" errors="0" name="/Users/romainlenzotti/workspace/ts-projects/ts-express-decorators/packages/platform-koa/src/interfaces/index.ts">
<testcase time="0" name="/Users/romainlenzotti/workspace/ts-projects/ts-express-decorators/packages/platform-koa/src/interfaces/index.ts" classname="/Users/romainlenzotti/workspace/ts-projects/ts-express-decorators/packages/platform-koa/src/interfaces/index" />
</testsuite>
<testsuite package="org.eslint" time="0" tests="1" errors="0" name="/Users/romainlenzotti/workspace/ts-projects/ts-express-decorators/packages/platform-koa/src/middlewares/resourceNotFoundMiddleware.ts">
<testcase time="0" name="/Users/romainlenzotti/workspace/ts-projects/ts-express-decorators/packages/platform-koa/src/middlewares/resourceNotFoundMiddleware.ts" classname="/Users/romainlenzotti/workspace/ts-projects/ts-express-decorators/packages/platform-koa/src/middlewares/resourceNotFoundMiddleware" />
</testsuite>
<testsuite package="org.eslint" time="0" tests="1" errors="0" name="/Users/romainlenzotti/workspace/ts-projects/ts-express-decorators/packages/platform-koa/src/middlewares/staticsMiddleware.ts">
<testcase time="0" name="/Users/romainlenzotti/workspace/ts-projects/ts-express-decorators/packages/platform-koa/src/middlewares/staticsMiddleware.ts" classname="/Users/romainlenzotti/workspace/ts-projects/ts-express-decorators/packages/platform-koa/src/middlewares/staticsMiddleware" />
</testsuite>
<testsuite package="org.eslint" time="0" tests="1" errors="0" name="/Users/romainlenzotti/workspace/ts-projects/ts-express-decorators/packages/platform-koa/src/services/PlatformKoaApplication.ts">
<testcase time="0" name="/Users/romainlenzotti/workspace/ts-projects/ts-express-decorators/packages/platform-koa/src/services/PlatformKoaApplication.ts" classname="/Users/romainlenzotti/workspace/ts-projects/ts-express-decorators/packages/platform-koa/src/services/PlatformKoaApplication" />
</testsuite>
<testsuite package="org.eslint" time="0" tests="1" errors="0" name="/Users/romainlenzotti/workspace/ts-projects/ts-express-decorators/packages/platform-koa/src/services/PlatformKoaHandler.spec.ts">
<testcase time="0" name="/Users/romainlenzotti/workspace/ts-projects/ts-express-decorators/packages/platform-koa/src/services/PlatformKoaHandler.spec.ts" classname="/Users/romainlenzotti/workspace/ts-projects/ts-express-decorators/packages/platform-koa/src/services/PlatformKoaHandler.spec" />
</testsuite>
<testsuite package="org.eslint" time="0" tests="1" errors="0" name="/Users/romainlenzotti/workspace/ts-projects/ts-express-decorators/packages/platform-koa/src/services/PlatformKoaHandler.ts">
<testcase time="0" name="/Users/romainlenzotti/workspace/ts-projects/ts-express-decorators/packages/platform-koa/src/services/PlatformKoaHandler.ts" classname="/Users/romainlenzotti/workspace/ts-projects/ts-express-decorators/packages/platform-koa/src/services/PlatformKoaHandler" />
</testsuite>
<testsuite package="org.eslint" time="0" tests="1" errors="0" name="/Users/romainlenzotti/workspace/ts-projects/ts-express-decorators/packages/platform-koa/src/services/PlatformKoaRequest.spec.ts">
<testcase time="0" name="/Users/romainlenzotti/workspace/ts-projects/ts-express-decorators/packages/platform-koa/src/services/PlatformKoaRequest.spec.ts" classname="/Users/romainlenzotti/workspace/ts-projects/ts-express-decorators/packages/platform-koa/src/services/PlatformKoaRequest.spec" />
</testsuite>
<testsuite package="org.eslint" time="0" tests="1" errors="0" name="/Users/romainlenzotti/workspace/ts-projects/ts-express-decorators/packages/platform-koa/src/services/PlatformKoaRequest.ts">
<testcase time="0" name="/Users/romainlenzotti/workspace/ts-projects/ts-express-decorators/packages/platform-koa/src/services/PlatformKoaRequest.ts" classname="/Users/romainlenzotti/workspace/ts-projects/ts-express-decorators/packages/platform-koa/src/services/PlatformKoaRequest" />
</testsuite>
<testsuite package="org.eslint" time="0" tests="1" errors="0" name="/Users/romainlenzotti/workspace/ts-projects/ts-express-decorators/packages/platform-koa/src/services/PlatformKoaResponse.spec.ts">
<testcase time="0" name="/Users/romainlenzotti/workspace/ts-projects/ts-express-decorators/packages/platform-koa/src/services/PlatformKoaResponse.spec.ts" classname="/Users/romainlenzotti/workspace/ts-projects/ts-express-decorators/packages/platform-koa/src/services/PlatformKoaResponse.spec" />
</testsuite>
<testsuite package="org.eslint" time="0" tests="1" errors="0" name="/Users/romainlenzotti/workspace/ts-projects/ts-express-decorators/packages/platform-koa/src/services/PlatformKoaResponse.ts">
<testcase time="0" name="/Users/romainlenzotti/workspace/ts-projects/ts-express-decorators/packages/platform-koa/src/services/PlatformKoaResponse.ts" classname="/Users/romainlenzotti/workspace/ts-projects/ts-express-decorators/packages/platform-koa/src/services/PlatformKoaResponse" />
</testsuite>
<testsuite package="org.eslint" time="0" tests="1" errors="0" name="/Users/romainlenzotti/workspace/ts-projects/ts-express-decorators/packages/platform-koa/src/services/PlatformKoaRouter.ts">
<testcase time="0" name="/Users/romainlenzotti/workspace/ts-projects/ts-express-decorators/packages/platform-koa/src/services/PlatformKoaRouter.ts" classname="/Users/romainlenzotti/workspace/ts-projects/ts-express-decorators/packages/platform-koa/src/services/PlatformKoaRouter" />
</testsuite>
<testsuite package="org.eslint" time="0" tests="1" errors="0" name="/Users/romainlenzotti/workspace/ts-projects/ts-express-decorators/packages/platform-koa/src/services/index.ts">
<testcase time="0" name="/Users/romainlenzotti/workspace/ts-projects/ts-express-decorators/packages/platform-koa/src/services/index.ts" classname="/Users/romainlenzotti/workspace/ts-projects/ts-express-decorators/packages/platform-koa/src/services/index" />
</testsuite>
<testsuite package="org.eslint" time="0" tests="1" errors="0" name="/Users/romainlenzotti/workspace/ts-projects/ts-express-decorators/packages/platform-koa/src/utils/multer.ts">
<testcase time="0" name="/Users/romainlenzotti/workspace/ts-projects/ts-express-decorators/packages/platform-koa/src/utils/multer.ts" classname="/Users/romainlenzotti/workspace/ts-projects/ts-express-decorators/packages/platform-koa/src/utils/multer" />
</testsuite>
<testsuite package="org.eslint" time="0" tests="1" errors="0" name="/Users/romainlenzotti/workspace/ts-projects/ts-express-decorators/packages/platform-test-utils/src/errors/CustomBadRequest.ts">
<testcase time="0" name="/Users/romainlenzotti/workspace/ts-projects/ts-express-decorators/packages/platform-test-utils/src/errors/CustomBadRequest.ts" classname="/Users/romainlenzotti/workspace/ts-projects/ts-express-decorators/packages/platform-test-utils/src/errors/CustomBadRequest" />
</testsuite>
<testsuite package="org.eslint" time="0" tests="1" errors="0" name="/Users/romainlenzotti/workspace/ts-projects/ts-express-decorators/packages/platform-test-utils/src/errors/CustomInternalError.ts">
<testcase time="0" name="/Users/romainlenzotti/workspace/ts-projects/ts-express-decorators/packages/platform-test-utils/src/errors/CustomInternalError.ts" classname="/Users/romainlenzotti/workspace/ts-projects/ts-express-decorators/packages/platform-test-utils/src/errors/CustomInternalError" />
</testsuite>
<testsuite package="org.eslint" time="0" tests="1" errors="0" name="/Users/romainlenzotti/workspace/ts-projects/ts-express-decorators/packages/platform-test-utils/src/index.ts">
<testcase time="0" name="/Users/romainlenzotti/workspace/ts-projects/ts-express-decorators/packages/platform-test-utils/src/index.ts" classname="/Users/romainlenzotti/workspace/ts-projects/ts-express-decorators/packages/platform-test-utils/src/index" />
</testsuite>
<testsuite package="org.eslint" time="0" tests="1" errors="0" name="/Users/romainlenzotti/workspace/ts-projects/ts-express-decorators/packages/platform-test-utils/src/interfaces/index.ts">
<testcase time="0" name="/Users/romainlenzotti/workspace/ts-projects/ts-express-decorators/packages/platform-test-utils/src/interfaces/index.ts" classname="/Users/romainlenzotti/workspace/ts-projects/ts-express-decorators/packages/platform-test-utils/src/interfaces/index" />
</testsuite>
<testsuite package="org.eslint" time="0" tests="1" errors="0" name="/Users/romainlenzotti/workspace/ts-projects/ts-express-decorators/packages/platform-test-utils/src/modules/feature/FeatureModule.ts">
<testcase time="0" name="/Users/romainlenzotti/workspace/ts-projects/ts-express-decorators/packages/platform-test-utils/src/modules/feature/FeatureModule.ts" classname="/Users/romainlenzotti/workspace/ts-projects/ts-express-decorators/packages/platform-test-utils/src/modules/feature/FeatureModule" />
</testsuite>
<testsuite package="org.eslint" time="0" tests="1" errors="0" name="/Users/romainlenzotti/workspace/ts-projects/ts-express-decorators/packages/platform-test-utils/src/modules/feature/controllers/FeatureController.ts">
<testcase time="0" name="/Users/romainlenzotti/workspace/ts-projects/ts-express-decorators/packages/platform-test-utils/src/modules/feature/controllers/FeatureController.ts" classname="/Users/romainlenzotti/workspace/ts-projects/ts-express-decorators/packages/platform-test-utils/src/modules/feature/controllers/FeatureController" />
</testsuite>
<testsuite package="org.eslint" time="0" tests="1" errors="0" name="/Users/romainlenzotti/workspace/ts-projects/ts-express-decorators/packages/platform-test-utils/src/tests/index.ts">
<testcase time="0" name="/Users/romainlenzotti/workspace/ts-projects/ts-express-decorators/packages/platform-test-utils/src/tests/index.ts" classname="/Users/romainlenzotti/workspace/ts-projects/ts-express-decorators/packages/platform-test-utils/src/tests/index" />
</testsuite>
<testsuite package="org.eslint" time="0" tests="1" errors="0" name="/Users/romainlenzotti/workspace/ts-projects/ts-express-decorators/packages/platform-test-utils/src/tests/testAcceptMime.ts">
<testcase time="0" name="/Users/romainlenzotti/workspace/ts-projects/ts-express-decorators/packages/platform-test-utils/src/tests/testAcceptMime.ts" classname="/Users/romainlenzotti/workspace/ts-projects/ts-express-decorators/packages/platform-test-utils/src/tests/testAcceptMime" />
</testsuite>
<testsuite package="org.eslint" time="0" tests="1" errors="0" name="/Users/romainlenzotti/workspace/ts-projects/ts-express-decorators/packages/platform-test-utils/src/tests/testAuth.ts">
<testcase time="0" name="/Users/romainlenzotti/workspace/ts-projects/ts-express-decorators/packages/platform-test-utils/src/tests/testAuth.ts" classname="/Users/romainlenzotti/workspace/ts-projects/ts-express-decorators/packages/platform-test-utils/src/tests/testAuth" />
</testsuite>
<testsuite package="org.eslint" time="0" tests="1" errors="0" name="/Users/romainlenzotti/workspace/ts-projects/ts-express-decorators/packages/platform-test-utils/src/tests/testBodyParams.ts">
<testcase time="0" name="/Users/romainlenzotti/workspace/ts-projects/ts-express-decorators/packages/platform-test-utils/src/tests/testBodyParams.ts" classname="/Users/romainlenzotti/workspace/ts-projects/ts-express-decorators/packages/platform-test-utils/src/tests/testBodyParams" />
</testsuite>
<testsuite package="org.eslint" time="0" tests="1" errors="0" name="/Users/romainlenzotti/workspace/ts-projects/ts-express-decorators/packages/platform-test-utils/src/tests/testChildrenControllers.ts">
<testcase time="0" name="/Users/romainlenzotti/workspace/ts-projects/ts-express-decorators/packages/platform-test-utils/src/tests/testChildrenControllers.ts" classname="/Users/romainlenzotti/workspace/ts-projects/ts-express-decorators/packages/platform-test-utils/src/tests/testChildrenControllers" />
</testsuite>
<testsuite package="org.eslint" time="0" tests="1" errors="0" name="/Users/romainlenzotti/workspace/ts-projects/ts-express-decorators/packages/platform-test-utils/src/tests/testCookies.ts">
<testcase time="0" name="/Users/romainlenzotti/workspace/ts-projects/ts-express-decorators/packages/platform-test-utils/src/tests/testCookies.ts" classname="/Users/romainlenzotti/workspace/ts-projects/ts-express-decorators/packages/platform-test-utils/src/tests/testCookies" />
</testsuite>
<testsuite package="org.eslint" time="0" tests="1" errors="0" name="/Users/romainlenzotti/workspace/ts-projects/ts-express-decorators/packages/platform-test-utils/src/tests/testCtrlInheritance.ts">
<testcase time="0" name="/Users/romainlenzotti/workspace/ts-projects/ts-express-decorators/packages/platform-test-utils/src/tests/testCtrlInheritance.ts" classname="/Users/romainlenzotti/workspace/ts-projects/ts-express-decorators/packages/platform-test-utils/src/tests/testCtrlInheritance" />
</testsuite>
<testsuite package="org.eslint" time="0" tests="1" errors="0" name="/Users/romainlenzotti/workspace/ts-projects/ts-express-decorators/packages/platform-test-utils/src/tests/testCustom404.ts">
<testcase time="0" name="/Users/romainlenzotti/workspace/ts-projects/ts-express-decorators/packages/platform-test-utils/src/tests/testCustom404.ts" classname="/Users/romainlenzotti/workspace/ts-projects/ts-express-decorators/packages/platform-test-utils/src/tests/testCustom404" />
</testsuite>
<testsuite package="org.eslint" time="0" tests="1" errors="0" name="/Users/romainlenzotti/workspace/ts-projects/ts-express-decorators/packages/platform-test-utils/src/tests/testErrors.ts">
<testcase time="0" name="/Users/romainlenzotti/workspace/ts-projects/ts-express-decorators/packages/platform-test-utils/src/tests/testErrors.ts" classname="/Users/romainlenzotti/workspace/ts-projects/ts-express-decorators/packages/platform-test-utils/src/tests/testErrors" />
</testsuite>
<testsuite package="org.eslint" time="0" tests="1" errors="0" name="/Users/romainlenzotti/workspace/ts-projects/ts-express-decorators/packages/platform-test-utils/src/tests/testHandlers.ts">
<testcase time="0" name="/Users/romainlenzotti/workspace/ts-projects/ts-express-decorators/packages/platform-test-utils/src/tests/testHandlers.ts" classname="/Users/romainlenzotti/workspace/ts-projects/ts-express-decorators/packages/platform-test-utils/src/tests/testHandlers" />
</testsuite>
<testsuite package="org.eslint" time="0" tests="1" errors="0" name="/Users/romainlenzotti/workspace/ts-projects/ts-express-decorators/packages/platform-test-utils/src/tests/testHeaderParams.ts">
<testcase time="0" name="/Users/romainlenzotti/workspace/ts-projects/ts-express-decorators/packages/platform-test-utils/src/tests/testHeaderParams.ts" classname="/Users/romainlenzotti/workspace/ts-projects/ts-express-decorators/packages/platform-test-utils/src/tests/testHeaderParams" />
</testsuite>
<testsuite package="org.eslint" time="0" tests="1" errors="0" name="/Users/romainlenzotti/workspace/ts-projects/ts-express-decorators/packages/platform-test-utils/src/tests/testHeaders.ts">
<testcase time="0" name="/Users/romainlenzotti/workspace/ts-projects/ts-express-decorators/packages/platform-test-utils/src/tests/testHeaders.ts" classname="/Users/romainlenzotti/workspace/ts-projects/ts-express-decorators/packages/platform-test-utils/src/tests/testHeaders" />
</testsuite>
<testsuite package="org.eslint" time="0" tests="1" errors="0" name="/Users/romainlenzotti/workspace/ts-projects/ts-express-decorators/packages/platform-test-utils/src/tests/testInheritanceController.ts">
<testcase time="0" name="/Users/romainlenzotti/workspace/ts-projects/ts-express-decorators/packages/platform-test-utils/src/tests/testInheritanceController.ts" classname="/Users/romainlenzotti/workspace/ts-projects/ts-express-decorators/packages/platform-test-utils/src/tests/testInheritanceController" />
</testsuite>
<testsuite package="org.eslint" time="0" tests="1" errors="0" name="/Users/romainlenzotti/workspace/ts-projects/ts-express-decorators/packages/platform-test-utils/src/tests/testLocals.ts">
<testcase time="0" name="/Users/romainlenzotti/workspace/ts-projects/ts-express-decorators/packages/platform-test-utils/src/tests/testLocals.ts" classname="/Users/romainlenzotti/workspace/ts-projects/ts-express-decorators/packages/platform-test-utils/src/tests/testLocals" />
</testsuite>
<testsuite package="org.eslint" time="0" tests="1" errors="0" name="/Users/romainlenzotti/workspace/ts-projects/ts-express-decorators/packages/platform-test-utils/src/tests/testLocation.ts">
<testcase time="0" name="/Users/romainlenzotti/workspace/ts-projects/ts-express-decorators/packages/platform-test-utils/src/tests/testLocation.ts" classname="/Users/romainlenzotti/workspace/ts-projects/ts-express-decorators/packages/platform-test-utils/src/tests/testLocation" />
</testsuite>
<testsuite package="org.eslint" time="0" tests="1" errors="0" name="/Users/romainlenzotti/workspace/ts-projects/ts-express-decorators/packages/platform-test-utils/src/tests/testModule.ts">
<testcase time="0" name="/Users/romainlenzotti/workspace/ts-projects/ts-express-decorators/packages/platform-test-utils/src/tests/testModule.ts" classname="/Users/romainlenzotti/workspace/ts-projects/ts-express-decorators/packages/platform-test-utils/src/tests/testModule" />
</testsuite>
<testsuite package="org.eslint" time="0" tests="1" errors="0" name="/Users/romainlenzotti/workspace/ts-projects/ts-express-decorators/packages/platform-test-utils/src/tests/testMulter.ts">
<testcase time="0" name="/Users/romainlenzotti/workspace/ts-projects/ts-express-decorators/packages/platform-test-utils/src/tests/testMulter.ts" classname="/Users/romainlenzotti/workspace/ts-projects/ts-express-decorators/packages/platform-test-utils/src/tests/testMulter" />
</testsuite>
<testsuite package="org.eslint" time="0" tests="1" errors="0" name="/Users/romainlenzotti/workspace/ts-projects/ts-express-decorators/packages/platform-test-utils/src/tests/testPathParams.ts">
<testcase time="0" name="/Users/romainlenzotti/workspace/ts-projects/ts-express-decorators/packages/platform-test-utils/src/tests/testPathParams.ts" classname="/Users/romainlenzotti/workspace/ts-projects/ts-express-decorators/packages/platform-test-utils/src/tests/testPathParams" />
</testsuite>
<testsuite package="org.eslint" time="0" tests="1" errors="0" name="/Users/romainlenzotti/workspace/ts-projects/ts-express-decorators/packages/platform-test-utils/src/tests/testQueryParams.ts">
<testcase time="0" name="/Users/romainlenzotti/workspace/ts-projects/ts-express-decorators/packages/platform-test-utils/src/tests/testQueryParams.ts" classname="/Users/romainlenzotti/workspace/ts-projects/ts-express-decorators/packages/platform-test-utils/src/tests/testQueryParams" />
</testsuite>
<testsuite package="org.eslint" time="0" tests="1" errors="0" name="/Users/romainlenzotti/workspace/ts-projects/ts-express-decorators/packages/platform-test-utils/src/tests/testRedirect.ts">
<testcase time="0" name="/Users/romainlenzotti/workspace/ts-projects/ts-express-decorators/packages/platform-test-utils/src/tests/testRedirect.ts" classname="/Users/romainlenzotti/workspace/ts-projects/ts-express-decorators/packages/platform-test-utils/src/tests/testRedirect" />
</testsuite>
<testsuite package="org.eslint" time="0" tests="1" errors="0" name="/Users/romainlenzotti/workspace/ts-projects/ts-express-decorators/packages/platform-test-utils/src/tests/testResponse.ts">
<testcase time="0" name="/Users/romainlenzotti/workspace/ts-projects/ts-express-decorators/packages/platform-test-utils/src/tests/testResponse.ts" classname="/Users/romainlenzotti/workspace/ts-projects/ts-express-decorators/packages/platform-test-utils/src/tests/testResponse" />
</testsuite>
<testsuite package="org.eslint" time="0" tests="1" errors="0" name="/Users/romainlenzotti/workspace/ts-projects/ts-express-decorators/packages/platform-test-utils/src/tests/testRouting.ts">
<testcase time="0" name="/Users/romainlenzotti/workspace/ts-projects/ts-express-decorators/packages/platform-test-utils/src/tests/testRouting.ts" classname="/Users/romainlenzotti/workspace/ts-projects/ts-express-decorators/packages/platform-test-utils/src/tests/testRouting" />
</testsuite>
<testsuite package="org.eslint" time="0" tests="1" errors="0" name="/Users/romainlenzotti/workspace/ts-projects/ts-express-decorators/packages/platform-test-utils/src/tests/testScopeRequest.ts">
<testcase time="0" name="/Users/romainlenzotti/workspace/ts-projects/ts-express-decorators/packages/platform-test-utils/src/tests/testScopeRequest.ts" classname="/Users/romainlenzotti/workspace/ts-projects/ts-express-decorators/packages/platform-test-utils/src/tests/testScopeRequest" />
</testsuite>
<testsuite package="org.eslint" time="0" tests="1" errors="0" name="/Users/romainlenzotti/workspace/ts-projects/ts-express-decorators/packages/platform-test-utils/src/tests/testSession.ts">
<testcase time="0" name="/Users/romainlenzotti/workspace/ts-projects/ts-express-decorators/packages/platform-test-utils/src/tests/testSession.ts" classname="/Users/romainlenzotti/workspace/ts-projects/ts-express-decorators/packages/platform-test-utils/src/tests/testSession" />
</testsuite>
<testsuite package="org.eslint" time="0" tests="1" errors="0" name="/Users/romainlenzotti/workspace/ts-projects/ts-express-decorators/packages/platform-test-utils/src/tests/testStatics.ts">
<testcase time="0" name="/Users/romainlenzotti/workspace/ts-projects/ts-express-decorators/packages/platform-test-utils/src/tests/testStatics.ts" classname="/Users/romainlenzotti/workspace/ts-projects/ts-express-decorators/packages/platform-test-utils/src/tests/testStatics" />
</testsuite>
<testsuite package="org.eslint" time="0" tests="1" errors="0" name="/Users/romainlenzotti/workspace/ts-projects/ts-express-decorators/packages/platform-test-utils/src/tests/testView.ts">
<testcase time="0" name="/Users/romainlenzotti/workspace/ts-projects/ts-express-decorators/packages/platform-test-utils/src/tests/testView.ts" classname="/Users/romainlenzotti/workspace/ts-projects/ts-express-decorators/packages/platform-test-utils/src/tests/testView" />
</testsuite>
<testsuite package="org.eslint" time="0" tests="1" errors="0" name="/Users/romainlenzotti/workspace/ts-projects/ts-express-decorators/packages/schema/src/constants/httpStatusMessages.ts">
<testcase time="0" name="/Users/romainlenzotti/workspace/ts-projects/ts-express-decorators/packages/schema/src/constants/httpStatusMessages.ts" classname="/Users/romainlenzotti/workspace/ts-projects/ts-express-decorators/packages/schema/src/constants/httpStatusMessages" />
</testsuite>
<testsuite package="org.eslint" time="0" tests="1" errors="0" name="/Users/romainlenzotti/workspace/ts-projects/ts-express-decorators/packages/schema/src/decorators/collections/collectionContains.ts">
<testcase time="0" name="/Users/romainlenzotti/workspace/ts-projects/ts-express-decorators/packages/schema/src/decorators/collections/collectionContains.ts" classname="/Users/romainlenzotti/workspace/ts-projects/ts-express-decorators/packages/schema/src/decorators/collections/collectionContains" />
</testsuite>
<testsuite package="org.eslint" time="0" tests="1" errors="0" name="/Users/romainlenzotti/workspace/ts-projects/ts-express-decorators/packages/schema/src/decorators/collections/collectionOf.spec.ts">
<testcase time="0" name="/Users/romainlenzotti/workspace/ts-projects/ts-express-decorators/packages/schema/src/decorators/collections/collectionOf.spec.ts" classname="/Users/romainlenzotti/workspace/ts-projects/ts-express-decorators/packages/schema/src/decorators/collections/collectionOf.spec" />
</testsuite>
<testsuite package="org.eslint" time="0" tests="1" errors="0" name="/Users/romainlenzotti/workspace/ts-projects/ts-express-decorators/packages/schema/src/decorators/collections/collectionOf.ts">
<testcase time="0" name="/Users/romainlenzotti/workspace/ts-projects/ts-express-decorators/packages/schema/src/decorators/collections/collectionOf.ts" classname="/Users/romainlenzotti/workspace/ts-projects/ts-express-decorators/packages/schema/src/decorators/collections/collectionOf" />
</testsuite>
<testsuite package="org.eslint" time="0" tests="1" errors="0" name="/Users/romainlenzotti/workspace/ts-projects/ts-express-decorators/packages/schema/src/decorators/collections/maxItems.spec.ts">
<testcase time="0" name="/Users/romainlenzotti/workspace/ts-projects/ts-express-decorators/packages/schema/src/decorators/collections/maxItems.spec.ts" classname="/Users/romainlenzotti/workspace/ts-projects/ts-express-decorators/packages/schema/src/decorators/collections/maxItems.spec" />
</testsuite>
<testsuite package="org.eslint" time="0" tests="1" errors="0" name="/Users/romainlenzotti/workspace/ts-projects/ts-express-decorators/packages/schema/src/decorators/collections/maxItems.ts">
<testcase time="0" name="/Users/romainlenzotti/workspace/ts-projects/ts-express-decorators/packages/schema/src/decorators/collections/maxItems.ts" classname="/Users/romainlenzotti/workspace/ts-projects/ts-express-decorators/packages/schema/src/decorators/collections/maxItems" />
</testsuite>
<testsuite package="org.eslint" time="0" tests="1" errors="0" name="/Users/romainlenzotti/workspace/ts-projects/ts-express-decorators/packages/schema/src/decorators/collections/maxProperties.spec.ts">
<testcase time="0" name="/Users/romainlenzotti/workspace/ts-projects/ts-express-decorators/packages/schema/src/decorators/collections/maxProperties.spec.ts" classname="/Users/romainlenzotti/workspace/ts-projects/ts-express-decorators/packages/schema/src/decorators/collections/maxProperties.spec" />
</testsuite>
<testsuite package="org.eslint" time="0" tests="1" errors="0" name="/Users/romainlenzotti/workspace/ts-projects/ts-express-decorators/packages/schema/src/decorators/collections/maxProperties.ts">
<testcase time="0" name="/Users/romainlenzotti/workspace/ts-projects/ts-express-decorators/packages/schema/src/decorators/collections/maxProperties.ts" classname="/Users/romainlenzotti/workspace/ts-projects/ts-express-decorators/packages/schema/src/decorators/collections/maxProperties" />
</testsuite>
<testsuite package="org.eslint" time="0" tests="1" errors="0" name="/Users/romainlenzotti/workspace/ts-projects/ts-express-decorators/packages/schema/src/decorators/collections/minItems.spec.ts">
<testcase time="0" name="/Users/romainlenzotti/workspace/ts-projects/ts-express-decorators/packages/schema/src/decorators/collections/minItems.spec.ts" classname="/Users/romainlenzotti/workspace/ts-projects/ts-express-decorators/packages/schema/src/decorators/collections/minItems.spec" />
</testsuite>
<testsuite package="org.eslint" time="0" tests="1" errors="0" name="/Users/romainlenzotti/workspace/ts-projects/ts-express-decorators/packages/schema/src/decorators/collections/minItems.ts">
<testcase time="0" name="/Users/romainlenzotti/workspace/ts-projects/ts-express-decorators/packages/schema/src/decorators/collections/minItems.ts" classname="/Users/romainlenzotti/workspace/ts-projects/ts-express-decorators/packages/schema/src/decorators/collections/minItems" />
</testsuite>
<testsuite package="org.eslint" time="0" tests="1" errors="0" name="/Users/romainlenzotti/workspace/ts-projects/ts-express-decorators/packages/schema/src/decorators/collections/minProperties.spec.ts">
<testcase time="0" name="/Users/romainlenzotti/workspace/ts-projects/ts-express-decorators/packages/schema/src/decorators/collections/minProperties.spec.ts" classname="/Users/romainlenzotti/workspace/ts-projects/ts-express-decorators/packages/schema/src/decorators/collections/minProperties.spec" />
</testsuite>
<testsuite package="org.eslint" time="0" tests="1" errors="0" name="/Users/romainlenzotti/workspace/ts-projects/ts-express-decorators/packages/schema/src/decorators/collections/minProperties.ts">
<testcase time="0" name="/Users/romainlenzotti/workspace/ts-projects/ts-express-decorators/packages/schema/src/decorators/collections/minProperties.ts" classname="/Users/romainlenzotti/workspace/ts-projects/ts-express-decorators/packages/schema/src/decorators/collections/minProperties" />
</testsuite>
<testsuite package="org.eslint" time="0" tests="1" errors="0" name="/Users/romainlenzotti/workspace/ts-projects/ts-express-decorators/packages/schema/src/decorators/collections/uniqueItems.spec.ts">
<testcase time="0" name="/Users/romainlenzotti/workspace/ts-projects/ts-express-decorators/packages/schema/src/decorators/collections/uniqueItems.spec.ts" classname="/Users/romainlenzotti/workspace/ts-projects/ts-express-decorators/packages/schema/src/decorators/collections/uniqueItems.spec" />
</testsuite>
<testsuite package="org.eslint" time="0" tests="1" errors="0" name="/Users/romainlenzotti/workspace/ts-projects/ts-express-decorators/packages/schema/src/decorators/collections/uniqueItems.ts">
<testcase time="0" name="/Users/romainlenzotti/workspace/ts-projects/ts-express-decorators/packages/schema/src/decorators/collections/uniqueItems.ts" classname="/Users/romainlenzotti/workspace/ts-projects/ts-express-decorators/packages/schema/src/decorators/collections/uniqueItems" />
</testsuite>
<testsuite package="org.eslint" time="0" tests="1" errors="0" name="/Users/romainlenzotti/workspace/ts-projects/ts-express-decorators/packages/schema/src/decorators/common/additionalProperties.spec.ts">
<testcase time="0" name="/Users/romainlenzotti/workspace/ts-projects/ts-express-decorators/packages/schema/src/decorators/common/additionalProperties.spec.ts" classname="/Users/romainlenzotti/workspace/ts-projects/ts-express-decorators/packages/schema/src/decorators/common/additionalProperties.spec" />
</testsuite>
<testsuite package="org.eslint" time="0" tests="1" errors="0" name="/Users/romainlenzotti/workspace/ts-projects/ts-express-decorators/packages/schema/src/decorators/common/additionalProperties.ts">
<testcase time="0" name="/Users/romainlenzotti/workspace/ts-projects/ts-express-decorators/packages/schema/src/decorators/common/additionalProperties.ts" classname="/Users/romainlenzotti/workspace/ts-projects/ts-express-decorators/packages/schema/src/decorators/common/additionalProperties" />
</testsuite>
<testsuite package="org.eslint" time="0" tests="1" errors="0" name="/Users/romainlenzotti/workspace/ts-projects/ts-express-decorators/packages/schema/src/decorators/common/allow.spec.ts">
<testcase time="0" name="/Users/romainlenzotti/workspace/ts-projects/ts-express-decorators/packages/schema/src/decorators/common/allow.spec.ts" classname="/Users/romainlenzotti/workspace/ts-projects/ts-express-decorators/packages/schema/src/decorators/common/allow.spec" />
</testsuite>
<testsuite package="org.eslint" time="0" tests="1" errors="0" name="/Users/romainlenzotti/workspace/ts-projects/ts-express-decorators/packages/schema/src/decorators/common/allow.ts">
<testcase time="0" name="/Users/romainlenzotti/workspace/ts-projects/ts-express-decorators/packages/schema/src/decorators/common/allow.ts" classname="/Users/romainlenzotti/workspace/ts-projects/ts-express-decorators/packages/schema/src/decorators/common/allow" />
</testsuite>
<testsuite package="org.eslint" time="0" tests="1" errors="0" name="/Users/romainlenzotti/workspace/ts-projects/ts-express-decorators/packages/schema/src/decorators/common/any.spec.ts">
<testcase time="0" name="/Users/romainlenzotti/workspace/ts-projects/ts-express-decorators/packages/schema/src/decorators/common/any.spec.ts" classname="/Users/romainlenzotti/workspace/ts-projects/ts-express-decorators/packages/schema/src/decorators/common/any.spec" />
</testsuite>
<testsuite package="org.eslint" time="0" tests="1" errors="0" name="/Users/romainlenzotti/workspace/ts-projects/ts-express-decorators/packages/schema/src/decorators/common/any.ts">
<testcase time="0" name="/Users/romainlenzotti/workspace/ts-projects/ts-express-decorators/packages/schema/src/decorators/common/any.ts" classname="/Users/romainlenzotti/workspace/ts-projects/ts-express-decorators/packages/schema/src/decorators/common/any" />
</testsuite>
<testsuite package="org.eslint" time="0" tests="1" errors="0" name="/Users/romainlenzotti/workspace/ts-projects/ts-express-decorators/packages/schema/src/decorators/common/const.spec.ts">
<testcase time="0" name="/Users/romainlenzotti/workspace/ts-projects/ts-express-decorators/packages/schema/src/decorators/common/const.spec.ts" classname="/Users/romainlenzotti/workspace/ts-projects/ts-express-decorators/packages/schema/src/decorators/common/const.spec" />
</testsuite>
<testsuite package="org.eslint" time="0" tests="1" errors="0" name="/Users/romainlenzotti/workspace/ts-projects/ts-express-decorators/packages/schema/src/decorators/common/const.ts">
<testcase time="0" name="/Users/romainlenzotti/workspace/ts-projects/ts-express-decorators/packages/schema/src/decorators/common/const.ts" classname="/Users/romainlenzotti/workspace/ts-projects/ts-express-decorators/packages/schema/src/decorators/common/const" />
</testsuite>
<testsuite package="org.eslint" time="0" tests="1" errors="0" name="/Users/romainlenzotti/workspace/ts-projects/ts-express-decorators/packages/schema/src/decorators/common/default.spec.ts">
<testcase time="0" name="/Users/romainlenzotti/workspace/ts-projects/ts-express-decorators/packages/schema/src/decorators/common/default.spec.ts" classname="/Users/romainlenzotti/workspace/ts-projects/ts-express-decorators/packages/schema/src/decorators/common/default.spec" />
</testsuite>
<testsuite package="org.eslint" time="0" tests="1" errors="0" name="/Users/romainlenzotti/workspace/ts-projects/ts-express-decorators/packages/schema/src/decorators/common/default.ts">
<testcase time="0" name="/Users/romainlenzotti/workspace/ts-projects/ts-express-decorators/packages/schema/src/decorators/common/default.ts" classname="/Users/romainlenzotti/workspace/ts-projects/ts-express-decorators/packages/schema/src/decorators/common/default" />
</testsuite>
<testsuite package="org.eslint" time="0" tests="1" errors="0" name="/Users/romainlenzotti/workspace/ts-projects/ts-express-decorators/packages/schema/src/decorators/common/description.spec.ts">
<testcase time="0" name="/Users/romainlenzotti/workspace/ts-projects/ts-express-decorators/packages/schema/src/decorators/common/description.spec.ts" classname="/Users/romainlenzotti/workspace/ts-projects/ts-express-decorators/packages/schema/src/decorators/common/description.spec" />
</testsuite>
<testsuite package="org.eslint" time="0" tests="1" errors="0" name="/Users/romainlenzotti/workspace/ts-projects/ts-express-decorators/packages/schema/src/decorators/common/description.ts">
<testcase time="0" name="/Users/romainlenzotti/workspace/ts-projects/ts-express-decorators/packages/schema/src/decorators/common/description.ts" classname="/Users/romainlenzotti/workspace/ts-projects/ts-express-decorators/packages/schema/src/decorators/common/description" />
</testsuite>
<testsuite package="org.eslint" time="0" tests="1" errors="0" name="/Users/romainlenzotti/workspace/ts-projects/ts-express-decorators/packages/schema/src/decorators/common/enum.spec.ts">
<testcase time="0" name="/Users/romainlenzotti/workspace/ts-projects/ts-express-decorators/packages/schema/src/decorators/common/enum.spec.ts" classname="/Users/romainlenzotti/workspace/ts-projects/ts-express-decorators/packages/schema/src/decorators/common/enum.spec" />
</testsuite>
<testsuite package="org.eslint" time="0" tests="1" errors="0" name="/Users/romainlenzotti/workspace/ts-projects/ts-express-decorators/packages/schema/src/decorators/common/enum.ts">
<testcase time="0" name="/Users/romainlenzotti/workspace/ts-projects/ts-express-decorators/packages/schema/src/decorators/common/enum.ts" classname="/Users/romainlenzotti/workspace/ts-projects/ts-express-decorators/packages/schema/src/decorators/common/enum" />
</testsuite>
<testsuite package="org.eslint" time="0" tests="1" errors="0" name="/Users/romainlenzotti/workspace/ts-projects/ts-express-decorators/packages/schema/src/decorators/common/example.spec.ts">
<testcase time="0" name="/Users/romainlenzotti/workspace/ts-projects/ts-express-decorators/packages/schema/src/decorators/common/example.spec.ts" classname="/Users/romainlenzotti/workspace/ts-projects/ts-express-decorators/packages/schema/src/decorators/common/example.spec" />
</testsuite>
<testsuite package="org.eslint" time="0" tests="1" errors="0" name="/Users/romainlenzotti/workspace/ts-projects/ts-express-decorators/packages/schema/src/decorators/common/example.ts">
<testcase time="0" name="/Users/romainlenzotti/workspace/ts-projects/ts-express-decorators/packages/schema/src/decorators/common/example.ts" classname="/Users/romainlenzotti/workspace/ts-projects/ts-express-decorators/packages/schema/src/decorators/common/example" />
</testsuite>
<testsuite package="org.eslint" time="0" tests="1" errors="0" name="/Users/romainlenzotti/workspace/ts-projects/ts-express-decorators/packages/schema/src/decorators/common/exclusiveMaximum.spec.ts">
<testcase time="0" name="/Users/romainlenzotti/workspace/ts-projects/ts-express-decorators/packages/schema/src/decorators/common/exclusiveMaximum.spec.ts" classname="/Users/romainlenzotti/workspace/ts-projects/ts-express-decorators/packages/schema/src/decorators/common/exclusiveMaximum.spec" />
</testsuite>
<testsuite package="org.eslint" time="0" tests="1" errors="0" name="/Users/romainlenzotti/workspace/ts-projects/ts-express-decorators/packages/schema/src/decorators/common/exclusiveMaximum.ts">
<testcase time="0" name="/Users/romainlenzotti/workspace/ts-projects/ts-express-decorators/packages/schema/src/decorators/common/exclusiveMaximum.ts" classname="/Users/romainlenzotti/workspace/ts-projects/ts-express-decorators/packages/schema/src/decorators/common/exclusiveMaximum" />
</testsuite>
<testsuite package="org.eslint" time="0" tests="1" errors="0" name="/Users/romainlenzotti/workspace/ts-projects/ts-express-decorators/packages/schema/src/decorators/common/exclusiveMinimum.spec.ts">
<testcase time="0" name="/Users/romainlenzotti/workspace/ts-projects/ts-express-decorators/packages/schema/src/decorators/common/exclusiveMinimum.spec.ts" classname="/Users/romainlenzotti/workspace/ts-projects/ts-express-decorators/packages/schema/src/decorators/common/exclusiveMinimum.spec" />
</testsuite>
<testsuite package="org.eslint" time="0" tests="1" errors="0" name="/Users/romainlenzotti/workspace/ts-projects/ts-express-decorators/packages/schema/src/decorators/common/exclusiveMinimum.ts">
<testcase time="0" name="/Users/romainlenzotti/workspace/ts-projects/ts-express-decorators/packages/schema/src/decorators/common/exclusiveMinimum.ts" classname="/Users/romainlenzotti/workspace/ts-projects/ts-express-decorators/packages/schema/src/decorators/common/exclusiveMinimum" />
</testsuite>
<testsuite package="org.eslint" time="0" tests="1" errors="0" name="/Users/romainlenzotti/workspace/ts-projects/ts-express-decorators/packages/schema/src/decorators/common/format.spec.ts">
<testcase time="0" name="/Users/romainlenzotti/workspace/ts-projects/ts-express-decorators/packages/schema/src/decorators/common/format.spec.ts" classname="/Users/romainlenzotti/workspace/ts-projects/ts-express-decorators/packages/schema/src/decorators/common/format.spec" />
</testsuite>
<testsuite package="org.eslint" time="0" tests="1" errors="0" name="/Users/romainlenzotti/workspace/ts-projects/ts-express-decorators/packages/schema/src/decorators/common/format.ts">
<testcase time="0" name="/Users/romainlenzotti/workspace/ts-projects/ts-express-decorators/packages/schema/src/decorators/common/format.ts" classname="/Users/romainlenzotti/workspace/ts-projects/ts-express-decorators/packages/schema/src/decorators/common/format" />
</testsuite>
<testsuite package="org.eslint" time="0" tests="1" errors="0" name="/Users/romainlenzotti/workspace/ts-projects/ts-express-decorators/packages/schema/src/decorators/common/ignore.spec.ts">
<testcase time="0" name="/Users/romainlenzotti/workspace/ts-projects/ts-express-decorators/packages/schema/src/decorators/common/ignore.spec.ts" classname="/Users/romainlenzotti/workspace/ts-projects/ts-express-decorators/packages/schema/src/decorators/common/ignore.spec" />
</testsuite>
<testsuite package="org.eslint" time="0" tests="1" errors="0" name="/Users/romainlenzotti/workspace/ts-projects/ts-express-decorators/packages/schema/src/decorators/common/ignore.ts">
<testcase time="0" name="/Users/romainlenzotti/workspace/ts-projects/ts-express-decorators/packages/schema/src/decorators/common/ignore.ts" classname="/Users/romainlenzotti/workspace/ts-projects/ts-express-decorators/packages/schema/src/decorators/common/ignore" />
</testsuite>
<testsuite package="org.eslint" time="0" tests="1" errors="0" name="/Users/romainlenzotti/workspace/ts-projects/ts-express-decorators/packages/schema/src/decorators/common/integer.spec.ts">
<testcase time="0" name="/Users/romainlenzotti/workspace/ts-projects/ts-express-decorators/packages/schema/src/decorators/common/integer.spec.ts" classname="/Users/romainlenzotti/workspace/ts-projects/ts-express-decorators/packages/schema/src/decorators/common/integer.spec" />
</testsuite>
<testsuite package="org.eslint" time="0" tests="1" errors="0" name="/Users/romainlenzotti/workspace/ts-projects/ts-express-decorators/packages/schema/src/decorators/common/integer.ts">
<testcase time="0" name="/Users/romainlenzotti/workspace/ts-projects/ts-express-decorators/packages/schema/src/decorators/common/integer.ts" classname="/Users/romainlenzotti/workspace/ts-projects/ts-express-decorators/packages/schema/src/decorators/common/integer" />
</testsuite>
<testsuite package="org.eslint" time="0" tests="1" errors="0" name="/Users/romainlenzotti/workspace/ts-projects/ts-express-decorators/packages/schema/src/decorators/common/jsonEntityFn.spec.ts">
<testcase time="0" name="/Users/romainlenzotti/workspace/ts-projects/ts-express-decorators/packages/schema/src/decorators/common/jsonEntityFn.spec.ts" classname="/Users/romainlenzotti/workspace/ts-projects/ts-express-decorators/packages/schema/src/decorators/common/jsonEntityFn.spec" />
</testsuite>
<testsuite package="org.eslint" time="0" tests="1" errors="0" name="/Users/romainlenzotti/workspace/ts-projects/ts-express-decorators/packages/schema/src/decorators/common/jsonEntityFn.ts">
<testcase time="0" name="/Users/romainlenzotti/workspace/ts-projects/ts-express-decorators/packages/schema/src/decorators/common/jsonEntityFn.ts" classname="/Users/romainlenzotti/workspace/ts-projects/ts-express-decorators/packages/schema/src/decorators/common/jsonEntityFn" />
</testsuite>
<testsuite package="org.eslint" time="0" tests="1" errors="0" name="/Users/romainlenzotti/workspace/ts-projects/ts-express-decorators/packages/schema/src/decorators/common/maxLength.spec.ts">
<testcase time="0" name="/Users/romainlenzotti/workspace/ts-projects/ts-express-decorators/packages/schema/src/decorators/common/maxLength.spec.ts" classname="/Users/romainlenzotti/workspace/ts-projects/ts-express-decorators/packages/schema/src/decorators/common/maxLength.spec" />
</testsuite>
<testsuite package="org.eslint" time="0" tests="1" errors="0" name="/Users/romainlenzotti/workspace/ts-projects/ts-express-decorators/packages/schema/src/decorators/common/maxLength.ts">
<testcase time="0" name="/Users/romainlenzotti/workspace/ts-projects/ts-express-decorators/packages/schema/src/decorators/common/maxLength.ts" classname="/Users/romainlenzotti/workspace/ts-projects/ts-express-decorators/packages/schema/src/decorators/common/maxLength" />
</testsuite>
<testsuite package="org.eslint" time="0" tests="1" errors="0" name="/Users/romainlenzotti/workspace/ts-projects/ts-express-decorators/packages/schema/src/decorators/common/maximum.spec.ts">
<testcase time="0" name="/Users/romainlenzotti/workspace/ts-projects/ts-express-decorators/packages/schema/src/decorators/common/maximum.spec.ts" classname="/Users/romainlenzotti/workspace/ts-projects/ts-express-decorators/packages/schema/src/decorators/common/maximum.spec" />
</testsuite>
<testsuite package="org.eslint" time="0" tests="1" errors="0" name="/Users/romainlenzotti/workspace/ts-projects/ts-express-decorators/packages/schema/src/decorators/common/maximum.ts">
<testcase time="0" name="/Users/romainlenzotti/workspace/ts-projects/ts-express-decorators/packages/schema/src/decorators/common/maximum.ts" classname="/Users/romainlenzotti/workspace/ts-projects/ts-express-decorators/packages/schema/src/decorators/common/maximum" />
</testsuite>
<testsuite package="org.eslint" time="0" tests="1" errors="0" name="/Users/romainlenzotti/workspace/ts-projects/ts-express-decorators/packages/schema/src/decorators/common/minLength.spec.ts">
<testcase time="0" name="/Users/romainlenzotti/workspace/ts-projects/ts-express-decorators/packages/schema/src/decorators/common/minLength.spec.ts" classname="/Users/romainlenzotti/workspace/ts-projects/ts-express-decorators/packages/schema/src/decorators/common/minLength.spec" />
</testsuite>
<testsuite package="org.eslint" time="0" tests="1" errors="0" name="/Users/romainlenzotti/workspace/ts-projects/ts-express-decorators/packages/schema/src/decorators/common/minLength.ts">
<testcase time="0" name="/Users/romainlenzotti/workspace/ts-projects/ts-express-decorators/packages/schema/src/decorators/common/minLength.ts" classname="/Users/romainlenzotti/workspace/ts-projects/ts-express-decorators/packages/schema/src/decorators/common/minLength" />
</testsuite>
<testsuite package="org.eslint" time="0" tests="1" errors="0" name="/Users/romainlenzotti/workspace/ts-projects/ts-express-decorators/packages/schema/src/decorators/common/minimum.spec.ts">
<testcase time="0" name="/Users/romainlenzotti/workspace/ts-projects/ts-express-decorators/packages/schema/src/decorators/common/minimum.spec.ts" classname="/Users/romainlenzotti/workspace/ts-projects/ts-express-decorators/packages/schema/src/decorators/common/minimum.spec" />
</testsuite>
<testsuite package="org.eslint" time="0" tests="1" errors="0" name="/Users/romainlenzotti/workspace/ts-projects/ts-express-decorators/packages/schema/src/decorators/common/minimum.ts">
<testcase time="0" name="/Users/romainlenzotti/workspace/ts-projects/ts-express-decorators/packages/schema/src/decorators/common/minimum.ts" classname="/Users/romainlenzotti/workspace/ts-projects/ts-express-decorators/packages/schema/src/decorators/common/minimum" />
</testsuite>
<testsuite package="org.eslint" time="0" tests="1" errors="0" name="/Users/romainlenzotti/workspace/ts-projects/ts-express-decorators/packages/schema/src/decorators/common/multipleOf.spec.ts">
<testcase time="0" name="/Users/romainlenzotti/workspace/ts-projects/ts-express-decorators/packages/schema/src/decorators/common/multipleOf.spec.ts" classname="/Users/romainlenzotti/workspace/ts-projects/ts-express-decorators/packages/schema/src/decorators/common/multipleOf.spec" />
</testsuite>
<testsuite package="org.eslint" time="0" tests="1" errors="0" name="/Users/romainlenzotti/workspace/ts-projects/ts-express-decorators/packages/schema/src/decorators/common/multipleOf.ts">
<testcase time="0" name="/Users/romainlenzotti/workspace/ts-projects/ts-express-decorators/packages/schema/src/decorators/common/multipleOf.ts" classname="/Users/romainlenzotti/workspace/ts-projects/ts-express-decorators/packages/schema/src/decorators/common/multipleOf" />
</testsuite>
<testsuite package="org.eslint" time="0" tests="1" errors="0" name="/Users/romainlenzotti/workspace/ts-projects/ts-express-decorators/packages/schema/src/decorators/common/name.spec.ts">
<testcase time="0" name="/Users/romainlenzotti/workspace/ts-projects/ts-express-decorators/packages/schema/src/decorators/common/name.spec.ts" classname="/Users/romainlenzotti/workspace/ts-projects/ts-express-decorators/packages/schema/src/decorators/common/name.spec" />
</testsuite>
<testsuite package="org.eslint" time="0" tests="1" errors="0" name="/Users/romainlenzotti/workspace/ts-projects/ts-express-decorators/packages/schema/src/decorators/common/name.ts">
<testcase time="0" name="/Users/romainlenzotti/workspace/ts-projects/ts-express-decorators/packages/schema/src/decorators/common/name.ts" classname="/Users/romainlenzotti/workspace/ts-projects/ts-express-decorators/packages/schema/src/decorators/common/name" />
</testsuite>
<testsuite package="org.eslint" time="0" tests="1" errors="0" name="/Users/romainlenzotti/workspace/ts-projects/ts-express-decorators/packages/schema/src/decorators/common/pattern.spec.ts">
<testcase time="0" name="/Users/romainlenzotti/workspace/ts-projects/ts-express-decorators/packages/schema/src/decorators/common/pattern.spec.ts" classname="/Users/romainlenzotti/workspace/ts-projects/ts-express-decorators/packages/schema/src/decorators/common/pattern.spec" />
</testsuite>
<testsuite package="org.eslint" time="0" tests="1" errors="0" name="/Users/romainlenzotti/workspace/ts-projects/ts-express-decorators/packages/schema/src/decorators/common/pattern.ts">
<testcase time="0" name="/Users/romainlenzotti/workspace/ts-projects/ts-express-decorators/packages/schema/src/decorators/common/pattern.ts" classname="/Users/romainlenzotti/workspace/ts-projects/ts-express-decorators/packages/schema/src/decorators/common/pattern" />
</testsuite>
<testsuite package="org.eslint" time="0" tests="1" errors="0" name="/Users/romainlenzotti/workspace/ts-projects/ts-express-decorators/packages/schema/src/decorators/common/property.ts">
<testcase time="0" name="/Users/romainlenzotti/workspace/ts-projects/ts-express-decorators/packages/schema/src/decorators/common/property.ts" classname="/Users/romainlenzotti/workspace/ts-projects/ts-express-decorators/packages/schema/src/decorators/common/property" />
</testsuite>
<testsuite package="org.eslint" time="0" tests="1" errors="0" name="/Users/romainlenzotti/workspace/ts-projects/ts-express-decorators/packages/schema/src/decorators/common/required.spec.ts">
<testcase time="0" name="/Users/romainlenzotti/workspace/ts-projects/ts-express-decorators/packages/schema/src/decorators/common/required.spec.ts" classname="/Users/romainlenzotti/workspace/ts-projects/ts-express-decorators/packages/schema/src/decorators/common/required.spec" />
</testsuite>
<testsuite package="org.eslint" time="0" tests="1" errors="0" name="/Users/romainlenzotti/workspace/ts-projects/ts-express-decorators/packages/schema/src/decorators/common/required.ts">
<testcase time="0" name="/Users/romainlenzotti/workspace/ts-projects/ts-express-decorators/packages/schema/src/decorators/common/required.ts" classname="/Users/romainlenzotti/workspace/ts-projects/ts-express-decorators/packages/schema/src/decorators/common/required" />
</testsuite>
<testsuite package="org.eslint" time="0" tests="1" errors="0" name="/Users/romainlenzotti/workspace/ts-projects/ts-express-decorators/packages/schema/src/decorators/common/schema.spec.ts">
<testcase time="0" name="/Users/romainlenzotti/workspace/ts-projects/ts-express-decorators/packages/schema/src/decorators/common/schema.spec.ts" classname="/Users/romainlenzotti/workspace/ts-projects/ts-express-decorators/packages/schema/src/decorators/common/schema.spec" />
</testsuite>
<testsuite package="org.eslint" time="0" tests="1" errors="0" name="/Users/romainlenzotti/workspace/ts-projects/ts-express-decorators/packages/schema/src/decorators/common/schema.ts">
<testcase time="0" name="/Users/romainlenzotti/workspace/ts-projects/ts-express-decorators/packages/schema/src/decorators/common/schema.ts" classname="/Users/romainlenzotti/workspace/ts-projects/ts-express-decorators/packages/schema/src/decorators/common/schema" />
</testsuite>
<testsuite package="org.eslint" time="0" tests="1" errors="0" name="/Users/romainlenzotti/workspace/ts-projects/ts-express-decorators/packages/schema/src/decorators/common/title.spec.ts">
<testcase time="0" name="/Users/romainlenzotti/workspace/ts-projects/ts-express-decorators/packages/schema/src/decorators/common/title.spec.ts" classname="/Users/romainlenzotti/workspace/ts-projects/ts-express-decorators/packages/schema/src/decorators/common/title.spec" />
</testsuite>
<testsuite package="org.eslint" time="0" tests="1" errors="0" name="/Users/romainlenzotti/workspace/ts-projects/ts-express-decorators/packages/schema/src/decorators/common/title.ts">
<testcase time="0" name="/Users/romainlenzotti/workspace/ts-projects/ts-express-decorators/packages/schema/src/decorators/common/title.ts" classname="/Users/romainlenzotti/workspace/ts-projects/ts-express-decorators/packages/schema/src/decorators/common/title" />
</testsuite>
<testsuite package="org.eslint" time="0" tests="1" errors="0" name="/Users/romainlenzotti/workspace/ts-projects/ts-express-decorators/packages/schema/src/decorators/config/jsonEntityComponent.spec.ts">
<testcase time="0" name="/Users/romainlenzotti/workspace/ts-projects/ts-express-decorators/packages/schema/src/decorators/config/jsonEntityComponent.spec.ts" classname="/Users/romainlenzotti/workspace/ts-projects/ts-express-decorators/packages/schema/src/decorators/config/jsonEntityComponent.spec" />
</testsuite>
<testsuite package="org.eslint" time="0" tests="1" errors="0" name="/Users/romainlenzotti/workspace/ts-projects/ts-express-decorators/packages/schema/src/decorators/config/jsonEntityComponent.ts">
<testcase time="0" name="/Users/romainlenzotti/workspace/ts-projects/ts-express-decorators/packages/schema/src/decorators/config/jsonEntityComponent.ts" classname="/Users/romainlenzotti/workspace/ts-projects/ts-express-decorators/packages/schema/src/decorators/config/jsonEntityComponent" />
</testsuite>
<testsuite package="org.eslint" time="0" tests="1" errors="0" name="/Users/romainlenzotti/workspace/ts-projects/ts-express-decorators/packages/schema/src/decorators/generics/genericOf.spec.ts">
<testcase time="0" name="/Users/romainlenzotti/workspace/ts-projects/ts-express-decorators/packages/schema/src/decorators/generics/genericOf.spec.ts" classname="/Users/romainlenzotti/workspace/ts-projects/ts-express-decorators/packages/schema/src/decorators/generics/genericOf.spec" />
</testsuite>
<testsuite package="org.eslint" time="0" tests="1" errors="0" name="/Users/romainlenzotti/workspace/ts-projects/ts-express-decorators/packages/schema/src/decorators/generics/genericOf.ts">
<testcase time="0" name="/Users/romainlenzotti/workspace/ts-projects/ts-express-decorators/packages/schema/src/decorators/generics/genericOf.ts" classname="/Users/romainlenzotti/workspace/ts-projects/ts-express-decorators/packages/schema/src/decorators/generics/genericOf" />
</testsuite>
<testsuite package="org.eslint" time="0" tests="1" errors="0" name="/Users/romainlenzotti/workspace/ts-projects/ts-express-decorators/packages/schema/src/decorators/generics/generics.ts">
<testcase time="0" name="/Users/romainlenzotti/workspace/ts-projects/ts-express-decorators/packages/schema/src/decorators/generics/generics.ts" classname="/Users/romainlenzotti/workspace/ts-projects/ts-express-decorators/packages/schema/src/decorators/generics/generics" />
</testsuite>
<testsuite package="org.eslint" time="0" tests="1" errors="0" name="/Users/romainlenzotti/workspace/ts-projects/ts-express-decorators/packages/schema/src/decorators/index.ts">
<testcase time="0" name="/Users/romainlenzotti/workspace/ts-projects/ts-express-decorators/packages/schema/src/decorators/index.ts" classname="/Users/romainlenzotti/workspace/ts-projects/ts-express-decorators/packages/schema/src/decorators/index" />
</testsuite>
<testsuite package="org.eslint" time="0" tests="1" errors="0" name="/Users/romainlenzotti/workspace/ts-projects/ts-express-decorators/packages/schema/src/decorators/operations/consumes.spec.ts">
<testcase time="0" name="/Users/romainlenzotti/workspace/ts-projects/ts-express-decorators/packages/schema/src/decorators/operations/consumes.spec.ts" classname="/Users/romainlenzotti/workspace/ts-projects/ts-express-decorators/packages/schema/src/decorators/operations/consumes.spec" />
</testsuite>
<testsuite package="org.eslint" time="0" tests="1" errors="0" name="/Users/romainlenzotti/workspace/ts-projects/ts-express-decorators/packages/schema/src/decorators/operations/consumes.ts">
<testcase time="0" name="/Users/romainlenzotti/workspace/ts-projects/ts-express-decorators/packages/schema/src/decorators/operations/consumes.ts" classname="/Users/romainlenzotti/workspace/ts-projects/ts-express-decorators/packages/schema/src/decorators/operations/consumes" />
</testsuite>
<testsuite package="org.eslint" time="0" tests="1" errors="0" name="/Users/romainlenzotti/workspace/ts-projects/ts-express-decorators/packages/schema/src/decorators/operations/deprecated.spec.ts">
<testcase time="0" name="/Users/romainlenzotti/workspace/ts-projects/ts-express-decorators/packages/schema/src/decorators/operations/deprecated.spec.ts" classname="/Users/romainlenzotti/workspace/ts-projects/ts-express-decorators/packages/schema/src/decorators/operations/deprecated.spec" />
</testsuite>
<testsuite package="org.eslint" time="0" tests="1" errors="0" name="/Users/romainlenzotti/workspace/ts-projects/ts-express-decorators/packages/schema/src/decorators/operations/deprecated.ts">
<testcase time="0" name="/Users/romainlenzotti/workspace/ts-projects/ts-express-decorators/packages/schema/src/decorators/operations/deprecated.ts" classname="/Users/romainlenzotti/workspace/ts-projects/ts-express-decorators/packages/schema/src/decorators/operations/deprecated" />
</testsuite>
<testsuite package="org.eslint" time="0" tests="1" errors="0" name="/Users/romainlenzotti/workspace/ts-projects/ts-express-decorators/packages/schema/src/decorators/operations/in.spec.ts">
<testcase time="0" name="/Users/romainlenzotti/workspace/ts-projects/ts-express-decorators/packages/schema/src/decorators/operations/in.spec.ts" classname="/Users/romainlenzotti/workspace/ts-projects/ts-express-decorators/packages/schema/src/decorators/operations/in.spec" />
</testsuite>
<testsuite package="org.eslint" time="0" tests="1" errors="0" name="/Users/romainlenzotti/workspace/ts-projects/ts-express-decorators/packages/schema/src/decorators/operations/in.ts">
<testcase time="0" name="/Users/romainlenzotti/workspace/ts-projects/ts-express-decorators/packages/schema/src/decorators/operations/in.ts" classname="/Users/romainlenzotti/workspace/ts-projects/ts-express-decorators/packages/schema/src/decorators/operations/in" />
</testsuite>
<testsuite package="org.eslint" time="0" tests="1" errors="0" name="/Users/romainlenzotti/workspace/ts-projects/ts-express-decorators/packages/schema/src/decorators/operations/operationId.spec.ts">
<testcase time="0" name="/Users/romainlenzotti/workspace/ts-projects/ts-express-decorators/packages/schema/src/decorators/operations/operationId.spec.ts" classname="/Users/romainlenzotti/workspace/ts-projects/ts-express-decorators/packages/schema/src/decorators/operations/operationId.spec" />
</testsuite>
<testsuite package="org.eslint" time="0" tests="1" errors="0" name="/Users/romainlenzotti/workspace/ts-projects/ts-express-decorators/packages/schema/src/decorators/operations/operationId.ts">
<testcase time="0" name="/Users/romainlenzotti/workspace/ts-projects/ts-express-decorators/packages/schema/src/decorators/operations/operationId.ts" classname="/Users/romainlenzotti/workspace/ts-projects/ts-express-decorators/packages/schema/src/decorators/operations/operationId" />
</testsuite>
<testsuite package="org.eslint" time="0" tests="1" errors="0" name="/Users/romainlenzotti/workspace/ts-projects/ts-express-decorators/packages/schema/src/decorators/operations/operationPath.spec.ts">
<testcase time="0" name="/Users/romainlenzotti/workspace/ts-projects/ts-express-decorators/packages/schema/src/decorators/operations/operationPath.spec.ts" classname="/Users/romainlenzotti/workspace/ts-projects/ts-express-decorators/packages/schema/src/decorators/operations/operationPath.spec" />
</testsuite>
<testsuite package="org.eslint" time="0" tests="1" errors="0" name="/Users/romainlenzotti/workspace/ts-projects/ts-express-decorators/packages/schema/src/decorators/operations/operationPath.ts">
<testcase time="0" name="/Users/romainlenzotti/workspace/ts-projects/ts-express-decorators/packages/schema/src/decorators/operations/operationPath.ts" classname="/Users/romainlenzotti/workspace/ts-projects/ts-express-decorators/packages/schema/src/decorators/operations/operationPath" />
</testsuite>
<testsuite package="org.eslint" time="0" tests="1" errors="0" name="/Users/romainlenzotti/workspace/ts-projects/ts-express-decorators/packages/schema/src/decorators/operations/path.spec.ts">
<testcase time="0" name="/Users/romainlenzotti/workspace/ts-projects/ts-express-decorators/packages/schema/src/decorators/operations/path.spec.ts" classname="/Users/romainlenzotti/workspace/ts-projects/ts-express-decorators/packages/schema/src/decorators/operations/path.spec" />
</testsuite>
<testsuite package="org.eslint" time="0" tests="1" errors="0" name="/Users/romainlenzotti/workspace/ts-projects/ts-express-decorators/packages/schema/src/decorators/operations/path.ts">
<testcase time="0" name="/Users/romainlenzotti/workspace/ts-projects/ts-express-decorators/packages/schema/src/decorators/operations/path.ts" classname="/Users/romainlenzotti/workspace/ts-projects/ts-express-decorators/packages/schema/src/decorators/operations/path" />
</testsuite>
<testsuite package="org.eslint" time="0" tests="1" errors="0" name="/Users/romainlenzotti/workspace/ts-projects/ts-express-decorators/packages/schema/src/decorators/operations/produces.spec.ts">
<testcase time="0" name="/Users/romainlenzotti/workspace/ts-projects/ts-express-decorators/packages/schema/src/decorators/operations/produces.spec.ts" classname="/Users/romainlenzotti/workspace/ts-projects/ts-express-decorators/packages/schema/src/decorators/operations/produces.spec" />
</testsuite>
<testsuite package="org.eslint" time="0" tests="1" errors="0" name="/Users/romainlenzotti/workspace/ts-projects/ts-express-decorators/packages/schema/src/decorators/operations/produces.ts">
<testcase time="0" name="/Users/romainlenzotti/workspace/ts-projects/ts-express-decorators/packages/schema/src/decorators/operations/produces.ts" classname="/Users/romainlenzotti/workspace/ts-projects/ts-express-decorators/packages/schema/src/decorators/operations/produces" />
</testsuite>
<testsuite package="org.eslint" time="0" tests="1" errors="0" name="/Users/romainlenzotti/workspace/ts-projects/ts-express-decorators/packages/schema/src/decorators/operations/returns.spec.ts">
<testcase time="0" name="/Users/romainlenzotti/workspace/ts-projects/ts-express-decorators/packages/schema/src/decorators/operations/returns.spec.ts" classname="/Users/romainlenzotti/workspace/ts-projects/ts-express-decorators/packages/schema/src/decorators/operations/returns.spec" />
</testsuite>
<testsuite package="org.eslint" time="0" tests="1" errors="0" name="/Users/romainlenzotti/workspace/ts-projects/ts-express-decorators/packages/schema/src/decorators/operations/returns.ts">
<testcase time="0" name="/Users/romainlenzotti/workspace/ts-projects/ts-express-decorators/packages/schema/src/decorators/operations/returns.ts" classname="/Users/romainlenzotti/workspace/ts-projects/ts-express-decorators/packages/schema/src/decorators/operations/returns" />
</testsuite>
<testsuite package="org.eslint" time="0" tests="1" errors="0" name="/Users/romainlenzotti/workspace/ts-projects/ts-express-decorators/packages/schema/src/decorators/operations/security.spec.ts">
<testcase time="0" name="/Users/romainlenzotti/workspace/ts-projects/ts-express-decorators/packages/schema/src/decorators/operations/security.spec.ts" classname="/Users/romainlenzotti/workspace/ts-projects/ts-express-decorators/packages/schema/src/decorators/operations/security.spec" />
</testsuite>
<testsuite package="org.eslint" time="0" tests="1" errors="0" name="/Users/romainlenzotti/workspace/ts-projects/ts-express-decorators/packages/schema/src/decorators/operations/security.ts">
<testcase time="0" name="/Users/romainlenzotti/workspace/ts-projects/ts-express-decorators/packages/schema/src/decorators/operations/security.ts" classname="/Users/romainlenzotti/workspace/ts-projects/ts-express-decorators/packages/schema/src/decorators/operations/security" />
</testsuite>
<testsuite package="org.eslint" time="0" tests="1" errors="0" name="/Users/romainlenzotti/workspace/ts-projects/ts-express-decorators/packages/schema/src/decorators/operations/summary.spec.ts">
<testcase time="0" name="/Users/romainlenzotti/workspace/ts-projects/ts-express-decorators/packages/schema/src/decorators/operations/summary.spec.ts" classname="/Users/romainlenzotti/workspace/ts-projects/ts-express-decorators/packages/schema/src/decorators/operations/summary.spec" />
</testsuite>
<testsuite package="org.eslint" time="0" tests="1" errors="0" name="/Users/romainlenzotti/workspace/ts-projects/ts-express-decorators/packages/schema/src/decorators/operations/summary.ts">
<testcase time="0" name="/Users/romainlenzotti/workspace/ts-projects/ts-express-decorators/packages/schema/src/decorators/operations/summary.ts" classname="/Users/romainlenzotti/workspace/ts-projects/ts-express-decorators/packages/schema/src/decorators/operations/summary" />
</testsuite>
<testsuite package="org.eslint" time="0" tests="1" errors="0" name="/Users/romainlenzotti/workspace/ts-projects/ts-express-decorators/packages/schema/src/decorators/operations/tags.spec.ts">
<testcase time="0" name="/Users/romainlenzotti/workspace/ts-projects/ts-express-decorators/packages/schema/src/decorators/operations/tags.spec.ts" classname="/Users/romainlenzotti/workspace/ts-projects/ts-express-decorators/packages/schema/src/decorators/operations/tags.spec" />
</testsuite>
<testsuite package="org.eslint" time="0" tests="1" errors="0" name="/Users/romainlenzotti/workspace/ts-projects/ts-express-decorators/packages/schema/src/decorators/operations/tags.ts">
<testcase time="0" name="/Users/romainlenzotti/workspace/ts-projects/ts-express-decorators/packages/schema/src/decorators/operations/tags.ts" classname="/Users/romainlenzotti/workspace/ts-projects/ts-express-decorators/packages/schema/src/decorators/operations/tags" />
</testsuite>
<testsuite package="org.eslint" time="0" tests="1" errors="0" name="/Users/romainlenzotti/workspace/ts-projects/ts-express-decorators/packages/schema/src/domain/JsonAliasMap.ts">
<testcase time="0" name="/Users/romainlenzotti/workspace/ts-projects/ts-express-decorators/packages/schema/src/domain/JsonAliasMap.ts" classname="/Users/romainlenzotti/workspace/ts-projects/ts-express-decorators/packages/schema/src/domain/JsonAliasMap" />
</testsuite>
<testsuite package="org.eslint" time="0" tests="1" errors="0" name="/Users/romainlenzotti/workspace/ts-projects/ts-express-decorators/packages/schema/src/domain/JsonEntityStore.spec.ts">
<testcase time="0" name="/Users/romainlenzotti/workspace/ts-projects/ts-express-decorators/packages/schema/src/domain/JsonEntityStore.spec.ts" classname="/Users/romainlenzotti/workspace/ts-projects/ts-express-decorators/packages/schema/src/domain/JsonEntityStore.spec" />
</testsuite>
<testsuite package="org.eslint" time="0" tests="1" errors="0" name="/Users/romainlenzotti/workspace/ts-projects/ts-express-decorators/packages/schema/src/domain/JsonEntityStore.ts">
<testcase time="0" name="/Users/romainlenzotti/workspace/ts-projects/ts-express-decorators/packages/schema/src/domain/JsonEntityStore.ts" classname="/Users/romainlenzotti/workspace/ts-projects/ts-express-decorators/packages/schema/src/domain/JsonEntityStore" />
</testsuite>
<testsuite package="org.eslint" time="0" tests="1" errors="0" name="/Users/romainlenzotti/workspace/ts-projects/ts-express-decorators/packages/schema/src/domain/JsonFormatTypes.ts">
<testcase time="0" name="/Users/romainlenzotti/workspace/ts-projects/ts-express-decorators/packages/schema/src/domain/JsonFormatTypes.ts" classname="/Users/romainlenzotti/workspace/ts-projects/ts-express-decorators/packages/schema/src/domain/JsonFormatTypes" />
</testsuite>
<testsuite package="org.eslint" time="0" tests="1" errors="0" name="/Users/romainlenzotti/workspace/ts-projects/ts-express-decorators/packages/schema/src/domain/JsonMap.spec.ts">
<testcase time="0" name="/Users/romainlenzotti/workspace/ts-projects/ts-express-decorators/packages/schema/src/domain/JsonMap.spec.ts" classname="/Users/romainlenzotti/workspace/ts-projects/ts-express-decorators/packages/schema/src/domain/JsonMap.spec" />
</testsuite>
<testsuite package="org.eslint" time="0" tests="1" errors="0" name="/Users/romainlenzotti/workspace/ts-projects/ts-express-decorators/packages/schema/src/domain/JsonMap.ts">
<testcase time="0" name="/Users/romainlenzotti/workspace/ts-projects/ts-express-decorators/packages/schema/src/domain/JsonMap.ts" classname="/Users/romainlenzotti/workspace/ts-projects/ts-express-decorators/packages/schema/src/domain/JsonMap" />
</testsuite>
<testsuite package="org.eslint" time="0" tests="1" errors="0" name="/Users/romainlenzotti/workspace/ts-projects/ts-express-decorators/packages/schema/src/domain/JsonOperation.spec.ts">
<testcase time="0" name="/Users/romainlenzotti/workspace/ts-projects/ts-express-decorators/packages/schema/src/domain/JsonOperation.spec.ts" classname="/Users/romainlenzotti/workspace/ts-projects/ts-express-decorators/packages/schema/src/domain/JsonOperation.spec" />
</testsuite>
<testsuite package="org.eslint" time="0" tests="1" errors="0" name="/Users/romainlenzotti/workspace/ts-projects/ts-express-decorators/packages/schema/src/domain/JsonOperation.ts">
<testcase time="0" name="/Users/romainlenzotti/workspace/ts-projects/ts-express-decorators/packages/schema/src/domain/JsonOperation.ts" classname="/Users/romainlenzotti/workspace/ts-projects/ts-express-decorators/packages/schema/src/domain/JsonOperation" />
</testsuite>
<testsuite package="org.eslint" time="0" tests="1" errors="0" name="/Users/romainlenzotti/workspace/ts-projects/ts-express-decorators/packages/schema/src/domain/JsonParameter.ts">
<testcase time="0" name="/Users/romainlenzotti/workspace/ts-projects/ts-express-decorators/packages/schema/src/domain/JsonParameter.ts" classname="/Users/romainlenzotti/workspace/ts-projects/ts-express-decorators/packages/schema/src/domain/JsonParameter" />
</testsuite>
<testsuite package="org.eslint" time="0" tests="1" errors="0" name="/Users/romainlenzotti/workspace/ts-projects/ts-express-decorators/packages/schema/src/domain/JsonParameterTypes.spec.ts">
<testcase time="0" name="/Users/romainlenzotti/workspace/ts-projects/ts-express-decorators/packages/schema/src/domain/JsonParameterTypes.spec.ts" classname="/Users/romainlenzotti/workspace/ts-projects/ts-express-decorators/packages/schema/src/domain/JsonParameterTypes.spec" />
</testsuite>
<testsuite package="org.eslint" time="0" tests="1" errors="0" name="/Users/romainlenzotti/workspace/ts-projects/ts-express-decorators/packages/schema/src/domain/JsonParameterTypes.ts">
<testcase time="0" name="/Users/romainlenzotti/workspace/ts-projects/ts-express-decorators/packages/schema/src/domain/JsonParameterTypes.ts" classname="/Users/romainlenzotti/workspace/ts-projects/ts-express-decorators/packages/schema/src/domain/JsonParameterTypes" />
</testsuite>
<testsuite package="org.eslint" time="0" tests="1" errors="0" name="/Users/romainlenzotti/workspace/ts-projects/ts-express-decorators/packages/schema/src/domain/JsonRequestBody.ts">
<testcase time="0" name="/Users/romainlenzotti/workspace/ts-projects/ts-express-decorators/packages/schema/src/domain/JsonRequestBody.ts" classname="/Users/romainlenzotti/workspace/ts-projects/ts-express-decorators/packages/schema/src/domain/JsonRequestBody" />
</testsuite>
<testsuite package="org.eslint" time="0" tests="1" errors="0" name="/Users/romainlenzotti/workspace/ts-projects/ts-express-decorators/packages/schema/src/domain/JsonResponse.ts">
<testcase time="0" name="/Users/romainlenzotti/workspace/ts-projects/ts-express-decorators/packages/schema/src/domain/JsonResponse.ts" classname="/Users/romainlenzotti/workspace/ts-projects/ts-express-decorators/packages/schema/src/domain/JsonResponse" />
</testsuite>
<testsuite package="org.eslint" time="0" tests="1" errors="0" name="/Users/romainlenzotti/workspace/ts-projects/ts-express-decorators/packages/schema/src/domain/JsonSchema.spec.ts">
<testcase time="0" name="/Users/romainlenzotti/workspace/ts-projects/ts-express-decorators/packages/schema/src/domain/JsonSchema.spec.ts" classname="/Users/romainlenzotti/workspace/ts-projects/ts-express-decorators/packages/schema/src/domain/JsonSchema.spec" />
</testsuite>
<testsuite package="org.eslint" time="0" tests="1" errors="0" name="/Users/romainlenzotti/workspace/ts-projects/ts-express-decorators/packages/schema/src/domain/JsonSchema.ts">
<testcase time="0" name="/Users/romainlenzotti/workspace/ts-projects/ts-express-decorators/packages/schema/src/domain/JsonSchema.ts" classname="/Users/romainlenzotti/workspace/ts-projects/ts-express-decorators/packages/schema/src/domain/JsonSchema" />
</testsuite>
<testsuite package="org.eslint" time="0" tests="1" errors="0" name="/Users/romainlenzotti/workspace/ts-projects/ts-express-decorators/packages/schema/src/domain/SpecTypes.ts">
<testcase time="0" name="/Users/romainlenzotti/workspace/ts-projects/ts-express-decorators/packages/schema/src/domain/SpecTypes.ts" classname="/Users/romainlenzotti/workspace/ts-projects/ts-express-decorators/packages/schema/src/domain/SpecTypes" />
</testsuite>
<testsuite package="org.eslint" time="0" tests="1" errors="0" name="/Users/romainlenzotti/workspace/ts-projects/ts-express-decorators/packages/schema/src/domain/index.ts">
<testcase time="0" name="/Users/romainlenzotti/workspace/ts-projects/ts-express-decorators/packages/schema/src/domain/index.ts" classname="/Users/romainlenzotti/workspace/ts-projects/ts-express-decorators/packages/schema/src/domain/index" />
</testsuite>
<testsuite package="org.eslint" time="0" tests="1" errors="0" name="/Users/romainlenzotti/workspace/ts-projects/ts-express-decorators/packages/schema/src/hooks/ignoreHook.ts">
<testcase time="0" name="/Users/romainlenzotti/workspace/ts-projects/ts-express-decorators/packages/schema/src/hooks/ignoreHook.ts" classname="/Users/romainlenzotti/workspace/ts-projects/ts-express-decorators/packages/schema/src/hooks/ignoreHook" />
</testsuite>
<testsuite package="org.eslint" time="0" tests="1" errors="0" name="/Users/romainlenzotti/workspace/ts-projects/ts-express-decorators/packages/schema/src/index.ts">
<testcase time="0" name="/Users/romainlenzotti/workspace/ts-projects/ts-express-decorators/packages/schema/src/index.ts" classname="/Users/romainlenzotti/workspace/ts-projects/ts-express-decorators/packages/schema/src/index" />
</testsuite>
<testsuite package="org.eslint" time="0" tests="1" errors="0" name="/Users/romainlenzotti/workspace/ts-projects/ts-express-decorators/packages/schema/src/interfaces/IgnoreCallback.ts">
<testcase time="0" name="/Users/romainlenzotti/workspace/ts-projects/ts-express-decorators/packages/schema/src/interfaces/IgnoreCallback.ts" classname="/Users/romainlenzotti/workspace/ts-projects/ts-express-decorators/packages/schema/src/interfaces/IgnoreCallback" />
</testsuite>
<testsuite package="org.eslint" time="0" tests="1" errors="0" name="/Users/romainlenzotti/workspace/ts-projects/ts-express-decorators/packages/schema/src/interfaces/JsonHookContext.ts">
<testcase time="0" name="/Users/romainlenzotti/workspace/ts-projects/ts-express-decorators/packages/schema/src/interfaces/JsonHookContext.ts" classname="/Users/romainlenzotti/workspace/ts-projects/ts-express-decorators/packages/schema/src/interfaces/JsonHookContext" />
</testsuite>
<testsuite package="org.eslint" time="0" tests="1" errors="0" name="/Users/romainlenzotti/workspace/ts-projects/ts-express-decorators/packages/schema/src/interfaces/JsonOpenSpec.ts">
<testcase time="0" name="/Users/romainlenzotti/workspace/ts-projects/ts-express-decorators/packages/schema/src/interfaces/JsonOpenSpec.ts" classname="/Users/romainlenzotti/workspace/ts-projects/ts-express-decorators/packages/schema/src/interfaces/JsonOpenSpec" />
</testsuite>
<testsuite package="org.eslint" time="0" tests="1" errors="0" name="/Users/romainlenzotti/workspace/ts-projects/ts-express-decorators/packages/schema/src/interfaces/JsonSchemaOptions.ts">
<testcase time="0" name="/Users/romainlenzotti/workspace/ts-projects/ts-express-decorators/packages/schema/src/interfaces/JsonSchemaOptions.ts" classname="/Users/romainlenzotti/workspace/ts-projects/ts-express-decorators/packages/schema/src/interfaces/JsonSchemaOptions" />
</testsuite>
<testsuite package="org.eslint" time="0" tests="1" errors="0" name="/Users/romainlenzotti/workspace/ts-projects/ts-express-decorators/packages/schema/src/interfaces/index.ts">
<testcase time="0" name="/Users/romainlenzotti/workspace/ts-projects/ts-express-decorators/packages/schema/src/interfaces/index.ts" classname="/Users/romainlenzotti/workspace/ts-projects/ts-express-decorators/packages/schema/src/interfaces/index" />
</testsuite>
<testsuite package="org.eslint" time="0" tests="1" errors="0" name="/Users/romainlenzotti/workspace/ts-projects/ts-express-decorators/packages/schema/src/utils/buildPath.ts">
<testcase time="0" name="/Users/romainlenzotti/workspace/ts-projects/ts-express-decorators/packages/schema/src/utils/buildPath.ts" classname="/Users/romainlenzotti/workspace/ts-projects/ts-express-decorators/packages/schema/src/utils/buildPath" />
</testsuite>
<testsuite package="org.eslint" time="0" tests="1" errors="0" name="/Users/romainlenzotti/workspace/ts-projects/ts-express-decorators/packages/schema/src/utils/concatParameters.ts">
<testcase time="0" name="/Users/romainlenzotti/workspace/ts-projects/ts-express-decorators/packages/schema/src/utils/concatParameters.ts" classname="/Users/romainlenzotti/workspace/ts-projects/ts-express-decorators/packages/schema/src/utils/concatParameters" />
</testsuite>
<testsuite package="org.eslint" time="0" tests="1" errors="0" name="/Users/romainlenzotti/workspace/ts-projects/ts-express-decorators/packages/schema/src/utils/generics.ts">
<testcase time="0" name="/Users/romainlenzotti/workspace/ts-projects/ts-express-decorators/packages/schema/src/utils/generics.ts" classname="/Users/romainlenzotti/workspace/ts-projects/ts-express-decorators/packages/schema/src/utils/generics" />
</testsuite>
<testsuite package="org.eslint" time="0" tests="1" errors="0" name="/Users/romainlenzotti/workspace/ts-projects/ts-express-decorators/packages/schema/src/utils/getComputedType.spec.ts">
<testcase time="0" name="/Users/romainlenzotti/workspace/ts-projects/ts-express-decorators/packages/schema/src/utils/getComputedType.spec.ts" classname="/Users/romainlenzotti/workspace/ts-projects/ts-express-decorators/packages/schema/src/utils/getComputedType.spec" />
</testsuite>
<testsuite package="org.eslint" time="0" tests="1" errors="0" name="/Users/romainlenzotti/workspace/ts-projects/ts-express-decorators/packages/schema/src/utils/getComputedType.ts">
<testcase time="0" name="/Users/romainlenzotti/workspace/ts-projects/ts-express-decorators/packages/schema/src/utils/getComputedType.ts" classname="/Users/romainlenzotti/workspace/ts-projects/ts-express-decorators/packages/schema/src/utils/getComputedType" />
</testsuite>
<testsuite package="org.eslint" time="0" tests="1" errors="0" name="/Users/romainlenzotti/workspace/ts-projects/ts-express-decorators/packages/schema/src/utils/getInheritedStores.spec.ts">
<testcase time="0" name="/Users/romainlenzotti/workspace/ts-projects/ts-express-decorators/packages/schema/src/utils/getInheritedStores.spec.ts" classname="/Users/romainlenzotti/workspace/ts-projects/ts-express-decorators/packages/schema/src/utils/getInheritedStores.spec" />
</testsuite>
<testsuite package="org.eslint" time="0" tests="1" errors="0" name="/Users/romainlenzotti/workspace/ts-projects/ts-express-decorators/packages/schema/src/utils/getInheritedStores.ts">
<testcase time="0" name="/Users/romainlenzotti/workspace/ts-projects/ts-express-decorators/packages/schema/src/utils/getInheritedStores.ts" classname="/Users/romainlenzotti/workspace/ts-projects/ts-express-decorators/packages/schema/src/utils/getInheritedStores" />
</testsuite>
<testsuite package="org.eslint" time="0" tests="1" errors="0" name="/Users/romainlenzotti/workspace/ts-projects/ts-express-decorators/packages/schema/src/utils/getJsonEntityStore.ts">
<testcase time="0" name="/Users/romainlenzotti/workspace/ts-projects/ts-express-decorators/packages/schema/src/utils/getJsonEntityStore.ts" classname="/Users/romainlenzotti/workspace/ts-projects/ts-express-decorators/packages/schema/src/utils/getJsonEntityStore" />
</testsuite>
<testsuite package="org.eslint" time="0" tests="1" errors="0" name="/Users/romainlenzotti/workspace/ts-projects/ts-express-decorators/packages/schema/src/utils/getJsonPathParameters.spec.ts">
<testcase time="0" name="/Users/romainlenzotti/workspace/ts-projects/ts-express-decorators/packages/schema/src/utils/getJsonPathParameters.spec.ts" classname="/Users/romainlenzotti/workspace/ts-projects/ts-express-decorators/packages/schema/src/utils/getJsonPathParameters.spec" />
</testsuite>
<testsuite package="org.eslint" time="0" tests="1" errors="0" name="/Users/romainlenzotti/workspace/ts-projects/ts-express-decorators/packages/schema/src/utils/getJsonPathParameters.ts">
<testcase time="0" name="/Users/romainlenzotti/workspace/ts-projects/ts-express-decorators/packages/schema/src/utils/getJsonPathParameters.ts" classname="/Users/romainlenzotti/workspace/ts-projects/ts-express-decorators/packages/schema/src/utils/getJsonPathParameters" />
</testsuite>
<testsuite package="org.eslint" time="0" tests="1" errors="0" name="/Users/romainlenzotti/workspace/ts-projects/ts-express-decorators/packages/schema/src/utils/getJsonSchema.spec.ts">
<testcase time="0" name="/Users/romainlenzotti/workspace/ts-projects/ts-express-decorators/packages/schema/src/utils/getJsonSchema.spec.ts" classname="/Users/romainlenzotti/workspace/ts-projects/ts-express-decorators/packages/schema/src/utils/getJsonSchema.spec" />
</testsuite>
<testsuite package="org.eslint" time="0" tests="1" errors="0" name="/Users/romainlenzotti/workspace/ts-projects/ts-express-decorators/packages/schema/src/utils/getJsonSchema.ts">
<testcase time="0" name="/Users/romainlenzotti/workspace/ts-projects/ts-express-decorators/packages/schema/src/utils/getJsonSchema.ts" classname="/Users/romainlenzotti/workspace/ts-projects/ts-express-decorators/packages/schema/src/utils/getJsonSchema" />
</testsuite>
<testsuite package="org.eslint" time="0" tests="1" errors="0" name="/Users/romainlenzotti/workspace/ts-projects/ts-express-decorators/packages/schema/src/utils/getJsonType.ts">
<testcase time="0" name="/Users/romainlenzotti/workspace/ts-projects/ts-express-decorators/packages/schema/src/utils/getJsonType.ts" classname="/Users/romainlenzotti/workspace/ts-projects/ts-express-decorators/packages/schema/src/utils/getJsonType" />
</testsuite>
<testsuite package="org.eslint" time="0" tests="1" errors="0" name="/Users/romainlenzotti/workspace/ts-projects/ts-express-decorators/packages/schema/src/utils/getOperationsStore.spec.ts">
<testcase time="0" name="/Users/romainlenzotti/workspace/ts-projects/ts-express-decorators/packages/schema/src/utils/getOperationsStore.spec.ts" classname="/Users/romainlenzotti/workspace/ts-projects/ts-express-decorators/packages/schema/src/utils/getOperationsStore.spec" />
</testsuite>
<testsuite package="org.eslint" time="0" tests="1" errors="0" name="/Users/romainlenzotti/workspace/ts-projects/ts-express-decorators/packages/schema/src/utils/getOperationsStores.ts">
<testcase time="0" name="/Users/romainlenzotti/workspace/ts-projects/ts-express-decorators/packages/schema/src/utils/getOperationsStores.ts" classname="/Users/romainlenzotti/workspace/ts-projects/ts-express-decorators/packages/schema/src/utils/getOperationsStores" />
</testsuite>
<testsuite package="org.eslint" time="0" tests="1" errors="0" name="/Users/romainlenzotti/workspace/ts-projects/ts-express-decorators/packages/schema/src/utils/getPropertiesStores.spec.ts">
<testcase time="0" name="/Users/romainlenzotti/workspace/ts-projects/ts-express-decorators/packages/schema/src/utils/getPropertiesStores.spec.ts" classname="/Users/romainlenzotti/workspace/ts-projects/ts-express-decorators/packages/schema/src/utils/getPropertiesStores.spec" />
</testsuite>
<testsuite package="org.eslint" time="0" tests="1" errors="0" name="/Users/romainlenzotti/workspace/ts-projects/ts-express-decorators/packages/schema/src/utils/getPropertiesStores.ts">
<testcase time="0" name="/Users/romainlenzotti/workspace/ts-projects/ts-express-decorators/packages/schema/src/utils/getPropertiesStores.ts" classname="/Users/romainlenzotti/workspace/ts-projects/ts-express-decorators/packages/schema/src/utils/getPropertiesStores" />
</testsuite>
<testsuite package="org.eslint" time="0" tests="1" errors="0" name="/Users/romainlenzotti/workspace/ts-projects/ts-express-decorators/packages/schema/src/utils/getSpec.spec.ts">
<testcase time="0" name="/Users/romainlenzotti/workspace/ts-projects/ts-express-decorators/packages/schema/src/utils/getSpec.spec.ts" classname="/Users/romainlenzotti/workspace/ts-projects/ts-express-decorators/packages/schema/src/utils/getSpec.spec" />
</testsuite>
<testsuite package="org.eslint" time="0" tests="1" errors="0" name="/Users/romainlenzotti/workspace/ts-projects/ts-express-decorators/packages/schema/src/utils/getSpec.ts">
<testcase time="0" name="/Users/romainlenzotti/workspace/ts-projects/ts-express-decorators/packages/schema/src/utils/getSpec.ts" classname="/Users/romainlenzotti/workspace/ts-projects/ts-express-decorators/packages/schema/src/utils/getSpec" />
</testsuite>
<testsuite package="org.eslint" time="0" tests="1" errors="0" name="/Users/romainlenzotti/workspace/ts-projects/ts-express-decorators/packages/schema/src/utils/isSuccessStatus.spec.ts">
<testcase time="0" name="/Users/romainlenzotti/workspace/ts-projects/ts-express-decorators/packages/schema/src/utils/isSuccessStatus.spec.ts" classname="/Users/romainlenzotti/workspace/ts-projects/ts-express-decorators/packages/schema/src/utils/isSuccessStatus.spec" />
</testsuite>
<testsuite package="org.eslint" time="0" tests="1" errors="0" name="/Users/romainlenzotti/workspace/ts-projects/ts-express-decorators/packages/schema/src/utils/isSuccessStatus.ts">
<testcase time="0" name="/Users/romainlenzotti/workspace/ts-projects/ts-express-decorators/packages/schema/src/utils/isSuccessStatus.ts" classname="/Users/romainlenzotti/workspace/ts-projects/ts-express-decorators/packages/schema/src/utils/isSuccessStatus" />
</testsuite>
<testsuite package="org.eslint" time="0" tests="1" errors="0" name="/Users/romainlenzotti/workspace/ts-projects/ts-express-decorators/packages/schema/src/utils/mapHeaders.spec.ts">
<testcase time="0" name="/Users/romainlenzotti/workspace/ts-projects/ts-express-decorators/packages/schema/src/utils/mapHeaders.spec.ts" classname="/Users/romainlenzotti/workspace/ts-projects/ts-express-decorators/packages/schema/src/utils/mapHeaders.spec" />
</testsuite>
<testsuite package="org.eslint" time="0" tests="1" errors="0" name="/Users/romainlenzotti/workspace/ts-projects/ts-express-decorators/packages/schema/src/utils/mapHeaders.ts">
<testcase time="0" name="/Users/romainlenzotti/workspace/ts-projects/ts-express-decorators/packages/schema/src/utils/mapHeaders.ts" classname="/Users/romainlenzotti/workspace/ts-projects/ts-express-decorators/packages/schema/src/utils/mapHeaders" />
</testsuite>
<testsuite package="org.eslint" time="0" tests="1" errors="0" name="/Users/romainlenzotti/workspace/ts-projects/ts-express-decorators/packages/schema/src/utils/mergeOperation.ts">
<testcase time="0" name="/Users/romainlenzotti/workspace/ts-projects/ts-express-decorators/packages/schema/src/utils/mergeOperation.ts" classname="/Users/romainlenzotti/workspace/ts-projects/ts-express-decorators/packages/schema/src/utils/mergeOperation" />
</testsuite>
<testsuite package="org.eslint" time="0" tests="1" errors="0" name="/Users/romainlenzotti/workspace/ts-projects/ts-express-decorators/packages/schema/src/utils/operationIdFormatter.spec.ts">
<testcase time="0" name="/Users/romainlenzotti/workspace/ts-projects/ts-express-decorators/packages/schema/src/utils/operationIdFormatter.spec.ts" classname="/Users/romainlenzotti/workspace/ts-projects/ts-express-decorators/packages/schema/src/utils/operationIdFormatter.spec" />
</testsuite>
<testsuite package="org.eslint" time="0" tests="1" errors="0" name="/Users/romainlenzotti/workspace/ts-projects/ts-express-decorators/packages/schema/src/utils/operationIdFormatter.ts">
<testcase time="0" name="/Users/romainlenzotti/workspace/ts-projects/ts-express-decorators/packages/schema/src/utils/operationIdFormatter.ts" classname="/Users/romainlenzotti/workspace/ts-projects/ts-express-decorators/packages/schema/src/utils/operationIdFormatter" />
</testsuite>
<testsuite package="org.eslint" time="0" tests="1" errors="0" name="/Users/romainlenzotti/workspace/ts-projects/ts-express-decorators/packages/schema/src/utils/serializeJsonSchema.ts">
<testcase time="0" name="/Users/romainlenzotti/workspace/ts-projects/ts-express-decorators/packages/schema/src/utils/serializeJsonSchema.ts" classname="/Users/romainlenzotti/workspace/ts-projects/ts-express-decorators/packages/schema/src/utils/serializeJsonSchema" />
</testsuite>
<testsuite package="org.eslint" time="0" tests="1" errors="0" name="/Users/romainlenzotti/workspace/ts-projects/ts-express-decorators/packages/schema/src/utils/toJsonMapCollection.spec.ts">
<testcase time="0" name="/Users/romainlenzotti/workspace/ts-projects/ts-express-decorators/packages/schema/src/utils/toJsonMapCollection.spec.ts" classname="/Users/romainlenzotti/workspace/ts-projects/ts-express-decorators/packages/schema/src/utils/toJsonMapCollection.spec" />
</testsuite>
<testsuite package="org.eslint" time="0" tests="1" errors="0" name="/Users/romainlenzotti/workspace/ts-projects/ts-express-decorators/packages/schema/src/utils/toJsonMapCollection.ts">
<testcase time="0" name="/Users/romainlenzotti/workspace/ts-projects/ts-express-decorators/packages/schema/src/utils/toJsonMapCollection.ts" classname="/Users/romainlenzotti/workspace/ts-projects/ts-express-decorators/packages/schema/src/utils/toJsonMapCollection" />
</testsuite>
<testsuite package="org.eslint" time="0" tests="1" errors="0" name="/Users/romainlenzotti/workspace/ts-projects/ts-express-decorators/packages/schema/src/utils/toJsonRegex.ts">
<testcase time="0" name="/Users/romainlenzotti/workspace/ts-projects/ts-express-decorators/packages/schema/src/utils/toJsonRegex.ts" classname="/Users/romainlenzotti/workspace/ts-projects/ts-express-decorators/packages/schema/src/utils/toJsonRegex" />
</testsuite>
<testsuite package="org.eslint" time="0" tests="1" errors="0" name="/Users/romainlenzotti/workspace/ts-projects/ts-express-decorators/packages/seq/src/SeqModule.ts">
<testcase time="0" name="/Users/romainlenzotti/workspace/ts-projects/ts-express-decorators/packages/seq/src/SeqModule.ts" classname="/Users/romainlenzotti/workspace/ts-projects/ts-express-decorators/packages/seq/src/SeqModule" />
</testsuite>
<testsuite package="org.eslint" time="0" tests="1" errors="0" name="/Users/romainlenzotti/workspace/ts-projects/ts-express-decorators/packages/seq/src/appenders/SeqAppender.ts">
<testcase time="0" name="/Users/romainlenzotti/workspace/ts-projects/ts-express-decorators/packages/seq/src/appenders/SeqAppender.ts" classname="/Users/romainlenzotti/workspace/ts-projects/ts-express-decorators/packages/seq/src/appenders/SeqAppender" />
</testsuite>
<testsuite package="org.eslint" time="0" tests="1" errors="0" name="/Users/romainlenzotti/workspace/ts-projects/ts-express-decorators/packages/seq/src/index.ts">
<testcase time="0" name="/Users/romainlenzotti/workspace/ts-projects/ts-express-decorators/packages/seq/src/index.ts" classname="/Users/romainlenzotti/workspace/ts-projects/ts-express-decorators/packages/seq/src/index" />
</testsuite>
<testsuite package="org.eslint" time="0" tests="1" errors="0" name="/Users/romainlenzotti/workspace/ts-projects/ts-express-decorators/packages/seq/src/interfaces/ISeqSettings.ts">
<testcase time="0" name="/Users/romainlenzotti/workspace/ts-projects/ts-express-decorators/packages/seq/src/interfaces/ISeqSettings.ts" classname="/Users/romainlenzotti/workspace/ts-projects/ts-express-decorators/packages/seq/src/interfaces/ISeqSettings" />
</testsuite>
<testsuite package="org.eslint" time="0" tests="1" errors="0" name="/Users/romainlenzotti/workspace/ts-projects/ts-express-decorators/packages/seq/src/interfaces/index.ts">
<testcase time="0" name="/Users/romainlenzotti/workspace/ts-projects/ts-express-decorators/packages/seq/src/interfaces/index.ts" classname="/Users/romainlenzotti/workspace/ts-projects/ts-express-decorators/packages/seq/src/interfaces/index" />
</testsuite>
<testsuite package="org.eslint" time="0" tests="1" errors="0" name="/Users/romainlenzotti/workspace/ts-projects/ts-express-decorators/packages/socketio/src/SocketIOModule.spec.ts">
<testcase time="0" name="/Users/romainlenzotti/workspace/ts-projects/ts-express-decorators/packages/socketio/src/SocketIOModule.spec.ts" classname="/Users/romainlenzotti/workspace/ts-projects/ts-express-decorators/packages/socketio/src/SocketIOModule.spec" />
</testsuite>
<testsuite package="org.eslint" time="0" tests="1" errors="0" name="/Users/romainlenzotti/workspace/ts-projects/ts-express-decorators/packages/socketio/src/SocketIOModule.ts">
<testcase time="0" name="/Users/romainlenzotti/workspace/ts-projects/ts-express-decorators/packages/socketio/src/SocketIOModule.ts" classname="/Users/romainlenzotti/workspace/ts-projects/ts-express-decorators/packages/socketio/src/SocketIOModule" />
</testsuite>
<testsuite package="org.eslint" time="0" tests="1" errors="0" name="/Users/romainlenzotti/workspace/ts-projects/ts-express-decorators/packages/socketio/src/class/SocketHandlersBuilder.spec.ts">
<testcase time="0" name="/Users/romainlenzotti/workspace/ts-projects/ts-express-decorators/packages/socketio/src/class/SocketHandlersBuilder.spec.ts" classname="/Users/romainlenzotti/workspace/ts-projects/ts-express-decorators/packages/socketio/src/class/SocketHandlersBuilder.spec" />
</testsuite>
<testsuite package="org.eslint" time="0" tests="1" errors="0" name="/Users/romainlenzotti/workspace/ts-projects/ts-express-decorators/packages/socketio/src/class/SocketHandlersBuilder.ts">
<testcase time="0" name="/Users/romainlenzotti/workspace/ts-projects/ts-express-decorators/packages/socketio/src/class/SocketHandlersBuilder.ts" classname="/Users/romainlenzotti/workspace/ts-projects/ts-express-decorators/packages/socketio/src/class/SocketHandlersBuilder" />
</testsuite>
<testsuite package="org.eslint" time="0" tests="1" errors="0" name="/Users/romainlenzotti/workspace/ts-projects/ts-express-decorators/packages/socketio/src/decorators/args.spec.ts">
<testcase time="0" name="/Users/romainlenzotti/workspace/ts-projects/ts-express-decorators/packages/socketio/src/decorators/args.spec.ts" classname="/Users/romainlenzotti/workspace/ts-projects/ts-express-decorators/packages/socketio/src/decorators/args.spec" />
</testsuite>
<testsuite package="org.eslint" time="0" tests="1" errors="0" name="/Users/romainlenzotti/workspace/ts-projects/ts-express-decorators/packages/socketio/src/decorators/args.ts">
<testcase time="0" name="/Users/romainlenzotti/workspace/ts-projects/ts-express-decorators/packages/socketio/src/decorators/args.ts" classname="/Users/romainlenzotti/workspace/ts-projects/ts-express-decorators/packages/socketio/src/decorators/args" />
</testsuite>
<testsuite package="org.eslint" time="0" tests="1" errors="0" name="/Users/romainlenzotti/workspace/ts-projects/ts-express-decorators/packages/socketio/src/decorators/broadcast.spec.ts">
<testcase time="0" name="/Users/romainlenzotti/workspace/ts-projects/ts-express-decorators/packages/socketio/src/decorators/broadcast.spec.ts" classname="/Users/romainlenzotti/workspace/ts-projects/ts-express-decorators/packages/socketio/src/decorators/broadcast.spec" />
</testsuite>
<testsuite package="org.eslint" time="0" tests="1" errors="0" name="/Users/romainlenzotti/workspace/ts-projects/ts-express-decorators/packages/socketio/src/decorators/broadcast.ts">
<testcase time="0" name="/Users/romainlenzotti/workspace/ts-projects/ts-express-decorators/packages/socketio/src/decorators/broadcast.ts" classname="/Users/romainlenzotti/workspace/ts-projects/ts-express-decorators/packages/socketio/src/decorators/broadcast" />
</testsuite>
<testsuite package="org.eslint" time="0" tests="1" errors="0" name="/Users/romainlenzotti/workspace/ts-projects/ts-express-decorators/packages/socketio/src/decorators/broadcastOthers.spec.ts">
<testcase time="0" name="/Users/romainlenzotti/workspace/ts-projects/ts-express-decorators/packages/socketio/src/decorators/broadcastOthers.spec.ts" classname="/Users/romainlenzotti/workspace/ts-projects/ts-express-decorators/packages/socketio/src/decorators/broadcastOthers.spec" />
</testsuite>
<testsuite package="org.eslint" time="0" tests="1" errors="0" name="/Users/romainlenzotti/workspace/ts-projects/ts-express-decorators/packages/socketio/src/decorators/broadcastOthers.ts">
<testcase time="0" name="/Users/romainlenzotti/workspace/ts-projects/ts-express-decorators/packages/socketio/src/decorators/broadcastOthers.ts" classname="/Users/romainlenzotti/workspace/ts-projects/ts-express-decorators/packages/socketio/src/decorators/broadcastOthers" />
</testsuite>
<testsuite package="org.eslint" time="0" tests="1" errors="0" name="/Users/romainlenzotti/workspace/ts-projects/ts-express-decorators/packages/socketio/src/decorators/emit.spec.ts">
<testcase time="0" name="/Users/romainlenzotti/workspace/ts-projects/ts-express-decorators/packages/socketio/src/decorators/emit.spec.ts" classname="/Users/romainlenzotti/workspace/ts-projects/ts-express-decorators/packages/socketio/src/decorators/emit.spec" />
</testsuite>
<testsuite package="org.eslint" time="0" tests="1" errors="0" name="/Users/romainlenzotti/workspace/ts-projects/ts-express-decorators/packages/socketio/src/decorators/emit.ts">
<testcase time="0" name="/Users/romainlenzotti/workspace/ts-projects/ts-express-decorators/packages/socketio/src/decorators/emit.ts" classname="/Users/romainlenzotti/workspace/ts-projects/ts-express-decorators/packages/socketio/src/decorators/emit" />
</testsuite>
<testsuite package="org.eslint" time="0" tests="1" errors="0" name="/Users/romainlenzotti/workspace/ts-projects/ts-express-decorators/packages/socketio/src/decorators/input.spec.ts">
<testcase time="0" name="/Users/romainlenzotti/workspace/ts-projects/ts-express-decorators/packages/socketio/src/decorators/input.spec.ts" classname="/Users/romainlenzotti/workspace/ts-projects/ts-express-decorators/packages/socketio/src/decorators/input.spec" />
</testsuite>
<testsuite package="org.eslint" time="0" tests="1" errors="0" name="/Users/romainlenzotti/workspace/ts-projects/ts-express-decorators/packages/socketio/src/decorators/input.ts">
<testcase time="0" name="/Users/romainlenzotti/workspace/ts-projects/ts-express-decorators/packages/socketio/src/decorators/input.ts" classname="/Users/romainlenzotti/workspace/ts-projects/ts-express-decorators/packages/socketio/src/decorators/input" />
</testsuite>
<testsuite package="org.eslint" time="0" tests="1" errors="0" name="/Users/romainlenzotti/workspace/ts-projects/ts-express-decorators/packages/socketio/src/decorators/inputAndBroadcast.spec.ts">
<testcase time="0" name="/Users/romainlenzotti/workspace/ts-projects/ts-express-decorators/packages/socketio/src/decorators/inputAndBroadcast.spec.ts" classname="/Users/romainlenzotti/workspace/ts-projects/ts-express-decorators/packages/socketio/src/decorators/inputAndBroadcast.spec" />
</testsuite>
<testsuite package="org.eslint" time="0" tests="1" errors="0" name="/Users/romainlenzotti/workspace/ts-projects/ts-express-decorators/packages/socketio/src/decorators/inputAndBroadcast.ts">
<testcase time="0" name="/Users/romainlenzotti/workspace/ts-projects/ts-express-decorators/packages/socketio/src/decorators/inputAndBroadcast.ts" classname="/Users/romainlenzotti/workspace/ts-projects/ts-express-decorators/packages/socketio/src/decorators/inputAndBroadcast" />
</testsuite>
<testsuite package="org.eslint" time="0" tests="1" errors="0" name="/Users/romainlenzotti/workspace/ts-projects/ts-express-decorators/packages/socketio/src/decorators/inputAndBroadcastOthers.spec.ts">
<testcase time="0" name="/Users/romainlenzotti/workspace/ts-projects/ts-express-decorators/packages/socketio/src/decorators/inputAndBroadcastOthers.spec.ts" classname="/Users/romainlenzotti/workspace/ts-projects/ts-express-decorators/packages/socketio/src/decorators/inputAndBroadcastOthers.spec" />
</testsuite>
<testsuite package="org.eslint" time="0" tests="1" errors="0" name="/Users/romainlenzotti/workspace/ts-projects/ts-express-decorators/packages/socketio/src/decorators/inputAndBroadcastOthers.ts">
<testcase time="0" name="/Users/romainlenzotti/workspace/ts-projects/ts-express-decorators/packages/socketio/src/decorators/inputAndBroadcastOthers.ts" classname="/Users/romainlenzotti/workspace/ts-projects/ts-express-decorators/packages/socketio/src/decorators/inputAndBroadcastOthers" />
</testsuite>
<testsuite package="org.eslint" time="0" tests="1" errors="0" name="/Users/romainlenzotti/workspace/ts-projects/ts-express-decorators/packages/socketio/src/decorators/inputAndEmit.spec.ts">
<testcase time="0" name="/Users/romainlenzotti/workspace/ts-projects/ts-express-decorators/packages/socketio/src/decorators/inputAndEmit.spec.ts" classname="/Users/romainlenzotti/workspace/ts-projects/ts-express-decorators/packages/socketio/src/decorators/inputAndEmit.spec" />
</testsuite>
<testsuite package="org.eslint" time="0" tests="1" errors="0" name="/Users/romainlenzotti/workspace/ts-projects/ts-express-decorators/packages/socketio/src/decorators/inputAndEmit.ts">
<testcase time="0" name="/Users/romainlenzotti/workspace/ts-projects/ts-express-decorators/packages/socketio/src/decorators/inputAndEmit.ts" classname="/Users/romainlenzotti/workspace/ts-projects/ts-express-decorators/packages/socketio/src/decorators/inputAndEmit" />
</testsuite>
<testsuite package="org.eslint" time="0" tests="1" errors="0" name="/Users/romainlenzotti/workspace/ts-projects/ts-express-decorators/packages/socketio/src/decorators/io.ts">
<testcase time="0" name="/Users/romainlenzotti/workspace/ts-projects/ts-express-decorators/packages/socketio/src/decorators/io.ts" classname="/Users/romainlenzotti/workspace/ts-projects/ts-express-decorators/packages/socketio/src/decorators/io" />
</testsuite>
<testsuite package="org.eslint" time="0" tests="1" errors="0" name="/Users/romainlenzotti/workspace/ts-projects/ts-express-decorators/packages/socketio/src/decorators/nsp.spec.ts">
<testcase time="0" name="/Users/romainlenzotti/workspace/ts-projects/ts-express-decorators/packages/socketio/src/decorators/nsp.spec.ts" classname="/Users/romainlenzotti/workspace/ts-projects/ts-express-decorators/packages/socketio/src/decorators/nsp.spec" />
</testsuite>
<testsuite package="org.eslint" time="0" tests="1" errors="0" name="/Users/romainlenzotti/workspace/ts-projects/ts-express-decorators/packages/socketio/src/decorators/nsp.ts">
<testcase time="0" name="/Users/romainlenzotti/workspace/ts-projects/ts-express-decorators/packages/socketio/src/decorators/nsp.ts" classname="/Users/romainlenzotti/workspace/ts-projects/ts-express-decorators/packages/socketio/src/decorators/nsp" />
</testsuite>
<testsuite package="org.eslint" time="0" tests="1" errors="0" name="/Users/romainlenzotti/workspace/ts-projects/ts-express-decorators/packages/socketio/src/decorators/socket.spec.ts">
<testcase time="0" name="/Users/romainlenzotti/workspace/ts-projects/ts-express-decorators/packages/socketio/src/decorators/socket.spec.ts" classname="/Users/romainlenzotti/workspace/ts-projects/ts-express-decorators/packages/socketio/src/decorators/socket.spec" />
</testsuite>
<testsuite package="org.eslint" time="0" tests="1" errors="0" name="/Users/romainlenzotti/workspace/ts-projects/ts-express-decorators/packages/socketio/src/decorators/socket.ts">
<testcase time="0" name="/Users/romainlenzotti/workspace/ts-projects/ts-express-decorators/packages/socketio/src/decorators/socket.ts" classname="/Users/romainlenzotti/workspace/ts-projects/ts-express-decorators/packages/socketio/src/decorators/socket" />
</testsuite>
<testsuite package="org.eslint" time="0" tests="1" errors="0" name="/Users/romainlenzotti/workspace/ts-projects/ts-express-decorators/packages/socketio/src/decorators/socketErr.spec.ts">
<testcase time="0" name="/Users/romainlenzotti/workspace/ts-projects/ts-express-decorators/packages/socketio/src/decorators/socketErr.spec.ts" classname="/Users/romainlenzotti/workspace/ts-projects/ts-express-decorators/packages/socketio/src/decorators/socketErr.spec" />
</testsuite>
<testsuite package="org.eslint" time="0" tests="1" errors="0" name="/Users/romainlenzotti/workspace/ts-projects/ts-express-decorators/packages/socketio/src/decorators/socketErr.ts">
<testcase time="0" name="/Users/romainlenzotti/workspace/ts-projects/ts-express-decorators/packages/socketio/src/decorators/socketErr.ts" classname="/Users/romainlenzotti/workspace/ts-projects/ts-express-decorators/packages/socketio/src/decorators/socketErr" />
</testsuite>
<testsuite package="org.eslint" time="0" tests="1" errors="0" name="/Users/romainlenzotti/workspace/ts-projects/ts-express-decorators/packages/socketio/src/decorators/socketEventName.spec.ts">
<testcase time="0" name="/Users/romainlenzotti/workspace/ts-projects/ts-express-decorators/packages/socketio/src/decorators/socketEventName.spec.ts" classname="/Users/romainlenzotti/workspace/ts-projects/ts-express-decorators/packages/socketio/src/decorators/socketEventName.spec" />
</testsuite>
<testsuite package="org.eslint" time="0" tests="1" errors="0" name="/Users/romainlenzotti/workspace/ts-projects/ts-express-decorators/packages/socketio/src/decorators/socketEventName.ts">
<testcase time="0" name="/Users/romainlenzotti/workspace/ts-projects/ts-express-decorators/packages/socketio/src/decorators/socketEventName.ts" classname="/Users/romainlenzotti/workspace/ts-projects/ts-express-decorators/packages/socketio/src/decorators/socketEventName" />
</testsuite>
<testsuite package="org.eslint" time="0" tests="1" errors="0" name="/Users/romainlenzotti/workspace/ts-projects/ts-express-decorators/packages/socketio/src/decorators/socketFilter.ts">
<testcase time="0" name="/Users/romainlenzotti/workspace/ts-projects/ts-express-decorators/packages/socketio/src/decorators/socketFilter.ts" classname="/Users/romainlenzotti/workspace/ts-projects/ts-express-decorators/packages/socketio/src/decorators/socketFilter" />
</testsuite>
<testsuite package="org.eslint" time="0" tests="1" errors="0" name="/Users/romainlenzotti/workspace/ts-projects/ts-express-decorators/packages/socketio/src/decorators/socketMiddleware.spec.ts">
<testcase time="0" name="/Users/romainlenzotti/workspace/ts-projects/ts-express-decorators/packages/socketio/src/decorators/socketMiddleware.spec.ts" classname="/Users/romainlenzotti/workspace/ts-projects/ts-express-decorators/packages/socketio/src/decorators/socketMiddleware.spec" />
</testsuite>
<testsuite package="org.eslint" time="0" tests="1" errors="0" name="/Users/romainlenzotti/workspace/ts-projects/ts-express-decorators/packages/socketio/src/decorators/socketMiddleware.ts">
<testcase time="0" name="/Users/romainlenzotti/workspace/ts-projects/ts-express-decorators/packages/socketio/src/decorators/socketMiddleware.ts" classname="/Users/romainlenzotti/workspace/ts-projects/ts-express-decorators/packages/socketio/src/decorators/socketMiddleware" />
</testsuite>
<testsuite package="org.eslint" time="0" tests="1" errors="0" name="/Users/romainlenzotti/workspace/ts-projects/ts-express-decorators/packages/socketio/src/decorators/socketMiddlewareError.spec.ts">
<testcase time="0" name="/Users/romainlenzotti/workspace/ts-projects/ts-express-decorators/packages/socketio/src/decorators/socketMiddlewareError.spec.ts" classname="/Users/romainlenzotti/workspace/ts-projects/ts-express-decorators/packages/socketio/src/decorators/socketMiddlewareError.spec" />
</testsuite>
<testsuite package="org.eslint" time="0" tests="1" errors="0" name="/Users/romainlenzotti/workspace/ts-projects/ts-express-decorators/packages/socketio/src/decorators/socketMiddlewareError.ts">
<testcase time="0" name="/Users/romainlenzotti/workspace/ts-projects/ts-express-decorators/packages/socketio/src/decorators/socketMiddlewareError.ts" classname="/Users/romainlenzotti/workspace/ts-projects/ts-express-decorators/packages/socketio/src/decorators/socketMiddlewareError" />
</testsuite>
<testsuite package="org.eslint" time="0" tests="1" errors="0" name="/Users/romainlenzotti/workspace/ts-projects/ts-express-decorators/packages/socketio/src/decorators/socketReturns.ts">
<testcase time="0" name="/Users/romainlenzotti/workspace/ts-projects/ts-express-decorators/packages/socketio/src/decorators/socketReturns.ts" classname="/Users/romainlenzotti/workspace/ts-projects/ts-express-decorators/packages/socketio/src/decorators/socketReturns" />
</testsuite>
<testsuite package="org.eslint" time="0" tests="1" errors="0" name="/Users/romainlenzotti/workspace/ts-projects/ts-express-decorators/packages/socketio/src/decorators/socketService.spec.ts">
<testcase time="0" name="/Users/romainlenzotti/workspace/ts-projects/ts-express-decorators/packages/socketio/src/decorators/socketService.spec.ts" classname="/Users/romainlenzotti/workspace/ts-projects/ts-express-decorators/packages/socketio/src/decorators/socketService.spec" />
</testsuite>
<testsuite package="org.eslint" time="0" tests="1" errors="0" name="/Users/romainlenzotti/workspace/ts-projects/ts-express-decorators/packages/socketio/src/decorators/socketService.ts">
<testcase time="0" name="/Users/romainlenzotti/workspace/ts-projects/ts-express-decorators/packages/socketio/src/decorators/socketService.ts" classname="/Users/romainlenzotti/workspace/ts-projects/ts-express-decorators/packages/socketio/src/decorators/socketService" />
</testsuite>
<testsuite package="org.eslint" time="0" tests="1" errors="0" name="/Users/romainlenzotti/workspace/ts-projects/ts-express-decorators/packages/socketio/src/decorators/socketSession.spec.ts">
<testcase time="0" name="/Users/romainlenzotti/workspace/ts-projects/ts-express-decorators/packages/socketio/src/decorators/socketSession.spec.ts" classname="/Users/romainlenzotti/workspace/ts-projects/ts-express-decorators/packages/socketio/src/decorators/socketSession.spec" />
</testsuite>
<testsuite package="org.eslint" time="0" tests="1" errors="0" name="/Users/romainlenzotti/workspace/ts-projects/ts-express-decorators/packages/socketio/src/decorators/socketSession.ts">
<testcase time="0" name="/Users/romainlenzotti/workspace/ts-projects/ts-express-decorators/packages/socketio/src/decorators/socketSession.ts" classname="/Users/romainlenzotti/workspace/ts-projects/ts-express-decorators/packages/socketio/src/decorators/socketSession" />
</testsuite>
<testsuite package="org.eslint" time="0" tests="1" errors="0" name="/Users/romainlenzotti/workspace/ts-projects/ts-express-decorators/packages/socketio/src/decorators/socketUseAfter.spec.ts">
<testcase time="0" name="/Users/romainlenzotti/workspace/ts-projects/ts-express-decorators/packages/socketio/src/decorators/socketUseAfter.spec.ts" classname="/Users/romainlenzotti/workspace/ts-projects/ts-express-decorators/packages/socketio/src/decorators/socketUseAfter.spec" />
</testsuite>
<testsuite package="org.eslint" time="0" tests="1" errors="0" name="/Users/romainlenzotti/workspace/ts-projects/ts-express-decorators/packages/socketio/src/decorators/socketUseAfter.ts">
<testcase time="0" name="/Users/romainlenzotti/workspace/ts-projects/ts-express-decorators/packages/socketio/src/decorators/socketUseAfter.ts" classname="/Users/romainlenzotti/workspace/ts-projects/ts-express-decorators/packages/socketio/src/decorators/socketUseAfter" />
</testsuite>
<testsuite package="org.eslint" time="0" tests="1" errors="0" name="/Users/romainlenzotti/workspace/ts-projects/ts-express-decorators/packages/socketio/src/decorators/socketUseBefore.spec.ts">
<testcase time="0" name="/Users/romainlenzotti/workspace/ts-projects/ts-express-decorators/packages/socketio/src/decorators/socketUseBefore.spec.ts" classname="/Users/romainlenzotti/workspace/ts-projects/ts-express-decorators/packages/socketio/src/decorators/socketUseBefore.spec" />
</testsuite>
<testsuite package="org.eslint" time="0" tests="1" errors="0" name="/Users/romainlenzotti/workspace/ts-projects/ts-express-decorators/packages/socketio/src/decorators/socketUseBefore.ts">
<testcase time="0" name="/Users/romainlenzotti/workspace/ts-projects/ts-express-decorators/packages/socketio/src/decorators/socketUseBefore.ts" classname="/Users/romainlenzotti/workspace/ts-projects/ts-express-decorators/packages/socketio/src/decorators/socketUseBefore" />
</testsuite>
<testsuite package="org.eslint" time="0" tests="1" errors="0" name="/Users/romainlenzotti/workspace/ts-projects/ts-express-decorators/packages/socketio/src/index.ts">
<testcase time="0" name="/Users/romainlenzotti/workspace/ts-projects/ts-express-decorators/packages/socketio/src/index.ts" classname="/Users/romainlenzotti/workspace/ts-projects/ts-express-decorators/packages/socketio/src/index" />
</testsuite>
<testsuite package="org.eslint" time="0" tests="1" errors="0" name="/Users/romainlenzotti/workspace/ts-projects/ts-express-decorators/packages/socketio/src/interfaces/ISocketHandlerMetadata.ts">
<testcase time="0" name="/Users/romainlenzotti/workspace/ts-projects/ts-express-decorators/packages/socketio/src/interfaces/ISocketHandlerMetadata.ts" classname="/Users/romainlenzotti/workspace/ts-projects/ts-express-decorators/packages/socketio/src/interfaces/ISocketHandlerMetadata" />
</testsuite>
<testsuite package="org.eslint" time="0" tests="1" errors="0" name="/Users/romainlenzotti/workspace/ts-projects/ts-express-decorators/packages/socketio/src/interfaces/ISocketMiddlewareHandlerMetadata.ts">
<testcase time="0" name="/Users/romainlenzotti/workspace/ts-projects/ts-express-decorators/packages/socketio/src/interfaces/ISocketMiddlewareHandlerMetadata.ts" classname="/Users/romainlenzotti/workspace/ts-projects/ts-express-decorators/packages/socketio/src/interfaces/ISocketMiddlewareHandlerMetadata" />
</testsuite>
<testsuite package="org.eslint" time="0" tests="1" errors="0" name="/Users/romainlenzotti/workspace/ts-projects/ts-express-decorators/packages/socketio/src/interfaces/ISocketParamMetadata.ts">
<testcase time="0" name="/Users/romainlenzotti/workspace/ts-projects/ts-express-decorators/packages/socketio/src/interfaces/ISocketParamMetadata.ts" classname="/Users/romainlenzotti/workspace/ts-projects/ts-express-decorators/packages/socketio/src/interfaces/ISocketParamMetadata" />
</testsuite>
<testsuite package="org.eslint" time="0" tests="1" errors="0" name="/Users/romainlenzotti/workspace/ts-projects/ts-express-decorators/packages/socketio/src/interfaces/ISocketProviderMetadata.ts">
<testcase time="0" name="/Users/romainlenzotti/workspace/ts-projects/ts-express-decorators/packages/socketio/src/interfaces/ISocketProviderMetadata.ts" classname="/Users/romainlenzotti/workspace/ts-projects/ts-express-decorators/packages/socketio/src/interfaces/ISocketProviderMetadata" />
</testsuite>
<testsuite package="org.eslint" time="0" tests="1" errors="0" name="/Users/romainlenzotti/workspace/ts-projects/ts-express-decorators/packages/socketio/src/interfaces/OnNamespaceInit.ts">
<testcase time="0" name="/Users/romainlenzotti/workspace/ts-projects/ts-express-decorators/packages/socketio/src/interfaces/OnNamespaceInit.ts" classname="/Users/romainlenzotti/workspace/ts-projects/ts-express-decorators/packages/socketio/src/interfaces/OnNamespaceInit" />
</testsuite>
<testsuite package="org.eslint" time="0" tests="1" errors="0" name="/Users/romainlenzotti/workspace/ts-projects/ts-express-decorators/packages/socketio/src/interfaces/SocketFilters.ts">
<testcase time="0" name="/Users/romainlenzotti/workspace/ts-projects/ts-express-decorators/packages/socketio/src/interfaces/SocketFilters.ts" classname="/Users/romainlenzotti/workspace/ts-projects/ts-express-decorators/packages/socketio/src/interfaces/SocketFilters" />
</testsuite>
<testsuite package="org.eslint" time="0" tests="1" errors="0" name="/Users/romainlenzotti/workspace/ts-projects/ts-express-decorators/packages/socketio/src/interfaces/SocketReturnsTypes.ts">
<testcase time="0" name="/Users/romainlenzotti/workspace/ts-projects/ts-express-decorators/packages/socketio/src/interfaces/SocketReturnsTypes.ts" classname="/Users/romainlenzotti/workspace/ts-projects/ts-express-decorators/packages/socketio/src/interfaces/SocketReturnsTypes" />
</testsuite>
<testsuite package="org.eslint" time="0" tests="1" errors="0" name="/Users/romainlenzotti/workspace/ts-projects/ts-express-decorators/packages/socketio/src/interfaces/index.ts">
<testcase time="0" name="/Users/romainlenzotti/workspace/ts-projects/ts-express-decorators/packages/socketio/src/interfaces/index.ts" classname="/Users/romainlenzotti/workspace/ts-projects/ts-express-decorators/packages/socketio/src/interfaces/index" />
</testsuite>
<testsuite package="org.eslint" time="0" tests="1" errors="0" name="/Users/romainlenzotti/workspace/ts-projects/ts-express-decorators/packages/socketio/src/registries/NspSessionRegistry.spec.ts">
<testcase time="0" name="/Users/romainlenzotti/workspace/ts-projects/ts-express-decorators/packages/socketio/src/registries/NspSessionRegistry.spec.ts" classname="/Users/romainlenzotti/workspace/ts-projects/ts-express-decorators/packages/socketio/src/registries/NspSessionRegistry.spec" />
</testsuite>
<testsuite package="org.eslint" time="0" tests="1" errors="0" name="/Users/romainlenzotti/workspace/ts-projects/ts-express-decorators/packages/socketio/src/registries/NspSessionRegistry.ts">
<testcase time="0" name="/Users/romainlenzotti/workspace/ts-projects/ts-express-decorators/packages/socketio/src/registries/NspSessionRegistry.ts" classname="/Users/romainlenzotti/workspace/ts-projects/ts-express-decorators/packages/socketio/src/registries/NspSessionRegistry" />
</testsuite>
<testsuite package="org.eslint" time="0" tests="1" errors="0" name="/Users/romainlenzotti/workspace/ts-projects/ts-express-decorators/packages/socketio/src/registries/SocketServiceRegistry.ts">
<testcase time="0" name="/Users/romainlenzotti/workspace/ts-projects/ts-express-decorators/packages/socketio/src/registries/SocketServiceRegistry.ts" classname="/Users/romainlenzotti/workspace/ts-projects/ts-express-decorators/packages/socketio/src/registries/SocketServiceRegistry" />
</testsuite>
<testsuite package="org.eslint" time="0" tests="1" errors="0" name="/Users/romainlenzotti/workspace/ts-projects/ts-express-decorators/packages/socketio/src/services/SocketIOServer.ts">
<testcase time="0" name="/Users/romainlenzotti/workspace/ts-projects/ts-express-decorators/packages/socketio/src/services/SocketIOServer.ts" classname="/Users/romainlenzotti/workspace/ts-projects/ts-express-decorators/packages/socketio/src/services/SocketIOServer" />
</testsuite>
<testsuite package="org.eslint" time="0" tests="1" errors="0" name="/Users/romainlenzotti/workspace/ts-projects/ts-express-decorators/packages/socketio/src/services/SocketIOService.spec.ts">
<testcase time="0" name="/Users/romainlenzotti/workspace/ts-projects/ts-express-decorators/packages/socketio/src/services/SocketIOService.spec.ts" classname="/Users/romainlenzotti/workspace/ts-projects/ts-express-decorators/packages/socketio/src/services/SocketIOService.spec" />
</testsuite>
<testsuite package="org.eslint" time="0" tests="1" errors="0" name="/Users/romainlenzotti/workspace/ts-projects/ts-express-decorators/packages/socketio/src/services/SocketIOService.ts">
<testcase time="0" name="/Users/romainlenzotti/workspace/ts-projects/ts-express-decorators/packages/socketio/src/services/SocketIOService.ts" classname="/Users/romainlenzotti/workspace/ts-projects/ts-express-decorators/packages/socketio/src/services/SocketIOService" />
</testsuite>
<testsuite package="org.eslint" time="0" tests="1" errors="0" name="/Users/romainlenzotti/workspace/ts-projects/ts-express-decorators/packages/swagger/src/SwaggerModule.spec.ts">
<testcase time="0" name="/Users/romainlenzotti/workspace/ts-projects/ts-express-decorators/packages/swagger/src/SwaggerModule.spec.ts" classname="/Users/romainlenzotti/workspace/ts-projects/ts-express-decorators/packages/swagger/src/SwaggerModule.spec" />
</testsuite>
<testsuite package="org.eslint" time="0" tests="1" errors="0" name="/Users/romainlenzotti/workspace/ts-projects/ts-express-decorators/packages/swagger/src/SwaggerModule.ts">
<testcase time="0" name="/Users/romainlenzotti/workspace/ts-projects/ts-express-decorators/packages/swagger/src/SwaggerModule.ts" classname="/Users/romainlenzotti/workspace/ts-projects/ts-express-decorators/packages/swagger/src/SwaggerModule" />
</testsuite>
<testsuite package="org.eslint" time="0" tests="1" errors="0" name="/Users/romainlenzotti/workspace/ts-projects/ts-express-decorators/packages/swagger/src/decorators/docs.ts">
<testcase time="0" name="/Users/romainlenzotti/workspace/ts-projects/ts-express-decorators/packages/swagger/src/decorators/docs.ts" classname="/Users/romainlenzotti/workspace/ts-projects/ts-express-decorators/packages/swagger/src/decorators/docs" />
</testsuite>
<testsuite package="org.eslint" time="0" tests="1" errors="0" name="/Users/romainlenzotti/workspace/ts-projects/ts-express-decorators/packages/swagger/src/decorators/hidden.ts">
<testcase time="0" name="/Users/romainlenzotti/workspace/ts-projects/ts-express-decorators/packages/swagger/src/decorators/hidden.ts" classname="/Users/romainlenzotti/workspace/ts-projects/ts-express-decorators/packages/swagger/src/decorators/hidden" />
</testsuite>
<testsuite package="org.eslint" time="0" tests="1" errors="0" name="/Users/romainlenzotti/workspace/ts-projects/ts-express-decorators/packages/swagger/src/index.ts">
<testcase time="0" name="/Users/romainlenzotti/workspace/ts-projects/ts-express-decorators/packages/swagger/src/index.ts" classname="/Users/romainlenzotti/workspace/ts-projects/ts-express-decorators/packages/swagger/src/index" />
</testsuite>
<testsuite package="org.eslint" time="0" tests="1" errors="0" name="/Users/romainlenzotti/workspace/ts-projects/ts-express-decorators/packages/swagger/src/interfaces/SwaggerSettings.ts">
<testcase time="0" name="/Users/romainlenzotti/workspace/ts-projects/ts-express-decorators/packages/swagger/src/interfaces/SwaggerSettings.ts" classname="/Users/romainlenzotti/workspace/ts-projects/ts-express-decorators/packages/swagger/src/interfaces/SwaggerSettings" />
</testsuite>
<testsuite package="org.eslint" time="0" tests="1" errors="0" name="/Users/romainlenzotti/workspace/ts-projects/ts-express-decorators/packages/swagger/src/interfaces/index.ts">
<testcase time="0" name="/Users/romainlenzotti/workspace/ts-projects/ts-express-decorators/packages/swagger/src/interfaces/index.ts" classname="/Users/romainlenzotti/workspace/ts-projects/ts-express-decorators/packages/swagger/src/interfaces/index" />
</testsuite>
<testsuite package="org.eslint" time="0" tests="1" errors="0" name="/Users/romainlenzotti/workspace/ts-projects/ts-express-decorators/packages/swagger/src/middlewares/cssMiddleware.spec.ts">
<testcase time="0" name="/Users/romainlenzotti/workspace/ts-projects/ts-express-decorators/packages/swagger/src/middlewares/cssMiddleware.spec.ts" classname="/Users/romainlenzotti/workspace/ts-projects/ts-express-decorators/packages/swagger/src/middlewares/cssMiddleware.spec" />
</testsuite>
<testsuite package="org.eslint" time="0" tests="1" errors="0" name="/Users/romainlenzotti/workspace/ts-projects/ts-express-decorators/packages/swagger/src/middlewares/cssMiddleware.ts">
<testcase time="0" name="/Users/romainlenzotti/workspace/ts-projects/ts-express-decorators/packages/swagger/src/middlewares/cssMiddleware.ts" classname="/Users/romainlenzotti/workspace/ts-projects/ts-express-decorators/packages/swagger/src/middlewares/cssMiddleware" />
</testsuite>
<testsuite package="org.eslint" time="0" tests="1" errors="0" name="/Users/romainlenzotti/workspace/ts-projects/ts-express-decorators/packages/swagger/src/middlewares/indexMiddleware.spec.ts">
<testcase time="0" name="/Users/romainlenzotti/workspace/ts-projects/ts-express-decorators/packages/swagger/src/middlewares/indexMiddleware.spec.ts" classname="/Users/romainlenzotti/workspace/ts-projects/ts-express-decorators/packages/swagger/src/middlewares/indexMiddleware.spec" />
</testsuite>
<testsuite package="org.eslint" time="0" tests="1" errors="0" name="/Users/romainlenzotti/workspace/ts-projects/ts-express-decorators/packages/swagger/src/middlewares/indexMiddleware.ts">
<testcase time="0" name="/Users/romainlenzotti/workspace/ts-projects/ts-express-decorators/packages/swagger/src/middlewares/indexMiddleware.ts" classname="/Users/romainlenzotti/workspace/ts-projects/ts-express-decorators/packages/swagger/src/middlewares/indexMiddleware" />
</testsuite>
<testsuite package="org.eslint" time="0" tests="1" errors="0" name="/Users/romainlenzotti/workspace/ts-projects/ts-express-decorators/packages/swagger/src/middlewares/jsMiddleware.spec.ts">
<testcase time="0" name="/Users/romainlenzotti/workspace/ts-projects/ts-express-decorators/packages/swagger/src/middlewares/jsMiddleware.spec.ts" classname="/Users/romainlenzotti/workspace/ts-projects/ts-express-decorators/packages/swagger/src/middlewares/jsMiddleware.spec" />
</testsuite>
<testsuite package="org.eslint" time="0" tests="1" errors="0" name="/Users/romainlenzotti/workspace/ts-projects/ts-express-decorators/packages/swagger/src/middlewares/jsMiddleware.ts">
<testcase time="0" name="/Users/romainlenzotti/workspace/ts-projects/ts-express-decorators/packages/swagger/src/middlewares/jsMiddleware.ts" classname="/Users/romainlenzotti/workspace/ts-projects/ts-express-decorators/packages/swagger/src/middlewares/jsMiddleware" />
</testsuite>
<testsuite package="org.eslint" time="0" tests="1" errors="0" name="/Users/romainlenzotti/workspace/ts-projects/ts-express-decorators/packages/swagger/src/middlewares/redirectMiddleware.spec.ts">
<testcase time="0" name="/Users/romainlenzotti/workspace/ts-projects/ts-express-decorators/packages/swagger/src/middlewares/redirectMiddleware.spec.ts" classname="/Users/romainlenzotti/workspace/ts-projects/ts-express-decorators/packages/swagger/src/middlewares/redirectMiddleware.spec" />
</testsuite>
<testsuite package="org.eslint" time="0" tests="1" errors="0" name="/Users/romainlenzotti/workspace/ts-projects/ts-express-decorators/packages/swagger/src/middlewares/redirectMiddleware.ts">
<testcase time="0" name="/Users/romainlenzotti/workspace/ts-projects/ts-express-decorators/packages/swagger/src/middlewares/redirectMiddleware.ts" classname="/Users/romainlenzotti/workspace/ts-projects/ts-express-decorators/packages/swagger/src/middlewares/redirectMiddleware" />
</testsuite>
<testsuite package="org.eslint" time="0" tests="1" errors="0" name="/Users/romainlenzotti/workspace/ts-projects/ts-express-decorators/packages/swagger/src/services/SwaggerService.spec.ts">
<testcase time="0" name="/Users/romainlenzotti/workspace/ts-projects/ts-express-decorators/packages/swagger/src/services/SwaggerService.spec.ts" classname="/Users/romainlenzotti/workspace/ts-projects/ts-express-decorators/packages/swagger/src/services/SwaggerService.spec" />
</testsuite>
<testsuite package="org.eslint" time="0" tests="1" errors="0" name="/Users/romainlenzotti/workspace/ts-projects/ts-express-decorators/packages/swagger/src/services/SwaggerService.ts">
<testcase time="0" name="/Users/romainlenzotti/workspace/ts-projects/ts-express-decorators/packages/swagger/src/services/SwaggerService.ts" classname="/Users/romainlenzotti/workspace/ts-projects/ts-express-decorators/packages/swagger/src/services/SwaggerService" />
</testsuite>
<testsuite package="org.eslint" time="0" tests="1" errors="0" name="/Users/romainlenzotti/workspace/ts-projects/ts-express-decorators/packages/swagger/src/utils/getReducers.spec.ts">
<testcase time="0" name="/Users/romainlenzotti/workspace/ts-projects/ts-express-decorators/packages/swagger/src/utils/getReducers.spec.ts" classname="/Users/romainlenzotti/workspace/ts-projects/ts-express-decorators/packages/swagger/src/utils/index.spec" />
</testsuite>
<testsuite package="org.eslint" time="0" tests="1" errors="0" name="/Users/romainlenzotti/workspace/ts-projects/ts-express-decorators/packages/swagger/src/utils/index.ts">
<testcase time="0" name="/Users/romainlenzotti/workspace/ts-projects/ts-express-decorators/packages/swagger/src/utils/index.ts" classname="/Users/romainlenzotti/workspace/ts-projects/ts-express-decorators/packages/swagger/src/utils/index" />
</testsuite>
<testsuite package="org.eslint" time="0" tests="1" errors="0" name="/Users/romainlenzotti/workspace/ts-projects/ts-express-decorators/packages/testing-mongoose/src/TestMongooseContext.ts">
<testcase time="0" name="/Users/romainlenzotti/workspace/ts-projects/ts-express-decorators/packages/testing-mongoose/src/TestMongooseContext.ts" classname="/Users/romainlenzotti/workspace/ts-projects/ts-express-decorators/packages/testing-mongoose/src/TestMongooseContext" />
</testsuite>
<testsuite package="org.eslint" time="0" tests="1" errors="0" name="/Users/romainlenzotti/workspace/ts-projects/ts-express-decorators/packages/testing-mongoose/src/index.ts">
<testcase time="0" name="/Users/romainlenzotti/workspace/ts-projects/ts-express-decorators/packages/testing-mongoose/src/index.ts" classname="/Users/romainlenzotti/workspace/ts-projects/ts-express-decorators/packages/testing-mongoose/src/index" />
</testsuite>
<testsuite package="org.eslint" time="0" tests="1" errors="0" name="/Users/romainlenzotti/workspace/ts-projects/ts-express-decorators/packages/typeorm/src/TypeORMModule.ts">
<testcase time="0" name="/Users/romainlenzotti/workspace/ts-projects/ts-express-decorators/packages/typeorm/src/TypeORMModule.ts" classname="/Users/romainlenzotti/workspace/ts-projects/ts-express-decorators/packages/typeorm/src/TypeORMModule" />
</testsuite>
<testsuite package="org.eslint" time="0" tests="1" errors="0" name="/Users/romainlenzotti/workspace/ts-projects/ts-express-decorators/packages/typeorm/src/decorators/useConnection.ts">
<testcase time="0" name="/Users/romainlenzotti/workspace/ts-projects/ts-express-decorators/packages/typeorm/src/decorators/useConnection.ts" classname="/Users/romainlenzotti/workspace/ts-projects/ts-express-decorators/packages/typeorm/src/decorators/useConnection" />
</testsuite>
<testsuite package="org.eslint" time="0" tests="1" errors="0" name="/Users/romainlenzotti/workspace/ts-projects/ts-express-decorators/packages/typeorm/src/index.ts">
<testcase time="0" name="/Users/romainlenzotti/workspace/ts-projects/ts-express-decorators/packages/typeorm/src/index.ts" classname="/Users/romainlenzotti/workspace/ts-projects/ts-express-decorators/packages/typeorm/src/index" />
</testsuite>
<testsuite package="org.eslint" time="0" tests="1" errors="0" name="/Users/romainlenzotti/workspace/ts-projects/ts-express-decorators/packages/typeorm/src/services/TypeORMService.spec.ts">
<testcase time="0" name="/Users/romainlenzotti/workspace/ts-projects/ts-express-decorators/packages/typeorm/src/services/TypeORMService.spec.ts" classname="/Users/romainlenzotti/workspace/ts-projects/ts-express-decorators/packages/typeorm/src/services/TypeORMService.spec" />
</testsuite>
<testsuite package="org.eslint" time="0" tests="1" errors="0" name="/Users/romainlenzotti/workspace/ts-projects/ts-express-decorators/packages/typeorm/src/services/TypeORMService.ts">
<testcase time="0" name="/Users/romainlenzotti/workspace/ts-projects/ts-express-decorators/packages/typeorm/src/services/TypeORMService.ts" classname="/Users/romainlenzotti/workspace/ts-projects/ts-express-decorators/packages/typeorm/src/services/TypeORMService" />
</testsuite>
<testsuite package="org.eslint" time="0" tests="1" errors="0" name="/Users/romainlenzotti/workspace/ts-projects/ts-express-decorators/packages/typeorm/src/utils/createConnection.spec.ts">
<testcase time="0" name="/Users/romainlenzotti/workspace/ts-projects/ts-express-decorators/packages/typeorm/src/utils/createConnection.spec.ts" classname="/Users/romainlenzotti/workspace/ts-projects/ts-express-decorators/packages/typeorm/src/utils/createConnection.spec" />
</testsuite>
<testsuite package="org.eslint" time="0" tests="1" errors="0" name="/Users/romainlenzotti/workspace/ts-projects/ts-express-decorators/packages/typeorm/src/utils/createConnection.ts">
<testcase time="0" name="/Users/romainlenzotti/workspace/ts-projects/ts-express-decorators/packages/typeorm/src/utils/createConnection.ts" classname="/Users/romainlenzotti/workspace/ts-projects/ts-express-decorators/packages/typeorm/src/utils/createConnection" />
</testsuite>
</testsuites>
